

================================================================
== Vitis HLS Report for 'convolve'
================================================================
* Date:           Wed Nov  6 15:52:54 2024

* Version:        2023.2 (Build 4023990 on Oct 11 2023)
* Project:        Sobel_Edge_Detector_PL
* Solution:       solution1 (Vivado IP Flow Target)
* Product family: virtexuplus
* Target device:  xcvu11p-flga2577-1-e


================================================================
== Performance Estimates
================================================================
+ Timing: 
    * Summary: 
    +--------+----------+----------+------------+
    |  Clock |  Target  | Estimated| Uncertainty|
    +--------+----------+----------+------------+
    |ap_clk  |  10.00 ns|  7.300 ns|     2.70 ns|
    +--------+----------+----------+------------+

+ Latency: 
    * Summary: 
    +---------+---------+----------+----------+-----+-----+---------+
    |  Latency (cycles) |  Latency (absolute) |  Interval | Pipeline|
    |   min   |   max   |    min   |    max   | min | max |   Type  |
    +---------+---------+----------+----------+-----+-----+---------+
    |      117|      117|  1.170 us|  1.170 us|  118|  118|       no|
    +---------+---------+----------+----------+-----+-----+---------+

    + Detail: 
        * Instance: 
        N/A

        * Loop: 
        N/A

============================================================
+ Verbose Summary: Synthesis Manager
============================================================
InlineROM: 1
ExposeGlobal: 0
============================================================
+ Verbose Summary: CDFG Model
============================================================
IsTopModel: 1
ResetActiveHigh: 1
IsCombinational: 0
IsDatapathOnly: 0
HasWiredReturn: 1
HasMFsm: 0
HasVarLatency: 1
IsPipeline: 0
IsRtlPipelined: 0
IsInstanceOverlapped: 0
IsDontTouch: 0
HasImplIP: 0
IsGatedGlobalClock: 0


============================================================
+ Verbose Summary: Schedule
============================================================
* Number of FSM states : 20
* Pipeline : 0
* Dataflow Pipeline: 0

* FSM state transitions: 
1 --> 2 
2 --> 3 
3 --> 4 
4 --> 5 
5 --> 6 
6 --> 7 
7 --> 8 
8 --> 9 
9 --> 10 
10 --> 11 
11 --> 12 
12 --> 13 
13 --> 14 
14 --> 15 
15 --> 16 
16 --> 17 
17 --> 18 
18 --> 19 
19 --> 20 
20 --> 

* FSM state operations: 

State 1 <SV = 0> <Delay = 1.00>
ST_1 : Operation 21 [1/1] (1.00ns)   --->   "%output_r_read = read i64 @_ssdm_op_Read.s_axilite.i64, i64 %output_r" [convolution.cpp:6]   --->   Operation 21 'read' 'output_r_read' <Predicate = true> <Delay = 1.00> <CoreInst = "s_axilite">   --->   Core 122 's_axilite' <Latency = 0> <II = 1> <Delay = 1.00> <Adapter> <Opcode : 'read' 'write'>
ST_1 : Operation 22 [1/1] (1.00ns)   --->   "%kernel_read = read i64 @_ssdm_op_Read.s_axilite.i64, i64 %kernel" [convolution.cpp:6]   --->   Operation 22 'read' 'kernel_read' <Predicate = true> <Delay = 1.00> <CoreInst = "s_axilite">   --->   Core 122 's_axilite' <Latency = 0> <II = 1> <Delay = 1.00> <Adapter> <Opcode : 'read' 'write'>
ST_1 : Operation 23 [1/1] (1.00ns)   --->   "%x_read = read i64 @_ssdm_op_Read.s_axilite.i64, i64 %x" [convolution.cpp:6]   --->   Operation 23 'read' 'x_read' <Predicate = true> <Delay = 1.00> <CoreInst = "s_axilite">   --->   Core 122 's_axilite' <Latency = 0> <II = 1> <Delay = 1.00> <Adapter> <Opcode : 'read' 'write'>
ST_1 : Operation 24 [1/1] (0.00ns)   --->   "%p_cast = partselect i62 @_ssdm_op_PartSelect.i62.i64.i32.i32, i64 %kernel_read, i32 2, i32 63" [convolution.cpp:6]   --->   Operation 24 'partselect' 'p_cast' <Predicate = true> <Delay = 0.00>
ST_1 : Operation 25 [1/1] (0.00ns)   --->   "%p_cast_cast = sext i62 %p_cast" [convolution.cpp:6]   --->   Operation 25 'sext' 'p_cast_cast' <Predicate = true> <Delay = 0.00>
ST_1 : Operation 26 [1/1] (0.00ns)   --->   "%gmem_addr = getelementptr i32 %gmem, i64 %p_cast_cast" [convolution.cpp:6]   --->   Operation 26 'getelementptr' 'gmem_addr' <Predicate = true> <Delay = 0.00>

State 2 <SV = 1> <Delay = 7.30>
ST_2 : Operation 27 [8/8] (7.30ns)   --->   "%empty = readreq i1 @_ssdm_op_ReadReq.m_axi.p1i32, i32 %gmem_addr, i32 9" [convolution.cpp:6]   --->   Operation 27 'readreq' 'empty' <Predicate = true> <Delay = 7.30> <CoreInst = "m_axi">   --->   Core 121 'm_axi' <Latency = 0> <II = 1> <Delay = 1.00> <Adapter> <Opcode : 'read' 'write' 'readreq' 'writereq' 'writeresp'>

State 3 <SV = 2> <Delay = 7.30>
ST_3 : Operation 28 [7/8] (7.30ns)   --->   "%empty = readreq i1 @_ssdm_op_ReadReq.m_axi.p1i32, i32 %gmem_addr, i32 9" [convolution.cpp:6]   --->   Operation 28 'readreq' 'empty' <Predicate = true> <Delay = 7.30> <CoreInst = "m_axi">   --->   Core 121 'm_axi' <Latency = 0> <II = 1> <Delay = 1.00> <Adapter> <Opcode : 'read' 'write' 'readreq' 'writereq' 'writeresp'>

State 4 <SV = 3> <Delay = 7.30>
ST_4 : Operation 29 [6/8] (7.30ns)   --->   "%empty = readreq i1 @_ssdm_op_ReadReq.m_axi.p1i32, i32 %gmem_addr, i32 9" [convolution.cpp:6]   --->   Operation 29 'readreq' 'empty' <Predicate = true> <Delay = 7.30> <CoreInst = "m_axi">   --->   Core 121 'm_axi' <Latency = 0> <II = 1> <Delay = 1.00> <Adapter> <Opcode : 'read' 'write' 'readreq' 'writereq' 'writeresp'>

State 5 <SV = 4> <Delay = 7.30>
ST_5 : Operation 30 [5/8] (7.30ns)   --->   "%empty = readreq i1 @_ssdm_op_ReadReq.m_axi.p1i32, i32 %gmem_addr, i32 9" [convolution.cpp:6]   --->   Operation 30 'readreq' 'empty' <Predicate = true> <Delay = 7.30> <CoreInst = "m_axi">   --->   Core 121 'm_axi' <Latency = 0> <II = 1> <Delay = 1.00> <Adapter> <Opcode : 'read' 'write' 'readreq' 'writereq' 'writeresp'>

State 6 <SV = 5> <Delay = 7.30>
ST_6 : Operation 31 [4/8] (7.30ns)   --->   "%empty = readreq i1 @_ssdm_op_ReadReq.m_axi.p1i32, i32 %gmem_addr, i32 9" [convolution.cpp:6]   --->   Operation 31 'readreq' 'empty' <Predicate = true> <Delay = 7.30> <CoreInst = "m_axi">   --->   Core 121 'm_axi' <Latency = 0> <II = 1> <Delay = 1.00> <Adapter> <Opcode : 'read' 'write' 'readreq' 'writereq' 'writeresp'>

State 7 <SV = 6> <Delay = 7.30>
ST_7 : Operation 32 [3/8] (7.30ns)   --->   "%empty = readreq i1 @_ssdm_op_ReadReq.m_axi.p1i32, i32 %gmem_addr, i32 9" [convolution.cpp:6]   --->   Operation 32 'readreq' 'empty' <Predicate = true> <Delay = 7.30> <CoreInst = "m_axi">   --->   Core 121 'm_axi' <Latency = 0> <II = 1> <Delay = 1.00> <Adapter> <Opcode : 'read' 'write' 'readreq' 'writereq' 'writeresp'>

State 8 <SV = 7> <Delay = 7.30>
ST_8 : Operation 33 [2/8] (7.30ns)   --->   "%empty = readreq i1 @_ssdm_op_ReadReq.m_axi.p1i32, i32 %gmem_addr, i32 9" [convolution.cpp:6]   --->   Operation 33 'readreq' 'empty' <Predicate = true> <Delay = 7.30> <CoreInst = "m_axi">   --->   Core 121 'm_axi' <Latency = 0> <II = 1> <Delay = 1.00> <Adapter> <Opcode : 'read' 'write' 'readreq' 'writereq' 'writeresp'>

State 9 <SV = 8> <Delay = 7.30>
ST_9 : Operation 34 [1/8] (7.30ns)   --->   "%empty = readreq i1 @_ssdm_op_ReadReq.m_axi.p1i32, i32 %gmem_addr, i32 9" [convolution.cpp:6]   --->   Operation 34 'readreq' 'empty' <Predicate = true> <Delay = 7.30> <CoreInst = "m_axi">   --->   Core 121 'm_axi' <Latency = 0> <II = 1> <Delay = 1.00> <Adapter> <Opcode : 'read' 'write' 'readreq' 'writereq' 'writeresp'>

State 10 <SV = 9> <Delay = 7.30>
ST_10 : Operation 35 [1/1] (7.30ns)   --->   "%gmem_addr_read = read i32 @_ssdm_op_Read.m_axi.p1i32, i32 %gmem_addr" [convolution.cpp:6]   --->   Operation 35 'read' 'gmem_addr_read' <Predicate = true> <Delay = 7.30> <CoreInst = "m_axi">   --->   Core 121 'm_axi' <Latency = 0> <II = 1> <Delay = 1.00> <Adapter> <Opcode : 'read' 'write' 'readreq' 'writereq' 'writeresp'>

State 11 <SV = 10> <Delay = 7.30>
ST_11 : Operation 36 [1/1] (7.30ns)   --->   "%gmem_addr_read_1 = read i32 @_ssdm_op_Read.m_axi.p1i32, i32 %gmem_addr" [convolution.cpp:6]   --->   Operation 36 'read' 'gmem_addr_read_1' <Predicate = true> <Delay = 7.30> <CoreInst = "m_axi">   --->   Core 121 'm_axi' <Latency = 0> <II = 1> <Delay = 1.00> <Adapter> <Opcode : 'read' 'write' 'readreq' 'writereq' 'writeresp'>

State 12 <SV = 11> <Delay = 7.30>
ST_12 : Operation 37 [1/1] (7.30ns)   --->   "%gmem_addr_read_2 = read i32 @_ssdm_op_Read.m_axi.p1i32, i32 %gmem_addr" [convolution.cpp:6]   --->   Operation 37 'read' 'gmem_addr_read_2' <Predicate = true> <Delay = 7.30> <CoreInst = "m_axi">   --->   Core 121 'm_axi' <Latency = 0> <II = 1> <Delay = 1.00> <Adapter> <Opcode : 'read' 'write' 'readreq' 'writereq' 'writeresp'>

State 13 <SV = 12> <Delay = 7.30>
ST_13 : Operation 38 [1/1] (7.30ns)   --->   "%gmem_addr_read_3 = read i32 @_ssdm_op_Read.m_axi.p1i32, i32 %gmem_addr" [convolution.cpp:6]   --->   Operation 38 'read' 'gmem_addr_read_3' <Predicate = true> <Delay = 7.30> <CoreInst = "m_axi">   --->   Core 121 'm_axi' <Latency = 0> <II = 1> <Delay = 1.00> <Adapter> <Opcode : 'read' 'write' 'readreq' 'writereq' 'writeresp'>

State 14 <SV = 13> <Delay = 7.30>
ST_14 : Operation 39 [1/1] (7.30ns)   --->   "%gmem_addr_read_4 = read i32 @_ssdm_op_Read.m_axi.p1i32, i32 %gmem_addr" [convolution.cpp:6]   --->   Operation 39 'read' 'gmem_addr_read_4' <Predicate = true> <Delay = 7.30> <CoreInst = "m_axi">   --->   Core 121 'm_axi' <Latency = 0> <II = 1> <Delay = 1.00> <Adapter> <Opcode : 'read' 'write' 'readreq' 'writereq' 'writeresp'>

State 15 <SV = 14> <Delay = 7.30>
ST_15 : Operation 40 [1/1] (7.30ns)   --->   "%gmem_addr_read_5 = read i32 @_ssdm_op_Read.m_axi.p1i32, i32 %gmem_addr" [convolution.cpp:6]   --->   Operation 40 'read' 'gmem_addr_read_5' <Predicate = true> <Delay = 7.30> <CoreInst = "m_axi">   --->   Core 121 'm_axi' <Latency = 0> <II = 1> <Delay = 1.00> <Adapter> <Opcode : 'read' 'write' 'readreq' 'writereq' 'writeresp'>

State 16 <SV = 15> <Delay = 7.30>
ST_16 : Operation 41 [1/1] (7.30ns)   --->   "%gmem_addr_read_6 = read i32 @_ssdm_op_Read.m_axi.p1i32, i32 %gmem_addr" [convolution.cpp:6]   --->   Operation 41 'read' 'gmem_addr_read_6' <Predicate = true> <Delay = 7.30> <CoreInst = "m_axi">   --->   Core 121 'm_axi' <Latency = 0> <II = 1> <Delay = 1.00> <Adapter> <Opcode : 'read' 'write' 'readreq' 'writereq' 'writeresp'>

State 17 <SV = 16> <Delay = 7.30>
ST_17 : Operation 42 [1/1] (7.30ns)   --->   "%gmem_addr_read_7 = read i32 @_ssdm_op_Read.m_axi.p1i32, i32 %gmem_addr" [convolution.cpp:6]   --->   Operation 42 'read' 'gmem_addr_read_7' <Predicate = true> <Delay = 7.30> <CoreInst = "m_axi">   --->   Core 121 'm_axi' <Latency = 0> <II = 1> <Delay = 1.00> <Adapter> <Opcode : 'read' 'write' 'readreq' 'writereq' 'writeresp'>

State 18 <SV = 17> <Delay = 7.30>
ST_18 : Operation 43 [1/1] (7.30ns)   --->   "%gmem_addr_read_8 = read i32 @_ssdm_op_Read.m_axi.p1i32, i32 %gmem_addr" [convolution.cpp:6]   --->   Operation 43 'read' 'gmem_addr_read_8' <Predicate = true> <Delay = 7.30> <CoreInst = "m_axi">   --->   Core 121 'm_axi' <Latency = 0> <II = 1> <Delay = 1.00> <Adapter> <Opcode : 'read' 'write' 'readreq' 'writereq' 'writeresp'>

State 19 <SV = 18> <Delay = 2.72>
ST_19 : Operation 44 [2/2] (2.72ns)   --->   "%call_ln6 = call void @convolve_Pipeline_VITIS_LOOP_18_1_VITIS_LOOP_21_2, i32 %gmem, i64 %x_read, i32 %gmem_addr_read_2, i32 %gmem_addr_read_5, i32 %gmem_addr_read_1, i32 %gmem_addr_read_8, i32 %gmem_addr_read, i32 %gmem_addr_read_6, i32 %gmem_addr_read_4, i32 %gmem_addr_read_3, i32 %gmem_addr_read_7, i64 %output_r_read" [convolution.cpp:6]   --->   Operation 44 'call' 'call_ln6' <Predicate = true> <Delay = 2.72> <CoreType = "Generic">   --->   Core 0 '' <Latency = 0> <II = 1> <Delay = 1.00> <Generic> <Opcode : >

State 20 <SV = 19> <Delay = 0.00>
ST_20 : Operation 45 [1/1] (0.00ns)   --->   "%spectopmodule_ln6 = spectopmodule void @_ssdm_op_SpecTopModule, void @empty_9" [convolution.cpp:6]   --->   Operation 45 'spectopmodule' 'spectopmodule_ln6' <Predicate = true> <Delay = 0.00>
ST_20 : Operation 46 [1/1] (0.00ns)   --->   "%specinterface_ln0 = specinterface void @_ssdm_op_SpecInterface, i32 %gmem, void @empty, i32 0, i32 0, void @empty_10, i32 0, i32 0, void @empty_0, void @empty_1, void @empty_10, i32 16, i32 16, i32 16, i32 16, void @empty_10, void @empty_10, i32 4294967295, i32 0"   --->   Operation 46 'specinterface' 'specinterface_ln0' <Predicate = true> <Delay = 0.00>
ST_20 : Operation 47 [1/1] (0.00ns)   --->   "%specbitsmap_ln0 = specbitsmap void @_ssdm_op_SpecBitsMap, i32 %gmem"   --->   Operation 47 'specbitsmap' 'specbitsmap_ln0' <Predicate = true> <Delay = 0.00>
ST_20 : Operation 48 [1/1] (0.00ns)   --->   "%specinterface_ln0 = specinterface void @_ssdm_op_SpecInterface, i64 %x, void @empty_2, i32 0, i32 0, void @empty_10, i32 0, i32 0, void @empty_3, void @empty_4, void @empty_10, i32 0, i32 0, i32 0, i32 0, void @empty_10, void @empty_11, i32 4294967295, i32 0"   --->   Operation 48 'specinterface' 'specinterface_ln0' <Predicate = true> <Delay = 0.00>
ST_20 : Operation 49 [1/1] (0.00ns)   --->   "%specinterface_ln0 = specinterface void @_ssdm_op_SpecInterface, i64 %x, void @empty_5, i32 0, i32 0, void @empty_10, i32 0, i32 0, void @empty_10, void @empty_10, void @empty_10, i32 0, i32 0, i32 0, i32 0, void @empty_10, void @empty_11, i32 4294967295, i32 0"   --->   Operation 49 'specinterface' 'specinterface_ln0' <Predicate = true> <Delay = 0.00>
ST_20 : Operation 50 [1/1] (0.00ns)   --->   "%specinterface_ln0 = specinterface void @_ssdm_op_SpecInterface, i64 %kernel, void @empty_2, i32 0, i32 0, void @empty_10, i32 0, i32 0, void @empty_3, void @empty_6, void @empty_10, i32 0, i32 0, i32 0, i32 0, void @empty_10, void @empty_11, i32 4294967295, i32 0"   --->   Operation 50 'specinterface' 'specinterface_ln0' <Predicate = true> <Delay = 0.00>
ST_20 : Operation 51 [1/1] (0.00ns)   --->   "%specinterface_ln0 = specinterface void @_ssdm_op_SpecInterface, i64 %kernel, void @empty_5, i32 0, i32 0, void @empty_10, i32 0, i32 0, void @empty_10, void @empty_10, void @empty_10, i32 0, i32 0, i32 0, i32 0, void @empty_10, void @empty_11, i32 4294967295, i32 0"   --->   Operation 51 'specinterface' 'specinterface_ln0' <Predicate = true> <Delay = 0.00>
ST_20 : Operation 52 [1/1] (0.00ns)   --->   "%specinterface_ln0 = specinterface void @_ssdm_op_SpecInterface, i64 %output_r, void @empty_2, i32 0, i32 0, void @empty_10, i32 0, i32 0, void @empty_3, void @empty_7, void @empty_10, i32 0, i32 0, i32 0, i32 0, void @empty_10, void @empty_11, i32 4294967295, i32 0"   --->   Operation 52 'specinterface' 'specinterface_ln0' <Predicate = true> <Delay = 0.00>
ST_20 : Operation 53 [1/1] (0.00ns)   --->   "%specinterface_ln0 = specinterface void @_ssdm_op_SpecInterface, i64 %output_r, void @empty_5, i32 0, i32 0, void @empty_10, i32 0, i32 0, void @empty_10, void @empty_10, void @empty_10, i32 0, i32 0, i32 0, i32 0, void @empty_10, void @empty_11, i32 4294967295, i32 0"   --->   Operation 53 'specinterface' 'specinterface_ln0' <Predicate = true> <Delay = 0.00>
ST_20 : Operation 54 [1/1] (0.00ns)   --->   "%specinterface_ln0 = specinterface void @_ssdm_op_SpecInterface, i32 0, void @empty_2, i32 0, i32 0, void @empty_10, i32 0, i32 0, void @empty_8, void @empty_10, void @empty_10, i32 0, i32 0, i32 0, i32 0, void @empty_10, void @empty_10, i32 4294967295, i32 0"   --->   Operation 54 'specinterface' 'specinterface_ln0' <Predicate = true> <Delay = 0.00>
ST_20 : Operation 55 [1/2] (0.00ns)   --->   "%call_ln6 = call void @convolve_Pipeline_VITIS_LOOP_18_1_VITIS_LOOP_21_2, i32 %gmem, i64 %x_read, i32 %gmem_addr_read_2, i32 %gmem_addr_read_5, i32 %gmem_addr_read_1, i32 %gmem_addr_read_8, i32 %gmem_addr_read, i32 %gmem_addr_read_6, i32 %gmem_addr_read_4, i32 %gmem_addr_read_3, i32 %gmem_addr_read_7, i64 %output_r_read" [convolution.cpp:6]   --->   Operation 55 'call' 'call_ln6' <Predicate = true> <Delay = 0.00> <CoreType = "Generic">   --->   Core 0 '' <Latency = 0> <II = 1> <Delay = 1.00> <Generic> <Opcode : >
ST_20 : Operation 56 [1/1] (0.00ns)   --->   "%ret_ln39 = ret" [convolution.cpp:39]   --->   Operation 56 'ret' 'ret_ln39' <Predicate = true> <Delay = 0.00>


============================================================
+ Verbose Summary: Timing violations
============================================================
Target clock period: 10.000ns, clock uncertainty: 2.700ns.

 <State 1>: 1.000ns
The critical path consists of the following:
	s_axi read operation ('output_r_read', convolution.cpp:6) on port 'output_r' (convolution.cpp:6) [15]  (1.000 ns)

 <State 2>: 7.300ns
The critical path consists of the following:
	bus request operation ('empty', convolution.cpp:6) on port 'gmem' (convolution.cpp:6) [21]  (7.300 ns)

 <State 3>: 7.300ns
The critical path consists of the following:
	bus request operation ('empty', convolution.cpp:6) on port 'gmem' (convolution.cpp:6) [21]  (7.300 ns)

 <State 4>: 7.300ns
The critical path consists of the following:
	bus request operation ('empty', convolution.cpp:6) on port 'gmem' (convolution.cpp:6) [21]  (7.300 ns)

 <State 5>: 7.300ns
The critical path consists of the following:
	bus request operation ('empty', convolution.cpp:6) on port 'gmem' (convolution.cpp:6) [21]  (7.300 ns)

 <State 6>: 7.300ns
The critical path consists of the following:
	bus request operation ('empty', convolution.cpp:6) on port 'gmem' (convolution.cpp:6) [21]  (7.300 ns)

 <State 7>: 7.300ns
The critical path consists of the following:
	bus request operation ('empty', convolution.cpp:6) on port 'gmem' (convolution.cpp:6) [21]  (7.300 ns)

 <State 8>: 7.300ns
The critical path consists of the following:
	bus request operation ('empty', convolution.cpp:6) on port 'gmem' (convolution.cpp:6) [21]  (7.300 ns)

 <State 9>: 7.300ns
The critical path consists of the following:
	bus request operation ('empty', convolution.cpp:6) on port 'gmem' (convolution.cpp:6) [21]  (7.300 ns)

 <State 10>: 7.300ns
The critical path consists of the following:
	bus read operation ('gmem_addr_read', convolution.cpp:6) on port 'gmem' (convolution.cpp:6) [22]  (7.300 ns)

 <State 11>: 7.300ns
The critical path consists of the following:
	bus read operation ('gmem_addr_read_1', convolution.cpp:6) on port 'gmem' (convolution.cpp:6) [23]  (7.300 ns)

 <State 12>: 7.300ns
The critical path consists of the following:
	bus read operation ('gmem_addr_read_2', convolution.cpp:6) on port 'gmem' (convolution.cpp:6) [24]  (7.300 ns)

 <State 13>: 7.300ns
The critical path consists of the following:
	bus read operation ('gmem_addr_read_3', convolution.cpp:6) on port 'gmem' (convolution.cpp:6) [25]  (7.300 ns)

 <State 14>: 7.300ns
The critical path consists of the following:
	bus read operation ('gmem_addr_read_4', convolution.cpp:6) on port 'gmem' (convolution.cpp:6) [26]  (7.300 ns)

 <State 15>: 7.300ns
The critical path consists of the following:
	bus read operation ('gmem_addr_read_5', convolution.cpp:6) on port 'gmem' (convolution.cpp:6) [27]  (7.300 ns)

 <State 16>: 7.300ns
The critical path consists of the following:
	bus read operation ('gmem_addr_read_6', convolution.cpp:6) on port 'gmem' (convolution.cpp:6) [28]  (7.300 ns)

 <State 17>: 7.300ns
The critical path consists of the following:
	bus read operation ('gmem_addr_read_7', convolution.cpp:6) on port 'gmem' (convolution.cpp:6) [29]  (7.300 ns)

 <State 18>: 7.300ns
The critical path consists of the following:
	bus read operation ('gmem_addr_read_8', convolution.cpp:6) on port 'gmem' (convolution.cpp:6) [30]  (7.300 ns)

 <State 19>: 2.724ns
The critical path consists of the following:
	'call' operation 0 bit ('call_ln6', convolution.cpp:6) to 'convolve_Pipeline_VITIS_LOOP_18_1_VITIS_LOOP_21_2' [31]  (2.724 ns)

 <State 20>: 0.000ns
The critical path consists of the following:


============================================================
+ Verbose Summary: Binding
============================================================
N/A
* FSMD analyzer results:
  - Output states:
 - Input state : 
  - Chain level:
	State 1
	State 2
	State 3
	State 4
	State 5
	State 6
	State 7
	State 8
	State 9
	State 10
	State 11
	State 12
	State 13
	State 14
	State 15
	State 16
	State 17
	State 18
	State 19
	State 20


============================================================
+ Verbose Summary: Datapath Resource usage 
============================================================
N/A
