

================================================================
== Vitis HLS Report for 'convolve'
================================================================
* Date:           Wed Nov  6 15:52:54 2024

* Version:        2023.2 (Build 4023990 on Oct 11 2023)
* Project:        Sobel_Edge_Detector_PL
* Solution:       solution1 (Vivado IP Flow Target)
* Product family: virtexuplus
* Target device:  xcvu11p-flga2577-1-e


================================================================
== Performance Estimates
================================================================
+ Timing: 
    * Summary: 
    +--------+----------+----------+------------+
    |  Clock |  Target  | Estimated| Uncertainty|
    +--------+----------+----------+------------+
    |ap_clk  |  10.00 ns|  7.300 ns|     2.70 ns|
    +--------+----------+----------+------------+

+ Latency: 
    * Summary: 
    +---------+---------+----------+----------+-----+-----+---------+
    |  Latency (cycles) |  Latency (absolute) |  Interval | Pipeline|
    |   min   |   max   |    min   |    max   | min | max |   Type  |
    +---------+---------+----------+----------+-----+-----+---------+
    |      117|      117|  1.170 us|  1.170 us|  118|  118|       no|
    +---------+---------+----------+----------+-----+-----+---------+

    + Detail: 
        * Instance: 
        +-------------------------------------------------------------+---------------------------------------------------+---------+---------+----------+----------+-----+-----+---------+
        |                                                             |                                                   |  Latency (cycles) |  Latency (absolute) |  Interval | Pipeline|
        |                           Instance                          |                       Module                      |   min   |   max   |    min   |    max   | min | max |   Type  |
        +-------------------------------------------------------------+---------------------------------------------------+---------+---------+----------+----------+-----+-----+---------+
        |grp_convolve_Pipeline_VITIS_LOOP_18_1_VITIS_LOOP_21_2_fu_92  |convolve_Pipeline_VITIS_LOOP_18_1_VITIS_LOOP_21_2  |       98|       98|  0.980 us|  0.980 us|   98|   98|       no|
        +-------------------------------------------------------------+---------------------------------------------------+---------+---------+----------+----------+-----+-----+---------+

        * Loop: 
        N/A



================================================================
== Utilization Estimates
================================================================
* Summary: 
+---------------------+---------+------+---------+---------+-----+
|         Name        | BRAM_18K|  DSP |    FF   |   LUT   | URAM|
+---------------------+---------+------+---------+---------+-----+
|DSP                  |        -|     -|        -|        -|    -|
|Expression           |        -|     -|        -|        -|    -|
|FIFO                 |        -|     -|        -|        -|    -|
|Instance             |        4|     3|     1843|     2409|    0|
|Memory               |        -|     -|        -|        -|    -|
|Multiplexer          |        -|     -|        -|      205|    -|
|Register             |        -|     -|      501|        -|    -|
+---------------------+---------+------+---------+---------+-----+
|Total                |        4|     3|     2344|     2614|    0|
+---------------------+---------+------+---------+---------+-----+
|Available SLR        |     1344|  3072|   864000|   432000|  320|
+---------------------+---------+------+---------+---------+-----+
|Utilization SLR (%)  |       ~0|    ~0|       ~0|       ~0|    0|
+---------------------+---------+------+---------+---------+-----+
|Available            |     4032|  9216|  2592000|  1296000|  960|
+---------------------+---------+------+---------+---------+-----+
|Utilization (%)      |       ~0|    ~0|       ~0|       ~0|    0|
+---------------------+---------+------+---------+---------+-----+

+ Detail: 
    * Instance: 
    +-------------------------------------------------------------+---------------------------------------------------+---------+----+-----+------+-----+
    |                           Instance                          |                       Module                      | BRAM_18K| DSP|  FF |  LUT | URAM|
    +-------------------------------------------------------------+---------------------------------------------------+---------+----+-----+------+-----+
    |control_r_s_axi_U                                            |control_r_s_axi                                    |        0|   0|  240|   424|    0|
    |control_s_axi_U                                              |control_s_axi                                      |        0|   0|   36|    40|    0|
    |grp_convolve_Pipeline_VITIS_LOOP_18_1_VITIS_LOOP_21_2_fu_92  |convolve_Pipeline_VITIS_LOOP_18_1_VITIS_LOOP_21_2  |        0|   3|  737|  1251|    0|
    |gmem_m_axi_U                                                 |gmem_m_axi                                         |        4|   0|  830|   694|    0|
    +-------------------------------------------------------------+---------------------------------------------------+---------+----+-----+------+-----+
    |Total                                                        |                                                   |        4|   3| 1843|  2409|    0|
    +-------------------------------------------------------------+---------------------------------------------------+---------+----+-----+------+-----+

    * DSP: 
    N/A

    * Memory: 
    N/A

    * FIFO: 
    N/A

    * Expression: 
    N/A

    * Multiplexer: 
    +---------------+-----+-----------+-----+-----------+
    |      Name     | LUT | Input Size| Bits| Total Bits|
    +---------------+-----+-----------+-----+-----------+
    |ap_NS_fsm      |  104|         21|    1|         21|
    |gmem_ARADDR    |   14|          3|   64|        192|
    |gmem_ARLEN     |   14|          3|   32|         96|
    |gmem_ARVALID   |   14|          3|    1|          3|
    |gmem_AWVALID   |    9|          2|    1|          2|
    |gmem_BREADY    |    9|          2|    1|          2|
    |gmem_RREADY    |   14|          3|    1|          3|
    |gmem_WVALID    |    9|          2|    1|          2|
    |gmem_blk_n_AR  |    9|          2|    1|          2|
    |gmem_blk_n_R   |    9|          2|    1|          2|
    +---------------+-----+-----------+-----+-----------+
    |Total          |  205|         43|  104|        325|
    +---------------+-----+-----------+-----+-----------+

    * Register: 
    +--------------------------------------------------------------------------+----+----+-----+-----------+
    |                                   Name                                   | FF | LUT| Bits| Const Bits|
    +--------------------------------------------------------------------------+----+----+-----+-----------+
    |ap_CS_fsm                                                                 |  20|   0|   20|          0|
    |gmem_addr_read_1_reg_150                                                  |  32|   0|   32|          0|
    |gmem_addr_read_2_reg_155                                                  |  32|   0|   32|          0|
    |gmem_addr_read_3_reg_160                                                  |  32|   0|   32|          0|
    |gmem_addr_read_4_reg_165                                                  |  32|   0|   32|          0|
    |gmem_addr_read_5_reg_170                                                  |  32|   0|   32|          0|
    |gmem_addr_read_6_reg_175                                                  |  32|   0|   32|          0|
    |gmem_addr_read_7_reg_180                                                  |  32|   0|   32|          0|
    |gmem_addr_read_8_reg_185                                                  |  32|   0|   32|          0|
    |gmem_addr_read_reg_145                                                    |  32|   0|   32|          0|
    |gmem_addr_reg_139                                                         |  64|   0|   64|          0|
    |grp_convolve_Pipeline_VITIS_LOOP_18_1_VITIS_LOOP_21_2_fu_92_ap_start_reg  |   1|   0|    1|          0|
    |output_r_read_reg_129                                                     |  64|   0|   64|          0|
    |x_read_reg_134                                                            |  64|   0|   64|          0|
    +--------------------------------------------------------------------------+----+----+-----+-----------+
    |Total                                                                     | 501|   0|  501|          0|
    +--------------------------------------------------------------------------+----+----+-----+-----------+



================================================================
== Interface
================================================================
* Summary: 
+-------------------------+-----+-----+------------+--------------+--------------+
|        RTL Ports        | Dir | Bits|  Protocol  | Source Object|    C Type    |
+-------------------------+-----+-----+------------+--------------+--------------+
|s_axi_control_AWVALID    |   in|    1|       s_axi|       control|   return void|
|s_axi_control_AWREADY    |  out|    1|       s_axi|       control|   return void|
|s_axi_control_AWADDR     |   in|    4|       s_axi|       control|   return void|
|s_axi_control_WVALID     |   in|    1|       s_axi|       control|   return void|
|s_axi_control_WREADY     |  out|    1|       s_axi|       control|   return void|
|s_axi_control_WDATA      |   in|   32|       s_axi|       control|   return void|
|s_axi_control_WSTRB      |   in|    4|       s_axi|       control|   return void|
|s_axi_control_ARVALID    |   in|    1|       s_axi|       control|   return void|
|s_axi_control_ARREADY    |  out|    1|       s_axi|       control|   return void|
|s_axi_control_ARADDR     |   in|    4|       s_axi|       control|   return void|
|s_axi_control_RVALID     |  out|    1|       s_axi|       control|   return void|
|s_axi_control_RREADY     |   in|    1|       s_axi|       control|   return void|
|s_axi_control_RDATA      |  out|   32|       s_axi|       control|   return void|
|s_axi_control_RRESP      |  out|    2|       s_axi|       control|   return void|
|s_axi_control_BVALID     |  out|    1|       s_axi|       control|   return void|
|s_axi_control_BREADY     |   in|    1|       s_axi|       control|   return void|
|s_axi_control_BRESP      |  out|    2|       s_axi|       control|   return void|
|s_axi_control_r_AWVALID  |   in|    1|       s_axi|     control_r|        scalar|
|s_axi_control_r_AWREADY  |  out|    1|       s_axi|     control_r|        scalar|
|s_axi_control_r_AWADDR   |   in|    6|       s_axi|     control_r|        scalar|
|s_axi_control_r_WVALID   |   in|    1|       s_axi|     control_r|        scalar|
|s_axi_control_r_WREADY   |  out|    1|       s_axi|     control_r|        scalar|
|s_axi_control_r_WDATA    |   in|   32|       s_axi|     control_r|        scalar|
|s_axi_control_r_WSTRB    |   in|    4|       s_axi|     control_r|        scalar|
|s_axi_control_r_ARVALID  |   in|    1|       s_axi|     control_r|        scalar|
|s_axi_control_r_ARREADY  |  out|    1|       s_axi|     control_r|        scalar|
|s_axi_control_r_ARADDR   |   in|    6|       s_axi|     control_r|        scalar|
|s_axi_control_r_RVALID   |  out|    1|       s_axi|     control_r|        scalar|
|s_axi_control_r_RREADY   |   in|    1|       s_axi|     control_r|        scalar|
|s_axi_control_r_RDATA    |  out|   32|       s_axi|     control_r|        scalar|
|s_axi_control_r_RRESP    |  out|    2|       s_axi|     control_r|        scalar|
|s_axi_control_r_BVALID   |  out|    1|       s_axi|     control_r|        scalar|
|s_axi_control_r_BREADY   |   in|    1|       s_axi|     control_r|        scalar|
|s_axi_control_r_BRESP    |  out|    2|       s_axi|     control_r|        scalar|
|ap_clk                   |   in|    1|  ap_ctrl_hs|      convolve|  return value|
|ap_rst_n                 |   in|    1|  ap_ctrl_hs|      convolve|  return value|
|interrupt                |  out|    1|  ap_ctrl_hs|      convolve|  return value|
|m_axi_gmem_AWVALID       |  out|    1|       m_axi|          gmem|       pointer|
|m_axi_gmem_AWREADY       |   in|    1|       m_axi|          gmem|       pointer|
|m_axi_gmem_AWADDR        |  out|   64|       m_axi|          gmem|       pointer|
|m_axi_gmem_AWID          |  out|    1|       m_axi|          gmem|       pointer|
|m_axi_gmem_AWLEN         |  out|    8|       m_axi|          gmem|       pointer|
|m_axi_gmem_AWSIZE        |  out|    3|       m_axi|          gmem|       pointer|
|m_axi_gmem_AWBURST       |  out|    2|       m_axi|          gmem|       pointer|
|m_axi_gmem_AWLOCK        |  out|    2|       m_axi|          gmem|       pointer|
|m_axi_gmem_AWCACHE       |  out|    4|       m_axi|          gmem|       pointer|
|m_axi_gmem_AWPROT        |  out|    3|       m_axi|          gmem|       pointer|
|m_axi_gmem_AWQOS         |  out|    4|       m_axi|          gmem|       pointer|
|m_axi_gmem_AWREGION      |  out|    4|       m_axi|          gmem|       pointer|
|m_axi_gmem_AWUSER        |  out|    1|       m_axi|          gmem|       pointer|
|m_axi_gmem_WVALID        |  out|    1|       m_axi|          gmem|       pointer|
|m_axi_gmem_WREADY        |   in|    1|       m_axi|          gmem|       pointer|
|m_axi_gmem_WDATA         |  out|   32|       m_axi|          gmem|       pointer|
|m_axi_gmem_WSTRB         |  out|    4|       m_axi|          gmem|       pointer|
|m_axi_gmem_WLAST         |  out|    1|       m_axi|          gmem|       pointer|
|m_axi_gmem_WID           |  out|    1|       m_axi|          gmem|       pointer|
|m_axi_gmem_WUSER         |  out|    1|       m_axi|          gmem|       pointer|
|m_axi_gmem_ARVALID       |  out|    1|       m_axi|          gmem|       pointer|
|m_axi_gmem_ARREADY       |   in|    1|       m_axi|          gmem|       pointer|
|m_axi_gmem_ARADDR        |  out|   64|       m_axi|          gmem|       pointer|
|m_axi_gmem_ARID          |  out|    1|       m_axi|          gmem|       pointer|
|m_axi_gmem_ARLEN         |  out|    8|       m_axi|          gmem|       pointer|
|m_axi_gmem_ARSIZE        |  out|    3|       m_axi|          gmem|       pointer|
|m_axi_gmem_ARBURST       |  out|    2|       m_axi|          gmem|       pointer|
|m_axi_gmem_ARLOCK        |  out|    2|       m_axi|          gmem|       pointer|
|m_axi_gmem_ARCACHE       |  out|    4|       m_axi|          gmem|       pointer|
|m_axi_gmem_ARPROT        |  out|    3|       m_axi|          gmem|       pointer|
|m_axi_gmem_ARQOS         |  out|    4|       m_axi|          gmem|       pointer|
|m_axi_gmem_ARREGION      |  out|    4|       m_axi|          gmem|       pointer|
|m_axi_gmem_ARUSER        |  out|    1|       m_axi|          gmem|       pointer|
|m_axi_gmem_RVALID        |   in|    1|       m_axi|          gmem|       pointer|
|m_axi_gmem_RREADY        |  out|    1|       m_axi|          gmem|       pointer|
|m_axi_gmem_RDATA         |   in|   32|       m_axi|          gmem|       pointer|
|m_axi_gmem_RLAST         |   in|    1|       m_axi|          gmem|       pointer|
|m_axi_gmem_RID           |   in|    1|       m_axi|          gmem|       pointer|
|m_axi_gmem_RUSER         |   in|    1|       m_axi|          gmem|       pointer|
|m_axi_gmem_RRESP         |   in|    2|       m_axi|          gmem|       pointer|
|m_axi_gmem_BVALID        |   in|    1|       m_axi|          gmem|       pointer|
|m_axi_gmem_BREADY        |  out|    1|       m_axi|          gmem|       pointer|
|m_axi_gmem_BRESP         |   in|    2|       m_axi|          gmem|       pointer|
|m_axi_gmem_BID           |   in|    1|       m_axi|          gmem|       pointer|
|m_axi_gmem_BUSER         |   in|    1|       m_axi|          gmem|       pointer|
+-------------------------+-----+-----+------------+--------------+--------------+

