================================================================
== Design Size Report
================================================================

* Total Instructions per Compilation Phase
+---------------+-----------------------------+--------------+----------------------------------------------------------------------------------------+
| Phase         | Step                        | Instructions | Description                                                                            |
+---------------+-----------------------------+--------------+----------------------------------------------------------------------------------------+
| Compile/Link  |                             |  1,423       | After all functions are compiled and linked into a single design                       |
|               |                             |              |                                                                                        |
| Unroll/Inline |                             |              | After user unroll and inline pragmas are applied                                       |
|               | (1) unroll                  |    863       | user unroll pragmas are applied                                                        |
|               | (2) simplification          |    723       | simplification of applied user unroll pragmas                                          |
|               | (3) inline                  |    662       | user inline pragmas are applied                                                        |
|               | (4) simplification          |    653       | simplification of applied user inline pragmas                                          |
|               |                             |              |                                                                                        |
| Array/Struct  |                             |              | After user array partition and struct aggregate/disaggregate pragmas are applied       |
|               | (1) array partition         |    703       | user array partition pragmas are applied                                               |
|               | (2) simplification          |    701       | simplification of applied user array partition & struct aggregate/disaggregate pragmas |
|               | (3) aggregate/disaggregate  |    701       | user struct aggregate/disaggregate pragmas are applied                                 |
|               | (4) array reshape           |    700       | apply array reshape pragmas                                                            |
|               | (5) access patterns         |    718       | array access pattern optmizations                                                      |
|               |                             |              |                                                                                        |
| Performance   |                             |              | After transformations are applied to meet performance pragma targets                   |
|               | (1) loop simplification     |    700       | loop and instruction simplification                                                    |
|               | (2) parallelization         |  2,054       | loops are unrolled or pipelined to meet performance targets                            |
|               | (3) array partition         | 18,733       | arrays are partitioned to meet performance targets                                     |
|               | (4) simplification          |  7,737       | simplification of design after performance transformations                             |
|               |                             |              |                                                                                        |
| HW Transforms |                             |              | After hardware transfomations                                                          |
|               | (1) lowering                |  7,712       | initial conversion to HW specific instructions                                         |
|               | (2) optimizations           |  7,942       | high level synthesis optimizations                                                     |
+---------------+-----------------------------+--------------+----------------------------------------------------------------------------------------+

* Instructions per Function for each Compilation Phase
+------------------------------+--------------+----------------+---------------+---------------+-----------------+-----------------+
| Function                     | Location     | Compile/Link   | Unroll/Inline | Array/Struct  | Performance     | HW Transforms   |
+------------------------------+--------------+----------------+---------------+---------------+-----------------+-----------------+
| + cnn                        | cnn.cpp:64   | 1,423          | 653           | 718           | 7,737           | 7,942           |
|    normalization_and_padding | utils.cpp:8  |   34           |               |               |                 |                 |
|  + dataflow_section          | cnn.cpp:13   | 1,311          | 597           | 666           | 7,114           | 7,296           |
|   + convolutional_layer      | conv.cpp:55  |  401           |               |               |                 |                 |
|    + convolution             | conv.cpp:13  |  392 (4 calls) |               |               |                 |                 |
|       relu                   | conv.cpp:5   |   28 (4 calls) |               |               |                 |                 |
|   + max_pooling_layer        | pool.cpp:31  |  281           |               |               |                 |                 |
|      max_pooling             | pool.cpp:4   |  268 (4 calls) |               |               |                 |                 |
|   + flattening_layer         | flat.cpp:16  |  185           |               |               |                 |                 |
|      flattening              | flat.cpp:3   |  172 (4 calls) |               |               |                 |                 |
|   + dense_layer              | dense.cpp:56 |  285           |               |               |                 |                 |
|      dense                   | dense.cpp:33 |  272 (4 calls) |               |               |                 |                 |
|     dense_layer_soft_max     | dense.cpp:7  |   61           |               |               |                 |                 |
|     convolution              | conv.cpp:13  |                | 204 (4 calls) | 212 (4 calls) | 6,460 (4 calls) | 6,423 (4 calls) |
|     max_pooling              | pool.cpp:4   |                | 108 (4 calls) | 116 (4 calls) |   96 (4 calls)  |  184 (4 calls)  |
|     dense                    | dense.cpp:33 |                | 152 (4 calls) | 152 (4 calls) |  384 (4 calls)  |  452 (4 calls)  |
+------------------------------+--------------+----------------+---------------+---------------+-----------------+-----------------+

* Design Size Message Settings
+---------------------------------------------+--------+------------------------------------------------------------------+
| Message Setting                             | Value  | Description                                                      |
+---------------------------------------------+--------+------------------------------------------------------------------+
| config_compile -design_size_maximum_warning | 100000 | Show a warning when total design instructions exceeds this value |
+---------------------------------------------+--------+------------------------------------------------------------------+


