

================================================================
== Vitis HLS Report for 'dataflow_section'
================================================================
* Date:           Mon Dec 16 12:55:16 2024

* Version:        2023.2 (Build 4023990 on Oct 11 2023)
* Project:        CNN
* Solution:       solution1 (Vivado IP Flow Target)
* Product family: zynq
* Target device:  xc7z010-clg400-3


================================================================
== Performance Estimates
================================================================
+ Timing: 
    * Summary: 
    +--------+----------+----------+------------+
    |  Clock |  Target  | Estimated| Uncertainty|
    +--------+----------+----------+------------+
    |ap_clk  |  10.00 ns|  7.983 ns|     2.70 ns|
    +--------+----------+----------+------------+

+ Latency: 
    * Summary: 
    +---------+---------+----------+----------+-------+-------+---------+
    |  Latency (cycles) |  Latency (absolute) |    Interval   | Pipeline|
    |   min   |   max   |    min   |    max   |  min  |  max  |   Type  |
    +---------+---------+----------+----------+-------+-------+---------+
    |    43272|    43272|  0.433 ms|  0.433 ms|  43272|  43272|       no|
    +---------+---------+----------+----------+-------+-------+---------+

    + Detail: 
        * Instance: 
        +--------------------------------------------------------------------+---------------------------------------------------------+---------+---------+-----------+-----------+-------+-------+---------+
        |                                                                    |                                                         |  Latency (cycles) |   Latency (absolute)  |    Interval   | Pipeline|
        |                              Instance                              |                          Module                         |   min   |   max   |    min    |    max    |  min  |  max  |   Type  |
        +--------------------------------------------------------------------+---------------------------------------------------------+---------+---------+-----------+-----------+-------+-------+---------+
        |grp_convolution_fu_284                                              |convolution                                              |    19785|    19785|   0.198 ms|   0.198 ms|  19785|  19785|       no|
        |grp_convolution_fu_295                                              |convolution                                              |    19785|    19785|   0.198 ms|   0.198 ms|  19785|  19785|       no|
        |grp_convolution_1_fu_304                                            |convolution_1                                            |     1003|     1003|  10.030 us|  10.030 us|   1003|   1003|       no|
        |grp_max_pooling_fu_407                                              |max_pooling                                              |      792|      792|   7.920 us|   7.920 us|    792|    792|       no|
        |grp_max_pooling_fu_413                                              |max_pooling                                              |      792|      792|   7.920 us|   7.920 us|    792|    792|       no|
        |grp_dataflow_section_Pipeline_flat_for_rows_flat_for_cols_fu_419    |dataflow_section_Pipeline_flat_for_rows_flat_for_cols    |      198|      198|   1.980 us|   1.980 us|    198|    198|       no|
        |grp_dataflow_section_Pipeline_flat_for_rows_flat_for_cols4_fu_425   |dataflow_section_Pipeline_flat_for_rows_flat_for_cols4   |      198|      198|   1.980 us|   1.980 us|    198|    198|       no|
        |grp_dataflow_section_Pipeline_flat_for_rows_flat_for_cols5_fu_431   |dataflow_section_Pipeline_flat_for_rows_flat_for_cols5   |      198|      198|   1.980 us|   1.980 us|    198|    198|       no|
        |grp_dataflow_section_Pipeline_flat_for_rows_flat_for_cols6_fu_437   |dataflow_section_Pipeline_flat_for_rows_flat_for_cols6   |      198|      198|   1.980 us|   1.980 us|    198|    198|       no|
        |grp_dense_fu_443                                                    |dense                                                    |     2001|     2001|  20.010 us|  20.010 us|   2001|   2001|       no|
        |grp_dense_fu_471                                                    |dense                                                    |     2001|     2001|  20.010 us|  20.010 us|   2001|   2001|       no|
        |grp_dense_fu_499                                                    |dense                                                    |     2001|     2001|  20.010 us|  20.010 us|   2001|   2001|       no|
        |grp_dense_fu_527                                                    |dense                                                    |     2001|     2001|  20.010 us|  20.010 us|   2001|   2001|       no|
        |grp_dataflow_section_Pipeline_dense_soft_max_for_dense_size_fu_555  |dataflow_section_Pipeline_dense_soft_max_for_dense_size  |       70|       70|   0.700 us|   0.700 us|     70|     70|       no|
        |grp_dataflow_section_Pipeline_dense_soft_max_for_digits_fu_568      |dataflow_section_Pipeline_dense_soft_max_for_digits      |       25|       25|   0.250 us|   0.250 us|     25|     25|       no|
        +--------------------------------------------------------------------+---------------------------------------------------------+---------+---------+-----------+-----------+-------+-------+---------+

        * Loop: 
        N/A



================================================================
== Utilization Estimates
================================================================
* Summary: 
+-----------------+---------+-----+-------+-------+-----+
|       Name      | BRAM_18K| DSP |   FF  |  LUT  | URAM|
+-----------------+---------+-----+-------+-------+-----+
|DSP              |        -|    -|      -|      -|    -|
|Expression       |        -|    -|      0|      8|    -|
|FIFO             |       24|    -|   2360|   1332|    -|
|Instance         |       80|  300|  48901|  73520|    0|
|Memory           |        -|    -|      -|      -|    -|
|Multiplexer      |        -|    -|      -|    694|    -|
|Register         |        -|    -|     38|      -|    -|
+-----------------+---------+-----+-------+-------+-----+
|Total            |      104|  300|  51299|  75554|    0|
+-----------------+---------+-----+-------+-------+-----+
|Available        |      120|   80|  35200|  17600|    0|
+-----------------+---------+-----+-------+-------+-----+
|Utilization (%)  |       86|  375|    145|    429|    0|
+-----------------+---------+-----+-------+-------+-----+

+ Detail: 
    * Instance: 
    +--------------------------------------------------------------------+---------------------------------------------------------+---------+-----+-------+-------+-----+
    |                              Instance                              |                          Module                         | BRAM_18K| DSP |   FF  |  LUT  | URAM|
    +--------------------------------------------------------------------+---------------------------------------------------------+---------+-----+-------+-------+-----+
    |grp_convolution_fu_284                                              |convolution                                              |        0|   10|   7111|   6059|    0|
    |grp_convolution_fu_295                                              |convolution                                              |        0|   10|   7111|   6059|    0|
    |grp_convolution_1_fu_304                                            |convolution_1                                            |        0|  249|  26664|  51977|    0|
    |grp_dataflow_section_Pipeline_dense_soft_max_for_dense_size_fu_555  |dataflow_section_Pipeline_dense_soft_max_for_dense_size  |        0|    7|   1058|   1323|    0|
    |grp_dataflow_section_Pipeline_dense_soft_max_for_digits_fu_568      |dataflow_section_Pipeline_dense_soft_max_for_digits      |        0|    0|    165|     96|    0|
    |grp_dataflow_section_Pipeline_flat_for_rows_flat_for_cols_fu_419    |dataflow_section_Pipeline_flat_for_rows_flat_for_cols    |        0|    0|     11|     90|    0|
    |grp_dataflow_section_Pipeline_flat_for_rows_flat_for_cols4_fu_425   |dataflow_section_Pipeline_flat_for_rows_flat_for_cols4   |        0|    0|     11|     90|    0|
    |grp_dataflow_section_Pipeline_flat_for_rows_flat_for_cols5_fu_431   |dataflow_section_Pipeline_flat_for_rows_flat_for_cols5   |        0|    0|     11|     90|    0|
    |grp_dataflow_section_Pipeline_flat_for_rows_flat_for_cols6_fu_437   |dataflow_section_Pipeline_flat_for_rows_flat_for_cols6   |        0|    0|     11|     90|    0|
    |grp_dense_fu_443                                                    |dense                                                    |       20|    5|   1395|   1404|    0|
    |grp_dense_fu_471                                                    |dense                                                    |       20|    5|   1395|   1404|    0|
    |grp_dense_fu_499                                                    |dense                                                    |       20|    5|   1395|   1404|    0|
    |grp_dense_fu_527                                                    |dense                                                    |       20|    5|   1395|   1404|    0|
    |fadd_32ns_32ns_32_4_full_dsp_1_U449                                 |fadd_32ns_32ns_32_4_full_dsp_1                           |        0|    2|    227|    403|    0|
    |fadd_32ns_32ns_32_4_full_dsp_1_U450                                 |fadd_32ns_32ns_32_4_full_dsp_1                           |        0|    2|    227|    403|    0|
    |grp_max_pooling_fu_407                                              |max_pooling                                              |        0|    0|    357|    612|    0|
    |grp_max_pooling_fu_413                                              |max_pooling                                              |        0|    0|    357|    612|    0|
    +--------------------------------------------------------------------+---------------------------------------------------------+---------+-----+-------+-------+-----+
    |Total                                                               |                                                         |       80|  300|  48901|  73520|    0|
    +--------------------------------------------------------------------+---------------------------------------------------------+---------+-----+-------+-------+-----+

    * DSP: 
    N/A

    * Memory: 
    N/A

    * FIFO: 
    +-----------------------------------+---------+-----+----+-----+------+-----+---------+
    |                Name               | BRAM_18K|  FF | LUT| URAM| Depth| Bits| Size:D*B|
    +-----------------------------------+---------+-----+----+-----+------+-----+---------+
    |conv_to_pool_streams_1_fifo_U      |        2|  165|   0|    -|   784|   32|    25088|
    |conv_to_pool_streams_2_fifo_U      |        2|  165|   0|    -|   784|   32|    25088|
    |conv_to_pool_streams_3_fifo_U      |        2|  165|   0|    -|   784|   32|    25088|
    |conv_to_pool_streams_fifo_U        |        2|  165|   0|    -|   784|   32|    25088|
    |dense_to_softmax_streams_1_fifo_U  |        0|   99|   0|    -|    10|   32|      320|
    |dense_to_softmax_streams_2_fifo_U  |        0|   99|   0|    -|    10|   32|      320|
    |dense_to_softmax_streams_3_fifo_U  |        0|   99|   0|    -|    10|   32|      320|
    |dense_to_softmax_streams_fifo_U    |        0|   99|   0|    -|    10|   32|      320|
    |flat_to_dense_streams_1_fifo_U     |        2|  163|   0|    -|   196|   32|     6272|
    |flat_to_dense_streams_2_fifo_U     |        2|  163|   0|    -|   196|   32|     6272|
    |flat_to_dense_streams_3_fifo_U     |        2|  163|   0|    -|   196|   32|     6272|
    |flat_to_dense_streams_fifo_U       |        2|  163|   0|    -|   196|   32|     6272|
    |pool_to_flat_streams_1_fifo_U      |        2|  163|   0|    -|   196|   32|     6272|
    |pool_to_flat_streams_2_fifo_U      |        2|  163|   0|    -|   196|   32|     6272|
    |pool_to_flat_streams_3_fifo_U      |        2|  163|   0|    -|   196|   32|     6272|
    |pool_to_flat_streams_fifo_U        |        2|  163|   0|    -|   196|   32|     6272|
    +-----------------------------------+---------+-----+----+-----+------+-----+---------+
    |Total                              |       24| 2360|   0|    0|  4744|  512|   151808|
    +-----------------------------------+---------+-----+----+-----+------+-----+---------+

    * Expression: 
    +----------------------------------+----------+----+---+----+------------+------------+
    |           Variable Name          | Operation| DSP| FF| LUT| Bitwidth P0| Bitwidth P1|
    +----------------------------------+----------+----+---+----+------------+------------+
    |ap_block_state19_on_subcall_done  |        or|   0|  0|   2|           1|           1|
    |ap_block_state2_on_subcall_done   |        or|   0|  0|   2|           1|           1|
    |ap_block_state4_on_subcall_done   |        or|   0|  0|   2|           1|           1|
    |ap_block_state6_on_subcall_done   |        or|   0|  0|   2|           1|           1|
    +----------------------------------+----------+----+---+----+------------+------------+
    |Total                             |          |   0|  0|   8|           4|           4|
    +----------------------------------+----------+----+---+----+------------+------------+

    * Multiplexer: 
    +-------------------------------------------------------+-----+-----------+-----+-----------+
    |                          Name                         | LUT | Input Size| Bits| Total Bits|
    +-------------------------------------------------------+-----+-----------+-----+-----------+
    |ap_NS_fsm                                              |  120|         24|    1|         24|
    |conv_to_pool_streams_1_read                            |    9|          2|    1|          2|
    |conv_to_pool_streams_1_write                           |    9|          2|    1|          2|
    |conv_to_pool_streams_2_read                            |    9|          2|    1|          2|
    |conv_to_pool_streams_2_write                           |    9|          2|    1|          2|
    |conv_to_pool_streams_3_read                            |    9|          2|    1|          2|
    |conv_to_pool_streams_3_write                           |    9|          2|    1|          2|
    |conv_to_pool_streams_read                              |    9|          2|    1|          2|
    |conv_to_pool_streams_write                             |    9|          2|    1|          2|
    |dense_to_softmax_streams_1_read                        |    9|          2|    1|          2|
    |dense_to_softmax_streams_1_write                       |    9|          2|    1|          2|
    |dense_to_softmax_streams_2_read                        |    9|          2|    1|          2|
    |dense_to_softmax_streams_2_write                       |    9|          2|    1|          2|
    |dense_to_softmax_streams_3_read                        |    9|          2|    1|          2|
    |dense_to_softmax_streams_3_write                       |    9|          2|    1|          2|
    |dense_to_softmax_streams_read                          |    9|          2|    1|          2|
    |dense_to_softmax_streams_write                         |    9|          2|    1|          2|
    |flat_to_dense_streams_1_read                           |    9|          2|    1|          2|
    |flat_to_dense_streams_1_write                          |    9|          2|    1|          2|
    |flat_to_dense_streams_2_read                           |    9|          2|    1|          2|
    |flat_to_dense_streams_2_write                          |    9|          2|    1|          2|
    |flat_to_dense_streams_3_read                           |    9|          2|    1|          2|
    |flat_to_dense_streams_3_write                          |    9|          2|    1|          2|
    |flat_to_dense_streams_read                             |    9|          2|    1|          2|
    |flat_to_dense_streams_write                            |    9|          2|    1|          2|
    |grp_convolution_fu_284_conv_to_pool_streams_0_full_n   |    9|          2|    1|          2|
    |grp_convolution_fu_284_filter                          |   13|          3|    2|          6|
    |grp_convolution_fu_284_pad_img_q0                      |   13|          3|   32|         96|
    |grp_convolution_fu_284_pad_img_q1                      |   13|          3|   32|         96|
    |grp_fu_684_ce                                          |   13|          3|    1|          3|
    |grp_fu_684_p0                                          |   13|          3|   32|         96|
    |grp_fu_684_p1                                          |   13|          3|   32|         96|
    |grp_fu_688_ce                                          |   13|          3|    1|          3|
    |grp_fu_688_p0                                          |   13|          3|   32|         96|
    |grp_fu_688_p1                                          |   13|          3|   32|         96|
    |grp_fu_692_ce                                          |    9|          2|    1|          2|
    |grp_max_pooling_fu_407_conv_to_pool_streams_0_dout     |    9|          2|   32|         64|
    |grp_max_pooling_fu_407_conv_to_pool_streams_0_empty_n  |    9|          2|    1|          2|
    |grp_max_pooling_fu_407_pool_to_flat_streams_0_full_n   |    9|          2|    1|          2|
    |grp_max_pooling_fu_413_conv_to_pool_streams_0_dout     |    9|          2|   32|         64|
    |grp_max_pooling_fu_413_conv_to_pool_streams_0_empty_n  |    9|          2|    1|          2|
    |grp_max_pooling_fu_413_pool_to_flat_streams_0_full_n   |    9|          2|    1|          2|
    |pad_img0_ce0                                           |    9|          2|    1|          2|
    |pad_img0_ce1                                           |    9|          2|    1|          2|
    |pad_img1_ce0                                           |    9|          2|    1|          2|
    |pad_img1_ce1                                           |    9|          2|    1|          2|
    |pool_to_flat_streams_1_read                            |    9|          2|    1|          2|
    |pool_to_flat_streams_1_write                           |    9|          2|    1|          2|
    |pool_to_flat_streams_2_read                            |    9|          2|    1|          2|
    |pool_to_flat_streams_2_write                           |    9|          2|    1|          2|
    |pool_to_flat_streams_3_read                            |    9|          2|    1|          2|
    |pool_to_flat_streams_3_write                           |    9|          2|    1|          2|
    |pool_to_flat_streams_read                              |    9|          2|    1|          2|
    |pool_to_flat_streams_write                             |    9|          2|    1|          2|
    |prediction_address0                                    |   13|          3|    4|         12|
    |prediction_ce0                                         |   13|          3|    1|          3|
    |prediction_ce1                                         |    9|          2|    1|          2|
    |prediction_d0                                          |   13|          3|   32|         96|
    |prediction_we0                                         |   13|          3|    1|          3|
    +-------------------------------------------------------+-----+-----------+-----+-----------+
    |Total                                                  |  694|        153|  342|        940|
    +-------------------------------------------------------+-----+-----------+-----+-----------+

    * Register: 
    +---------------------------------------------------------------------------------+----+----+-----+-----------+
    |                                       Name                                      | FF | LUT| Bits| Const Bits|
    +---------------------------------------------------------------------------------+----+----+-----+-----------+
    |ap_CS_fsm                                                                        |  23|   0|   23|          0|
    |grp_convolution_1_fu_304_ap_start_reg                                            |   1|   0|    1|          0|
    |grp_convolution_fu_284_ap_start_reg                                              |   1|   0|    1|          0|
    |grp_convolution_fu_295_ap_start_reg                                              |   1|   0|    1|          0|
    |grp_dataflow_section_Pipeline_dense_soft_max_for_dense_size_fu_555_ap_start_reg  |   1|   0|    1|          0|
    |grp_dataflow_section_Pipeline_dense_soft_max_for_digits_fu_568_ap_start_reg      |   1|   0|    1|          0|
    |grp_dataflow_section_Pipeline_flat_for_rows_flat_for_cols4_fu_425_ap_start_reg   |   1|   0|    1|          0|
    |grp_dataflow_section_Pipeline_flat_for_rows_flat_for_cols5_fu_431_ap_start_reg   |   1|   0|    1|          0|
    |grp_dataflow_section_Pipeline_flat_for_rows_flat_for_cols6_fu_437_ap_start_reg   |   1|   0|    1|          0|
    |grp_dataflow_section_Pipeline_flat_for_rows_flat_for_cols_fu_419_ap_start_reg    |   1|   0|    1|          0|
    |grp_dense_fu_443_ap_start_reg                                                    |   1|   0|    1|          0|
    |grp_dense_fu_471_ap_start_reg                                                    |   1|   0|    1|          0|
    |grp_dense_fu_499_ap_start_reg                                                    |   1|   0|    1|          0|
    |grp_dense_fu_527_ap_start_reg                                                    |   1|   0|    1|          0|
    |grp_max_pooling_fu_407_ap_start_reg                                              |   1|   0|    1|          0|
    |grp_max_pooling_fu_413_ap_start_reg                                              |   1|   0|    1|          0|
    +---------------------------------------------------------------------------------+----+----+-----+-----------+
    |Total                                                                            |  38|   0|   38|          0|
    +---------------------------------------------------------------------------------+----+----+-----+-----------+



================================================================
== Interface
================================================================
* Summary: 
+-----------------------+-----+-----+------------+------------------+--------------+
|       RTL Ports       | Dir | Bits|  Protocol  |   Source Object  |    C Type    |
+-----------------------+-----+-----+------------+------------------+--------------+
|ap_clk                 |   in|    1|  ap_ctrl_hs|  dataflow_section|  return value|
|ap_rst                 |   in|    1|  ap_ctrl_hs|  dataflow_section|  return value|
|ap_start               |   in|    1|  ap_ctrl_hs|  dataflow_section|  return value|
|ap_done                |  out|    1|  ap_ctrl_hs|  dataflow_section|  return value|
|ap_idle                |  out|    1|  ap_ctrl_hs|  dataflow_section|  return value|
|ap_ready               |  out|    1|  ap_ctrl_hs|  dataflow_section|  return value|
|grp_fu_409_p_din0      |  out|   32|  ap_ctrl_hs|  dataflow_section|  return value|
|grp_fu_409_p_din1      |  out|   32|  ap_ctrl_hs|  dataflow_section|  return value|
|grp_fu_409_p_dout0     |   in|   32|  ap_ctrl_hs|  dataflow_section|  return value|
|grp_fu_409_p_ce        |  out|    1|  ap_ctrl_hs|  dataflow_section|  return value|
|pad_img0_address0      |  out|   11|   ap_memory|          pad_img0|         array|
|pad_img0_ce0           |  out|    1|   ap_memory|          pad_img0|         array|
|pad_img0_q0            |   in|   32|   ap_memory|          pad_img0|         array|
|pad_img0_address1      |  out|   11|   ap_memory|          pad_img0|         array|
|pad_img0_ce1           |  out|    1|   ap_memory|          pad_img0|         array|
|pad_img0_q1            |   in|   32|   ap_memory|          pad_img0|         array|
|pad_img1_address0      |  out|   11|   ap_memory|          pad_img1|         array|
|pad_img1_ce0           |  out|    1|   ap_memory|          pad_img1|         array|
|pad_img1_q0            |   in|   32|   ap_memory|          pad_img1|         array|
|pad_img1_address1      |  out|   11|   ap_memory|          pad_img1|         array|
|pad_img1_ce1           |  out|    1|   ap_memory|          pad_img1|         array|
|pad_img1_q1            |   in|   32|   ap_memory|          pad_img1|         array|
|pad_img2_address0      |  out|   11|   ap_memory|          pad_img2|         array|
|pad_img2_ce0           |  out|    1|   ap_memory|          pad_img2|         array|
|pad_img2_q0            |   in|   32|   ap_memory|          pad_img2|         array|
|pad_img2_address1      |  out|   11|   ap_memory|          pad_img2|         array|
|pad_img2_ce1           |  out|    1|   ap_memory|          pad_img2|         array|
|pad_img2_q1            |   in|   32|   ap_memory|          pad_img2|         array|
|pad_img3_0_0_address0  |  out|    5|   ap_memory|      pad_img3_0_0|         array|
|pad_img3_0_0_ce0       |  out|    1|   ap_memory|      pad_img3_0_0|         array|
|pad_img3_0_0_q0        |   in|   32|   ap_memory|      pad_img3_0_0|         array|
|pad_img3_0_1_address0  |  out|    5|   ap_memory|      pad_img3_0_1|         array|
|pad_img3_0_1_ce0       |  out|    1|   ap_memory|      pad_img3_0_1|         array|
|pad_img3_0_1_q0        |   in|   32|   ap_memory|      pad_img3_0_1|         array|
|pad_img3_0_2_address0  |  out|    5|   ap_memory|      pad_img3_0_2|         array|
|pad_img3_0_2_ce0       |  out|    1|   ap_memory|      pad_img3_0_2|         array|
|pad_img3_0_2_q0        |   in|   32|   ap_memory|      pad_img3_0_2|         array|
|pad_img3_0_3_address0  |  out|    5|   ap_memory|      pad_img3_0_3|         array|
|pad_img3_0_3_ce0       |  out|    1|   ap_memory|      pad_img3_0_3|         array|
|pad_img3_0_3_q0        |   in|   32|   ap_memory|      pad_img3_0_3|         array|
|pad_img3_0_4_address0  |  out|    5|   ap_memory|      pad_img3_0_4|         array|
|pad_img3_0_4_ce0       |  out|    1|   ap_memory|      pad_img3_0_4|         array|
|pad_img3_0_4_q0        |   in|   32|   ap_memory|      pad_img3_0_4|         array|
|pad_img3_0_5_address0  |  out|    5|   ap_memory|      pad_img3_0_5|         array|
|pad_img3_0_5_ce0       |  out|    1|   ap_memory|      pad_img3_0_5|         array|
|pad_img3_0_5_q0        |   in|   32|   ap_memory|      pad_img3_0_5|         array|
|pad_img3_0_6_address0  |  out|    5|   ap_memory|      pad_img3_0_6|         array|
|pad_img3_0_6_ce0       |  out|    1|   ap_memory|      pad_img3_0_6|         array|
|pad_img3_0_6_q0        |   in|   32|   ap_memory|      pad_img3_0_6|         array|
|pad_img3_1_0_address0  |  out|    5|   ap_memory|      pad_img3_1_0|         array|
|pad_img3_1_0_ce0       |  out|    1|   ap_memory|      pad_img3_1_0|         array|
|pad_img3_1_0_q0        |   in|   32|   ap_memory|      pad_img3_1_0|         array|
|pad_img3_1_1_address0  |  out|    5|   ap_memory|      pad_img3_1_1|         array|
|pad_img3_1_1_ce0       |  out|    1|   ap_memory|      pad_img3_1_1|         array|
|pad_img3_1_1_q0        |   in|   32|   ap_memory|      pad_img3_1_1|         array|
|pad_img3_1_2_address0  |  out|    5|   ap_memory|      pad_img3_1_2|         array|
|pad_img3_1_2_ce0       |  out|    1|   ap_memory|      pad_img3_1_2|         array|
|pad_img3_1_2_q0        |   in|   32|   ap_memory|      pad_img3_1_2|         array|
|pad_img3_1_3_address0  |  out|    5|   ap_memory|      pad_img3_1_3|         array|
|pad_img3_1_3_ce0       |  out|    1|   ap_memory|      pad_img3_1_3|         array|
|pad_img3_1_3_q0        |   in|   32|   ap_memory|      pad_img3_1_3|         array|
|pad_img3_1_4_address0  |  out|    5|   ap_memory|      pad_img3_1_4|         array|
|pad_img3_1_4_ce0       |  out|    1|   ap_memory|      pad_img3_1_4|         array|
|pad_img3_1_4_q0        |   in|   32|   ap_memory|      pad_img3_1_4|         array|
|pad_img3_1_5_address0  |  out|    5|   ap_memory|      pad_img3_1_5|         array|
|pad_img3_1_5_ce0       |  out|    1|   ap_memory|      pad_img3_1_5|         array|
|pad_img3_1_5_q0        |   in|   32|   ap_memory|      pad_img3_1_5|         array|
|pad_img3_1_6_address0  |  out|    5|   ap_memory|      pad_img3_1_6|         array|
|pad_img3_1_6_ce0       |  out|    1|   ap_memory|      pad_img3_1_6|         array|
|pad_img3_1_6_q0        |   in|   32|   ap_memory|      pad_img3_1_6|         array|
|pad_img3_2_0_address0  |  out|    5|   ap_memory|      pad_img3_2_0|         array|
|pad_img3_2_0_ce0       |  out|    1|   ap_memory|      pad_img3_2_0|         array|
|pad_img3_2_0_q0        |   in|   32|   ap_memory|      pad_img3_2_0|         array|
|pad_img3_2_1_address0  |  out|    5|   ap_memory|      pad_img3_2_1|         array|
|pad_img3_2_1_ce0       |  out|    1|   ap_memory|      pad_img3_2_1|         array|
|pad_img3_2_1_q0        |   in|   32|   ap_memory|      pad_img3_2_1|         array|
|pad_img3_2_2_address0  |  out|    5|   ap_memory|      pad_img3_2_2|         array|
|pad_img3_2_2_ce0       |  out|    1|   ap_memory|      pad_img3_2_2|         array|
|pad_img3_2_2_q0        |   in|   32|   ap_memory|      pad_img3_2_2|         array|
|pad_img3_2_3_address0  |  out|    5|   ap_memory|      pad_img3_2_3|         array|
|pad_img3_2_3_ce0       |  out|    1|   ap_memory|      pad_img3_2_3|         array|
|pad_img3_2_3_q0        |   in|   32|   ap_memory|      pad_img3_2_3|         array|
|pad_img3_2_4_address0  |  out|    5|   ap_memory|      pad_img3_2_4|         array|
|pad_img3_2_4_ce0       |  out|    1|   ap_memory|      pad_img3_2_4|         array|
|pad_img3_2_4_q0        |   in|   32|   ap_memory|      pad_img3_2_4|         array|
|pad_img3_2_5_address0  |  out|    5|   ap_memory|      pad_img3_2_5|         array|
|pad_img3_2_5_ce0       |  out|    1|   ap_memory|      pad_img3_2_5|         array|
|pad_img3_2_5_q0        |   in|   32|   ap_memory|      pad_img3_2_5|         array|
|pad_img3_2_6_address0  |  out|    5|   ap_memory|      pad_img3_2_6|         array|
|pad_img3_2_6_ce0       |  out|    1|   ap_memory|      pad_img3_2_6|         array|
|pad_img3_2_6_q0        |   in|   32|   ap_memory|      pad_img3_2_6|         array|
|pad_img3_3_0_address0  |  out|    5|   ap_memory|      pad_img3_3_0|         array|
|pad_img3_3_0_ce0       |  out|    1|   ap_memory|      pad_img3_3_0|         array|
|pad_img3_3_0_q0        |   in|   32|   ap_memory|      pad_img3_3_0|         array|
|pad_img3_3_1_address0  |  out|    5|   ap_memory|      pad_img3_3_1|         array|
|pad_img3_3_1_ce0       |  out|    1|   ap_memory|      pad_img3_3_1|         array|
|pad_img3_3_1_q0        |   in|   32|   ap_memory|      pad_img3_3_1|         array|
|pad_img3_3_2_address0  |  out|    5|   ap_memory|      pad_img3_3_2|         array|
|pad_img3_3_2_ce0       |  out|    1|   ap_memory|      pad_img3_3_2|         array|
|pad_img3_3_2_q0        |   in|   32|   ap_memory|      pad_img3_3_2|         array|
|pad_img3_3_3_address0  |  out|    5|   ap_memory|      pad_img3_3_3|         array|
|pad_img3_3_3_ce0       |  out|    1|   ap_memory|      pad_img3_3_3|         array|
|pad_img3_3_3_q0        |   in|   32|   ap_memory|      pad_img3_3_3|         array|
|pad_img3_3_4_address0  |  out|    5|   ap_memory|      pad_img3_3_4|         array|
|pad_img3_3_4_ce0       |  out|    1|   ap_memory|      pad_img3_3_4|         array|
|pad_img3_3_4_q0        |   in|   32|   ap_memory|      pad_img3_3_4|         array|
|pad_img3_3_5_address0  |  out|    5|   ap_memory|      pad_img3_3_5|         array|
|pad_img3_3_5_ce0       |  out|    1|   ap_memory|      pad_img3_3_5|         array|
|pad_img3_3_5_q0        |   in|   32|   ap_memory|      pad_img3_3_5|         array|
|pad_img3_3_6_address0  |  out|    5|   ap_memory|      pad_img3_3_6|         array|
|pad_img3_3_6_ce0       |  out|    1|   ap_memory|      pad_img3_3_6|         array|
|pad_img3_3_6_q0        |   in|   32|   ap_memory|      pad_img3_3_6|         array|
|pad_img3_4_0_address0  |  out|    5|   ap_memory|      pad_img3_4_0|         array|
|pad_img3_4_0_ce0       |  out|    1|   ap_memory|      pad_img3_4_0|         array|
|pad_img3_4_0_q0        |   in|   32|   ap_memory|      pad_img3_4_0|         array|
|pad_img3_4_1_address0  |  out|    5|   ap_memory|      pad_img3_4_1|         array|
|pad_img3_4_1_ce0       |  out|    1|   ap_memory|      pad_img3_4_1|         array|
|pad_img3_4_1_q0        |   in|   32|   ap_memory|      pad_img3_4_1|         array|
|pad_img3_4_2_address0  |  out|    5|   ap_memory|      pad_img3_4_2|         array|
|pad_img3_4_2_ce0       |  out|    1|   ap_memory|      pad_img3_4_2|         array|
|pad_img3_4_2_q0        |   in|   32|   ap_memory|      pad_img3_4_2|         array|
|pad_img3_4_3_address0  |  out|    5|   ap_memory|      pad_img3_4_3|         array|
|pad_img3_4_3_ce0       |  out|    1|   ap_memory|      pad_img3_4_3|         array|
|pad_img3_4_3_q0        |   in|   32|   ap_memory|      pad_img3_4_3|         array|
|pad_img3_4_4_address0  |  out|    5|   ap_memory|      pad_img3_4_4|         array|
|pad_img3_4_4_ce0       |  out|    1|   ap_memory|      pad_img3_4_4|         array|
|pad_img3_4_4_q0        |   in|   32|   ap_memory|      pad_img3_4_4|         array|
|pad_img3_4_5_address0  |  out|    5|   ap_memory|      pad_img3_4_5|         array|
|pad_img3_4_5_ce0       |  out|    1|   ap_memory|      pad_img3_4_5|         array|
|pad_img3_4_5_q0        |   in|   32|   ap_memory|      pad_img3_4_5|         array|
|pad_img3_4_6_address0  |  out|    5|   ap_memory|      pad_img3_4_6|         array|
|pad_img3_4_6_ce0       |  out|    1|   ap_memory|      pad_img3_4_6|         array|
|pad_img3_4_6_q0        |   in|   32|   ap_memory|      pad_img3_4_6|         array|
|pad_img3_5_0_address0  |  out|    5|   ap_memory|      pad_img3_5_0|         array|
|pad_img3_5_0_ce0       |  out|    1|   ap_memory|      pad_img3_5_0|         array|
|pad_img3_5_0_q0        |   in|   32|   ap_memory|      pad_img3_5_0|         array|
|pad_img3_5_1_address0  |  out|    5|   ap_memory|      pad_img3_5_1|         array|
|pad_img3_5_1_ce0       |  out|    1|   ap_memory|      pad_img3_5_1|         array|
|pad_img3_5_1_q0        |   in|   32|   ap_memory|      pad_img3_5_1|         array|
|pad_img3_5_2_address0  |  out|    5|   ap_memory|      pad_img3_5_2|         array|
|pad_img3_5_2_ce0       |  out|    1|   ap_memory|      pad_img3_5_2|         array|
|pad_img3_5_2_q0        |   in|   32|   ap_memory|      pad_img3_5_2|         array|
|pad_img3_5_3_address0  |  out|    5|   ap_memory|      pad_img3_5_3|         array|
|pad_img3_5_3_ce0       |  out|    1|   ap_memory|      pad_img3_5_3|         array|
|pad_img3_5_3_q0        |   in|   32|   ap_memory|      pad_img3_5_3|         array|
|pad_img3_5_4_address0  |  out|    5|   ap_memory|      pad_img3_5_4|         array|
|pad_img3_5_4_ce0       |  out|    1|   ap_memory|      pad_img3_5_4|         array|
|pad_img3_5_4_q0        |   in|   32|   ap_memory|      pad_img3_5_4|         array|
|pad_img3_5_5_address0  |  out|    5|   ap_memory|      pad_img3_5_5|         array|
|pad_img3_5_5_ce0       |  out|    1|   ap_memory|      pad_img3_5_5|         array|
|pad_img3_5_5_q0        |   in|   32|   ap_memory|      pad_img3_5_5|         array|
|pad_img3_5_6_address0  |  out|    5|   ap_memory|      pad_img3_5_6|         array|
|pad_img3_5_6_ce0       |  out|    1|   ap_memory|      pad_img3_5_6|         array|
|pad_img3_5_6_q0        |   in|   32|   ap_memory|      pad_img3_5_6|         array|
|pad_img3_6_0_address0  |  out|    5|   ap_memory|      pad_img3_6_0|         array|
|pad_img3_6_0_ce0       |  out|    1|   ap_memory|      pad_img3_6_0|         array|
|pad_img3_6_0_q0        |   in|   32|   ap_memory|      pad_img3_6_0|         array|
|pad_img3_6_1_address0  |  out|    5|   ap_memory|      pad_img3_6_1|         array|
|pad_img3_6_1_ce0       |  out|    1|   ap_memory|      pad_img3_6_1|         array|
|pad_img3_6_1_q0        |   in|   32|   ap_memory|      pad_img3_6_1|         array|
|pad_img3_6_2_address0  |  out|    5|   ap_memory|      pad_img3_6_2|         array|
|pad_img3_6_2_ce0       |  out|    1|   ap_memory|      pad_img3_6_2|         array|
|pad_img3_6_2_q0        |   in|   32|   ap_memory|      pad_img3_6_2|         array|
|pad_img3_6_3_address0  |  out|    5|   ap_memory|      pad_img3_6_3|         array|
|pad_img3_6_3_ce0       |  out|    1|   ap_memory|      pad_img3_6_3|         array|
|pad_img3_6_3_q0        |   in|   32|   ap_memory|      pad_img3_6_3|         array|
|pad_img3_6_4_address0  |  out|    5|   ap_memory|      pad_img3_6_4|         array|
|pad_img3_6_4_ce0       |  out|    1|   ap_memory|      pad_img3_6_4|         array|
|pad_img3_6_4_q0        |   in|   32|   ap_memory|      pad_img3_6_4|         array|
|pad_img3_6_5_address0  |  out|    5|   ap_memory|      pad_img3_6_5|         array|
|pad_img3_6_5_ce0       |  out|    1|   ap_memory|      pad_img3_6_5|         array|
|pad_img3_6_5_q0        |   in|   32|   ap_memory|      pad_img3_6_5|         array|
|pad_img3_6_6_address0  |  out|    5|   ap_memory|      pad_img3_6_6|         array|
|pad_img3_6_6_ce0       |  out|    1|   ap_memory|      pad_img3_6_6|         array|
|pad_img3_6_6_q0        |   in|   32|   ap_memory|      pad_img3_6_6|         array|
|prediction_address0    |  out|    4|   ap_memory|        prediction|         array|
|prediction_ce0         |  out|    1|   ap_memory|        prediction|         array|
|prediction_we0         |  out|    1|   ap_memory|        prediction|         array|
|prediction_d0          |  out|   32|   ap_memory|        prediction|         array|
|prediction_address1    |  out|    4|   ap_memory|        prediction|         array|
|prediction_ce1         |  out|    1|   ap_memory|        prediction|         array|
|prediction_q1          |   in|   32|   ap_memory|        prediction|         array|
+-----------------------+-----+-----+------------+------------------+--------------+

