

================================================================
== Vitis HLS Report for 'dense_Pipeline_1'
================================================================
* Date:           Tue Dec 17 23:49:25 2024

* Version:        2023.2 (Build 4023990 on Oct 11 2023)
* Project:        CNN
* Solution:       solution1 (Vivado IP Flow Target)
* Product family: zynq
* Target device:  xc7z010-clg400-3


================================================================
== Performance Estimates
================================================================
+ Timing: 
    * Summary: 
    +--------+----------+----------+------------+
    |  Clock |  Target  | Estimated| Uncertainty|
    +--------+----------+----------+------------+
    |ap_clk  |  10.00 ns|  4.118 ns|     2.70 ns|
    +--------+----------+----------+------------+

+ Latency: 
    * Summary: 
    +---------+---------+----------+----------+-----+-----+---------+
    |  Latency (cycles) |  Latency (absolute) |  Interval | Pipeline|
    |   min   |   max   |    min   |    max   | min | max |   Type  |
    +---------+---------+----------+----------+-----+-----+---------+
    |       12|       12|  0.120 us|  0.120 us|   12|   12|       no|
    +---------+---------+----------+----------+-----+-----+---------+

    + Detail: 
        * Instance: 
        N/A

        * Loop: 
        +----------+---------+---------+----------+-----------+-----------+------+----------+
        |          |  Latency (cycles) | Iteration|  Initiation Interval  | Trip |          |
        | Loop Name|   min   |   max   |  Latency |  achieved |   target  | Count| Pipelined|
        +----------+---------+---------+----------+-----------+-----------+------+----------+
        |- Loop 1  |       10|       10|         1|          1|          1|    10|       yes|
        +----------+---------+---------+----------+-----------+-----------+------+----------+



================================================================
== Utilization Estimates
================================================================
* Summary: 
+-----------------+---------+----+-------+-------+-----+
|       Name      | BRAM_18K| DSP|   FF  |  LUT  | URAM|
+-----------------+---------+----+-------+-------+-----+
|DSP              |        -|   -|      -|      -|    -|
|Expression       |        -|   -|      0|     26|    -|
|FIFO             |        -|   -|      -|      -|    -|
|Instance         |        -|   -|      -|      -|    -|
|Memory           |        -|   -|      -|      -|    -|
|Multiplexer      |        -|   -|      -|     27|    -|
|Register         |        -|   -|      6|      -|    -|
+-----------------+---------+----+-------+-------+-----+
|Total            |        0|   0|      6|     53|    0|
+-----------------+---------+----+-------+-------+-----+
|Available        |      120|  80|  35200|  17600|    0|
+-----------------+---------+----+-------+-------+-----+
|Utilization (%)  |        0|   0|     ~0|     ~0|    0|
+-----------------+---------+----+-------+-------+-----+

+ Detail: 
    * Instance: 
    N/A

    * DSP: 
    N/A

    * Memory: 
    N/A

    * FIFO: 
    N/A

    * Expression: 
    +----------------------+----------+----+---+----+------------+------------+
    |     Variable Name    | Operation| DSP| FF| LUT| Bitwidth P0| Bitwidth P1|
    +----------------------+----------+----+---+----+------------+------------+
    |empty_17_fu_58_p2     |         +|   0|  0|  13|           4|           1|
    |exitcond113_fu_52_p2  |      icmp|   0|  0|  13|           4|           4|
    +----------------------+----------+----+---+----+------------+------------+
    |Total                 |          |   0|  0|  26|           8|           5|
    +----------------------+----------+----+---+----+------------+------------+

    * Multiplexer: 
    +-------------------------+----+-----------+-----+-----------+
    |           Name          | LUT| Input Size| Bits| Total Bits|
    +-------------------------+----+-----------+-----+-----------+
    |ap_done_int              |   9|          2|    1|          2|
    |ap_sig_allocacmp_p_load  |   9|          2|    4|          8|
    |empty_fu_26              |   9|          2|    4|          8|
    +-------------------------+----+-----------+-----+-----------+
    |Total                    |  27|          6|    9|         18|
    +-------------------------+----+-----------+-----+-----------+

    * Register: 
    +-------------+---+----+-----+-----------+
    |     Name    | FF| LUT| Bits| Const Bits|
    +-------------+---+----+-----+-----------+
    |ap_CS_fsm    |  1|   0|    1|          0|
    |ap_done_reg  |  1|   0|    1|          0|
    |empty_fu_26  |  4|   0|    4|          0|
    +-------------+---+----+-----+-----------+
    |Total        |  6|   0|    6|          0|
    +-------------+---+----+-----+-----------+



================================================================
== Interface
================================================================
* Summary: 
+----------------------+-----+-----+------------+------------------+--------------+
|       RTL Ports      | Dir | Bits|  Protocol  |   Source Object  |    C Type    |
+----------------------+-----+-----+------------+------------------+--------------+
|ap_clk                |   in|    1|  ap_ctrl_hs|  dense_Pipeline_1|  return value|
|ap_rst                |   in|    1|  ap_ctrl_hs|  dense_Pipeline_1|  return value|
|ap_start              |   in|    1|  ap_ctrl_hs|  dense_Pipeline_1|  return value|
|ap_done               |  out|    1|  ap_ctrl_hs|  dense_Pipeline_1|  return value|
|ap_idle               |  out|    1|  ap_ctrl_hs|  dense_Pipeline_1|  return value|
|ap_ready              |  out|    1|  ap_ctrl_hs|  dense_Pipeline_1|  return value|
|dense_array_address0  |  out|    4|   ap_memory|       dense_array|         array|
|dense_array_ce0       |  out|    1|   ap_memory|       dense_array|         array|
|dense_array_we0       |  out|    1|   ap_memory|       dense_array|         array|
|dense_array_d0        |  out|   32|   ap_memory|       dense_array|         array|
+----------------------+-----+-----+------------+------------------+--------------+

