

================================================================
== Vitis HLS Report for 'convolve'
================================================================
* Date:           Fri Nov  8 18:05:35 2024

* Version:        2023.2 (Build 4023990 on Oct 11 2023)
* Project:        Sobel_Edge_Detector_PL
* Solution:       solution1 (Vivado IP Flow Target)
* Product family: virtexuplus
* Target device:  xcvu11p-flga2577-1-e


================================================================
== Performance Estimates
================================================================
+ Timing: 
    * Summary: 
    +--------+----------+----------+------------+
    |  Clock |  Target  | Estimated| Uncertainty|
    +--------+----------+----------+------------+
    |ap_clk  |  10.00 ns|  7.300 ns|     2.70 ns|
    +--------+----------+----------+------------+

+ Latency: 
    * Summary: 
    +---------+---------+----------+----------+--------+--------+---------+
    |  Latency (cycles) |  Latency (absolute) |     Interval    | Pipeline|
    |   min   |   max   |    min   |    max   |   min  |   max  |   Type  |
    +---------+---------+----------+----------+--------+--------+---------+
    |   159314|   159314|  1.593 ms|  1.593 ms|  159315|  159315|       no|
    +---------+---------+----------+----------+--------+--------+---------+

    + Detail: 
        * Instance: 
        N/A

        * Loop: 
        N/A

============================================================
+ Verbose Summary: Synthesis Manager
============================================================
InlineROM: 1
ExposeGlobal: 0
============================================================
+ Verbose Summary: CDFG Model
============================================================
IsTopModel: 1
ResetActiveHigh: 1
IsCombinational: 0
IsDatapathOnly: 0
HasWiredReturn: 1
HasMFsm: 0
HasVarLatency: 1
IsPipeline: 0
IsRtlPipelined: 0
IsInstanceOverlapped: 0
IsDontTouch: 0
HasImplIP: 0
IsGatedGlobalClock: 0


============================================================
+ Verbose Summary: Schedule
============================================================
* Number of FSM states : 28
* Pipeline : 0
* Dataflow Pipeline: 0

* FSM state transitions: 
1 --> 2 
2 --> 3 
3 --> 4 
4 --> 5 
5 --> 6 
6 --> 7 
7 --> 8 
8 --> 9 
9 --> 10 
10 --> 11 
11 --> 12 
12 --> 13 
13 --> 14 
14 --> 15 
15 --> 16 
16 --> 17 
17 --> 18 
18 --> 19 
19 --> 20 
20 --> 21 
21 --> 22 
22 --> 23 
23 --> 24 
24 --> 25 
25 --> 26 
26 --> 27 
27 --> 28 
28 --> 

* FSM state operations: 

State 1 <SV = 0> <Delay = 1.00>
ST_1 : Operation 29 [1/1] (1.00ns)   --->   "%output_r_read = read i64 @_ssdm_op_Read.s_axilite.i64, i64 %output_r" [Sobel_Edge_Detector_PL/src/convolution.cpp:6]   --->   Operation 29 'read' 'output_r_read' <Predicate = true> <Delay = 1.00> <CoreInst = "s_axilite">   --->   Core 122 's_axilite' <Latency = 0> <II = 1> <Delay = 1.00> <Adapter> <Opcode : 'read' 'write'>
ST_1 : Operation 30 [1/1] (1.00ns)   --->   "%kernel_read = read i64 @_ssdm_op_Read.s_axilite.i64, i64 %kernel" [Sobel_Edge_Detector_PL/src/convolution.cpp:6]   --->   Operation 30 'read' 'kernel_read' <Predicate = true> <Delay = 1.00> <CoreInst = "s_axilite">   --->   Core 122 's_axilite' <Latency = 0> <II = 1> <Delay = 1.00> <Adapter> <Opcode : 'read' 'write'>
ST_1 : Operation 31 [1/1] (1.00ns)   --->   "%x_read = read i64 @_ssdm_op_Read.s_axilite.i64, i64 %x" [Sobel_Edge_Detector_PL/src/convolution.cpp:6]   --->   Operation 31 'read' 'x_read' <Predicate = true> <Delay = 1.00> <CoreInst = "s_axilite">   --->   Core 122 's_axilite' <Latency = 0> <II = 1> <Delay = 1.00> <Adapter> <Opcode : 'read' 'write'>
ST_1 : Operation 32 [1/1] (0.00ns)   --->   "%trunc_ln = partselect i62 @_ssdm_op_PartSelect.i62.i64.i32.i32, i64 %output_r_read, i32 2, i32 63" [Sobel_Edge_Detector_PL/src/convolution.cpp:17]   --->   Operation 32 'partselect' 'trunc_ln' <Predicate = true> <Delay = 0.00>
ST_1 : Operation 33 [1/1] (0.00ns)   --->   "%p_cast = partselect i62 @_ssdm_op_PartSelect.i62.i64.i32.i32, i64 %kernel_read, i32 2, i32 63" [Sobel_Edge_Detector_PL/src/convolution.cpp:6]   --->   Operation 33 'partselect' 'p_cast' <Predicate = true> <Delay = 0.00>
ST_1 : Operation 34 [1/1] (0.00ns)   --->   "%p_cast_cast = sext i62 %p_cast" [Sobel_Edge_Detector_PL/src/convolution.cpp:6]   --->   Operation 34 'sext' 'p_cast_cast' <Predicate = true> <Delay = 0.00>
ST_1 : Operation 35 [1/1] (0.00ns)   --->   "%gmem_addr_1 = getelementptr i32 %gmem, i64 %p_cast_cast" [Sobel_Edge_Detector_PL/src/convolution.cpp:6]   --->   Operation 35 'getelementptr' 'gmem_addr_1' <Predicate = true> <Delay = 0.00>

State 2 <SV = 1> <Delay = 7.30>
ST_2 : Operation 36 [1/1] (0.00ns)   --->   "%sext_ln17 = sext i62 %trunc_ln" [Sobel_Edge_Detector_PL/src/convolution.cpp:17]   --->   Operation 36 'sext' 'sext_ln17' <Predicate = true> <Delay = 0.00>
ST_2 : Operation 37 [1/1] (0.00ns)   --->   "%gmem_addr = getelementptr i32 %gmem, i64 %sext_ln17" [Sobel_Edge_Detector_PL/src/convolution.cpp:17]   --->   Operation 37 'getelementptr' 'gmem_addr' <Predicate = true> <Delay = 0.00>
ST_2 : Operation 38 [1/1] (7.30ns)   --->   "%empty = writereq i1 @_ssdm_op_WriteReq.m_axi.p1i32, i32 %gmem_addr, i32 16384" [Sobel_Edge_Detector_PL/src/convolution.cpp:17]   --->   Operation 38 'writereq' 'empty' <Predicate = true> <Delay = 7.30> <CoreInst = "m_axi">   --->   Core 121 'm_axi' <Latency = 0> <II = 1> <Delay = 1.00> <Adapter> <Opcode : 'read' 'write' 'readreq' 'writereq' 'writeresp'>

State 3 <SV = 2> <Delay = 0.00>
ST_3 : Operation 39 [2/2] (0.00ns)   --->   "%call_ln17 = call void @convolve_Pipeline_VITIS_LOOP_17_1_VITIS_LOOP_19_2, i32 %gmem, i62 %trunc_ln" [Sobel_Edge_Detector_PL/src/convolution.cpp:17]   --->   Operation 39 'call' 'call_ln17' <Predicate = true> <Delay = 0.00> <CoreType = "Generic">   --->   Core 0 '' <Latency = 0> <II = 1> <Delay = 1.00> <Generic> <Opcode : >

State 4 <SV = 3> <Delay = 0.00>
ST_4 : Operation 40 [1/2] (0.00ns)   --->   "%call_ln17 = call void @convolve_Pipeline_VITIS_LOOP_17_1_VITIS_LOOP_19_2, i32 %gmem, i62 %trunc_ln" [Sobel_Edge_Detector_PL/src/convolution.cpp:17]   --->   Operation 40 'call' 'call_ln17' <Predicate = true> <Delay = 0.00> <CoreType = "Generic">   --->   Core 0 '' <Latency = 0> <II = 1> <Delay = 1.00> <Generic> <Opcode : >

State 5 <SV = 4> <Delay = 7.30>
ST_5 : Operation 41 [5/5] (7.30ns)   --->   "%empty_22 = writeresp i1 @_ssdm_op_WriteResp.m_axi.p1i32, i32 %gmem_addr" [Sobel_Edge_Detector_PL/src/convolution.cpp:17]   --->   Operation 41 'writeresp' 'empty_22' <Predicate = true> <Delay = 7.30> <CoreInst = "m_axi">   --->   Core 121 'm_axi' <Latency = 0> <II = 1> <Delay = 1.00> <Adapter> <Opcode : 'read' 'write' 'readreq' 'writereq' 'writeresp'>

State 6 <SV = 5> <Delay = 7.30>
ST_6 : Operation 42 [4/5] (7.30ns)   --->   "%empty_22 = writeresp i1 @_ssdm_op_WriteResp.m_axi.p1i32, i32 %gmem_addr" [Sobel_Edge_Detector_PL/src/convolution.cpp:17]   --->   Operation 42 'writeresp' 'empty_22' <Predicate = true> <Delay = 7.30> <CoreInst = "m_axi">   --->   Core 121 'm_axi' <Latency = 0> <II = 1> <Delay = 1.00> <Adapter> <Opcode : 'read' 'write' 'readreq' 'writereq' 'writeresp'>

State 7 <SV = 6> <Delay = 7.30>
ST_7 : Operation 43 [3/5] (7.30ns)   --->   "%empty_22 = writeresp i1 @_ssdm_op_WriteResp.m_axi.p1i32, i32 %gmem_addr" [Sobel_Edge_Detector_PL/src/convolution.cpp:17]   --->   Operation 43 'writeresp' 'empty_22' <Predicate = true> <Delay = 7.30> <CoreInst = "m_axi">   --->   Core 121 'm_axi' <Latency = 0> <II = 1> <Delay = 1.00> <Adapter> <Opcode : 'read' 'write' 'readreq' 'writereq' 'writeresp'>

State 8 <SV = 7> <Delay = 7.30>
ST_8 : Operation 44 [2/5] (7.30ns)   --->   "%empty_22 = writeresp i1 @_ssdm_op_WriteResp.m_axi.p1i32, i32 %gmem_addr" [Sobel_Edge_Detector_PL/src/convolution.cpp:17]   --->   Operation 44 'writeresp' 'empty_22' <Predicate = true> <Delay = 7.30> <CoreInst = "m_axi">   --->   Core 121 'm_axi' <Latency = 0> <II = 1> <Delay = 1.00> <Adapter> <Opcode : 'read' 'write' 'readreq' 'writereq' 'writeresp'>

State 9 <SV = 8> <Delay = 7.30>
ST_9 : Operation 45 [1/5] (7.30ns)   --->   "%empty_22 = writeresp i1 @_ssdm_op_WriteResp.m_axi.p1i32, i32 %gmem_addr" [Sobel_Edge_Detector_PL/src/convolution.cpp:17]   --->   Operation 45 'writeresp' 'empty_22' <Predicate = true> <Delay = 7.30> <CoreInst = "m_axi">   --->   Core 121 'm_axi' <Latency = 0> <II = 1> <Delay = 1.00> <Adapter> <Opcode : 'read' 'write' 'readreq' 'writereq' 'writeresp'>

State 10 <SV = 9> <Delay = 7.30>
ST_10 : Operation 46 [8/8] (7.30ns)   --->   "%empty_23 = readreq i1 @_ssdm_op_ReadReq.m_axi.p1i32, i32 %gmem_addr_1, i32 9" [Sobel_Edge_Detector_PL/src/convolution.cpp:6]   --->   Operation 46 'readreq' 'empty_23' <Predicate = true> <Delay = 7.30> <CoreInst = "m_axi">   --->   Core 121 'm_axi' <Latency = 0> <II = 1> <Delay = 1.00> <Adapter> <Opcode : 'read' 'write' 'readreq' 'writereq' 'writeresp'>

State 11 <SV = 10> <Delay = 7.30>
ST_11 : Operation 47 [7/8] (7.30ns)   --->   "%empty_23 = readreq i1 @_ssdm_op_ReadReq.m_axi.p1i32, i32 %gmem_addr_1, i32 9" [Sobel_Edge_Detector_PL/src/convolution.cpp:6]   --->   Operation 47 'readreq' 'empty_23' <Predicate = true> <Delay = 7.30> <CoreInst = "m_axi">   --->   Core 121 'm_axi' <Latency = 0> <II = 1> <Delay = 1.00> <Adapter> <Opcode : 'read' 'write' 'readreq' 'writereq' 'writeresp'>

State 12 <SV = 11> <Delay = 7.30>
ST_12 : Operation 48 [6/8] (7.30ns)   --->   "%empty_23 = readreq i1 @_ssdm_op_ReadReq.m_axi.p1i32, i32 %gmem_addr_1, i32 9" [Sobel_Edge_Detector_PL/src/convolution.cpp:6]   --->   Operation 48 'readreq' 'empty_23' <Predicate = true> <Delay = 7.30> <CoreInst = "m_axi">   --->   Core 121 'm_axi' <Latency = 0> <II = 1> <Delay = 1.00> <Adapter> <Opcode : 'read' 'write' 'readreq' 'writereq' 'writeresp'>

State 13 <SV = 12> <Delay = 7.30>
ST_13 : Operation 49 [5/8] (7.30ns)   --->   "%empty_23 = readreq i1 @_ssdm_op_ReadReq.m_axi.p1i32, i32 %gmem_addr_1, i32 9" [Sobel_Edge_Detector_PL/src/convolution.cpp:6]   --->   Operation 49 'readreq' 'empty_23' <Predicate = true> <Delay = 7.30> <CoreInst = "m_axi">   --->   Core 121 'm_axi' <Latency = 0> <II = 1> <Delay = 1.00> <Adapter> <Opcode : 'read' 'write' 'readreq' 'writereq' 'writeresp'>

State 14 <SV = 13> <Delay = 7.30>
ST_14 : Operation 50 [4/8] (7.30ns)   --->   "%empty_23 = readreq i1 @_ssdm_op_ReadReq.m_axi.p1i32, i32 %gmem_addr_1, i32 9" [Sobel_Edge_Detector_PL/src/convolution.cpp:6]   --->   Operation 50 'readreq' 'empty_23' <Predicate = true> <Delay = 7.30> <CoreInst = "m_axi">   --->   Core 121 'm_axi' <Latency = 0> <II = 1> <Delay = 1.00> <Adapter> <Opcode : 'read' 'write' 'readreq' 'writereq' 'writeresp'>

State 15 <SV = 14> <Delay = 7.30>
ST_15 : Operation 51 [3/8] (7.30ns)   --->   "%empty_23 = readreq i1 @_ssdm_op_ReadReq.m_axi.p1i32, i32 %gmem_addr_1, i32 9" [Sobel_Edge_Detector_PL/src/convolution.cpp:6]   --->   Operation 51 'readreq' 'empty_23' <Predicate = true> <Delay = 7.30> <CoreInst = "m_axi">   --->   Core 121 'm_axi' <Latency = 0> <II = 1> <Delay = 1.00> <Adapter> <Opcode : 'read' 'write' 'readreq' 'writereq' 'writeresp'>

State 16 <SV = 15> <Delay = 7.30>
ST_16 : Operation 52 [2/8] (7.30ns)   --->   "%empty_23 = readreq i1 @_ssdm_op_ReadReq.m_axi.p1i32, i32 %gmem_addr_1, i32 9" [Sobel_Edge_Detector_PL/src/convolution.cpp:6]   --->   Operation 52 'readreq' 'empty_23' <Predicate = true> <Delay = 7.30> <CoreInst = "m_axi">   --->   Core 121 'm_axi' <Latency = 0> <II = 1> <Delay = 1.00> <Adapter> <Opcode : 'read' 'write' 'readreq' 'writereq' 'writeresp'>

State 17 <SV = 16> <Delay = 7.30>
ST_17 : Operation 53 [1/8] (7.30ns)   --->   "%empty_23 = readreq i1 @_ssdm_op_ReadReq.m_axi.p1i32, i32 %gmem_addr_1, i32 9" [Sobel_Edge_Detector_PL/src/convolution.cpp:6]   --->   Operation 53 'readreq' 'empty_23' <Predicate = true> <Delay = 7.30> <CoreInst = "m_axi">   --->   Core 121 'm_axi' <Latency = 0> <II = 1> <Delay = 1.00> <Adapter> <Opcode : 'read' 'write' 'readreq' 'writereq' 'writeresp'>

State 18 <SV = 17> <Delay = 7.30>
ST_18 : Operation 54 [1/1] (7.30ns)   --->   "%gmem_addr_1_read = read i32 @_ssdm_op_Read.m_axi.p1i32, i32 %gmem_addr_1" [Sobel_Edge_Detector_PL/src/convolution.cpp:6]   --->   Operation 54 'read' 'gmem_addr_1_read' <Predicate = true> <Delay = 7.30> <CoreInst = "m_axi">   --->   Core 121 'm_axi' <Latency = 0> <II = 1> <Delay = 1.00> <Adapter> <Opcode : 'read' 'write' 'readreq' 'writereq' 'writeresp'>

State 19 <SV = 18> <Delay = 7.30>
ST_19 : Operation 55 [1/1] (7.30ns)   --->   "%gmem_addr_1_read_3 = read i32 @_ssdm_op_Read.m_axi.p1i32, i32 %gmem_addr_1" [Sobel_Edge_Detector_PL/src/convolution.cpp:6]   --->   Operation 55 'read' 'gmem_addr_1_read_3' <Predicate = true> <Delay = 7.30> <CoreInst = "m_axi">   --->   Core 121 'm_axi' <Latency = 0> <II = 1> <Delay = 1.00> <Adapter> <Opcode : 'read' 'write' 'readreq' 'writereq' 'writeresp'>

State 20 <SV = 19> <Delay = 7.30>
ST_20 : Operation 56 [1/1] (7.30ns)   --->   "%gmem_addr_1_read_4 = read i32 @_ssdm_op_Read.m_axi.p1i32, i32 %gmem_addr_1" [Sobel_Edge_Detector_PL/src/convolution.cpp:6]   --->   Operation 56 'read' 'gmem_addr_1_read_4' <Predicate = true> <Delay = 7.30> <CoreInst = "m_axi">   --->   Core 121 'm_axi' <Latency = 0> <II = 1> <Delay = 1.00> <Adapter> <Opcode : 'read' 'write' 'readreq' 'writereq' 'writeresp'>

State 21 <SV = 20> <Delay = 7.30>
ST_21 : Operation 57 [1/1] (7.30ns)   --->   "%gmem_addr_1_read_5 = read i32 @_ssdm_op_Read.m_axi.p1i32, i32 %gmem_addr_1" [Sobel_Edge_Detector_PL/src/convolution.cpp:6]   --->   Operation 57 'read' 'gmem_addr_1_read_5' <Predicate = true> <Delay = 7.30> <CoreInst = "m_axi">   --->   Core 121 'm_axi' <Latency = 0> <II = 1> <Delay = 1.00> <Adapter> <Opcode : 'read' 'write' 'readreq' 'writereq' 'writeresp'>

State 22 <SV = 21> <Delay = 7.30>
ST_22 : Operation 58 [1/1] (7.30ns)   --->   "%gmem_addr_1_read_6 = read i32 @_ssdm_op_Read.m_axi.p1i32, i32 %gmem_addr_1" [Sobel_Edge_Detector_PL/src/convolution.cpp:6]   --->   Operation 58 'read' 'gmem_addr_1_read_6' <Predicate = true> <Delay = 7.30> <CoreInst = "m_axi">   --->   Core 121 'm_axi' <Latency = 0> <II = 1> <Delay = 1.00> <Adapter> <Opcode : 'read' 'write' 'readreq' 'writereq' 'writeresp'>

State 23 <SV = 22> <Delay = 7.30>
ST_23 : Operation 59 [1/1] (7.30ns)   --->   "%gmem_addr_1_read_7 = read i32 @_ssdm_op_Read.m_axi.p1i32, i32 %gmem_addr_1" [Sobel_Edge_Detector_PL/src/convolution.cpp:6]   --->   Operation 59 'read' 'gmem_addr_1_read_7' <Predicate = true> <Delay = 7.30> <CoreInst = "m_axi">   --->   Core 121 'm_axi' <Latency = 0> <II = 1> <Delay = 1.00> <Adapter> <Opcode : 'read' 'write' 'readreq' 'writereq' 'writeresp'>

State 24 <SV = 23> <Delay = 7.30>
ST_24 : Operation 60 [1/1] (7.30ns)   --->   "%gmem_addr_1_read_8 = read i32 @_ssdm_op_Read.m_axi.p1i32, i32 %gmem_addr_1" [Sobel_Edge_Detector_PL/src/convolution.cpp:6]   --->   Operation 60 'read' 'gmem_addr_1_read_8' <Predicate = true> <Delay = 7.30> <CoreInst = "m_axi">   --->   Core 121 'm_axi' <Latency = 0> <II = 1> <Delay = 1.00> <Adapter> <Opcode : 'read' 'write' 'readreq' 'writereq' 'writeresp'>

State 25 <SV = 24> <Delay = 7.30>
ST_25 : Operation 61 [1/1] (7.30ns)   --->   "%gmem_addr_1_read_9 = read i32 @_ssdm_op_Read.m_axi.p1i32, i32 %gmem_addr_1" [Sobel_Edge_Detector_PL/src/convolution.cpp:6]   --->   Operation 61 'read' 'gmem_addr_1_read_9' <Predicate = true> <Delay = 7.30> <CoreInst = "m_axi">   --->   Core 121 'm_axi' <Latency = 0> <II = 1> <Delay = 1.00> <Adapter> <Opcode : 'read' 'write' 'readreq' 'writereq' 'writeresp'>

State 26 <SV = 25> <Delay = 7.30>
ST_26 : Operation 62 [1/1] (7.30ns)   --->   "%gmem_addr_1_read_10 = read i32 @_ssdm_op_Read.m_axi.p1i32, i32 %gmem_addr_1" [Sobel_Edge_Detector_PL/src/convolution.cpp:6]   --->   Operation 62 'read' 'gmem_addr_1_read_10' <Predicate = true> <Delay = 7.30> <CoreInst = "m_axi">   --->   Core 121 'm_axi' <Latency = 0> <II = 1> <Delay = 1.00> <Adapter> <Opcode : 'read' 'write' 'readreq' 'writereq' 'writeresp'>

State 27 <SV = 26> <Delay = 0.00>
ST_27 : Operation 63 [2/2] (0.00ns)   --->   "%call_ln6 = call void @convolve_Pipeline_VITIS_LOOP_27_3_VITIS_LOOP_30_4, i32 %gmem, i64 %x_read, i32 %gmem_addr_1_read_4, i32 %gmem_addr_1_read_7, i32 %gmem_addr_1_read_3, i32 %gmem_addr_1_read_10, i32 %gmem_addr_1_read, i32 %gmem_addr_1_read_8, i32 %gmem_addr_1_read_6, i32 %gmem_addr_1_read_5, i32 %gmem_addr_1_read_9, i64 %output_r_read" [Sobel_Edge_Detector_PL/src/convolution.cpp:6]   --->   Operation 63 'call' 'call_ln6' <Predicate = true> <Delay = 0.00> <CoreType = "Generic">   --->   Core 0 '' <Latency = 0> <II = 1> <Delay = 1.00> <Generic> <Opcode : >

State 28 <SV = 27> <Delay = 0.00>
ST_28 : Operation 64 [1/1] (0.00ns)   --->   "%spectopmodule_ln6 = spectopmodule void @_ssdm_op_SpecTopModule, void @empty_9" [Sobel_Edge_Detector_PL/src/convolution.cpp:6]   --->   Operation 64 'spectopmodule' 'spectopmodule_ln6' <Predicate = true> <Delay = 0.00>
ST_28 : Operation 65 [1/1] (0.00ns)   --->   "%specinterface_ln0 = specinterface void @_ssdm_op_SpecInterface, i32 %gmem, void @empty_5, i32 0, i32 0, void @empty, i32 0, i32 0, void @empty_0, void @empty_1, void @empty, i32 16, i32 16, i32 16, i32 16, void @empty, void @empty, i32 4294967295, i32 0"   --->   Operation 65 'specinterface' 'specinterface_ln0' <Predicate = true> <Delay = 0.00>
ST_28 : Operation 66 [1/1] (0.00ns)   --->   "%specbitsmap_ln0 = specbitsmap void @_ssdm_op_SpecBitsMap, i32 %gmem"   --->   Operation 66 'specbitsmap' 'specbitsmap_ln0' <Predicate = true> <Delay = 0.00>
ST_28 : Operation 67 [1/1] (0.00ns)   --->   "%specinterface_ln0 = specinterface void @_ssdm_op_SpecInterface, i64 %x, void @empty_2, i32 0, i32 0, void @empty, i32 0, i32 0, void @empty_3, void @empty_4, void @empty, i32 0, i32 0, i32 0, i32 0, void @empty, void @empty_10, i32 4294967295, i32 0"   --->   Operation 67 'specinterface' 'specinterface_ln0' <Predicate = true> <Delay = 0.00>
ST_28 : Operation 68 [1/1] (0.00ns)   --->   "%specinterface_ln0 = specinterface void @_ssdm_op_SpecInterface, i64 %x, void @empty_11, i32 0, i32 0, void @empty, i32 0, i32 0, void @empty, void @empty, void @empty, i32 0, i32 0, i32 0, i32 0, void @empty, void @empty_10, i32 4294967295, i32 0"   --->   Operation 68 'specinterface' 'specinterface_ln0' <Predicate = true> <Delay = 0.00>
ST_28 : Operation 69 [1/1] (0.00ns)   --->   "%specinterface_ln0 = specinterface void @_ssdm_op_SpecInterface, i64 %kernel, void @empty_2, i32 0, i32 0, void @empty, i32 0, i32 0, void @empty_3, void @empty_6, void @empty, i32 0, i32 0, i32 0, i32 0, void @empty, void @empty_10, i32 4294967295, i32 0"   --->   Operation 69 'specinterface' 'specinterface_ln0' <Predicate = true> <Delay = 0.00>
ST_28 : Operation 70 [1/1] (0.00ns)   --->   "%specinterface_ln0 = specinterface void @_ssdm_op_SpecInterface, i64 %kernel, void @empty_11, i32 0, i32 0, void @empty, i32 0, i32 0, void @empty, void @empty, void @empty, i32 0, i32 0, i32 0, i32 0, void @empty, void @empty_10, i32 4294967295, i32 0"   --->   Operation 70 'specinterface' 'specinterface_ln0' <Predicate = true> <Delay = 0.00>
ST_28 : Operation 71 [1/1] (0.00ns)   --->   "%specinterface_ln0 = specinterface void @_ssdm_op_SpecInterface, i64 %output_r, void @empty_2, i32 0, i32 0, void @empty, i32 0, i32 0, void @empty_3, void @empty_7, void @empty, i32 0, i32 0, i32 0, i32 0, void @empty, void @empty_10, i32 4294967295, i32 0"   --->   Operation 71 'specinterface' 'specinterface_ln0' <Predicate = true> <Delay = 0.00>
ST_28 : Operation 72 [1/1] (0.00ns)   --->   "%specinterface_ln0 = specinterface void @_ssdm_op_SpecInterface, i64 %output_r, void @empty_11, i32 0, i32 0, void @empty, i32 0, i32 0, void @empty, void @empty, void @empty, i32 0, i32 0, i32 0, i32 0, void @empty, void @empty_10, i32 4294967295, i32 0"   --->   Operation 72 'specinterface' 'specinterface_ln0' <Predicate = true> <Delay = 0.00>
ST_28 : Operation 73 [1/1] (0.00ns)   --->   "%specinterface_ln0 = specinterface void @_ssdm_op_SpecInterface, i32 0, void @empty_2, i32 0, i32 0, void @empty, i32 0, i32 0, void @empty_8, void @empty, void @empty, i32 0, i32 0, i32 0, i32 0, void @empty, void @empty, i32 4294967295, i32 0"   --->   Operation 73 'specinterface' 'specinterface_ln0' <Predicate = true> <Delay = 0.00>
ST_28 : Operation 74 [1/2] (0.00ns)   --->   "%call_ln6 = call void @convolve_Pipeline_VITIS_LOOP_27_3_VITIS_LOOP_30_4, i32 %gmem, i64 %x_read, i32 %gmem_addr_1_read_4, i32 %gmem_addr_1_read_7, i32 %gmem_addr_1_read_3, i32 %gmem_addr_1_read_10, i32 %gmem_addr_1_read, i32 %gmem_addr_1_read_8, i32 %gmem_addr_1_read_6, i32 %gmem_addr_1_read_5, i32 %gmem_addr_1_read_9, i64 %output_r_read" [Sobel_Edge_Detector_PL/src/convolution.cpp:6]   --->   Operation 74 'call' 'call_ln6' <Predicate = true> <Delay = 0.00> <CoreType = "Generic">   --->   Core 0 '' <Latency = 0> <II = 1> <Delay = 1.00> <Generic> <Opcode : >
ST_28 : Operation 75 [1/1] (0.00ns)   --->   "%ret_ln48 = ret" [Sobel_Edge_Detector_PL/src/convolution.cpp:48]   --->   Operation 75 'ret' 'ret_ln48' <Predicate = true> <Delay = 0.00>


============================================================
+ Verbose Summary: Timing violations
============================================================
Target clock period: 10.000ns, clock uncertainty: 2.700ns.

 <State 1>: 1.000ns
The critical path consists of the following:
	s_axi read operation ('output_r_read', Sobel_Edge_Detector_PL/src/convolution.cpp:6) on port 'output_r' (Sobel_Edge_Detector_PL/src/convolution.cpp:6) [15]  (1.000 ns)

 <State 2>: 7.300ns
The critical path consists of the following:
	'getelementptr' operation 32 bit ('gmem_addr', Sobel_Edge_Detector_PL/src/convolution.cpp:17) [20]  (0.000 ns)
	bus request operation ('empty', Sobel_Edge_Detector_PL/src/convolution.cpp:17) on port 'gmem' (Sobel_Edge_Detector_PL/src/convolution.cpp:17) [21]  (7.300 ns)

 <State 3>: 0.000ns
The critical path consists of the following:

 <State 4>: 0.000ns
The critical path consists of the following:

 <State 5>: 7.300ns
The critical path consists of the following:
	bus response operation ('empty_22', Sobel_Edge_Detector_PL/src/convolution.cpp:17) on port 'gmem' (Sobel_Edge_Detector_PL/src/convolution.cpp:17) [23]  (7.300 ns)

 <State 6>: 7.300ns
The critical path consists of the following:
	bus response operation ('empty_22', Sobel_Edge_Detector_PL/src/convolution.cpp:17) on port 'gmem' (Sobel_Edge_Detector_PL/src/convolution.cpp:17) [23]  (7.300 ns)

 <State 7>: 7.300ns
The critical path consists of the following:
	bus response operation ('empty_22', Sobel_Edge_Detector_PL/src/convolution.cpp:17) on port 'gmem' (Sobel_Edge_Detector_PL/src/convolution.cpp:17) [23]  (7.300 ns)

 <State 8>: 7.300ns
The critical path consists of the following:
	bus response operation ('empty_22', Sobel_Edge_Detector_PL/src/convolution.cpp:17) on port 'gmem' (Sobel_Edge_Detector_PL/src/convolution.cpp:17) [23]  (7.300 ns)

 <State 9>: 7.300ns
The critical path consists of the following:
	bus response operation ('empty_22', Sobel_Edge_Detector_PL/src/convolution.cpp:17) on port 'gmem' (Sobel_Edge_Detector_PL/src/convolution.cpp:17) [23]  (7.300 ns)

 <State 10>: 7.300ns
The critical path consists of the following:
	bus request operation ('empty_23', Sobel_Edge_Detector_PL/src/convolution.cpp:6) on port 'gmem' (Sobel_Edge_Detector_PL/src/convolution.cpp:6) [27]  (7.300 ns)

 <State 11>: 7.300ns
The critical path consists of the following:
	bus request operation ('empty_23', Sobel_Edge_Detector_PL/src/convolution.cpp:6) on port 'gmem' (Sobel_Edge_Detector_PL/src/convolution.cpp:6) [27]  (7.300 ns)

 <State 12>: 7.300ns
The critical path consists of the following:
	bus request operation ('empty_23', Sobel_Edge_Detector_PL/src/convolution.cpp:6) on port 'gmem' (Sobel_Edge_Detector_PL/src/convolution.cpp:6) [27]  (7.300 ns)

 <State 13>: 7.300ns
The critical path consists of the following:
	bus request operation ('empty_23', Sobel_Edge_Detector_PL/src/convolution.cpp:6) on port 'gmem' (Sobel_Edge_Detector_PL/src/convolution.cpp:6) [27]  (7.300 ns)

 <State 14>: 7.300ns
The critical path consists of the following:
	bus request operation ('empty_23', Sobel_Edge_Detector_PL/src/convolution.cpp:6) on port 'gmem' (Sobel_Edge_Detector_PL/src/convolution.cpp:6) [27]  (7.300 ns)

 <State 15>: 7.300ns
The critical path consists of the following:
	bus request operation ('empty_23', Sobel_Edge_Detector_PL/src/convolution.cpp:6) on port 'gmem' (Sobel_Edge_Detector_PL/src/convolution.cpp:6) [27]  (7.300 ns)

 <State 16>: 7.300ns
The critical path consists of the following:
	bus request operation ('empty_23', Sobel_Edge_Detector_PL/src/convolution.cpp:6) on port 'gmem' (Sobel_Edge_Detector_PL/src/convolution.cpp:6) [27]  (7.300 ns)

 <State 17>: 7.300ns
The critical path consists of the following:
	bus request operation ('empty_23', Sobel_Edge_Detector_PL/src/convolution.cpp:6) on port 'gmem' (Sobel_Edge_Detector_PL/src/convolution.cpp:6) [27]  (7.300 ns)

 <State 18>: 7.300ns
The critical path consists of the following:
	bus read operation ('gmem_addr_1_read', Sobel_Edge_Detector_PL/src/convolution.cpp:6) on port 'gmem' (Sobel_Edge_Detector_PL/src/convolution.cpp:6) [28]  (7.300 ns)

 <State 19>: 7.300ns
The critical path consists of the following:
	bus read operation ('gmem_addr_1_read_3', Sobel_Edge_Detector_PL/src/convolution.cpp:6) on port 'gmem' (Sobel_Edge_Detector_PL/src/convolution.cpp:6) [29]  (7.300 ns)

 <State 20>: 7.300ns
The critical path consists of the following:
	bus read operation ('gmem_addr_1_read_4', Sobel_Edge_Detector_PL/src/convolution.cpp:6) on port 'gmem' (Sobel_Edge_Detector_PL/src/convolution.cpp:6) [30]  (7.300 ns)

 <State 21>: 7.300ns
The critical path consists of the following:
	bus read operation ('gmem_addr_1_read_5', Sobel_Edge_Detector_PL/src/convolution.cpp:6) on port 'gmem' (Sobel_Edge_Detector_PL/src/convolution.cpp:6) [31]  (7.300 ns)

 <State 22>: 7.300ns
The critical path consists of the following:
	bus read operation ('gmem_addr_1_read_6', Sobel_Edge_Detector_PL/src/convolution.cpp:6) on port 'gmem' (Sobel_Edge_Detector_PL/src/convolution.cpp:6) [32]  (7.300 ns)

 <State 23>: 7.300ns
The critical path consists of the following:
	bus read operation ('gmem_addr_1_read_7', Sobel_Edge_Detector_PL/src/convolution.cpp:6) on port 'gmem' (Sobel_Edge_Detector_PL/src/convolution.cpp:6) [33]  (7.300 ns)

 <State 24>: 7.300ns
The critical path consists of the following:
	bus read operation ('gmem_addr_1_read_8', Sobel_Edge_Detector_PL/src/convolution.cpp:6) on port 'gmem' (Sobel_Edge_Detector_PL/src/convolution.cpp:6) [34]  (7.300 ns)

 <State 25>: 7.300ns
The critical path consists of the following:
	bus read operation ('gmem_addr_1_read_9', Sobel_Edge_Detector_PL/src/convolution.cpp:6) on port 'gmem' (Sobel_Edge_Detector_PL/src/convolution.cpp:6) [35]  (7.300 ns)

 <State 26>: 7.300ns
The critical path consists of the following:
	bus read operation ('gmem_addr_1_read_10', Sobel_Edge_Detector_PL/src/convolution.cpp:6) on port 'gmem' (Sobel_Edge_Detector_PL/src/convolution.cpp:6) [36]  (7.300 ns)

 <State 27>: 0.000ns
The critical path consists of the following:

 <State 28>: 0.000ns
The critical path consists of the following:


============================================================
+ Verbose Summary: Binding
============================================================
N/A
* FSMD analyzer results:
  - Output states:
 - Input state : 
  - Chain level:
	State 1
	State 2
	State 3
	State 4
	State 5
	State 6
	State 7
	State 8
	State 9
	State 10
	State 11
	State 12
	State 13
	State 14
	State 15
	State 16
	State 17
	State 18
	State 19
	State 20
	State 21
	State 22
	State 23
	State 24
	State 25
	State 26
	State 27
	State 28


============================================================
+ Verbose Summary: Datapath Resource usage 
============================================================
N/A
