

================================================================
== Vitis HLS Report for 'convolutional_layer'
================================================================
* Date:           Thu Jan 23 17:45:39 2025

* Version:        2023.2 (Build 4023990 on Oct 11 2023)
* Project:        CNN_Optimal
* Solution:       solution1 (Vivado IP Flow Target)
* Product family: zynq
* Target device:  xc7z010-clg400-1


================================================================
== Performance Estimates
================================================================
+ Timing: 
    * Summary: 
    +--------+----------+----------+------------+
    |  Clock |  Target  | Estimated| Uncertainty|
    +--------+----------+----------+------------+
    |ap_clk  |  10.00 ns|  8.280 ns|     2.70 ns|
    +--------+----------+----------+------------+

+ Latency: 
    * Summary: 
    +---------+---------+----------+----------+-------+-------+---------+
    |  Latency (cycles) |  Latency (absolute) |    Interval   | Pipeline|
    |   min   |   max   |    min   |    max   |  min  |  max  |   Type  |
    +---------+---------+----------+----------+-------+-------+---------+
    |    19844|    19844|  0.198 ms|  0.198 ms|  19844|  19844|       no|
    +---------+---------+----------+----------+-------+-------+---------+

    + Detail: 
        * Instance: 
        +--------------------------+---------------+---------+---------+-----------+-----------+-------+-------+---------+
        |                          |               |  Latency (cycles) |   Latency (absolute)  |    Interval   | Pipeline|
        |         Instance         |     Module    |   min   |   max   |    min    |    max    |  min  |  max  |   Type  |
        +--------------------------+---------------+---------+---------+-----------+-----------+-------+-------+---------+
        |grp_convolution_fu_232    |convolution    |    19843|    19843|   0.198 ms|   0.198 ms|  19843|  19843|       no|
        |grp_convolution_fu_342    |convolution    |    19843|    19843|   0.198 ms|   0.198 ms|  19843|  19843|       no|
        |grp_convolution_fu_452    |convolution    |    19843|    19843|   0.198 ms|   0.198 ms|  19843|  19843|       no|
        |grp_convolution_1_fu_562  |convolution_1  |     1055|     1055|  10.550 us|  10.550 us|   1055|   1055|       no|
        +--------------------------+---------------+---------+---------+-----------+-----------+-------+-------+---------+

        * Loop: 
        N/A



================================================================
== Utilization Estimates
================================================================
* Summary: 
+-----------------+---------+-----+-------+-------+-----+
|       Name      | BRAM_18K| DSP |   FF  |  LUT  | URAM|
+-----------------+---------+-----+-------+-------+-----+
|DSP              |        -|    -|      -|      -|    -|
|Expression       |        -|    -|      0|      4|    -|
|FIFO             |        -|    -|      -|      -|    -|
|Instance         |        0|  283|  53339|  68210|    -|
|Memory           |        -|    -|      -|      -|    -|
|Multiplexer      |        -|    -|      -|     68|    -|
|Register         |        -|    -|      8|      -|    -|
+-----------------+---------+-----+-------+-------+-----+
|Total            |        0|  283|  53347|  68282|    0|
+-----------------+---------+-----+-------+-------+-----+
|Available        |      120|   80|  35200|  17600|    0|
+-----------------+---------+-----+-------+-------+-----+
|Utilization (%)  |        0|  353|    151|    387|    0|
+-----------------+---------+-----+-------+-------+-----+

+ Detail: 
    * Instance: 
    +--------------------------+---------------+---------+-----+-------+-------+-----+
    |         Instance         |     Module    | BRAM_18K| DSP |   FF  |  LUT  | URAM|
    +--------------------------+---------------+---------+-----+-------+-------+-----+
    |grp_convolution_fu_232    |convolution    |        0|   10|   9170|   5187|    0|
    |grp_convolution_fu_342    |convolution    |        0|   10|   9170|   5187|    0|
    |grp_convolution_fu_452    |convolution    |        0|   10|   9170|   5187|    0|
    |grp_convolution_1_fu_562  |convolution_1  |        0|  253|  25829|  52649|    0|
    +--------------------------+---------------+---------+-----+-------+-------+-----+
    |Total                     |               |        0|  283|  53339|  68210|    0|
    +--------------------------+---------------+---------+-----+-------+-------+-----+

    * DSP: 
    N/A

    * Memory: 
    N/A

    * FIFO: 
    N/A

    * Expression: 
    +---------------------------------+----------+----+---+----+------------+------------+
    |          Variable Name          | Operation| DSP| FF| LUT| Bitwidth P0| Bitwidth P1|
    +---------------------------------+----------+----+---+----+------------+------------+
    |ap_block_state1                  |        or|   0|  0|   2|           1|           1|
    |ap_block_state2_on_subcall_done  |        or|   0|  0|   2|           1|           1|
    +---------------------------------+----------+----+---+----+------------+------------+
    |Total                            |          |   0|  0|   4|           2|           2|
    +---------------------------------+----------+----+---+----+------------+------------+

    * Multiplexer: 
    +------------------------------+----+-----------+-----+-----------+
    |             Name             | LUT| Input Size| Bits| Total Bits|
    +------------------------------+----+-----------+-----+-----------+
    |ap_NS_fsm                     |  14|          3|    1|          3|
    |ap_done                       |   9|          2|    1|          2|
    |conv_to_pool_streams_0_write  |   9|          2|    1|          2|
    |conv_to_pool_streams_1_write  |   9|          2|    1|          2|
    |conv_to_pool_streams_2_write  |   9|          2|    1|          2|
    |conv_to_pool_streams_3_write  |   9|          2|    1|          2|
    |real_start                    |   9|          2|    1|          2|
    +------------------------------+----+-----------+-----+-----------+
    |Total                         |  68|         15|    7|         15|
    +------------------------------+----+-----------+-----+-----------+

    * Register: 
    +---------------------------------------+---+----+-----+-----------+
    |                  Name                 | FF| LUT| Bits| Const Bits|
    +---------------------------------------+---+----+-----+-----------+
    |ap_CS_fsm                              |  2|   0|    2|          0|
    |ap_done_reg                            |  1|   0|    1|          0|
    |grp_convolution_1_fu_562_ap_start_reg  |  1|   0|    1|          0|
    |grp_convolution_fu_232_ap_start_reg    |  1|   0|    1|          0|
    |grp_convolution_fu_342_ap_start_reg    |  1|   0|    1|          0|
    |grp_convolution_fu_452_ap_start_reg    |  1|   0|    1|          0|
    |start_once_reg                         |  1|   0|    1|          0|
    +---------------------------------------+---+----+-----+-----------+
    |Total                                  |  8|   0|    8|          0|
    +---------------------------------------+---+----+-----+-----------+



================================================================
== Interface
================================================================
* Summary: 
+---------------------------------------+-----+-----+------------+------------------------+--------------+
|               RTL Ports               | Dir | Bits|  Protocol  |      Source Object     |    C Type    |
+---------------------------------------+-----+-----+------------+------------------------+--------------+
|ap_clk                                 |   in|    1|  ap_ctrl_hs|     convolutional_layer|  return value|
|ap_rst                                 |   in|    1|  ap_ctrl_hs|     convolutional_layer|  return value|
|ap_start                               |   in|    1|  ap_ctrl_hs|     convolutional_layer|  return value|
|start_full_n                           |   in|    1|  ap_ctrl_hs|     convolutional_layer|  return value|
|ap_done                                |  out|    1|  ap_ctrl_hs|     convolutional_layer|  return value|
|ap_continue                            |   in|    1|  ap_ctrl_hs|     convolutional_layer|  return value|
|ap_idle                                |  out|    1|  ap_ctrl_hs|     convolutional_layer|  return value|
|ap_ready                               |  out|    1|  ap_ctrl_hs|     convolutional_layer|  return value|
|start_out                              |  out|    1|  ap_ctrl_hs|     convolutional_layer|  return value|
|start_write                            |  out|    1|  ap_ctrl_hs|     convolutional_layer|  return value|
|pad_img0_address0                      |  out|   11|   ap_memory|                pad_img0|         array|
|pad_img0_ce0                           |  out|    1|   ap_memory|                pad_img0|         array|
|pad_img0_q0                            |   in|   32|   ap_memory|                pad_img0|         array|
|pad_img0_address1                      |  out|   11|   ap_memory|                pad_img0|         array|
|pad_img0_ce1                           |  out|    1|   ap_memory|                pad_img0|         array|
|pad_img0_q1                            |   in|   32|   ap_memory|                pad_img0|         array|
|pad_img1_address0                      |  out|   11|   ap_memory|                pad_img1|         array|
|pad_img1_ce0                           |  out|    1|   ap_memory|                pad_img1|         array|
|pad_img1_q0                            |   in|   32|   ap_memory|                pad_img1|         array|
|pad_img1_address1                      |  out|   11|   ap_memory|                pad_img1|         array|
|pad_img1_ce1                           |  out|    1|   ap_memory|                pad_img1|         array|
|pad_img1_q1                            |   in|   32|   ap_memory|                pad_img1|         array|
|pad_img2_address0                      |  out|   11|   ap_memory|                pad_img2|         array|
|pad_img2_ce0                           |  out|    1|   ap_memory|                pad_img2|         array|
|pad_img2_q0                            |   in|   32|   ap_memory|                pad_img2|         array|
|pad_img2_address1                      |  out|   11|   ap_memory|                pad_img2|         array|
|pad_img2_ce1                           |  out|    1|   ap_memory|                pad_img2|         array|
|pad_img2_q1                            |   in|   32|   ap_memory|                pad_img2|         array|
|pad_img3_0_0_address0                  |  out|    5|   ap_memory|            pad_img3_0_0|         array|
|pad_img3_0_0_ce0                       |  out|    1|   ap_memory|            pad_img3_0_0|         array|
|pad_img3_0_0_q0                        |   in|   32|   ap_memory|            pad_img3_0_0|         array|
|pad_img3_0_1_address0                  |  out|    5|   ap_memory|            pad_img3_0_1|         array|
|pad_img3_0_1_ce0                       |  out|    1|   ap_memory|            pad_img3_0_1|         array|
|pad_img3_0_1_q0                        |   in|   32|   ap_memory|            pad_img3_0_1|         array|
|pad_img3_0_2_address0                  |  out|    5|   ap_memory|            pad_img3_0_2|         array|
|pad_img3_0_2_ce0                       |  out|    1|   ap_memory|            pad_img3_0_2|         array|
|pad_img3_0_2_q0                        |   in|   32|   ap_memory|            pad_img3_0_2|         array|
|pad_img3_0_3_address0                  |  out|    5|   ap_memory|            pad_img3_0_3|         array|
|pad_img3_0_3_ce0                       |  out|    1|   ap_memory|            pad_img3_0_3|         array|
|pad_img3_0_3_q0                        |   in|   32|   ap_memory|            pad_img3_0_3|         array|
|pad_img3_0_4_address0                  |  out|    5|   ap_memory|            pad_img3_0_4|         array|
|pad_img3_0_4_ce0                       |  out|    1|   ap_memory|            pad_img3_0_4|         array|
|pad_img3_0_4_q0                        |   in|   32|   ap_memory|            pad_img3_0_4|         array|
|pad_img3_0_5_address0                  |  out|    5|   ap_memory|            pad_img3_0_5|         array|
|pad_img3_0_5_ce0                       |  out|    1|   ap_memory|            pad_img3_0_5|         array|
|pad_img3_0_5_q0                        |   in|   32|   ap_memory|            pad_img3_0_5|         array|
|pad_img3_0_6_address0                  |  out|    5|   ap_memory|            pad_img3_0_6|         array|
|pad_img3_0_6_ce0                       |  out|    1|   ap_memory|            pad_img3_0_6|         array|
|pad_img3_0_6_q0                        |   in|   32|   ap_memory|            pad_img3_0_6|         array|
|pad_img3_1_0_address0                  |  out|    5|   ap_memory|            pad_img3_1_0|         array|
|pad_img3_1_0_ce0                       |  out|    1|   ap_memory|            pad_img3_1_0|         array|
|pad_img3_1_0_q0                        |   in|   32|   ap_memory|            pad_img3_1_0|         array|
|pad_img3_1_1_address0                  |  out|    5|   ap_memory|            pad_img3_1_1|         array|
|pad_img3_1_1_ce0                       |  out|    1|   ap_memory|            pad_img3_1_1|         array|
|pad_img3_1_1_q0                        |   in|   32|   ap_memory|            pad_img3_1_1|         array|
|pad_img3_1_2_address0                  |  out|    5|   ap_memory|            pad_img3_1_2|         array|
|pad_img3_1_2_ce0                       |  out|    1|   ap_memory|            pad_img3_1_2|         array|
|pad_img3_1_2_q0                        |   in|   32|   ap_memory|            pad_img3_1_2|         array|
|pad_img3_1_3_address0                  |  out|    5|   ap_memory|            pad_img3_1_3|         array|
|pad_img3_1_3_ce0                       |  out|    1|   ap_memory|            pad_img3_1_3|         array|
|pad_img3_1_3_q0                        |   in|   32|   ap_memory|            pad_img3_1_3|         array|
|pad_img3_1_4_address0                  |  out|    5|   ap_memory|            pad_img3_1_4|         array|
|pad_img3_1_4_ce0                       |  out|    1|   ap_memory|            pad_img3_1_4|         array|
|pad_img3_1_4_q0                        |   in|   32|   ap_memory|            pad_img3_1_4|         array|
|pad_img3_1_5_address0                  |  out|    5|   ap_memory|            pad_img3_1_5|         array|
|pad_img3_1_5_ce0                       |  out|    1|   ap_memory|            pad_img3_1_5|         array|
|pad_img3_1_5_q0                        |   in|   32|   ap_memory|            pad_img3_1_5|         array|
|pad_img3_1_6_address0                  |  out|    5|   ap_memory|            pad_img3_1_6|         array|
|pad_img3_1_6_ce0                       |  out|    1|   ap_memory|            pad_img3_1_6|         array|
|pad_img3_1_6_q0                        |   in|   32|   ap_memory|            pad_img3_1_6|         array|
|pad_img3_2_0_address0                  |  out|    5|   ap_memory|            pad_img3_2_0|         array|
|pad_img3_2_0_ce0                       |  out|    1|   ap_memory|            pad_img3_2_0|         array|
|pad_img3_2_0_q0                        |   in|   32|   ap_memory|            pad_img3_2_0|         array|
|pad_img3_2_1_address0                  |  out|    5|   ap_memory|            pad_img3_2_1|         array|
|pad_img3_2_1_ce0                       |  out|    1|   ap_memory|            pad_img3_2_1|         array|
|pad_img3_2_1_q0                        |   in|   32|   ap_memory|            pad_img3_2_1|         array|
|pad_img3_2_2_address0                  |  out|    5|   ap_memory|            pad_img3_2_2|         array|
|pad_img3_2_2_ce0                       |  out|    1|   ap_memory|            pad_img3_2_2|         array|
|pad_img3_2_2_q0                        |   in|   32|   ap_memory|            pad_img3_2_2|         array|
|pad_img3_2_3_address0                  |  out|    5|   ap_memory|            pad_img3_2_3|         array|
|pad_img3_2_3_ce0                       |  out|    1|   ap_memory|            pad_img3_2_3|         array|
|pad_img3_2_3_q0                        |   in|   32|   ap_memory|            pad_img3_2_3|         array|
|pad_img3_2_4_address0                  |  out|    5|   ap_memory|            pad_img3_2_4|         array|
|pad_img3_2_4_ce0                       |  out|    1|   ap_memory|            pad_img3_2_4|         array|
|pad_img3_2_4_q0                        |   in|   32|   ap_memory|            pad_img3_2_4|         array|
|pad_img3_2_5_address0                  |  out|    5|   ap_memory|            pad_img3_2_5|         array|
|pad_img3_2_5_ce0                       |  out|    1|   ap_memory|            pad_img3_2_5|         array|
|pad_img3_2_5_q0                        |   in|   32|   ap_memory|            pad_img3_2_5|         array|
|pad_img3_2_6_address0                  |  out|    5|   ap_memory|            pad_img3_2_6|         array|
|pad_img3_2_6_ce0                       |  out|    1|   ap_memory|            pad_img3_2_6|         array|
|pad_img3_2_6_q0                        |   in|   32|   ap_memory|            pad_img3_2_6|         array|
|pad_img3_3_0_address0                  |  out|    5|   ap_memory|            pad_img3_3_0|         array|
|pad_img3_3_0_ce0                       |  out|    1|   ap_memory|            pad_img3_3_0|         array|
|pad_img3_3_0_q0                        |   in|   32|   ap_memory|            pad_img3_3_0|         array|
|pad_img3_3_1_address0                  |  out|    5|   ap_memory|            pad_img3_3_1|         array|
|pad_img3_3_1_ce0                       |  out|    1|   ap_memory|            pad_img3_3_1|         array|
|pad_img3_3_1_q0                        |   in|   32|   ap_memory|            pad_img3_3_1|         array|
|pad_img3_3_2_address0                  |  out|    5|   ap_memory|            pad_img3_3_2|         array|
|pad_img3_3_2_ce0                       |  out|    1|   ap_memory|            pad_img3_3_2|         array|
|pad_img3_3_2_q0                        |   in|   32|   ap_memory|            pad_img3_3_2|         array|
|pad_img3_3_3_address0                  |  out|    5|   ap_memory|            pad_img3_3_3|         array|
|pad_img3_3_3_ce0                       |  out|    1|   ap_memory|            pad_img3_3_3|         array|
|pad_img3_3_3_q0                        |   in|   32|   ap_memory|            pad_img3_3_3|         array|
|pad_img3_3_4_address0                  |  out|    5|   ap_memory|            pad_img3_3_4|         array|
|pad_img3_3_4_ce0                       |  out|    1|   ap_memory|            pad_img3_3_4|         array|
|pad_img3_3_4_q0                        |   in|   32|   ap_memory|            pad_img3_3_4|         array|
|pad_img3_3_5_address0                  |  out|    5|   ap_memory|            pad_img3_3_5|         array|
|pad_img3_3_5_ce0                       |  out|    1|   ap_memory|            pad_img3_3_5|         array|
|pad_img3_3_5_q0                        |   in|   32|   ap_memory|            pad_img3_3_5|         array|
|pad_img3_3_6_address0                  |  out|    5|   ap_memory|            pad_img3_3_6|         array|
|pad_img3_3_6_ce0                       |  out|    1|   ap_memory|            pad_img3_3_6|         array|
|pad_img3_3_6_q0                        |   in|   32|   ap_memory|            pad_img3_3_6|         array|
|pad_img3_4_0_address0                  |  out|    5|   ap_memory|            pad_img3_4_0|         array|
|pad_img3_4_0_ce0                       |  out|    1|   ap_memory|            pad_img3_4_0|         array|
|pad_img3_4_0_q0                        |   in|   32|   ap_memory|            pad_img3_4_0|         array|
|pad_img3_4_1_address0                  |  out|    5|   ap_memory|            pad_img3_4_1|         array|
|pad_img3_4_1_ce0                       |  out|    1|   ap_memory|            pad_img3_4_1|         array|
|pad_img3_4_1_q0                        |   in|   32|   ap_memory|            pad_img3_4_1|         array|
|pad_img3_4_2_address0                  |  out|    5|   ap_memory|            pad_img3_4_2|         array|
|pad_img3_4_2_ce0                       |  out|    1|   ap_memory|            pad_img3_4_2|         array|
|pad_img3_4_2_q0                        |   in|   32|   ap_memory|            pad_img3_4_2|         array|
|pad_img3_4_3_address0                  |  out|    5|   ap_memory|            pad_img3_4_3|         array|
|pad_img3_4_3_ce0                       |  out|    1|   ap_memory|            pad_img3_4_3|         array|
|pad_img3_4_3_q0                        |   in|   32|   ap_memory|            pad_img3_4_3|         array|
|pad_img3_4_4_address0                  |  out|    5|   ap_memory|            pad_img3_4_4|         array|
|pad_img3_4_4_ce0                       |  out|    1|   ap_memory|            pad_img3_4_4|         array|
|pad_img3_4_4_q0                        |   in|   32|   ap_memory|            pad_img3_4_4|         array|
|pad_img3_4_5_address0                  |  out|    5|   ap_memory|            pad_img3_4_5|         array|
|pad_img3_4_5_ce0                       |  out|    1|   ap_memory|            pad_img3_4_5|         array|
|pad_img3_4_5_q0                        |   in|   32|   ap_memory|            pad_img3_4_5|         array|
|pad_img3_4_6_address0                  |  out|    5|   ap_memory|            pad_img3_4_6|         array|
|pad_img3_4_6_ce0                       |  out|    1|   ap_memory|            pad_img3_4_6|         array|
|pad_img3_4_6_q0                        |   in|   32|   ap_memory|            pad_img3_4_6|         array|
|pad_img3_5_0_address0                  |  out|    5|   ap_memory|            pad_img3_5_0|         array|
|pad_img3_5_0_ce0                       |  out|    1|   ap_memory|            pad_img3_5_0|         array|
|pad_img3_5_0_q0                        |   in|   32|   ap_memory|            pad_img3_5_0|         array|
|pad_img3_5_1_address0                  |  out|    5|   ap_memory|            pad_img3_5_1|         array|
|pad_img3_5_1_ce0                       |  out|    1|   ap_memory|            pad_img3_5_1|         array|
|pad_img3_5_1_q0                        |   in|   32|   ap_memory|            pad_img3_5_1|         array|
|pad_img3_5_2_address0                  |  out|    5|   ap_memory|            pad_img3_5_2|         array|
|pad_img3_5_2_ce0                       |  out|    1|   ap_memory|            pad_img3_5_2|         array|
|pad_img3_5_2_q0                        |   in|   32|   ap_memory|            pad_img3_5_2|         array|
|pad_img3_5_3_address0                  |  out|    5|   ap_memory|            pad_img3_5_3|         array|
|pad_img3_5_3_ce0                       |  out|    1|   ap_memory|            pad_img3_5_3|         array|
|pad_img3_5_3_q0                        |   in|   32|   ap_memory|            pad_img3_5_3|         array|
|pad_img3_5_4_address0                  |  out|    5|   ap_memory|            pad_img3_5_4|         array|
|pad_img3_5_4_ce0                       |  out|    1|   ap_memory|            pad_img3_5_4|         array|
|pad_img3_5_4_q0                        |   in|   32|   ap_memory|            pad_img3_5_4|         array|
|pad_img3_5_5_address0                  |  out|    5|   ap_memory|            pad_img3_5_5|         array|
|pad_img3_5_5_ce0                       |  out|    1|   ap_memory|            pad_img3_5_5|         array|
|pad_img3_5_5_q0                        |   in|   32|   ap_memory|            pad_img3_5_5|         array|
|pad_img3_5_6_address0                  |  out|    5|   ap_memory|            pad_img3_5_6|         array|
|pad_img3_5_6_ce0                       |  out|    1|   ap_memory|            pad_img3_5_6|         array|
|pad_img3_5_6_q0                        |   in|   32|   ap_memory|            pad_img3_5_6|         array|
|pad_img3_6_0_address0                  |  out|    5|   ap_memory|            pad_img3_6_0|         array|
|pad_img3_6_0_ce0                       |  out|    1|   ap_memory|            pad_img3_6_0|         array|
|pad_img3_6_0_q0                        |   in|   32|   ap_memory|            pad_img3_6_0|         array|
|pad_img3_6_1_address0                  |  out|    5|   ap_memory|            pad_img3_6_1|         array|
|pad_img3_6_1_ce0                       |  out|    1|   ap_memory|            pad_img3_6_1|         array|
|pad_img3_6_1_q0                        |   in|   32|   ap_memory|            pad_img3_6_1|         array|
|pad_img3_6_2_address0                  |  out|    5|   ap_memory|            pad_img3_6_2|         array|
|pad_img3_6_2_ce0                       |  out|    1|   ap_memory|            pad_img3_6_2|         array|
|pad_img3_6_2_q0                        |   in|   32|   ap_memory|            pad_img3_6_2|         array|
|pad_img3_6_3_address0                  |  out|    5|   ap_memory|            pad_img3_6_3|         array|
|pad_img3_6_3_ce0                       |  out|    1|   ap_memory|            pad_img3_6_3|         array|
|pad_img3_6_3_q0                        |   in|   32|   ap_memory|            pad_img3_6_3|         array|
|pad_img3_6_4_address0                  |  out|    5|   ap_memory|            pad_img3_6_4|         array|
|pad_img3_6_4_ce0                       |  out|    1|   ap_memory|            pad_img3_6_4|         array|
|pad_img3_6_4_q0                        |   in|   32|   ap_memory|            pad_img3_6_4|         array|
|pad_img3_6_5_address0                  |  out|    5|   ap_memory|            pad_img3_6_5|         array|
|pad_img3_6_5_ce0                       |  out|    1|   ap_memory|            pad_img3_6_5|         array|
|pad_img3_6_5_q0                        |   in|   32|   ap_memory|            pad_img3_6_5|         array|
|pad_img3_6_6_address0                  |  out|    5|   ap_memory|            pad_img3_6_6|         array|
|pad_img3_6_6_ce0                       |  out|    1|   ap_memory|            pad_img3_6_6|         array|
|pad_img3_6_6_q0                        |   in|   32|   ap_memory|            pad_img3_6_6|         array|
|conv_to_pool_streams_0_din             |  out|   32|     ap_fifo|  conv_to_pool_streams_0|       pointer|
|conv_to_pool_streams_0_num_data_valid  |   in|   11|     ap_fifo|  conv_to_pool_streams_0|       pointer|
|conv_to_pool_streams_0_fifo_cap        |   in|   11|     ap_fifo|  conv_to_pool_streams_0|       pointer|
|conv_to_pool_streams_0_full_n          |   in|    1|     ap_fifo|  conv_to_pool_streams_0|       pointer|
|conv_to_pool_streams_0_write           |  out|    1|     ap_fifo|  conv_to_pool_streams_0|       pointer|
|conv_to_pool_streams_1_din             |  out|   32|     ap_fifo|  conv_to_pool_streams_1|       pointer|
|conv_to_pool_streams_1_num_data_valid  |   in|   11|     ap_fifo|  conv_to_pool_streams_1|       pointer|
|conv_to_pool_streams_1_fifo_cap        |   in|   11|     ap_fifo|  conv_to_pool_streams_1|       pointer|
|conv_to_pool_streams_1_full_n          |   in|    1|     ap_fifo|  conv_to_pool_streams_1|       pointer|
|conv_to_pool_streams_1_write           |  out|    1|     ap_fifo|  conv_to_pool_streams_1|       pointer|
|conv_to_pool_streams_2_din             |  out|   32|     ap_fifo|  conv_to_pool_streams_2|       pointer|
|conv_to_pool_streams_2_num_data_valid  |   in|   11|     ap_fifo|  conv_to_pool_streams_2|       pointer|
|conv_to_pool_streams_2_fifo_cap        |   in|   11|     ap_fifo|  conv_to_pool_streams_2|       pointer|
|conv_to_pool_streams_2_full_n          |   in|    1|     ap_fifo|  conv_to_pool_streams_2|       pointer|
|conv_to_pool_streams_2_write           |  out|    1|     ap_fifo|  conv_to_pool_streams_2|       pointer|
|conv_to_pool_streams_3_din             |  out|   32|     ap_fifo|  conv_to_pool_streams_3|       pointer|
|conv_to_pool_streams_3_num_data_valid  |   in|   11|     ap_fifo|  conv_to_pool_streams_3|       pointer|
|conv_to_pool_streams_3_fifo_cap        |   in|   11|     ap_fifo|  conv_to_pool_streams_3|       pointer|
|conv_to_pool_streams_3_full_n          |   in|    1|     ap_fifo|  conv_to_pool_streams_3|       pointer|
|conv_to_pool_streams_3_write           |  out|    1|     ap_fifo|  conv_to_pool_streams_3|       pointer|
+---------------------------------------+-----+-----+------------+------------------------+--------------+

