================================================================
== Design Size Report
================================================================

* Total Instructions per Compilation Phase
+---------------+-----------------------------+--------------+----------------------------------------------------------------------------------------+
| Phase         | Step                        | Instructions | Description                                                                            |
+---------------+-----------------------------+--------------+----------------------------------------------------------------------------------------+
| Compile/Link  |                             |  16,531      | After all functions are compiled and linked into a single design                       |
|               |                             |              |                                                                                        |
| Unroll/Inline |                             |              | After user unroll and inline pragmas are applied                                       |
|               | (1) unroll                  | 375,414 *    | user unroll pragmas are applied                                                        |
|               | (2) simplification          | 122,745 *    | simplification of applied user unroll pragmas                                          |
|               | (3) inline                  | 121,939 *    | user inline pragmas are applied                                                        |
|               | (4) simplification          | 121,825 *    | simplification of applied user inline pragmas                                          |
|               |                             |              |                                                                                        |
| Array/Struct  |                             |              | After user array partition and struct aggregate/disaggregate pragmas are applied       |
|               | (1) array partition         |  82,641      | user array partition pragmas are applied                                               |
|               | (2) simplification          |  82,631      | simplification of applied user array partition & struct aggregate/disaggregate pragmas |
|               | (3) aggregate/disaggregate  |  82,635      | user struct aggregate/disaggregate pragmas are applied                                 |
|               | (4) array reshape           |  82,636      | apply array reshape pragmas                                                            |
|               | (5) access patterns         |  82,665      | array access pattern optmizations                                                      |
|               |                             |              |                                                                                        |
| Performance   |                             |              | After transformations are applied to meet performance pragma targets                   |
|               | (1) loop simplification     |  82,623      | loop and instruction simplification                                                    |
|               | (2) parallelization         |  85,314      | loops are unrolled or pipelined to meet performance targets                            |
|               | (3) array partition         | 182,288 *    | arrays are partitioned to meet performance targets                                     |
|               | (4) simplification          |  95,013      | simplification of design after performance transformations                             |
|               |                             |              |                                                                                        |
| HW Transforms |                             |              | After hardware transfomations                                                          |
|               | (1) lowering                |  94,886      | initial conversion to HW specific instructions                                         |
|               | (2) optimizations           |  96,755      | high level synthesis optimizations                                                     |
+---------------+-----------------------------+--------------+----------------------------------------------------------------------------------------+
    * - Exceeded design size warning message threshold

* Instructions per Function for each Compilation Phase
+------------------------------+--------------+-----------------+-------------------+------------------+------------------+------------------+
| Function                     | Location     | Compile/Link    | Unroll/Inline     | Array/Struct     | Performance      | HW Transforms    |
+------------------------------+--------------+-----------------+-------------------+------------------+------------------+------------------+
| + cnn                        | cnn.cpp:65   | 16,531          | 121,825 *         | 82,665           | 95,013           | 96,755           |
|    normalization_and_padding | utils.cpp:8  |    33           |                   |                  |                  |                  |
|  + dataflow_section          | cnn.cpp:15   | 16,346          | 121,750           | 82,504           | 93,613           | 95,478           |
|   + convolutional_layer      | conv.cpp:52  | 8,797           |    504            |   530            | 10,857           | 10,764           |
|    + convolution             | conv.cpp:13  | 8,788 (4 calls) |    496 (4 calls)  |   525 (4 calls)  | 10,852 (4 calls) | 10,759 (4 calls) |
|       relu                   | conv.cpp:5   | 2,840 (4 calls) |                   |                  |                  |                  |
|   + max_pooling_layer        | pool.cpp:35  | 3,485           |    107            |   105            |   101            |   169            |
|      max_pooling             | pool.cpp:4   | 3,472 (4 calls) |     96 (4 calls)  |   100 (4 calls)  |    96 (4 calls)  |   164 (4 calls)  |
|   + flattening_layer         | flat.cpp:21  |   165           |    147            |   141            |   141            |   381            |
|      flattening              | flat.cpp:3   |   152 (4 calls) |    136 (4 calls)  |   136 (4 calls)  |   136 (4 calls)  |   376 (4 calls)  |
|   + dense_layer              | dense.cpp:60 | 2,069           | 120,755           | 81,465           | 82,249           | 83,901           |
|      dense                   | dense.cpp:31 | 2,056 (4 calls) | 120,744 (4 calls) | 81,460 (4 calls) | 82,244 (4 calls) | 83,896 (4 calls) |
|     dense_layer_soft_max     | dense.cpp:7  | 1,714           |    158            |   173            |   175            |   191            |
+------------------------------+--------------+-----------------+-------------------+------------------+------------------+------------------+
    * - Exceeded design size warning message threshold

* Design Size Message Settings
+---------------------------------------------+--------+------------------------------------------------------------------+
| Message Setting                             | Value  | Description                                                      |
+---------------------------------------------+--------+------------------------------------------------------------------+
| config_compile -design_size_maximum_warning | 100000 | Show a warning when total design instructions exceeds this value |
+---------------------------------------------+--------+------------------------------------------------------------------+


