

================================================================
== Vitis HLS Report for 'dataflow_section'
================================================================
* Date:           Thu Jan 23 17:45:42 2025

* Version:        2023.2 (Build 4023990 on Oct 11 2023)
* Project:        CNN_Optimal
* Solution:       solution1 (Vivado IP Flow Target)
* Product family: zynq
* Target device:  xc7z010-clg400-1


================================================================
== Performance Estimates
================================================================
+ Timing: 
    * Summary: 
    +--------+----------+----------+------------+
    |  Clock |  Target  | Estimated| Uncertainty|
    +--------+----------+----------+------------+
    |ap_clk  |  10.00 ns|  8.424 ns|     2.70 ns|
    +--------+----------+----------+------------+

+ Latency: 
    * Summary: 
    +---------+---------+----------+----------+-------+-------+----------+
    |  Latency (cycles) |  Latency (absolute) |    Interval   | Pipeline |
    |   min   |   max   |    min   |    max   |  min  |  max  |   Type   |
    +---------+---------+----------+----------+-------+-------+----------+
    |    19844|    19844|  0.198 ms|  0.198 ms|  19845|  19845|  dataflow|
    +---------+---------+----------+----------+-------+-------+----------+

    + Detail: 
        * Instance: 
        +-------------------------+----------------------+---------+---------+-----------+-----------+-------+-------+---------+
        |                         |                      |  Latency (cycles) |   Latency (absolute)  |    Interval   | Pipeline|
        |         Instance        |        Module        |   min   |   max   |    min    |    max    |  min  |  max  |   Type  |
        +-------------------------+----------------------+---------+---------+-----------+-----------+-------+-------+---------+
        |convolutional_layer_U0   |convolutional_layer   |    19844|    19844|   0.198 ms|   0.198 ms|  19844|  19844|       no|
        |max_pooling_layer_U0     |max_pooling_layer     |     3182|     3182|  31.820 us|  31.820 us|   3182|   3182|       no|
        |flattening_layer_U0      |flattening_layer      |      199|      199|   1.990 us|   1.990 us|    199|    199|       no|
        |dense_layer_U0           |dense_layer           |     2004|     2004|  20.040 us|  20.040 us|   2004|   2004|       no|
        |dense_layer_soft_max_U0  |dense_layer_soft_max  |      120|      120|   1.200 us|   1.200 us|    120|    120|       no|
        +-------------------------+----------------------+---------+---------+-----------+-----------+-------+-------+---------+

        * Loop: 
        N/A



================================================================
== Utilization Estimates
================================================================
* Summary: 
+-----------------+---------+-----+-------+-------+-----+
|       Name      | BRAM_18K| DSP |   FF  |  LUT  | URAM|
+-----------------+---------+-----+-------+-------+-----+
|DSP              |        -|    -|      -|      -|    -|
|Expression       |        -|    -|      0|     12|    -|
|FIFO             |       24|    -|   2360|   1368|    -|
|Instance         |       64|  312|  60072|  79268|    0|
|Memory           |        -|    -|      -|      -|    -|
|Multiplexer      |        -|    -|      -|     18|    -|
|Register         |        -|    -|      2|      -|    -|
+-----------------+---------+-----+-------+-------+-----+
|Total            |       88|  312|  62434|  80666|    0|
+-----------------+---------+-----+-------+-------+-----+
|Available        |      120|   80|  35200|  17600|    0|
+-----------------+---------+-----+-------+-------+-----+
|Utilization (%)  |       73|  390|    177|    458|    0|
+-----------------+---------+-----+-------+-------+-----+

+ Detail: 
    * Instance: 
    +-------------------------+----------------------+---------+-----+-------+-------+-----+
    |         Instance        |        Module        | BRAM_18K| DSP |   FF  |  LUT  | URAM|
    +-------------------------+----------------------+---------+-----+-------+-------+-----+
    |convolutional_layer_U0   |convolutional_layer   |        0|  283|  53347|  68282|    0|
    |dense_layer_U0           |dense_layer           |       64|   20|   3471|   5439|    0|
    |dense_layer_soft_max_U0  |dense_layer_soft_max  |        0|    9|   1437|   1970|    0|
    |flattening_layer_U0      |flattening_layer      |        0|    0|    112|    896|    0|
    |max_pooling_layer_U0     |max_pooling_layer     |        0|    0|   1705|   2681|    0|
    +-------------------------+----------------------+---------+-----+-------+-------+-----+
    |Total                    |                      |       64|  312|  60072|  79268|    0|
    +-------------------------+----------------------+---------+-----+-------+-------+-----+

    * DSP: 
    N/A

    * Memory: 
    N/A

    * FIFO: 
    +------------------------------+---------+-----+----+-----+------+-----+---------+
    |             Name             | BRAM_18K|  FF | LUT| URAM| Depth| Bits| Size:D*B|
    +------------------------------+---------+-----+----+-----+------+-----+---------+
    |conv_to_pool_streams_1_U      |        2|  165|   0|    -|   784|   32|    25088|
    |conv_to_pool_streams_2_U      |        2|  165|   0|    -|   784|   32|    25088|
    |conv_to_pool_streams_3_U      |        2|  165|   0|    -|   784|   32|    25088|
    |conv_to_pool_streams_U        |        2|  165|   0|    -|   784|   32|    25088|
    |dense_to_softmax_streams_1_U  |        0|   99|   0|    -|    10|   32|      320|
    |dense_to_softmax_streams_2_U  |        0|   99|   0|    -|    10|   32|      320|
    |dense_to_softmax_streams_3_U  |        0|   99|   0|    -|    10|   32|      320|
    |dense_to_softmax_streams_U    |        0|   99|   0|    -|    10|   32|      320|
    |flat_to_dense_streams_1_U     |        2|  163|   0|    -|   196|   32|     6272|
    |flat_to_dense_streams_2_U     |        2|  163|   0|    -|   196|   32|     6272|
    |flat_to_dense_streams_3_U     |        2|  163|   0|    -|   196|   32|     6272|
    |flat_to_dense_streams_U       |        2|  163|   0|    -|   196|   32|     6272|
    |pool_to_flat_streams_1_U      |        2|  163|   0|    -|   196|   32|     6272|
    |pool_to_flat_streams_2_U      |        2|  163|   0|    -|   196|   32|     6272|
    |pool_to_flat_streams_3_U      |        2|  163|   0|    -|   196|   32|     6272|
    |pool_to_flat_streams_U        |        2|  163|   0|    -|   196|   32|     6272|
    +------------------------------+---------+-----+----+-----+------+-----+---------+
    |Total                         |       24| 2360|   0|    0|  4744|  512|   151808|
    +------------------------------+---------+-----+----+-----+------+-----+---------+

    * Expression: 
    +------------------------------------------+----------+----+---+----+------------+------------+
    |               Variable Name              | Operation| DSP| FF| LUT| Bitwidth P0| Bitwidth P1|
    +------------------------------------------+----------+----+---+----+------------+------------+
    |ap_idle                                   |       and|   0|  0|   2|           1|           1|
    |ap_sync_ready                             |       and|   0|  0|   2|           1|           1|
    |convolutional_layer_U0_ap_start           |       and|   0|  0|   2|           1|           1|
    |dense_layer_soft_max_U0_ap_start          |       and|   0|  0|   2|           1|           1|
    |ap_sync_convolutional_layer_U0_ap_ready   |        or|   0|  0|   2|           1|           1|
    |ap_sync_dense_layer_soft_max_U0_ap_ready  |        or|   0|  0|   2|           1|           1|
    +------------------------------------------+----------+----+---+----+------------+------------+
    |Total                                     |          |   0|  0|  12|           6|           6|
    +------------------------------------------+----------+----+---+----+------------+------------+

    * Multiplexer: 
    +----------------------------------------------+----+-----------+-----+-----------+
    |                     Name                     | LUT| Input Size| Bits| Total Bits|
    +----------------------------------------------+----+-----------+-----+-----------+
    |ap_sync_reg_convolutional_layer_U0_ap_ready   |   9|          2|    1|          2|
    |ap_sync_reg_dense_layer_soft_max_U0_ap_ready  |   9|          2|    1|          2|
    +----------------------------------------------+----+-----------+-----+-----------+
    |Total                                         |  18|          4|    2|          4|
    +----------------------------------------------+----+-----------+-----+-----------+

    * Register: 
    +----------------------------------------------+---+----+-----+-----------+
    |                     Name                     | FF| LUT| Bits| Const Bits|
    +----------------------------------------------+---+----+-----+-----------+
    |ap_sync_reg_convolutional_layer_U0_ap_ready   |  1|   0|    1|          0|
    |ap_sync_reg_dense_layer_soft_max_U0_ap_ready  |  1|   0|    1|          0|
    +----------------------------------------------+---+----+-----+-----------+
    |Total                                         |  2|   0|    2|          0|
    +----------------------------------------------+---+----+-----+-----------+



================================================================
== Interface
================================================================
* Summary: 
+-----------------------+-----+-----+------------+------------------+--------------+
|       RTL Ports       | Dir | Bits|  Protocol  |   Source Object  |    C Type    |
+-----------------------+-----+-----+------------+------------------+--------------+
|pad_img0_address0      |  out|   11|   ap_memory|          pad_img0|         array|
|pad_img0_ce0           |  out|    1|   ap_memory|          pad_img0|         array|
|pad_img0_d0            |  out|   32|   ap_memory|          pad_img0|         array|
|pad_img0_q0            |   in|   32|   ap_memory|          pad_img0|         array|
|pad_img0_we0           |  out|    1|   ap_memory|          pad_img0|         array|
|pad_img0_address1      |  out|   11|   ap_memory|          pad_img0|         array|
|pad_img0_ce1           |  out|    1|   ap_memory|          pad_img0|         array|
|pad_img0_d1            |  out|   32|   ap_memory|          pad_img0|         array|
|pad_img0_q1            |   in|   32|   ap_memory|          pad_img0|         array|
|pad_img0_we1           |  out|    1|   ap_memory|          pad_img0|         array|
|pad_img1_address0      |  out|   11|   ap_memory|          pad_img1|         array|
|pad_img1_ce0           |  out|    1|   ap_memory|          pad_img1|         array|
|pad_img1_d0            |  out|   32|   ap_memory|          pad_img1|         array|
|pad_img1_q0            |   in|   32|   ap_memory|          pad_img1|         array|
|pad_img1_we0           |  out|    1|   ap_memory|          pad_img1|         array|
|pad_img1_address1      |  out|   11|   ap_memory|          pad_img1|         array|
|pad_img1_ce1           |  out|    1|   ap_memory|          pad_img1|         array|
|pad_img1_d1            |  out|   32|   ap_memory|          pad_img1|         array|
|pad_img1_q1            |   in|   32|   ap_memory|          pad_img1|         array|
|pad_img1_we1           |  out|    1|   ap_memory|          pad_img1|         array|
|pad_img2_address0      |  out|   11|   ap_memory|          pad_img2|         array|
|pad_img2_ce0           |  out|    1|   ap_memory|          pad_img2|         array|
|pad_img2_d0            |  out|   32|   ap_memory|          pad_img2|         array|
|pad_img2_q0            |   in|   32|   ap_memory|          pad_img2|         array|
|pad_img2_we0           |  out|    1|   ap_memory|          pad_img2|         array|
|pad_img2_address1      |  out|   11|   ap_memory|          pad_img2|         array|
|pad_img2_ce1           |  out|    1|   ap_memory|          pad_img2|         array|
|pad_img2_d1            |  out|   32|   ap_memory|          pad_img2|         array|
|pad_img2_q1            |   in|   32|   ap_memory|          pad_img2|         array|
|pad_img2_we1           |  out|    1|   ap_memory|          pad_img2|         array|
|pad_img3_0_0_address0  |  out|    5|   ap_memory|      pad_img3_0_0|         array|
|pad_img3_0_0_ce0       |  out|    1|   ap_memory|      pad_img3_0_0|         array|
|pad_img3_0_0_d0        |  out|   32|   ap_memory|      pad_img3_0_0|         array|
|pad_img3_0_0_q0        |   in|   32|   ap_memory|      pad_img3_0_0|         array|
|pad_img3_0_0_we0       |  out|    1|   ap_memory|      pad_img3_0_0|         array|
|pad_img3_0_0_address1  |  out|    5|   ap_memory|      pad_img3_0_0|         array|
|pad_img3_0_0_ce1       |  out|    1|   ap_memory|      pad_img3_0_0|         array|
|pad_img3_0_0_d1        |  out|   32|   ap_memory|      pad_img3_0_0|         array|
|pad_img3_0_0_q1        |   in|   32|   ap_memory|      pad_img3_0_0|         array|
|pad_img3_0_0_we1       |  out|    1|   ap_memory|      pad_img3_0_0|         array|
|pad_img3_0_1_address0  |  out|    5|   ap_memory|      pad_img3_0_1|         array|
|pad_img3_0_1_ce0       |  out|    1|   ap_memory|      pad_img3_0_1|         array|
|pad_img3_0_1_d0        |  out|   32|   ap_memory|      pad_img3_0_1|         array|
|pad_img3_0_1_q0        |   in|   32|   ap_memory|      pad_img3_0_1|         array|
|pad_img3_0_1_we0       |  out|    1|   ap_memory|      pad_img3_0_1|         array|
|pad_img3_0_1_address1  |  out|    5|   ap_memory|      pad_img3_0_1|         array|
|pad_img3_0_1_ce1       |  out|    1|   ap_memory|      pad_img3_0_1|         array|
|pad_img3_0_1_d1        |  out|   32|   ap_memory|      pad_img3_0_1|         array|
|pad_img3_0_1_q1        |   in|   32|   ap_memory|      pad_img3_0_1|         array|
|pad_img3_0_1_we1       |  out|    1|   ap_memory|      pad_img3_0_1|         array|
|pad_img3_0_2_address0  |  out|    5|   ap_memory|      pad_img3_0_2|         array|
|pad_img3_0_2_ce0       |  out|    1|   ap_memory|      pad_img3_0_2|         array|
|pad_img3_0_2_d0        |  out|   32|   ap_memory|      pad_img3_0_2|         array|
|pad_img3_0_2_q0        |   in|   32|   ap_memory|      pad_img3_0_2|         array|
|pad_img3_0_2_we0       |  out|    1|   ap_memory|      pad_img3_0_2|         array|
|pad_img3_0_2_address1  |  out|    5|   ap_memory|      pad_img3_0_2|         array|
|pad_img3_0_2_ce1       |  out|    1|   ap_memory|      pad_img3_0_2|         array|
|pad_img3_0_2_d1        |  out|   32|   ap_memory|      pad_img3_0_2|         array|
|pad_img3_0_2_q1        |   in|   32|   ap_memory|      pad_img3_0_2|         array|
|pad_img3_0_2_we1       |  out|    1|   ap_memory|      pad_img3_0_2|         array|
|pad_img3_0_3_address0  |  out|    5|   ap_memory|      pad_img3_0_3|         array|
|pad_img3_0_3_ce0       |  out|    1|   ap_memory|      pad_img3_0_3|         array|
|pad_img3_0_3_d0        |  out|   32|   ap_memory|      pad_img3_0_3|         array|
|pad_img3_0_3_q0        |   in|   32|   ap_memory|      pad_img3_0_3|         array|
|pad_img3_0_3_we0       |  out|    1|   ap_memory|      pad_img3_0_3|         array|
|pad_img3_0_3_address1  |  out|    5|   ap_memory|      pad_img3_0_3|         array|
|pad_img3_0_3_ce1       |  out|    1|   ap_memory|      pad_img3_0_3|         array|
|pad_img3_0_3_d1        |  out|   32|   ap_memory|      pad_img3_0_3|         array|
|pad_img3_0_3_q1        |   in|   32|   ap_memory|      pad_img3_0_3|         array|
|pad_img3_0_3_we1       |  out|    1|   ap_memory|      pad_img3_0_3|         array|
|pad_img3_0_4_address0  |  out|    5|   ap_memory|      pad_img3_0_4|         array|
|pad_img3_0_4_ce0       |  out|    1|   ap_memory|      pad_img3_0_4|         array|
|pad_img3_0_4_d0        |  out|   32|   ap_memory|      pad_img3_0_4|         array|
|pad_img3_0_4_q0        |   in|   32|   ap_memory|      pad_img3_0_4|         array|
|pad_img3_0_4_we0       |  out|    1|   ap_memory|      pad_img3_0_4|         array|
|pad_img3_0_4_address1  |  out|    5|   ap_memory|      pad_img3_0_4|         array|
|pad_img3_0_4_ce1       |  out|    1|   ap_memory|      pad_img3_0_4|         array|
|pad_img3_0_4_d1        |  out|   32|   ap_memory|      pad_img3_0_4|         array|
|pad_img3_0_4_q1        |   in|   32|   ap_memory|      pad_img3_0_4|         array|
|pad_img3_0_4_we1       |  out|    1|   ap_memory|      pad_img3_0_4|         array|
|pad_img3_0_5_address0  |  out|    5|   ap_memory|      pad_img3_0_5|         array|
|pad_img3_0_5_ce0       |  out|    1|   ap_memory|      pad_img3_0_5|         array|
|pad_img3_0_5_d0        |  out|   32|   ap_memory|      pad_img3_0_5|         array|
|pad_img3_0_5_q0        |   in|   32|   ap_memory|      pad_img3_0_5|         array|
|pad_img3_0_5_we0       |  out|    1|   ap_memory|      pad_img3_0_5|         array|
|pad_img3_0_5_address1  |  out|    5|   ap_memory|      pad_img3_0_5|         array|
|pad_img3_0_5_ce1       |  out|    1|   ap_memory|      pad_img3_0_5|         array|
|pad_img3_0_5_d1        |  out|   32|   ap_memory|      pad_img3_0_5|         array|
|pad_img3_0_5_q1        |   in|   32|   ap_memory|      pad_img3_0_5|         array|
|pad_img3_0_5_we1       |  out|    1|   ap_memory|      pad_img3_0_5|         array|
|pad_img3_0_6_address0  |  out|    5|   ap_memory|      pad_img3_0_6|         array|
|pad_img3_0_6_ce0       |  out|    1|   ap_memory|      pad_img3_0_6|         array|
|pad_img3_0_6_d0        |  out|   32|   ap_memory|      pad_img3_0_6|         array|
|pad_img3_0_6_q0        |   in|   32|   ap_memory|      pad_img3_0_6|         array|
|pad_img3_0_6_we0       |  out|    1|   ap_memory|      pad_img3_0_6|         array|
|pad_img3_0_6_address1  |  out|    5|   ap_memory|      pad_img3_0_6|         array|
|pad_img3_0_6_ce1       |  out|    1|   ap_memory|      pad_img3_0_6|         array|
|pad_img3_0_6_d1        |  out|   32|   ap_memory|      pad_img3_0_6|         array|
|pad_img3_0_6_q1        |   in|   32|   ap_memory|      pad_img3_0_6|         array|
|pad_img3_0_6_we1       |  out|    1|   ap_memory|      pad_img3_0_6|         array|
|pad_img3_1_0_address0  |  out|    5|   ap_memory|      pad_img3_1_0|         array|
|pad_img3_1_0_ce0       |  out|    1|   ap_memory|      pad_img3_1_0|         array|
|pad_img3_1_0_d0        |  out|   32|   ap_memory|      pad_img3_1_0|         array|
|pad_img3_1_0_q0        |   in|   32|   ap_memory|      pad_img3_1_0|         array|
|pad_img3_1_0_we0       |  out|    1|   ap_memory|      pad_img3_1_0|         array|
|pad_img3_1_0_address1  |  out|    5|   ap_memory|      pad_img3_1_0|         array|
|pad_img3_1_0_ce1       |  out|    1|   ap_memory|      pad_img3_1_0|         array|
|pad_img3_1_0_d1        |  out|   32|   ap_memory|      pad_img3_1_0|         array|
|pad_img3_1_0_q1        |   in|   32|   ap_memory|      pad_img3_1_0|         array|
|pad_img3_1_0_we1       |  out|    1|   ap_memory|      pad_img3_1_0|         array|
|pad_img3_1_1_address0  |  out|    5|   ap_memory|      pad_img3_1_1|         array|
|pad_img3_1_1_ce0       |  out|    1|   ap_memory|      pad_img3_1_1|         array|
|pad_img3_1_1_d0        |  out|   32|   ap_memory|      pad_img3_1_1|         array|
|pad_img3_1_1_q0        |   in|   32|   ap_memory|      pad_img3_1_1|         array|
|pad_img3_1_1_we0       |  out|    1|   ap_memory|      pad_img3_1_1|         array|
|pad_img3_1_1_address1  |  out|    5|   ap_memory|      pad_img3_1_1|         array|
|pad_img3_1_1_ce1       |  out|    1|   ap_memory|      pad_img3_1_1|         array|
|pad_img3_1_1_d1        |  out|   32|   ap_memory|      pad_img3_1_1|         array|
|pad_img3_1_1_q1        |   in|   32|   ap_memory|      pad_img3_1_1|         array|
|pad_img3_1_1_we1       |  out|    1|   ap_memory|      pad_img3_1_1|         array|
|pad_img3_1_2_address0  |  out|    5|   ap_memory|      pad_img3_1_2|         array|
|pad_img3_1_2_ce0       |  out|    1|   ap_memory|      pad_img3_1_2|         array|
|pad_img3_1_2_d0        |  out|   32|   ap_memory|      pad_img3_1_2|         array|
|pad_img3_1_2_q0        |   in|   32|   ap_memory|      pad_img3_1_2|         array|
|pad_img3_1_2_we0       |  out|    1|   ap_memory|      pad_img3_1_2|         array|
|pad_img3_1_2_address1  |  out|    5|   ap_memory|      pad_img3_1_2|         array|
|pad_img3_1_2_ce1       |  out|    1|   ap_memory|      pad_img3_1_2|         array|
|pad_img3_1_2_d1        |  out|   32|   ap_memory|      pad_img3_1_2|         array|
|pad_img3_1_2_q1        |   in|   32|   ap_memory|      pad_img3_1_2|         array|
|pad_img3_1_2_we1       |  out|    1|   ap_memory|      pad_img3_1_2|         array|
|pad_img3_1_3_address0  |  out|    5|   ap_memory|      pad_img3_1_3|         array|
|pad_img3_1_3_ce0       |  out|    1|   ap_memory|      pad_img3_1_3|         array|
|pad_img3_1_3_d0        |  out|   32|   ap_memory|      pad_img3_1_3|         array|
|pad_img3_1_3_q0        |   in|   32|   ap_memory|      pad_img3_1_3|         array|
|pad_img3_1_3_we0       |  out|    1|   ap_memory|      pad_img3_1_3|         array|
|pad_img3_1_3_address1  |  out|    5|   ap_memory|      pad_img3_1_3|         array|
|pad_img3_1_3_ce1       |  out|    1|   ap_memory|      pad_img3_1_3|         array|
|pad_img3_1_3_d1        |  out|   32|   ap_memory|      pad_img3_1_3|         array|
|pad_img3_1_3_q1        |   in|   32|   ap_memory|      pad_img3_1_3|         array|
|pad_img3_1_3_we1       |  out|    1|   ap_memory|      pad_img3_1_3|         array|
|pad_img3_1_4_address0  |  out|    5|   ap_memory|      pad_img3_1_4|         array|
|pad_img3_1_4_ce0       |  out|    1|   ap_memory|      pad_img3_1_4|         array|
|pad_img3_1_4_d0        |  out|   32|   ap_memory|      pad_img3_1_4|         array|
|pad_img3_1_4_q0        |   in|   32|   ap_memory|      pad_img3_1_4|         array|
|pad_img3_1_4_we0       |  out|    1|   ap_memory|      pad_img3_1_4|         array|
|pad_img3_1_4_address1  |  out|    5|   ap_memory|      pad_img3_1_4|         array|
|pad_img3_1_4_ce1       |  out|    1|   ap_memory|      pad_img3_1_4|         array|
|pad_img3_1_4_d1        |  out|   32|   ap_memory|      pad_img3_1_4|         array|
|pad_img3_1_4_q1        |   in|   32|   ap_memory|      pad_img3_1_4|         array|
|pad_img3_1_4_we1       |  out|    1|   ap_memory|      pad_img3_1_4|         array|
|pad_img3_1_5_address0  |  out|    5|   ap_memory|      pad_img3_1_5|         array|
|pad_img3_1_5_ce0       |  out|    1|   ap_memory|      pad_img3_1_5|         array|
|pad_img3_1_5_d0        |  out|   32|   ap_memory|      pad_img3_1_5|         array|
|pad_img3_1_5_q0        |   in|   32|   ap_memory|      pad_img3_1_5|         array|
|pad_img3_1_5_we0       |  out|    1|   ap_memory|      pad_img3_1_5|         array|
|pad_img3_1_5_address1  |  out|    5|   ap_memory|      pad_img3_1_5|         array|
|pad_img3_1_5_ce1       |  out|    1|   ap_memory|      pad_img3_1_5|         array|
|pad_img3_1_5_d1        |  out|   32|   ap_memory|      pad_img3_1_5|         array|
|pad_img3_1_5_q1        |   in|   32|   ap_memory|      pad_img3_1_5|         array|
|pad_img3_1_5_we1       |  out|    1|   ap_memory|      pad_img3_1_5|         array|
|pad_img3_1_6_address0  |  out|    5|   ap_memory|      pad_img3_1_6|         array|
|pad_img3_1_6_ce0       |  out|    1|   ap_memory|      pad_img3_1_6|         array|
|pad_img3_1_6_d0        |  out|   32|   ap_memory|      pad_img3_1_6|         array|
|pad_img3_1_6_q0        |   in|   32|   ap_memory|      pad_img3_1_6|         array|
|pad_img3_1_6_we0       |  out|    1|   ap_memory|      pad_img3_1_6|         array|
|pad_img3_1_6_address1  |  out|    5|   ap_memory|      pad_img3_1_6|         array|
|pad_img3_1_6_ce1       |  out|    1|   ap_memory|      pad_img3_1_6|         array|
|pad_img3_1_6_d1        |  out|   32|   ap_memory|      pad_img3_1_6|         array|
|pad_img3_1_6_q1        |   in|   32|   ap_memory|      pad_img3_1_6|         array|
|pad_img3_1_6_we1       |  out|    1|   ap_memory|      pad_img3_1_6|         array|
|pad_img3_2_0_address0  |  out|    5|   ap_memory|      pad_img3_2_0|         array|
|pad_img3_2_0_ce0       |  out|    1|   ap_memory|      pad_img3_2_0|         array|
|pad_img3_2_0_d0        |  out|   32|   ap_memory|      pad_img3_2_0|         array|
|pad_img3_2_0_q0        |   in|   32|   ap_memory|      pad_img3_2_0|         array|
|pad_img3_2_0_we0       |  out|    1|   ap_memory|      pad_img3_2_0|         array|
|pad_img3_2_0_address1  |  out|    5|   ap_memory|      pad_img3_2_0|         array|
|pad_img3_2_0_ce1       |  out|    1|   ap_memory|      pad_img3_2_0|         array|
|pad_img3_2_0_d1        |  out|   32|   ap_memory|      pad_img3_2_0|         array|
|pad_img3_2_0_q1        |   in|   32|   ap_memory|      pad_img3_2_0|         array|
|pad_img3_2_0_we1       |  out|    1|   ap_memory|      pad_img3_2_0|         array|
|pad_img3_2_1_address0  |  out|    5|   ap_memory|      pad_img3_2_1|         array|
|pad_img3_2_1_ce0       |  out|    1|   ap_memory|      pad_img3_2_1|         array|
|pad_img3_2_1_d0        |  out|   32|   ap_memory|      pad_img3_2_1|         array|
|pad_img3_2_1_q0        |   in|   32|   ap_memory|      pad_img3_2_1|         array|
|pad_img3_2_1_we0       |  out|    1|   ap_memory|      pad_img3_2_1|         array|
|pad_img3_2_1_address1  |  out|    5|   ap_memory|      pad_img3_2_1|         array|
|pad_img3_2_1_ce1       |  out|    1|   ap_memory|      pad_img3_2_1|         array|
|pad_img3_2_1_d1        |  out|   32|   ap_memory|      pad_img3_2_1|         array|
|pad_img3_2_1_q1        |   in|   32|   ap_memory|      pad_img3_2_1|         array|
|pad_img3_2_1_we1       |  out|    1|   ap_memory|      pad_img3_2_1|         array|
|pad_img3_2_2_address0  |  out|    5|   ap_memory|      pad_img3_2_2|         array|
|pad_img3_2_2_ce0       |  out|    1|   ap_memory|      pad_img3_2_2|         array|
|pad_img3_2_2_d0        |  out|   32|   ap_memory|      pad_img3_2_2|         array|
|pad_img3_2_2_q0        |   in|   32|   ap_memory|      pad_img3_2_2|         array|
|pad_img3_2_2_we0       |  out|    1|   ap_memory|      pad_img3_2_2|         array|
|pad_img3_2_2_address1  |  out|    5|   ap_memory|      pad_img3_2_2|         array|
|pad_img3_2_2_ce1       |  out|    1|   ap_memory|      pad_img3_2_2|         array|
|pad_img3_2_2_d1        |  out|   32|   ap_memory|      pad_img3_2_2|         array|
|pad_img3_2_2_q1        |   in|   32|   ap_memory|      pad_img3_2_2|         array|
|pad_img3_2_2_we1       |  out|    1|   ap_memory|      pad_img3_2_2|         array|
|pad_img3_2_3_address0  |  out|    5|   ap_memory|      pad_img3_2_3|         array|
|pad_img3_2_3_ce0       |  out|    1|   ap_memory|      pad_img3_2_3|         array|
|pad_img3_2_3_d0        |  out|   32|   ap_memory|      pad_img3_2_3|         array|
|pad_img3_2_3_q0        |   in|   32|   ap_memory|      pad_img3_2_3|         array|
|pad_img3_2_3_we0       |  out|    1|   ap_memory|      pad_img3_2_3|         array|
|pad_img3_2_3_address1  |  out|    5|   ap_memory|      pad_img3_2_3|         array|
|pad_img3_2_3_ce1       |  out|    1|   ap_memory|      pad_img3_2_3|         array|
|pad_img3_2_3_d1        |  out|   32|   ap_memory|      pad_img3_2_3|         array|
|pad_img3_2_3_q1        |   in|   32|   ap_memory|      pad_img3_2_3|         array|
|pad_img3_2_3_we1       |  out|    1|   ap_memory|      pad_img3_2_3|         array|
|pad_img3_2_4_address0  |  out|    5|   ap_memory|      pad_img3_2_4|         array|
|pad_img3_2_4_ce0       |  out|    1|   ap_memory|      pad_img3_2_4|         array|
|pad_img3_2_4_d0        |  out|   32|   ap_memory|      pad_img3_2_4|         array|
|pad_img3_2_4_q0        |   in|   32|   ap_memory|      pad_img3_2_4|         array|
|pad_img3_2_4_we0       |  out|    1|   ap_memory|      pad_img3_2_4|         array|
|pad_img3_2_4_address1  |  out|    5|   ap_memory|      pad_img3_2_4|         array|
|pad_img3_2_4_ce1       |  out|    1|   ap_memory|      pad_img3_2_4|         array|
|pad_img3_2_4_d1        |  out|   32|   ap_memory|      pad_img3_2_4|         array|
|pad_img3_2_4_q1        |   in|   32|   ap_memory|      pad_img3_2_4|         array|
|pad_img3_2_4_we1       |  out|    1|   ap_memory|      pad_img3_2_4|         array|
|pad_img3_2_5_address0  |  out|    5|   ap_memory|      pad_img3_2_5|         array|
|pad_img3_2_5_ce0       |  out|    1|   ap_memory|      pad_img3_2_5|         array|
|pad_img3_2_5_d0        |  out|   32|   ap_memory|      pad_img3_2_5|         array|
|pad_img3_2_5_q0        |   in|   32|   ap_memory|      pad_img3_2_5|         array|
|pad_img3_2_5_we0       |  out|    1|   ap_memory|      pad_img3_2_5|         array|
|pad_img3_2_5_address1  |  out|    5|   ap_memory|      pad_img3_2_5|         array|
|pad_img3_2_5_ce1       |  out|    1|   ap_memory|      pad_img3_2_5|         array|
|pad_img3_2_5_d1        |  out|   32|   ap_memory|      pad_img3_2_5|         array|
|pad_img3_2_5_q1        |   in|   32|   ap_memory|      pad_img3_2_5|         array|
|pad_img3_2_5_we1       |  out|    1|   ap_memory|      pad_img3_2_5|         array|
|pad_img3_2_6_address0  |  out|    5|   ap_memory|      pad_img3_2_6|         array|
|pad_img3_2_6_ce0       |  out|    1|   ap_memory|      pad_img3_2_6|         array|
|pad_img3_2_6_d0        |  out|   32|   ap_memory|      pad_img3_2_6|         array|
|pad_img3_2_6_q0        |   in|   32|   ap_memory|      pad_img3_2_6|         array|
|pad_img3_2_6_we0       |  out|    1|   ap_memory|      pad_img3_2_6|         array|
|pad_img3_2_6_address1  |  out|    5|   ap_memory|      pad_img3_2_6|         array|
|pad_img3_2_6_ce1       |  out|    1|   ap_memory|      pad_img3_2_6|         array|
|pad_img3_2_6_d1        |  out|   32|   ap_memory|      pad_img3_2_6|         array|
|pad_img3_2_6_q1        |   in|   32|   ap_memory|      pad_img3_2_6|         array|
|pad_img3_2_6_we1       |  out|    1|   ap_memory|      pad_img3_2_6|         array|
|pad_img3_3_0_address0  |  out|    5|   ap_memory|      pad_img3_3_0|         array|
|pad_img3_3_0_ce0       |  out|    1|   ap_memory|      pad_img3_3_0|         array|
|pad_img3_3_0_d0        |  out|   32|   ap_memory|      pad_img3_3_0|         array|
|pad_img3_3_0_q0        |   in|   32|   ap_memory|      pad_img3_3_0|         array|
|pad_img3_3_0_we0       |  out|    1|   ap_memory|      pad_img3_3_0|         array|
|pad_img3_3_0_address1  |  out|    5|   ap_memory|      pad_img3_3_0|         array|
|pad_img3_3_0_ce1       |  out|    1|   ap_memory|      pad_img3_3_0|         array|
|pad_img3_3_0_d1        |  out|   32|   ap_memory|      pad_img3_3_0|         array|
|pad_img3_3_0_q1        |   in|   32|   ap_memory|      pad_img3_3_0|         array|
|pad_img3_3_0_we1       |  out|    1|   ap_memory|      pad_img3_3_0|         array|
|pad_img3_3_1_address0  |  out|    5|   ap_memory|      pad_img3_3_1|         array|
|pad_img3_3_1_ce0       |  out|    1|   ap_memory|      pad_img3_3_1|         array|
|pad_img3_3_1_d0        |  out|   32|   ap_memory|      pad_img3_3_1|         array|
|pad_img3_3_1_q0        |   in|   32|   ap_memory|      pad_img3_3_1|         array|
|pad_img3_3_1_we0       |  out|    1|   ap_memory|      pad_img3_3_1|         array|
|pad_img3_3_1_address1  |  out|    5|   ap_memory|      pad_img3_3_1|         array|
|pad_img3_3_1_ce1       |  out|    1|   ap_memory|      pad_img3_3_1|         array|
|pad_img3_3_1_d1        |  out|   32|   ap_memory|      pad_img3_3_1|         array|
|pad_img3_3_1_q1        |   in|   32|   ap_memory|      pad_img3_3_1|         array|
|pad_img3_3_1_we1       |  out|    1|   ap_memory|      pad_img3_3_1|         array|
|pad_img3_3_2_address0  |  out|    5|   ap_memory|      pad_img3_3_2|         array|
|pad_img3_3_2_ce0       |  out|    1|   ap_memory|      pad_img3_3_2|         array|
|pad_img3_3_2_d0        |  out|   32|   ap_memory|      pad_img3_3_2|         array|
|pad_img3_3_2_q0        |   in|   32|   ap_memory|      pad_img3_3_2|         array|
|pad_img3_3_2_we0       |  out|    1|   ap_memory|      pad_img3_3_2|         array|
|pad_img3_3_2_address1  |  out|    5|   ap_memory|      pad_img3_3_2|         array|
|pad_img3_3_2_ce1       |  out|    1|   ap_memory|      pad_img3_3_2|         array|
|pad_img3_3_2_d1        |  out|   32|   ap_memory|      pad_img3_3_2|         array|
|pad_img3_3_2_q1        |   in|   32|   ap_memory|      pad_img3_3_2|         array|
|pad_img3_3_2_we1       |  out|    1|   ap_memory|      pad_img3_3_2|         array|
|pad_img3_3_3_address0  |  out|    5|   ap_memory|      pad_img3_3_3|         array|
|pad_img3_3_3_ce0       |  out|    1|   ap_memory|      pad_img3_3_3|         array|
|pad_img3_3_3_d0        |  out|   32|   ap_memory|      pad_img3_3_3|         array|
|pad_img3_3_3_q0        |   in|   32|   ap_memory|      pad_img3_3_3|         array|
|pad_img3_3_3_we0       |  out|    1|   ap_memory|      pad_img3_3_3|         array|
|pad_img3_3_3_address1  |  out|    5|   ap_memory|      pad_img3_3_3|         array|
|pad_img3_3_3_ce1       |  out|    1|   ap_memory|      pad_img3_3_3|         array|
|pad_img3_3_3_d1        |  out|   32|   ap_memory|      pad_img3_3_3|         array|
|pad_img3_3_3_q1        |   in|   32|   ap_memory|      pad_img3_3_3|         array|
|pad_img3_3_3_we1       |  out|    1|   ap_memory|      pad_img3_3_3|         array|
|pad_img3_3_4_address0  |  out|    5|   ap_memory|      pad_img3_3_4|         array|
|pad_img3_3_4_ce0       |  out|    1|   ap_memory|      pad_img3_3_4|         array|
|pad_img3_3_4_d0        |  out|   32|   ap_memory|      pad_img3_3_4|         array|
|pad_img3_3_4_q0        |   in|   32|   ap_memory|      pad_img3_3_4|         array|
|pad_img3_3_4_we0       |  out|    1|   ap_memory|      pad_img3_3_4|         array|
|pad_img3_3_4_address1  |  out|    5|   ap_memory|      pad_img3_3_4|         array|
|pad_img3_3_4_ce1       |  out|    1|   ap_memory|      pad_img3_3_4|         array|
|pad_img3_3_4_d1        |  out|   32|   ap_memory|      pad_img3_3_4|         array|
|pad_img3_3_4_q1        |   in|   32|   ap_memory|      pad_img3_3_4|         array|
|pad_img3_3_4_we1       |  out|    1|   ap_memory|      pad_img3_3_4|         array|
|pad_img3_3_5_address0  |  out|    5|   ap_memory|      pad_img3_3_5|         array|
|pad_img3_3_5_ce0       |  out|    1|   ap_memory|      pad_img3_3_5|         array|
|pad_img3_3_5_d0        |  out|   32|   ap_memory|      pad_img3_3_5|         array|
|pad_img3_3_5_q0        |   in|   32|   ap_memory|      pad_img3_3_5|         array|
|pad_img3_3_5_we0       |  out|    1|   ap_memory|      pad_img3_3_5|         array|
|pad_img3_3_5_address1  |  out|    5|   ap_memory|      pad_img3_3_5|         array|
|pad_img3_3_5_ce1       |  out|    1|   ap_memory|      pad_img3_3_5|         array|
|pad_img3_3_5_d1        |  out|   32|   ap_memory|      pad_img3_3_5|         array|
|pad_img3_3_5_q1        |   in|   32|   ap_memory|      pad_img3_3_5|         array|
|pad_img3_3_5_we1       |  out|    1|   ap_memory|      pad_img3_3_5|         array|
|pad_img3_3_6_address0  |  out|    5|   ap_memory|      pad_img3_3_6|         array|
|pad_img3_3_6_ce0       |  out|    1|   ap_memory|      pad_img3_3_6|         array|
|pad_img3_3_6_d0        |  out|   32|   ap_memory|      pad_img3_3_6|         array|
|pad_img3_3_6_q0        |   in|   32|   ap_memory|      pad_img3_3_6|         array|
|pad_img3_3_6_we0       |  out|    1|   ap_memory|      pad_img3_3_6|         array|
|pad_img3_3_6_address1  |  out|    5|   ap_memory|      pad_img3_3_6|         array|
|pad_img3_3_6_ce1       |  out|    1|   ap_memory|      pad_img3_3_6|         array|
|pad_img3_3_6_d1        |  out|   32|   ap_memory|      pad_img3_3_6|         array|
|pad_img3_3_6_q1        |   in|   32|   ap_memory|      pad_img3_3_6|         array|
|pad_img3_3_6_we1       |  out|    1|   ap_memory|      pad_img3_3_6|         array|
|pad_img3_4_0_address0  |  out|    5|   ap_memory|      pad_img3_4_0|         array|
|pad_img3_4_0_ce0       |  out|    1|   ap_memory|      pad_img3_4_0|         array|
|pad_img3_4_0_d0        |  out|   32|   ap_memory|      pad_img3_4_0|         array|
|pad_img3_4_0_q0        |   in|   32|   ap_memory|      pad_img3_4_0|         array|
|pad_img3_4_0_we0       |  out|    1|   ap_memory|      pad_img3_4_0|         array|
|pad_img3_4_0_address1  |  out|    5|   ap_memory|      pad_img3_4_0|         array|
|pad_img3_4_0_ce1       |  out|    1|   ap_memory|      pad_img3_4_0|         array|
|pad_img3_4_0_d1        |  out|   32|   ap_memory|      pad_img3_4_0|         array|
|pad_img3_4_0_q1        |   in|   32|   ap_memory|      pad_img3_4_0|         array|
|pad_img3_4_0_we1       |  out|    1|   ap_memory|      pad_img3_4_0|         array|
|pad_img3_4_1_address0  |  out|    5|   ap_memory|      pad_img3_4_1|         array|
|pad_img3_4_1_ce0       |  out|    1|   ap_memory|      pad_img3_4_1|         array|
|pad_img3_4_1_d0        |  out|   32|   ap_memory|      pad_img3_4_1|         array|
|pad_img3_4_1_q0        |   in|   32|   ap_memory|      pad_img3_4_1|         array|
|pad_img3_4_1_we0       |  out|    1|   ap_memory|      pad_img3_4_1|         array|
|pad_img3_4_1_address1  |  out|    5|   ap_memory|      pad_img3_4_1|         array|
|pad_img3_4_1_ce1       |  out|    1|   ap_memory|      pad_img3_4_1|         array|
|pad_img3_4_1_d1        |  out|   32|   ap_memory|      pad_img3_4_1|         array|
|pad_img3_4_1_q1        |   in|   32|   ap_memory|      pad_img3_4_1|         array|
|pad_img3_4_1_we1       |  out|    1|   ap_memory|      pad_img3_4_1|         array|
|pad_img3_4_2_address0  |  out|    5|   ap_memory|      pad_img3_4_2|         array|
|pad_img3_4_2_ce0       |  out|    1|   ap_memory|      pad_img3_4_2|         array|
|pad_img3_4_2_d0        |  out|   32|   ap_memory|      pad_img3_4_2|         array|
|pad_img3_4_2_q0        |   in|   32|   ap_memory|      pad_img3_4_2|         array|
|pad_img3_4_2_we0       |  out|    1|   ap_memory|      pad_img3_4_2|         array|
|pad_img3_4_2_address1  |  out|    5|   ap_memory|      pad_img3_4_2|         array|
|pad_img3_4_2_ce1       |  out|    1|   ap_memory|      pad_img3_4_2|         array|
|pad_img3_4_2_d1        |  out|   32|   ap_memory|      pad_img3_4_2|         array|
|pad_img3_4_2_q1        |   in|   32|   ap_memory|      pad_img3_4_2|         array|
|pad_img3_4_2_we1       |  out|    1|   ap_memory|      pad_img3_4_2|         array|
|pad_img3_4_3_address0  |  out|    5|   ap_memory|      pad_img3_4_3|         array|
|pad_img3_4_3_ce0       |  out|    1|   ap_memory|      pad_img3_4_3|         array|
|pad_img3_4_3_d0        |  out|   32|   ap_memory|      pad_img3_4_3|         array|
|pad_img3_4_3_q0        |   in|   32|   ap_memory|      pad_img3_4_3|         array|
|pad_img3_4_3_we0       |  out|    1|   ap_memory|      pad_img3_4_3|         array|
|pad_img3_4_3_address1  |  out|    5|   ap_memory|      pad_img3_4_3|         array|
|pad_img3_4_3_ce1       |  out|    1|   ap_memory|      pad_img3_4_3|         array|
|pad_img3_4_3_d1        |  out|   32|   ap_memory|      pad_img3_4_3|         array|
|pad_img3_4_3_q1        |   in|   32|   ap_memory|      pad_img3_4_3|         array|
|pad_img3_4_3_we1       |  out|    1|   ap_memory|      pad_img3_4_3|         array|
|pad_img3_4_4_address0  |  out|    5|   ap_memory|      pad_img3_4_4|         array|
|pad_img3_4_4_ce0       |  out|    1|   ap_memory|      pad_img3_4_4|         array|
|pad_img3_4_4_d0        |  out|   32|   ap_memory|      pad_img3_4_4|         array|
|pad_img3_4_4_q0        |   in|   32|   ap_memory|      pad_img3_4_4|         array|
|pad_img3_4_4_we0       |  out|    1|   ap_memory|      pad_img3_4_4|         array|
|pad_img3_4_4_address1  |  out|    5|   ap_memory|      pad_img3_4_4|         array|
|pad_img3_4_4_ce1       |  out|    1|   ap_memory|      pad_img3_4_4|         array|
|pad_img3_4_4_d1        |  out|   32|   ap_memory|      pad_img3_4_4|         array|
|pad_img3_4_4_q1        |   in|   32|   ap_memory|      pad_img3_4_4|         array|
|pad_img3_4_4_we1       |  out|    1|   ap_memory|      pad_img3_4_4|         array|
|pad_img3_4_5_address0  |  out|    5|   ap_memory|      pad_img3_4_5|         array|
|pad_img3_4_5_ce0       |  out|    1|   ap_memory|      pad_img3_4_5|         array|
|pad_img3_4_5_d0        |  out|   32|   ap_memory|      pad_img3_4_5|         array|
|pad_img3_4_5_q0        |   in|   32|   ap_memory|      pad_img3_4_5|         array|
|pad_img3_4_5_we0       |  out|    1|   ap_memory|      pad_img3_4_5|         array|
|pad_img3_4_5_address1  |  out|    5|   ap_memory|      pad_img3_4_5|         array|
|pad_img3_4_5_ce1       |  out|    1|   ap_memory|      pad_img3_4_5|         array|
|pad_img3_4_5_d1        |  out|   32|   ap_memory|      pad_img3_4_5|         array|
|pad_img3_4_5_q1        |   in|   32|   ap_memory|      pad_img3_4_5|         array|
|pad_img3_4_5_we1       |  out|    1|   ap_memory|      pad_img3_4_5|         array|
|pad_img3_4_6_address0  |  out|    5|   ap_memory|      pad_img3_4_6|         array|
|pad_img3_4_6_ce0       |  out|    1|   ap_memory|      pad_img3_4_6|         array|
|pad_img3_4_6_d0        |  out|   32|   ap_memory|      pad_img3_4_6|         array|
|pad_img3_4_6_q0        |   in|   32|   ap_memory|      pad_img3_4_6|         array|
|pad_img3_4_6_we0       |  out|    1|   ap_memory|      pad_img3_4_6|         array|
|pad_img3_4_6_address1  |  out|    5|   ap_memory|      pad_img3_4_6|         array|
|pad_img3_4_6_ce1       |  out|    1|   ap_memory|      pad_img3_4_6|         array|
|pad_img3_4_6_d1        |  out|   32|   ap_memory|      pad_img3_4_6|         array|
|pad_img3_4_6_q1        |   in|   32|   ap_memory|      pad_img3_4_6|         array|
|pad_img3_4_6_we1       |  out|    1|   ap_memory|      pad_img3_4_6|         array|
|pad_img3_5_0_address0  |  out|    5|   ap_memory|      pad_img3_5_0|         array|
|pad_img3_5_0_ce0       |  out|    1|   ap_memory|      pad_img3_5_0|         array|
|pad_img3_5_0_d0        |  out|   32|   ap_memory|      pad_img3_5_0|         array|
|pad_img3_5_0_q0        |   in|   32|   ap_memory|      pad_img3_5_0|         array|
|pad_img3_5_0_we0       |  out|    1|   ap_memory|      pad_img3_5_0|         array|
|pad_img3_5_0_address1  |  out|    5|   ap_memory|      pad_img3_5_0|         array|
|pad_img3_5_0_ce1       |  out|    1|   ap_memory|      pad_img3_5_0|         array|
|pad_img3_5_0_d1        |  out|   32|   ap_memory|      pad_img3_5_0|         array|
|pad_img3_5_0_q1        |   in|   32|   ap_memory|      pad_img3_5_0|         array|
|pad_img3_5_0_we1       |  out|    1|   ap_memory|      pad_img3_5_0|         array|
|pad_img3_5_1_address0  |  out|    5|   ap_memory|      pad_img3_5_1|         array|
|pad_img3_5_1_ce0       |  out|    1|   ap_memory|      pad_img3_5_1|         array|
|pad_img3_5_1_d0        |  out|   32|   ap_memory|      pad_img3_5_1|         array|
|pad_img3_5_1_q0        |   in|   32|   ap_memory|      pad_img3_5_1|         array|
|pad_img3_5_1_we0       |  out|    1|   ap_memory|      pad_img3_5_1|         array|
|pad_img3_5_1_address1  |  out|    5|   ap_memory|      pad_img3_5_1|         array|
|pad_img3_5_1_ce1       |  out|    1|   ap_memory|      pad_img3_5_1|         array|
|pad_img3_5_1_d1        |  out|   32|   ap_memory|      pad_img3_5_1|         array|
|pad_img3_5_1_q1        |   in|   32|   ap_memory|      pad_img3_5_1|         array|
|pad_img3_5_1_we1       |  out|    1|   ap_memory|      pad_img3_5_1|         array|
|pad_img3_5_2_address0  |  out|    5|   ap_memory|      pad_img3_5_2|         array|
|pad_img3_5_2_ce0       |  out|    1|   ap_memory|      pad_img3_5_2|         array|
|pad_img3_5_2_d0        |  out|   32|   ap_memory|      pad_img3_5_2|         array|
|pad_img3_5_2_q0        |   in|   32|   ap_memory|      pad_img3_5_2|         array|
|pad_img3_5_2_we0       |  out|    1|   ap_memory|      pad_img3_5_2|         array|
|pad_img3_5_2_address1  |  out|    5|   ap_memory|      pad_img3_5_2|         array|
|pad_img3_5_2_ce1       |  out|    1|   ap_memory|      pad_img3_5_2|         array|
|pad_img3_5_2_d1        |  out|   32|   ap_memory|      pad_img3_5_2|         array|
|pad_img3_5_2_q1        |   in|   32|   ap_memory|      pad_img3_5_2|         array|
|pad_img3_5_2_we1       |  out|    1|   ap_memory|      pad_img3_5_2|         array|
|pad_img3_5_3_address0  |  out|    5|   ap_memory|      pad_img3_5_3|         array|
|pad_img3_5_3_ce0       |  out|    1|   ap_memory|      pad_img3_5_3|         array|
|pad_img3_5_3_d0        |  out|   32|   ap_memory|      pad_img3_5_3|         array|
|pad_img3_5_3_q0        |   in|   32|   ap_memory|      pad_img3_5_3|         array|
|pad_img3_5_3_we0       |  out|    1|   ap_memory|      pad_img3_5_3|         array|
|pad_img3_5_3_address1  |  out|    5|   ap_memory|      pad_img3_5_3|         array|
|pad_img3_5_3_ce1       |  out|    1|   ap_memory|      pad_img3_5_3|         array|
|pad_img3_5_3_d1        |  out|   32|   ap_memory|      pad_img3_5_3|         array|
|pad_img3_5_3_q1        |   in|   32|   ap_memory|      pad_img3_5_3|         array|
|pad_img3_5_3_we1       |  out|    1|   ap_memory|      pad_img3_5_3|         array|
|pad_img3_5_4_address0  |  out|    5|   ap_memory|      pad_img3_5_4|         array|
|pad_img3_5_4_ce0       |  out|    1|   ap_memory|      pad_img3_5_4|         array|
|pad_img3_5_4_d0        |  out|   32|   ap_memory|      pad_img3_5_4|         array|
|pad_img3_5_4_q0        |   in|   32|   ap_memory|      pad_img3_5_4|         array|
|pad_img3_5_4_we0       |  out|    1|   ap_memory|      pad_img3_5_4|         array|
|pad_img3_5_4_address1  |  out|    5|   ap_memory|      pad_img3_5_4|         array|
|pad_img3_5_4_ce1       |  out|    1|   ap_memory|      pad_img3_5_4|         array|
|pad_img3_5_4_d1        |  out|   32|   ap_memory|      pad_img3_5_4|         array|
|pad_img3_5_4_q1        |   in|   32|   ap_memory|      pad_img3_5_4|         array|
|pad_img3_5_4_we1       |  out|    1|   ap_memory|      pad_img3_5_4|         array|
|pad_img3_5_5_address0  |  out|    5|   ap_memory|      pad_img3_5_5|         array|
|pad_img3_5_5_ce0       |  out|    1|   ap_memory|      pad_img3_5_5|         array|
|pad_img3_5_5_d0        |  out|   32|   ap_memory|      pad_img3_5_5|         array|
|pad_img3_5_5_q0        |   in|   32|   ap_memory|      pad_img3_5_5|         array|
|pad_img3_5_5_we0       |  out|    1|   ap_memory|      pad_img3_5_5|         array|
|pad_img3_5_5_address1  |  out|    5|   ap_memory|      pad_img3_5_5|         array|
|pad_img3_5_5_ce1       |  out|    1|   ap_memory|      pad_img3_5_5|         array|
|pad_img3_5_5_d1        |  out|   32|   ap_memory|      pad_img3_5_5|         array|
|pad_img3_5_5_q1        |   in|   32|   ap_memory|      pad_img3_5_5|         array|
|pad_img3_5_5_we1       |  out|    1|   ap_memory|      pad_img3_5_5|         array|
|pad_img3_5_6_address0  |  out|    5|   ap_memory|      pad_img3_5_6|         array|
|pad_img3_5_6_ce0       |  out|    1|   ap_memory|      pad_img3_5_6|         array|
|pad_img3_5_6_d0        |  out|   32|   ap_memory|      pad_img3_5_6|         array|
|pad_img3_5_6_q0        |   in|   32|   ap_memory|      pad_img3_5_6|         array|
|pad_img3_5_6_we0       |  out|    1|   ap_memory|      pad_img3_5_6|         array|
|pad_img3_5_6_address1  |  out|    5|   ap_memory|      pad_img3_5_6|         array|
|pad_img3_5_6_ce1       |  out|    1|   ap_memory|      pad_img3_5_6|         array|
|pad_img3_5_6_d1        |  out|   32|   ap_memory|      pad_img3_5_6|         array|
|pad_img3_5_6_q1        |   in|   32|   ap_memory|      pad_img3_5_6|         array|
|pad_img3_5_6_we1       |  out|    1|   ap_memory|      pad_img3_5_6|         array|
|pad_img3_6_0_address0  |  out|    5|   ap_memory|      pad_img3_6_0|         array|
|pad_img3_6_0_ce0       |  out|    1|   ap_memory|      pad_img3_6_0|         array|
|pad_img3_6_0_d0        |  out|   32|   ap_memory|      pad_img3_6_0|         array|
|pad_img3_6_0_q0        |   in|   32|   ap_memory|      pad_img3_6_0|         array|
|pad_img3_6_0_we0       |  out|    1|   ap_memory|      pad_img3_6_0|         array|
|pad_img3_6_0_address1  |  out|    5|   ap_memory|      pad_img3_6_0|         array|
|pad_img3_6_0_ce1       |  out|    1|   ap_memory|      pad_img3_6_0|         array|
|pad_img3_6_0_d1        |  out|   32|   ap_memory|      pad_img3_6_0|         array|
|pad_img3_6_0_q1        |   in|   32|   ap_memory|      pad_img3_6_0|         array|
|pad_img3_6_0_we1       |  out|    1|   ap_memory|      pad_img3_6_0|         array|
|pad_img3_6_1_address0  |  out|    5|   ap_memory|      pad_img3_6_1|         array|
|pad_img3_6_1_ce0       |  out|    1|   ap_memory|      pad_img3_6_1|         array|
|pad_img3_6_1_d0        |  out|   32|   ap_memory|      pad_img3_6_1|         array|
|pad_img3_6_1_q0        |   in|   32|   ap_memory|      pad_img3_6_1|         array|
|pad_img3_6_1_we0       |  out|    1|   ap_memory|      pad_img3_6_1|         array|
|pad_img3_6_1_address1  |  out|    5|   ap_memory|      pad_img3_6_1|         array|
|pad_img3_6_1_ce1       |  out|    1|   ap_memory|      pad_img3_6_1|         array|
|pad_img3_6_1_d1        |  out|   32|   ap_memory|      pad_img3_6_1|         array|
|pad_img3_6_1_q1        |   in|   32|   ap_memory|      pad_img3_6_1|         array|
|pad_img3_6_1_we1       |  out|    1|   ap_memory|      pad_img3_6_1|         array|
|pad_img3_6_2_address0  |  out|    5|   ap_memory|      pad_img3_6_2|         array|
|pad_img3_6_2_ce0       |  out|    1|   ap_memory|      pad_img3_6_2|         array|
|pad_img3_6_2_d0        |  out|   32|   ap_memory|      pad_img3_6_2|         array|
|pad_img3_6_2_q0        |   in|   32|   ap_memory|      pad_img3_6_2|         array|
|pad_img3_6_2_we0       |  out|    1|   ap_memory|      pad_img3_6_2|         array|
|pad_img3_6_2_address1  |  out|    5|   ap_memory|      pad_img3_6_2|         array|
|pad_img3_6_2_ce1       |  out|    1|   ap_memory|      pad_img3_6_2|         array|
|pad_img3_6_2_d1        |  out|   32|   ap_memory|      pad_img3_6_2|         array|
|pad_img3_6_2_q1        |   in|   32|   ap_memory|      pad_img3_6_2|         array|
|pad_img3_6_2_we1       |  out|    1|   ap_memory|      pad_img3_6_2|         array|
|pad_img3_6_3_address0  |  out|    5|   ap_memory|      pad_img3_6_3|         array|
|pad_img3_6_3_ce0       |  out|    1|   ap_memory|      pad_img3_6_3|         array|
|pad_img3_6_3_d0        |  out|   32|   ap_memory|      pad_img3_6_3|         array|
|pad_img3_6_3_q0        |   in|   32|   ap_memory|      pad_img3_6_3|         array|
|pad_img3_6_3_we0       |  out|    1|   ap_memory|      pad_img3_6_3|         array|
|pad_img3_6_3_address1  |  out|    5|   ap_memory|      pad_img3_6_3|         array|
|pad_img3_6_3_ce1       |  out|    1|   ap_memory|      pad_img3_6_3|         array|
|pad_img3_6_3_d1        |  out|   32|   ap_memory|      pad_img3_6_3|         array|
|pad_img3_6_3_q1        |   in|   32|   ap_memory|      pad_img3_6_3|         array|
|pad_img3_6_3_we1       |  out|    1|   ap_memory|      pad_img3_6_3|         array|
|pad_img3_6_4_address0  |  out|    5|   ap_memory|      pad_img3_6_4|         array|
|pad_img3_6_4_ce0       |  out|    1|   ap_memory|      pad_img3_6_4|         array|
|pad_img3_6_4_d0        |  out|   32|   ap_memory|      pad_img3_6_4|         array|
|pad_img3_6_4_q0        |   in|   32|   ap_memory|      pad_img3_6_4|         array|
|pad_img3_6_4_we0       |  out|    1|   ap_memory|      pad_img3_6_4|         array|
|pad_img3_6_4_address1  |  out|    5|   ap_memory|      pad_img3_6_4|         array|
|pad_img3_6_4_ce1       |  out|    1|   ap_memory|      pad_img3_6_4|         array|
|pad_img3_6_4_d1        |  out|   32|   ap_memory|      pad_img3_6_4|         array|
|pad_img3_6_4_q1        |   in|   32|   ap_memory|      pad_img3_6_4|         array|
|pad_img3_6_4_we1       |  out|    1|   ap_memory|      pad_img3_6_4|         array|
|pad_img3_6_5_address0  |  out|    5|   ap_memory|      pad_img3_6_5|         array|
|pad_img3_6_5_ce0       |  out|    1|   ap_memory|      pad_img3_6_5|         array|
|pad_img3_6_5_d0        |  out|   32|   ap_memory|      pad_img3_6_5|         array|
|pad_img3_6_5_q0        |   in|   32|   ap_memory|      pad_img3_6_5|         array|
|pad_img3_6_5_we0       |  out|    1|   ap_memory|      pad_img3_6_5|         array|
|pad_img3_6_5_address1  |  out|    5|   ap_memory|      pad_img3_6_5|         array|
|pad_img3_6_5_ce1       |  out|    1|   ap_memory|      pad_img3_6_5|         array|
|pad_img3_6_5_d1        |  out|   32|   ap_memory|      pad_img3_6_5|         array|
|pad_img3_6_5_q1        |   in|   32|   ap_memory|      pad_img3_6_5|         array|
|pad_img3_6_5_we1       |  out|    1|   ap_memory|      pad_img3_6_5|         array|
|pad_img3_6_6_address0  |  out|    5|   ap_memory|      pad_img3_6_6|         array|
|pad_img3_6_6_ce0       |  out|    1|   ap_memory|      pad_img3_6_6|         array|
|pad_img3_6_6_d0        |  out|   32|   ap_memory|      pad_img3_6_6|         array|
|pad_img3_6_6_q0        |   in|   32|   ap_memory|      pad_img3_6_6|         array|
|pad_img3_6_6_we0       |  out|    1|   ap_memory|      pad_img3_6_6|         array|
|pad_img3_6_6_address1  |  out|    5|   ap_memory|      pad_img3_6_6|         array|
|pad_img3_6_6_ce1       |  out|    1|   ap_memory|      pad_img3_6_6|         array|
|pad_img3_6_6_d1        |  out|   32|   ap_memory|      pad_img3_6_6|         array|
|pad_img3_6_6_q1        |   in|   32|   ap_memory|      pad_img3_6_6|         array|
|pad_img3_6_6_we1       |  out|    1|   ap_memory|      pad_img3_6_6|         array|
|prediction_address0    |  out|    4|   ap_memory|        prediction|         array|
|prediction_ce0         |  out|    1|   ap_memory|        prediction|         array|
|prediction_d0          |  out|   32|   ap_memory|        prediction|         array|
|prediction_q0          |   in|   32|   ap_memory|        prediction|         array|
|prediction_we0         |  out|    1|   ap_memory|        prediction|         array|
|prediction_address1    |  out|    4|   ap_memory|        prediction|         array|
|prediction_ce1         |  out|    1|   ap_memory|        prediction|         array|
|prediction_d1          |  out|   32|   ap_memory|        prediction|         array|
|prediction_q1          |   in|   32|   ap_memory|        prediction|         array|
|prediction_we1         |  out|    1|   ap_memory|        prediction|         array|
|ap_clk                 |   in|    1|  ap_ctrl_hs|  dataflow_section|  return value|
|ap_rst                 |   in|    1|  ap_ctrl_hs|  dataflow_section|  return value|
|ap_start               |   in|    1|  ap_ctrl_hs|  dataflow_section|  return value|
|ap_done                |  out|    1|  ap_ctrl_hs|  dataflow_section|  return value|
|ap_ready               |  out|    1|  ap_ctrl_hs|  dataflow_section|  return value|
|ap_idle                |  out|    1|  ap_ctrl_hs|  dataflow_section|  return value|
|ap_continue            |   in|    1|  ap_ctrl_hs|  dataflow_section|  return value|
+-----------------------+-----+-----+------------+------------------+--------------+

