

================================================================
== Vitis HLS Report for 'dense_layer_soft_max_Pipeline_dense_soft_max_for_dense_size'
================================================================
* Date:           Tue Jan 28 19:06:25 2025

* Version:        2023.2 (Build 4023990 on Oct 11 2023)
* Project:        CNN_Optimal
* Solution:       solution1 (Vivado IP Flow Target)
* Product family: zynq
* Target device:  xc7z010-clg400-1


================================================================
== Performance Estimates
================================================================
+ Timing: 
    * Summary: 
    +--------+----------+----------+------------+
    |  Clock |  Target  | Estimated| Uncertainty|
    +--------+----------+----------+------------+
    |ap_clk  |  10.00 ns|  7.141 ns|     2.70 ns|
    +--------+----------+----------+------------+

+ Latency: 
    * Summary: 
    +---------+---------+----------+----------+-----+-----+---------+
    |  Latency (cycles) |  Latency (absolute) |  Interval | Pipeline|
    |   min   |   max   |    min   |    max   | min | max |   Type  |
    +---------+---------+----------+----------+-----+-----+---------+
    |       33|       33|  0.330 us|  0.330 us|   33|   33|       no|
    +---------+---------+----------+----------+-----+-----+---------+

    + Detail: 
        * Instance: 
        N/A

        * Loop: 
        +---------------------------------+---------+---------+----------+-----------+-----------+------+----------+
        |                                 |  Latency (cycles) | Iteration|  Initiation Interval  | Trip |          |
        |            Loop Name            |   min   |   max   |  Latency |  achieved |   target  | Count| Pipelined|
        +---------------------------------+---------+---------+----------+-----------+-----------+------+----------+
        |- dense_soft_max_for_dense_size  |       31|       31|        23|          1|          1|    10|       yes|
        +---------------------------------+---------+---------+----------+-----------+-----------+------+----------+



================================================================
== Utilization Estimates
================================================================
* Summary: 
+-----------------+---------+----+-------+-------+-----+
|       Name      | BRAM_18K| DSP|   FF  |  LUT  | URAM|
+-----------------+---------+----+-------+-------+-----+
|DSP              |        -|   -|      -|      -|    -|
|Expression       |        -|   -|      0|   1815|    -|
|FIFO             |        -|   -|      -|      -|    -|
|Instance         |        -|   7|    317|    918|    -|
|Memory           |        0|   -|      7|      2|    -|
|Multiplexer      |        -|   -|      -|     81|    -|
|Register         |        -|   -|   1254|    192|    -|
+-----------------+---------+----+-------+-------+-----+
|Total            |        0|   7|   1578|   3008|    0|
+-----------------+---------+----+-------+-------+-----+
|Available        |      120|  80|  35200|  17600|    0|
+-----------------+---------+----+-------+-------+-----+
|Utilization (%)  |        0|   8|      4|     17|    0|
+-----------------+---------+----+-------+-------+-----+

+ Detail: 
    * Instance: 
    +---------------------------------------+---------------------------------+---------+----+-----+-----+-----+
    |                Instance               |              Module             | BRAM_18K| DSP|  FF | LUT | URAM|
    +---------------------------------------+---------------------------------+---------+----+-----+-----+-----+
    |fexp_32ns_32ns_32_10_full_dsp_1_U2980  |fexp_32ns_32ns_32_10_full_dsp_1  |        0|   7|  317|  918|    0|
    |fpext_32ns_64_2_no_dsp_1_U2979         |fpext_32ns_64_2_no_dsp_1         |        0|   0|    0|    0|    0|
    +---------------------------------------+---------------------------------+---------+----+-----+-----+-----+
    |Total                                  |                                 |        0|   7|  317|  918|    0|
    +---------------------------------------+---------------------------------+---------+----+-----+-----+-----+

    * DSP: 
    N/A

    * Memory: 
    +----------------+----------------------------------------------------------------------------------+---------+---+----+-----+------+-----+------+-------------+
    |     Memory     |                                      Module                                      | BRAM_18K| FF| LUT| URAM| Words| Bits| Banks| W*Bits*Banks|
    +----------------+----------------------------------------------------------------------------------+---------+---+----+-----+------+-----+------+-------------+
    |dense_biases_U  |dense_layer_soft_max_Pipeline_dense_soft_max_for_dense_size_dense_biases_ROM_bkb  |        0|  7|   2|    0|    10|    7|     1|           70|
    +----------------+----------------------------------------------------------------------------------+---------+---+----+-----+------+-----+------+-------------+
    |Total           |                                                                                  |        0|  7|   2|    0|    10|    7|     1|           70|
    +----------------+----------------------------------------------------------------------------------+---------+---+----+-----+------+-----+------+-------------+

    * FIFO: 
    N/A

    * Expression: 
    +----------------------------------+----------+----+---+-----+------------+------------+
    |           Variable Name          | Operation| DSP| FF| LUT | Bitwidth P0| Bitwidth P1|
    +----------------------------------+----------+----+---+-----+------------+------------+
    |add_ln13_fu_226_p2                |         +|   0|  0|   13|           4|           1|
    |add_ln19_1_fu_245_p2              |         +|   0|  0|   24|          24|          24|
    |add_ln19_2_fu_250_p2              |         +|   0|  0|   24|          24|          24|
    |add_ln19_fu_255_p2                |         +|   0|  0|   24|          24|          24|
    |add_ln22_1_fu_439_p2              |         +|   0|  0|   39|          32|           6|
    |add_ln22_2_fu_477_p2              |         +|   0|  0|   71|          64|          64|
    |add_ln22_3_fu_516_p2              |         +|   0|  0|    8|           8|           8|
    |add_ln22_4_fu_634_p2              |         +|   0|  0|   12|          11|           5|
    |add_ln22_5_fu_779_p2              |         +|   0|  0|   31|          24|          24|
    |add_ln22_fu_338_p2                |         +|   0|  0|   39|          32|           6|
    |sum_1_fu_259_p2                   |         +|   0|  0|   24|          24|          24|
    |sub_ln22_1_fu_322_p2              |         -|   0|  0|   39|           5|          32|
    |sub_ln22_2_fu_454_p2              |         -|   0|  0|   39|           5|          32|
    |sub_ln22_3_fu_600_p2              |         -|   0|  0|   61|           1|          54|
    |sub_ln22_4_fu_618_p2              |         -|   0|  0|   12|          11|          12|
    |sub_ln22_5_fu_640_p2              |         -|   0|  0|   12|           4|          11|
    |sub_ln22_6_fu_511_p2              |         -|   0|  0|    8|           5|           8|
    |sub_ln22_7_fu_332_p2              |         -|   0|  0|   13|           5|           5|
    |sub_ln22_fu_272_p2                |         -|   0|  0|   31|           1|          24|
    |and_ln22_1_fu_410_p2              |       and|   0|  0|    2|           1|           1|
    |and_ln22_2_fu_741_p2              |       and|   0|  0|    2|           1|           1|
    |and_ln22_3_fu_763_p2              |       and|   0|  0|    2|           1|           1|
    |and_ln22_4_fu_368_p2              |       and|   0|  0|   24|          24|          24|
    |and_ln22_fu_379_p2                |       and|   0|  0|    2|           1|           1|
    |ap_block_pp0_stage0_01001         |       and|   0|  0|    2|           1|           1|
    |ashr_ln22_fu_672_p2               |      ashr|   0|  0|  161|          54|          54|
    |icmp_ln13_fu_220_p2               |      icmp|   0|  0|   13|           4|           4|
    |icmp_ln22_1_fu_353_p2             |      icmp|   0|  0|   38|          31|           1|
    |icmp_ln22_2_fu_373_p2             |      icmp|   0|  0|   31|          24|           1|
    |icmp_ln22_3_fu_433_p2             |      icmp|   0|  0|   39|          32|           1|
    |icmp_ln22_4_fu_613_p2             |      icmp|   0|  0|   70|          63|           1|
    |icmp_ln22_5_fu_628_p2             |      icmp|   0|  0|   12|          12|           4|
    |icmp_ln22_6_fu_654_p2             |      icmp|   0|  0|   12|          12|           4|
    |icmp_ln22_7_fu_664_p2             |      icmp|   0|  0|   12|          11|           6|
    |icmp_ln22_8_fu_708_p2             |      icmp|   0|  0|   12|          11|           5|
    |icmp_ln22_fu_278_p2               |      icmp|   0|  0|   31|          24|           1|
    |lshr_ln22_2_fu_362_p2             |      lshr|   0|  0|   67|           2|          24|
    |lshr_ln22_fu_448_p2               |      lshr|   0|  0|  182|          64|          64|
    |ap_block_state2_pp0_stage0_iter1  |        or|   0|  0|    2|           1|           1|
    |or_ln22_1_fu_753_p2               |        or|   0|  0|    2|           1|           1|
    |or_ln22_fu_416_p2                 |        or|   0|  0|    2|           1|           1|
    |select_ln22_10_fu_768_p3          |    select|   0|  0|   24|           1|          24|
    |select_ln22_11_fu_692_p3          |    select|   0|  0|    2|           1|           2|
    |select_ln22_1_fu_469_p3           |    select|   0|  0|   64|           1|          64|
    |select_ln22_2_fu_606_p3           |    select|   0|  0|   54|           1|          54|
    |select_ln22_3_fu_646_p3           |    select|   0|  0|   11|           1|          11|
    |select_ln22_4_fu_700_p3           |    select|   0|  0|   24|           1|          24|
    |select_ln22_5_fu_721_p3           |    select|   0|  0|   24|           1|          24|
    |select_ln22_6_fu_504_p3           |    select|   0|  0|    7|           1|           7|
    |select_ln22_7_fu_549_p3           |    select|   0|  0|   32|           1|           1|
    |select_ln22_8_fu_729_p3           |    select|   0|  0|   24|           1|           1|
    |select_ln22_9_fu_746_p3           |    select|   0|  0|   24|           1|          24|
    |select_ln22_fu_283_p3             |    select|   0|  0|   24|           1|          24|
    |shl_ln22_1_fu_716_p2              |       shl|   0|  0|   67|          24|          24|
    |shl_ln22_fu_463_p2                |       shl|   0|  0|  182|          64|          64|
    |ap_enable_pp0                     |       xor|   0|  0|    2|           1|           2|
    |xor_ln22_1_fu_757_p2              |       xor|   0|  0|    2|           1|           2|
    |xor_ln22_2_fu_393_p2              |       xor|   0|  0|    2|           1|           2|
    |xor_ln22_fu_736_p2                |       xor|   0|  0|    2|           1|           2|
    +----------------------------------+----------+----+---+-----+------------+------------+
    |Total                             |          |   0|  0| 1815|         788|         946|
    +----------------------------------+----------+----+---+-----+------------+------------+

    * Multiplexer: 
    +----------------------------------+----+-----------+-----+-----------+
    |               Name               | LUT| Input Size| Bits| Total Bits|
    +----------------------------------+----+-----------+-----+-----------+
    |ap_done_int                       |   9|          2|    1|          2|
    |ap_enable_reg_pp0_iter1           |   9|          2|    1|          2|
    |ap_sig_allocacmp_d_1              |   9|          2|    4|          8|
    |d_fu_138                          |   9|          2|    4|          8|
    |dense_to_softmax_streams_0_blk_n  |   9|          2|    1|          2|
    |dense_to_softmax_streams_1_blk_n  |   9|          2|    1|          2|
    |dense_to_softmax_streams_2_blk_n  |   9|          2|    1|          2|
    |dense_to_softmax_streams_3_blk_n  |   9|          2|    1|          2|
    |empty_fu_134                      |   9|          2|   24|         48|
    +----------------------------------+----+-----------+-----+-----------+
    |Total                             |  81|         18|   38|         76|
    +----------------------------------+----+-----------+-----+-----------+

    * Register: 
    +-------------------------------------------------------+----+----+-----+-----------+
    |                          Name                         | FF | LUT| Bits| Const Bits|
    +-------------------------------------------------------+----+----+-----+-----------+
    |add_ln19_2_reg_847                                     |  24|   0|   24|          0|
    |ap_CS_fsm                                              |   1|   0|    1|          0|
    |ap_done_reg                                            |   1|   0|    1|          0|
    |ap_enable_reg_pp0_iter1                                |   1|   0|    1|          0|
    |ap_enable_reg_pp0_iter10                               |   1|   0|    1|          0|
    |ap_enable_reg_pp0_iter11                               |   1|   0|    1|          0|
    |ap_enable_reg_pp0_iter12                               |   1|   0|    1|          0|
    |ap_enable_reg_pp0_iter13                               |   1|   0|    1|          0|
    |ap_enable_reg_pp0_iter14                               |   1|   0|    1|          0|
    |ap_enable_reg_pp0_iter15                               |   1|   0|    1|          0|
    |ap_enable_reg_pp0_iter16                               |   1|   0|    1|          0|
    |ap_enable_reg_pp0_iter17                               |   1|   0|    1|          0|
    |ap_enable_reg_pp0_iter18                               |   1|   0|    1|          0|
    |ap_enable_reg_pp0_iter19                               |   1|   0|    1|          0|
    |ap_enable_reg_pp0_iter2                                |   1|   0|    1|          0|
    |ap_enable_reg_pp0_iter20                               |   1|   0|    1|          0|
    |ap_enable_reg_pp0_iter21                               |   1|   0|    1|          0|
    |ap_enable_reg_pp0_iter22                               |   1|   0|    1|          0|
    |ap_enable_reg_pp0_iter3                                |   1|   0|    1|          0|
    |ap_enable_reg_pp0_iter4                                |   1|   0|    1|          0|
    |ap_enable_reg_pp0_iter5                                |   1|   0|    1|          0|
    |ap_enable_reg_pp0_iter6                                |   1|   0|    1|          0|
    |ap_enable_reg_pp0_iter7                                |   1|   0|    1|          0|
    |ap_enable_reg_pp0_iter8                                |   1|   0|    1|          0|
    |ap_enable_reg_pp0_iter9                                |   1|   0|    1|          0|
    |ap_loop_exit_ready_pp0_iter10_reg                      |   1|   0|    1|          0|
    |ap_loop_exit_ready_pp0_iter11_reg                      |   1|   0|    1|          0|
    |ap_loop_exit_ready_pp0_iter12_reg                      |   1|   0|    1|          0|
    |ap_loop_exit_ready_pp0_iter13_reg                      |   1|   0|    1|          0|
    |ap_loop_exit_ready_pp0_iter14_reg                      |   1|   0|    1|          0|
    |ap_loop_exit_ready_pp0_iter15_reg                      |   1|   0|    1|          0|
    |ap_loop_exit_ready_pp0_iter16_reg                      |   1|   0|    1|          0|
    |ap_loop_exit_ready_pp0_iter17_reg                      |   1|   0|    1|          0|
    |ap_loop_exit_ready_pp0_iter18_reg                      |   1|   0|    1|          0|
    |ap_loop_exit_ready_pp0_iter19_reg                      |   1|   0|    1|          0|
    |ap_loop_exit_ready_pp0_iter1_reg                       |   1|   0|    1|          0|
    |ap_loop_exit_ready_pp0_iter20_reg                      |   1|   0|    1|          0|
    |ap_loop_exit_ready_pp0_iter21_reg                      |   1|   0|    1|          0|
    |ap_loop_exit_ready_pp0_iter2_reg                       |   1|   0|    1|          0|
    |ap_loop_exit_ready_pp0_iter3_reg                       |   1|   0|    1|          0|
    |ap_loop_exit_ready_pp0_iter4_reg                       |   1|   0|    1|          0|
    |ap_loop_exit_ready_pp0_iter5_reg                       |   1|   0|    1|          0|
    |ap_loop_exit_ready_pp0_iter6_reg                       |   1|   0|    1|          0|
    |ap_loop_exit_ready_pp0_iter7_reg                       |   1|   0|    1|          0|
    |ap_loop_exit_ready_pp0_iter8_reg                       |   1|   0|    1|          0|
    |ap_loop_exit_ready_pp0_iter9_reg                       |   1|   0|    1|          0|
    |d_1_reg_808                                            |   4|   0|    4|          0|
    |d_fu_138                                               |   4|   0|    4|          0|
    |dense_to_softmax_streams_0_read_reg_827                |  24|   0|   24|          0|
    |dense_to_softmax_streams_1_read_reg_832                |  24|   0|   24|          0|
    |dense_to_softmax_streams_1_read_reg_832_pp0_iter2_reg  |  24|   0|   24|          0|
    |dense_to_softmax_streams_2_read_reg_837                |  24|   0|   24|          0|
    |dense_to_softmax_streams_2_read_reg_837_pp0_iter2_reg  |  24|   0|   24|          0|
    |dense_to_softmax_streams_3_read_reg_842                |  24|   0|   24|          0|
    |empty_fu_134                                           |  24|   0|   24|          0|
    |icmp_ln13_reg_813                                      |   1|   0|    1|          0|
    |icmp_ln22_3_reg_903                                    |   1|   0|    1|          0|
    |icmp_ln22_4_reg_964                                    |   1|   0|    1|          0|
    |icmp_ln22_5_reg_971                                    |   1|   0|    1|          0|
    |icmp_ln22_6_reg_984                                    |   1|   0|    1|          0|
    |icmp_ln22_reg_869                                      |   1|   0|    1|          0|
    |lshr_ln22_1_reg_918                                    |  63|   0|   63|          0|
    |lshr_ln22_reg_908                                      |  64|   0|   64|          0|
    |or_ln_reg_898                                          |   1|   0|    2|          1|
    |select_ln22_10_reg_996                                 |  24|   0|   24|          0|
    |select_ln22_2_reg_959                                  |  54|   0|   54|          0|
    |select_ln22_3_reg_976                                  |  11|   0|   11|          0|
    |select_ln22_7_reg_928                                  |  32|   0|   32|          0|
    |select_ln22_reg_874                                    |  24|   0|   24|          0|
    |shl_ln22_reg_913                                       |  64|   0|   64|          0|
    |sub_ln22_1_reg_886                                     |  32|   0|   32|          0|
    |sub_ln22_7_reg_893                                     |   5|   0|    5|          0|
    |sub_ln22_reg_864                                       |  24|   0|   24|          0|
    |sum_1_reg_852                                          |  24|   0|   24|          0|
    |tmp_3_reg_858                                          |   1|   0|    1|          0|
    |tmp_6_reg_933                                          |  32|   0|   32|          0|
    |tmp_8_reg_923                                          |   1|   0|    1|          0|
    |tmp_9_reg_944                                          |   1|   0|    1|          0|
    |tmp_s_reg_949                                          |  11|   0|   11|          0|
    |trunc_ln22_3_reg_939                                   |  63|   0|   63|          0|
    |trunc_ln22_4_reg_954                                   |  52|   0|   52|          0|
    |trunc_ln22_6_reg_990                                   |  24|   0|   24|          0|
    |trunc_ln22_reg_881                                     |   8|   0|    8|          0|
    |zext_ln13_reg_817                                      |   4|   0|   64|         60|
    |icmp_ln13_reg_813                                      |  64|  32|    1|          0|
    |icmp_ln22_reg_869                                      |  64|  32|    1|          0|
    |tmp_3_reg_858                                          |  64|  32|    1|          0|
    |tmp_6_reg_933                                          |  64|  32|   32|          0|
    |trunc_ln22_reg_881                                     |  64|  32|    8|          0|
    |zext_ln13_reg_817                                      |  64|  32|   64|         60|
    +-------------------------------------------------------+----+----+-----+-----------+
    |Total                                                  |1254| 192| 1038|        121|
    +-------------------------------------------------------+----+----+-----+-----------+



================================================================
== Interface
================================================================
* Summary: 
+-------------------------------------------+-----+-----+------------+-------------------------------------------------------------+--------------+
|                 RTL Ports                 | Dir | Bits|  Protocol  |                        Source Object                        |    C Type    |
+-------------------------------------------+-----+-----+------------+-------------------------------------------------------------+--------------+
|ap_clk                                     |   in|    1|  ap_ctrl_hs|  dense_layer_soft_max_Pipeline_dense_soft_max_for_dense_size|  return value|
|ap_rst                                     |   in|    1|  ap_ctrl_hs|  dense_layer_soft_max_Pipeline_dense_soft_max_for_dense_size|  return value|
|ap_start                                   |   in|    1|  ap_ctrl_hs|  dense_layer_soft_max_Pipeline_dense_soft_max_for_dense_size|  return value|
|ap_done                                    |  out|    1|  ap_ctrl_hs|  dense_layer_soft_max_Pipeline_dense_soft_max_for_dense_size|  return value|
|ap_idle                                    |  out|    1|  ap_ctrl_hs|  dense_layer_soft_max_Pipeline_dense_soft_max_for_dense_size|  return value|
|ap_ready                                   |  out|    1|  ap_ctrl_hs|  dense_layer_soft_max_Pipeline_dense_soft_max_for_dense_size|  return value|
|dense_to_softmax_streams_0_dout            |   in|   24|     ap_fifo|                                   dense_to_softmax_streams_0|       pointer|
|dense_to_softmax_streams_0_num_data_valid  |   in|    5|     ap_fifo|                                   dense_to_softmax_streams_0|       pointer|
|dense_to_softmax_streams_0_fifo_cap        |   in|    5|     ap_fifo|                                   dense_to_softmax_streams_0|       pointer|
|dense_to_softmax_streams_0_empty_n         |   in|    1|     ap_fifo|                                   dense_to_softmax_streams_0|       pointer|
|dense_to_softmax_streams_0_read            |  out|    1|     ap_fifo|                                   dense_to_softmax_streams_0|       pointer|
|dense_to_softmax_streams_1_dout            |   in|   24|     ap_fifo|                                   dense_to_softmax_streams_1|       pointer|
|dense_to_softmax_streams_1_num_data_valid  |   in|    5|     ap_fifo|                                   dense_to_softmax_streams_1|       pointer|
|dense_to_softmax_streams_1_fifo_cap        |   in|    5|     ap_fifo|                                   dense_to_softmax_streams_1|       pointer|
|dense_to_softmax_streams_1_empty_n         |   in|    1|     ap_fifo|                                   dense_to_softmax_streams_1|       pointer|
|dense_to_softmax_streams_1_read            |  out|    1|     ap_fifo|                                   dense_to_softmax_streams_1|       pointer|
|dense_to_softmax_streams_2_dout            |   in|   24|     ap_fifo|                                   dense_to_softmax_streams_2|       pointer|
|dense_to_softmax_streams_2_num_data_valid  |   in|    5|     ap_fifo|                                   dense_to_softmax_streams_2|       pointer|
|dense_to_softmax_streams_2_fifo_cap        |   in|    5|     ap_fifo|                                   dense_to_softmax_streams_2|       pointer|
|dense_to_softmax_streams_2_empty_n         |   in|    1|     ap_fifo|                                   dense_to_softmax_streams_2|       pointer|
|dense_to_softmax_streams_2_read            |  out|    1|     ap_fifo|                                   dense_to_softmax_streams_2|       pointer|
|dense_to_softmax_streams_3_dout            |   in|   24|     ap_fifo|                                   dense_to_softmax_streams_3|       pointer|
|dense_to_softmax_streams_3_num_data_valid  |   in|    5|     ap_fifo|                                   dense_to_softmax_streams_3|       pointer|
|dense_to_softmax_streams_3_fifo_cap        |   in|    5|     ap_fifo|                                   dense_to_softmax_streams_3|       pointer|
|dense_to_softmax_streams_3_empty_n         |   in|    1|     ap_fifo|                                   dense_to_softmax_streams_3|       pointer|
|dense_to_softmax_streams_3_read            |  out|    1|     ap_fifo|                                   dense_to_softmax_streams_3|       pointer|
|prediction_address0                        |  out|    4|   ap_memory|                                                   prediction|         array|
|prediction_ce0                             |  out|    1|   ap_memory|                                                   prediction|         array|
|prediction_we0                             |  out|    1|   ap_memory|                                                   prediction|         array|
|prediction_d0                              |  out|   24|   ap_memory|                                                   prediction|         array|
|p_out                                      |  out|   24|      ap_vld|                                                        p_out|       pointer|
|p_out_ap_vld                               |  out|    1|      ap_vld|                                                        p_out|       pointer|
+-------------------------------------------+-----+-----+------------+-------------------------------------------------------------+--------------+

