

================================================================
== Vitis HLS Report for 'dense'
================================================================
* Date:           Thu Jan 23 17:45:41 2025

* Version:        2023.2 (Build 4023990 on Oct 11 2023)
* Project:        CNN_Optimal
* Solution:       solution1 (Vivado IP Flow Target)
* Product family: zynq
* Target device:  xc7z010-clg400-1


================================================================
== Performance Estimates
================================================================
+ Timing: 
    * Summary: 
    +--------+----------+----------+------------+
    |  Clock |  Target  | Estimated| Uncertainty|
    +--------+----------+----------+------------+
    |ap_clk  |  10.00 ns|  7.670 ns|     2.70 ns|
    +--------+----------+----------+------------+

+ Latency: 
    * Summary: 
    +---------+---------+-----------+-----------+------+------+---------+
    |  Latency (cycles) |   Latency (absolute)  |   Interval  | Pipeline|
    |   min   |   max   |    min    |    max    |  min |  max |   Type  |
    +---------+---------+-----------+-----------+------+------+---------+
    |     2003|     2003|  20.030 us|  20.030 us|  2003|  2003|       no|
    +---------+---------+-----------+-----------+------+------+---------+

    + Detail: 
        * Instance: 
        +---------------------------------------------------------+-----------------------------------------------+---------+---------+-----------+-----------+------+------+---------+
        |                                                         |                                               |  Latency (cycles) |   Latency (absolute)  |   Interval  | Pipeline|
        |                         Instance                        |                     Module                    |   min   |   max   |    min    |    max    |  min |  max |   Type  |
        +---------------------------------------------------------+-----------------------------------------------+---------+---------+-----------+-----------+------+------+---------+
        |grp_dense_Pipeline_1_fu_42                               |dense_Pipeline_1                               |       12|       12|   0.120 us|   0.120 us|    12|    12|       no|
        |grp_dense_Pipeline_dense_for_flat_VITIS_LOOP_40_1_fu_48  |dense_Pipeline_dense_for_flat_VITIS_LOOP_40_1  |     1973|     1973|  19.730 us|  19.730 us|  1973|  1973|       no|
        |grp_dense_Pipeline_VITIS_LOOP_49_2_fu_58                 |dense_Pipeline_VITIS_LOOP_49_2                 |       12|       12|   0.120 us|   0.120 us|    12|    12|       no|
        +---------------------------------------------------------+-----------------------------------------------+---------+---------+-----------+-----------+------+------+---------+

        * Loop: 
        N/A



================================================================
== Utilization Estimates
================================================================
* Summary: 
+-----------------+---------+----+-------+-------+-----+
|       Name      | BRAM_18K| DSP|   FF  |  LUT  | URAM|
+-----------------+---------+----+-------+-------+-----+
|DSP              |        -|   -|      -|      -|    -|
|Expression       |        -|   -|      -|      -|    -|
|FIFO             |        -|   -|      -|      -|    -|
|Instance         |       16|   5|    782|   1193|    -|
|Memory           |        0|   -|     64|      5|    0|
|Multiplexer      |        -|   -|      -|    137|    -|
|Register         |        -|   -|     20|      -|    -|
+-----------------+---------+----+-------+-------+-----+
|Total            |       16|   5|    866|   1335|    0|
+-----------------+---------+----+-------+-------+-----+
|Available        |      120|  80|  35200|  17600|    0|
+-----------------+---------+----+-------+-------+-----+
|Utilization (%)  |       13|   6|      2|      7|    0|
+-----------------+---------+----+-------+-------+-----+

+ Detail: 
    * Instance: 
    +---------------------------------------------------------+-----------------------------------------------+---------+----+-----+------+-----+
    |                         Instance                        |                     Module                    | BRAM_18K| DSP|  FF |  LUT | URAM|
    +---------------------------------------------------------+-----------------------------------------------+---------+----+-----+------+-----+
    |grp_dense_Pipeline_1_fu_42                               |dense_Pipeline_1                               |        0|   0|    6|    53|    0|
    |grp_dense_Pipeline_VITIS_LOOP_49_2_fu_58                 |dense_Pipeline_VITIS_LOOP_49_2                 |        0|   0|    7|    75|    0|
    |grp_dense_Pipeline_dense_for_flat_VITIS_LOOP_40_1_fu_48  |dense_Pipeline_dense_for_flat_VITIS_LOOP_40_1  |       16|   5|  769|  1014|    0|
    |mul_2ns_9ns_10_1_1_U548                                  |mul_2ns_9ns_10_1_1                             |        0|   0|    0|    51|    0|
    +---------------------------------------------------------+-----------------------------------------------+---------+----+-----+------+-----+
    |Total                                                    |                                               |       16|   5|  782|  1193|    0|
    +---------------------------------------------------------+-----------------------------------------------+---------+----+-----+------+-----+

    * DSP: 
    N/A

    * Memory: 
    +---------------+---------------------------------+---------+----+----+-----+------+-----+------+-------------+
    |     Memory    |              Module             | BRAM_18K| FF | LUT| URAM| Words| Bits| Banks| W*Bits*Banks|
    +---------------+---------------------------------+---------+----+----+-----+------+-----+------+-------------+
    |dense_array_U  |dense_dense_array_RAM_AUTO_1R1W  |        0|  64|   5|    0|    10|   32|     1|          320|
    +---------------+---------------------------------+---------+----+----+-----+------+-----+------+-------------+
    |Total          |                                 |        0|  64|   5|    0|    10|   32|     1|          320|
    +---------------+---------------------------------+---------+----+----+-----+------+-----+------+-------------+

    * FIFO: 
    N/A

    * Expression: 
    N/A

    * Multiplexer: 
    +----------------------------------+----+-----------+-----+-----------+
    |               Name               | LUT| Input Size| Bits| Total Bits|
    +----------------------------------+----+-----------+-----+-----------+
    |ap_NS_fsm                         |  42|          8|    1|          8|
    |dense_array_address0              |  20|          4|    4|         16|
    |dense_array_ce0                   |  20|          4|    1|          4|
    |dense_array_ce1                   |   9|          2|    1|          2|
    |dense_array_d0                    |  14|          3|   32|         96|
    |dense_array_we0                   |  14|          3|    1|          3|
    |dense_to_softmax_streams_0_write  |   9|          2|    1|          2|
    |flat_to_dense_streams_0_read      |   9|          2|    1|          2|
    +----------------------------------+----+-----------+-----+-----------+
    |Total                             | 137|         28|   42|        133|
    +----------------------------------+----+-----------+-----+-----------+

    * Register: 
    +----------------------------------------------------------------------+----+----+-----+-----------+
    |                                 Name                                 | FF | LUT| Bits| Const Bits|
    +----------------------------------------------------------------------+----+----+-----+-----------+
    |ap_CS_fsm                                                             |   7|   0|    7|          0|
    |grp_dense_Pipeline_1_fu_42_ap_start_reg                               |   1|   0|    1|          0|
    |grp_dense_Pipeline_VITIS_LOOP_49_2_fu_58_ap_start_reg                 |   1|   0|    1|          0|
    |grp_dense_Pipeline_dense_for_flat_VITIS_LOOP_40_1_fu_48_ap_start_reg  |   1|   0|    1|          0|
    |mul_ln36_reg_80                                                       |  10|   0|   10|          0|
    +----------------------------------------------------------------------+----+----+-----+-----------+
    |Total                                                                 |  20|   0|   20|          0|
    +----------------------------------------------------------------------+----+----+-----+-----------+



================================================================
== Interface
================================================================
* Summary: 
+-------------------------------------------+-----+-----+------------+----------------------------+--------------+
|                 RTL Ports                 | Dir | Bits|  Protocol  |        Source Object       |    C Type    |
+-------------------------------------------+-----+-----+------------+----------------------------+--------------+
|ap_clk                                     |   in|    1|  ap_ctrl_hs|                       dense|  return value|
|ap_rst                                     |   in|    1|  ap_ctrl_hs|                       dense|  return value|
|ap_start                                   |   in|    1|  ap_ctrl_hs|                       dense|  return value|
|ap_done                                    |  out|    1|  ap_ctrl_hs|                       dense|  return value|
|ap_idle                                    |  out|    1|  ap_ctrl_hs|                       dense|  return value|
|ap_ready                                   |  out|    1|  ap_ctrl_hs|                       dense|  return value|
|flat_to_dense_streams_0_dout               |   in|   32|     ap_fifo|     flat_to_dense_streams_0|       pointer|
|flat_to_dense_streams_0_num_data_valid     |   in|    9|     ap_fifo|     flat_to_dense_streams_0|       pointer|
|flat_to_dense_streams_0_fifo_cap           |   in|    9|     ap_fifo|     flat_to_dense_streams_0|       pointer|
|flat_to_dense_streams_0_empty_n            |   in|    1|     ap_fifo|     flat_to_dense_streams_0|       pointer|
|flat_to_dense_streams_0_read               |  out|    1|     ap_fifo|     flat_to_dense_streams_0|       pointer|
|filter                                     |   in|    2|     ap_none|                      filter|        scalar|
|dense_to_softmax_streams_0_din             |  out|   32|     ap_fifo|  dense_to_softmax_streams_0|       pointer|
|dense_to_softmax_streams_0_num_data_valid  |   in|    5|     ap_fifo|  dense_to_softmax_streams_0|       pointer|
|dense_to_softmax_streams_0_fifo_cap        |   in|    5|     ap_fifo|  dense_to_softmax_streams_0|       pointer|
|dense_to_softmax_streams_0_full_n          |   in|    1|     ap_fifo|  dense_to_softmax_streams_0|       pointer|
|dense_to_softmax_streams_0_write           |  out|    1|     ap_fifo|  dense_to_softmax_streams_0|       pointer|
+-------------------------------------------+-----+-----+------------+----------------------------+--------------+

