

================================================================
== Vitis HLS Report for 'dense_layer'
================================================================
* Date:           Fri Jan 24 15:13:30 2025

* Version:        2023.2 (Build 4023990 on Oct 11 2023)
* Project:        CNN_Optimal
* Solution:       solution1 (Vivado IP Flow Target)
* Product family: zynq
* Target device:  xc7z010-clg400-1


================================================================
== Performance Estimates
================================================================
+ Timing: 
    * Summary: 
    +--------+----------+-----------+------------+
    |  Clock |  Target  | Estimated | Uncertainty|
    +--------+----------+-----------+------------+
    |ap_clk  |  10.00 ns|  10.274 ns|     2.70 ns|
    +--------+----------+-----------+------------+

+ Latency: 
    * Summary: 
    +---------+---------+-----------+-----------+-----+-----+---------+
    |  Latency (cycles) |   Latency (absolute)  |  Interval | Pipeline|
    |   min   |   max   |    min    |    max    | min | max |   Type  |
    +---------+---------+-----------+-----------+-----+-----+---------+
    |      996|      996|  10.233 us|  10.233 us|  996|  996|       no|
    +---------+---------+-----------+-----------+-----+-----+---------+

    + Detail: 
        * Instance: 
        +------------------+-------+---------+---------+-----------+-----------+-----+-----+---------+
        |                  |       |  Latency (cycles) |   Latency (absolute)  |  Interval | Pipeline|
        |     Instance     | Module|   min   |   max   |    min    |    max    | min | max |   Type  |
        +------------------+-------+---------+---------+-----------+-----------+-----+-----+---------+
        |grp_dense_fu_76   |dense  |      996|      996|  10.233 us|  10.233 us|  196|  196|      yes|
        |grp_dense_fu_126  |dense  |      996|      996|  10.233 us|  10.233 us|  196|  196|      yes|
        |grp_dense_fu_176  |dense  |      996|      996|  10.233 us|  10.233 us|  196|  196|      yes|
        |grp_dense_fu_226  |dense  |      996|      996|  10.233 us|  10.233 us|  196|  196|      yes|
        +------------------+-------+---------+---------+-----------+-----------+-----+-----+---------+

        * Loop: 
        N/A



================================================================
== Utilization Estimates
================================================================
* Summary: 
+-----------------+---------+-----+--------+--------+-----+
|       Name      | BRAM_18K| DSP |   FF   |   LUT  | URAM|
+-----------------+---------+-----+--------+--------+-----+
|DSP              |        -|    -|       -|       -|    -|
|Expression       |        -|    -|       0|      12|    -|
|FIFO             |        -|    -|       -|       -|    -|
|Instance         |       80|  200|  735444|  315920|    -|
|Memory           |        -|    -|       -|       -|    -|
|Multiplexer      |        -|    -|       -|    2846|    -|
|Register         |        -|    -|     998|       -|    -|
+-----------------+---------+-----+--------+--------+-----+
|Total            |       80|  200|  736442|  318778|    0|
+-----------------+---------+-----+--------+--------+-----+
|Available        |      120|   80|   35200|   17600|    0|
+-----------------+---------+-----+--------+--------+-----+
|Utilization (%)  |       66|  250|    2092|    1811|    0|
+-----------------+---------+-----+--------+--------+-----+

+ Detail: 
    * Instance: 
    +------------------+-------+---------+----+--------+-------+-----+
    |     Instance     | Module| BRAM_18K| DSP|   FF   |  LUT  | URAM|
    +------------------+-------+---------+----+--------+-------+-----+
    |grp_dense_fu_76   |dense  |       20|  50|  183861|  78980|    0|
    |grp_dense_fu_126  |dense  |       20|  50|  183861|  78980|    0|
    |grp_dense_fu_176  |dense  |       20|  50|  183861|  78980|    0|
    |grp_dense_fu_226  |dense  |       20|  50|  183861|  78980|    0|
    +------------------+-------+---------+----+--------+-------+-----+
    |Total             |       |       80| 200|  735444| 315920|    0|
    +------------------+-------+---------+----+--------+-------+-----+

    * DSP: 
    N/A

    * Memory: 
    N/A

    * FIFO: 
    N/A

    * Expression: 
    +-------------------------------+----------+----+---+----+------------+------------+
    |         Variable Name         | Operation| DSP| FF| LUT| Bitwidth P0| Bitwidth P1|
    +-------------------------------+----------+----+---+----+------------+------------+
    |ap_block_state1                |        or|   0|  0|   2|           1|           1|
    |ap_block_state10               |        or|   0|  0|   2|           1|           1|
    |ap_block_state1_ignore_call10  |        or|   0|  0|   2|           1|           1|
    |ap_block_state1_ignore_call11  |        or|   0|  0|   2|           1|           1|
    |ap_block_state1_ignore_call8   |        or|   0|  0|   2|           1|           1|
    |ap_block_state1_ignore_call9   |        or|   0|  0|   2|           1|           1|
    +-------------------------------+----------+----+---+----+------------+------------+
    |Total                          |          |   0|  0|  12|           6|           6|
    +-------------------------------+----------+----+---+----+------------+------------+

    * Multiplexer: 
    +----------------------------------+------+-----------+-----+-----------+
    |               Name               |  LUT | Input Size| Bits| Total Bits|
    +----------------------------------+------+-----------+-----+-----------+
    |ap_NS_fsm                         |  2693|        998|    1|        998|
    |ap_done                           |     9|          2|    1|          2|
    |dense_to_softmax_streams_0_blk_n  |     9|          2|    1|          2|
    |dense_to_softmax_streams_0_write  |     9|          2|    1|          2|
    |dense_to_softmax_streams_1_blk_n  |     9|          2|    1|          2|
    |dense_to_softmax_streams_1_write  |     9|          2|    1|          2|
    |dense_to_softmax_streams_2_blk_n  |     9|          2|    1|          2|
    |dense_to_softmax_streams_2_write  |     9|          2|    1|          2|
    |dense_to_softmax_streams_3_blk_n  |     9|          2|    1|          2|
    |dense_to_softmax_streams_3_write  |     9|          2|    1|          2|
    |flat_to_dense_streams_0_blk_n     |     9|          2|    1|          2|
    |flat_to_dense_streams_0_read      |     9|          2|    1|          2|
    |flat_to_dense_streams_1_blk_n     |     9|          2|    1|          2|
    |flat_to_dense_streams_1_read      |     9|          2|    1|          2|
    |flat_to_dense_streams_2_blk_n     |     9|          2|    1|          2|
    |flat_to_dense_streams_2_read      |     9|          2|    1|          2|
    |flat_to_dense_streams_3_blk_n     |     9|          2|    1|          2|
    |flat_to_dense_streams_3_read      |     9|          2|    1|          2|
    +----------------------------------+------+-----------+-----+-----------+
    |Total                             |  2846|       1032|   18|       1032|
    +----------------------------------+------+-----------+-----+-----------+

    * Register: 
    +-------------+-----+----+-----+-----------+
    |     Name    |  FF | LUT| Bits| Const Bits|
    +-------------+-----+----+-----+-----------+
    |ap_CS_fsm    |  997|   0|  997|          0|
    |ap_done_reg  |    1|   0|    1|          0|
    +-------------+-----+----+-----+-----------+
    |Total        |  998|   0|  998|          0|
    +-------------+-----+----+-----+-----------+



================================================================
== Interface
================================================================
* Summary: 
+-------------------------------------------+-----+-----+------------+----------------------------+--------------+
|                 RTL Ports                 | Dir | Bits|  Protocol  |        Source Object       |    C Type    |
+-------------------------------------------+-----+-----+------------+----------------------------+--------------+
|ap_clk                                     |   in|    1|  ap_ctrl_hs|                 dense_layer|  return value|
|ap_rst                                     |   in|    1|  ap_ctrl_hs|                 dense_layer|  return value|
|ap_start                                   |   in|    1|  ap_ctrl_hs|                 dense_layer|  return value|
|ap_done                                    |  out|    1|  ap_ctrl_hs|                 dense_layer|  return value|
|ap_continue                                |   in|    1|  ap_ctrl_hs|                 dense_layer|  return value|
|ap_idle                                    |  out|    1|  ap_ctrl_hs|                 dense_layer|  return value|
|ap_ready                                   |  out|    1|  ap_ctrl_hs|                 dense_layer|  return value|
|flat_to_dense_streams_0_dout               |   in|   32|     ap_fifo|     flat_to_dense_streams_0|       pointer|
|flat_to_dense_streams_0_num_data_valid     |   in|    9|     ap_fifo|     flat_to_dense_streams_0|       pointer|
|flat_to_dense_streams_0_fifo_cap           |   in|    9|     ap_fifo|     flat_to_dense_streams_0|       pointer|
|flat_to_dense_streams_0_empty_n            |   in|    1|     ap_fifo|     flat_to_dense_streams_0|       pointer|
|flat_to_dense_streams_0_read               |  out|    1|     ap_fifo|     flat_to_dense_streams_0|       pointer|
|flat_to_dense_streams_1_dout               |   in|   32|     ap_fifo|     flat_to_dense_streams_1|       pointer|
|flat_to_dense_streams_1_num_data_valid     |   in|    9|     ap_fifo|     flat_to_dense_streams_1|       pointer|
|flat_to_dense_streams_1_fifo_cap           |   in|    9|     ap_fifo|     flat_to_dense_streams_1|       pointer|
|flat_to_dense_streams_1_empty_n            |   in|    1|     ap_fifo|     flat_to_dense_streams_1|       pointer|
|flat_to_dense_streams_1_read               |  out|    1|     ap_fifo|     flat_to_dense_streams_1|       pointer|
|flat_to_dense_streams_2_dout               |   in|   32|     ap_fifo|     flat_to_dense_streams_2|       pointer|
|flat_to_dense_streams_2_num_data_valid     |   in|    9|     ap_fifo|     flat_to_dense_streams_2|       pointer|
|flat_to_dense_streams_2_fifo_cap           |   in|    9|     ap_fifo|     flat_to_dense_streams_2|       pointer|
|flat_to_dense_streams_2_empty_n            |   in|    1|     ap_fifo|     flat_to_dense_streams_2|       pointer|
|flat_to_dense_streams_2_read               |  out|    1|     ap_fifo|     flat_to_dense_streams_2|       pointer|
|flat_to_dense_streams_3_dout               |   in|   32|     ap_fifo|     flat_to_dense_streams_3|       pointer|
|flat_to_dense_streams_3_num_data_valid     |   in|    9|     ap_fifo|     flat_to_dense_streams_3|       pointer|
|flat_to_dense_streams_3_fifo_cap           |   in|    9|     ap_fifo|     flat_to_dense_streams_3|       pointer|
|flat_to_dense_streams_3_empty_n            |   in|    1|     ap_fifo|     flat_to_dense_streams_3|       pointer|
|flat_to_dense_streams_3_read               |  out|    1|     ap_fifo|     flat_to_dense_streams_3|       pointer|
|dense_to_softmax_streams_0_din             |  out|   32|     ap_fifo|  dense_to_softmax_streams_0|       pointer|
|dense_to_softmax_streams_0_num_data_valid  |   in|    5|     ap_fifo|  dense_to_softmax_streams_0|       pointer|
|dense_to_softmax_streams_0_fifo_cap        |   in|    5|     ap_fifo|  dense_to_softmax_streams_0|       pointer|
|dense_to_softmax_streams_0_full_n          |   in|    1|     ap_fifo|  dense_to_softmax_streams_0|       pointer|
|dense_to_softmax_streams_0_write           |  out|    1|     ap_fifo|  dense_to_softmax_streams_0|       pointer|
|dense_to_softmax_streams_1_din             |  out|   32|     ap_fifo|  dense_to_softmax_streams_1|       pointer|
|dense_to_softmax_streams_1_num_data_valid  |   in|    5|     ap_fifo|  dense_to_softmax_streams_1|       pointer|
|dense_to_softmax_streams_1_fifo_cap        |   in|    5|     ap_fifo|  dense_to_softmax_streams_1|       pointer|
|dense_to_softmax_streams_1_full_n          |   in|    1|     ap_fifo|  dense_to_softmax_streams_1|       pointer|
|dense_to_softmax_streams_1_write           |  out|    1|     ap_fifo|  dense_to_softmax_streams_1|       pointer|
|dense_to_softmax_streams_2_din             |  out|   32|     ap_fifo|  dense_to_softmax_streams_2|       pointer|
|dense_to_softmax_streams_2_num_data_valid  |   in|    5|     ap_fifo|  dense_to_softmax_streams_2|       pointer|
|dense_to_softmax_streams_2_fifo_cap        |   in|    5|     ap_fifo|  dense_to_softmax_streams_2|       pointer|
|dense_to_softmax_streams_2_full_n          |   in|    1|     ap_fifo|  dense_to_softmax_streams_2|       pointer|
|dense_to_softmax_streams_2_write           |  out|    1|     ap_fifo|  dense_to_softmax_streams_2|       pointer|
|dense_to_softmax_streams_3_din             |  out|   32|     ap_fifo|  dense_to_softmax_streams_3|       pointer|
|dense_to_softmax_streams_3_num_data_valid  |   in|    5|     ap_fifo|  dense_to_softmax_streams_3|       pointer|
|dense_to_softmax_streams_3_fifo_cap        |   in|    5|     ap_fifo|  dense_to_softmax_streams_3|       pointer|
|dense_to_softmax_streams_3_full_n          |   in|    1|     ap_fifo|  dense_to_softmax_streams_3|       pointer|
|dense_to_softmax_streams_3_write           |  out|    1|     ap_fifo|  dense_to_softmax_streams_3|       pointer|
+-------------------------------------------+-----+-----+------------+----------------------------+--------------+

