\BOOKMARK [1][-]{section.1}{\376\377\006\064\006\050\006\314\006\107\040\014\006\063\006\047\006\062\000\040\000C\000A\000C\000T\000I}{}% 1
\BOOKMARK [2][-]{subsection.1.1}{\376\377\006\057\006\047\006\106\006\104\006\110\006\057\000\040\006\110\000\040\006\106\006\065\006\050}{section.1}% 2
\BOOKMARK [3][-]{subsubsection.1.1.1}{\376\377\006\057\006\047\006\106\006\104\006\110\006\057\000\040\006\064\006\050\006\314\006\107\040\014\006\063\006\047\006\062}{subsection.1.1}% 3
\BOOKMARK [3][-]{subsubsection.1.1.2}{\376\377\006\050\006\314\006\104\006\057\000\040\006\064\006\050\006\314\006\107\040\014\006\063\006\047\006\062}{subsection.1.1}% 4
\BOOKMARK [3][-]{subsubsection.1.1.3}{\376\377\006\052\006\106\006\070\006\314\006\105\000\040\006\176\006\047\006\061\006\047\006\105\006\052\006\061\040\014\006\107\006\047\006\314\000\040\000C\000a\000c\000h\000e}{subsection.1.1}% 5
\BOOKMARK [3][-]{subsubsection.1.1.4}{\376\377\006\047\006\054\006\061\006\047\006\314\000\040\006\064\006\050\006\314\006\107\040\014\006\063\006\047\006\062\006\314}{subsection.1.1}% 6
\BOOKMARK [2][-]{subsection.1.2}{\376\377\006\105\006\062\006\047\006\314\006\047}{section.1}% 7
\BOOKMARK [2][-]{subsection.1.3}{\376\377\006\105\006\071\006\047\006\314\006\050}{section.1}% 8
\BOOKMARK [1][-]{section.2}{\376\377\006\064\006\050\006\314\006\107\040\014\006\063\006\047\006\062\000\040\000N\000V\000S\000I\000M}{}% 9
\BOOKMARK [2][-]{subsection.2.1}{\376\377\006\057\006\047\006\106\006\104\006\110\006\057\000\040\006\110\000\040\006\106\006\065\006\050}{section.2}% 10
\BOOKMARK [2][-]{subsection.2.2}{\376\377\006\052\006\106\006\070\006\314\006\105\006\047\006\052\000\040\006\101\006\047\006\314\006\104\000\040\006\251\006\047\006\106\006\101\006\314\006\257}{section.2}% 11
\BOOKMARK [2][-]{subsection.2.3}{\376\377\006\047\006\054\006\061\006\047\006\314\000\040\006\064\006\050\006\314\006\107\040\014\006\063\006\047\006\062\006\314}{section.2}% 12
\BOOKMARK [2][-]{subsection.2.4}{\376\377\006\105\006\062\006\047\006\314\006\047}{section.2}% 13
\BOOKMARK [2][-]{subsection.2.5}{\376\377\006\105\006\071\006\047\006\314\006\050}{section.2}% 14
\BOOKMARK [1][-]{section.3}{\376\377\006\064\006\050\006\314\006\107\040\014\006\063\006\047\006\062\000\040\000D\000R\000A\000M\000S\000I\000M}{}% 15
\BOOKMARK [2][-]{subsection.3.1}{\376\377\006\057\006\047\006\106\006\104\006\110\006\057\000\040\006\110\000\040\006\106\006\065\006\050}{section.3}% 16
\BOOKMARK [2][-]{subsection.3.2}{\376\377\006\050\006\314\006\104\006\057\000\040\006\064\006\050\006\314\006\107\040\014\006\063\006\047\006\062}{section.3}% 17
\BOOKMARK [2][-]{subsection.3.3}{\376\377\006\047\006\054\006\061\006\047\006\314\000\040\006\064\006\050\006\314\006\107\040\014\006\063\006\047\006\062\006\314}{section.3}% 18
\BOOKMARK [2][-]{subsection.3.4}{\376\377\006\105\006\062\006\047\006\314\006\047}{section.3}% 19
\BOOKMARK [2][-]{subsection.3.5}{\376\377\006\105\006\071\006\047\006\314\006\050}{section.3}% 20
\BOOKMARK [1][-]{section.4}{\376\377\006\064\006\050\006\314\006\107\040\014\006\063\006\047\006\062\000\040\000S\000i\000m\000p\000l\000e\000S\000c\000a\000l\000e\000r}{}% 21
\BOOKMARK [2][-]{subsection.4.1}{\376\377\006\057\006\047\006\106\006\104\006\110\006\057\000\040\006\110\000\040\006\106\006\065\006\050}{section.4}% 22
\BOOKMARK [2][-]{subsection.4.2}{\376\377\006\106\006\065\006\050\000\040\006\176\006\314\006\064\006\106\006\314\006\047\006\062\000\040\006\107\006\047}{section.4}% 23
\BOOKMARK [2][-]{subsection.4.3}{\376\377\006\050\006\314\006\104\006\057\000\040\006\064\006\050\006\314\006\107\040\014\006\063\006\047\006\062}{section.4}% 24
\BOOKMARK [2][-]{subsection.4.4}{\376\377\006\047\006\054\006\061\006\047\006\314\000\040\006\050\006\061\006\106\006\047\006\105\006\107}{section.4}% 25
\BOOKMARK [2][-]{subsection.4.5}{\376\377\006\105\006\062\006\047\006\314\006\047}{section.4}% 26
\BOOKMARK [2][-]{subsection.4.6}{\376\377\006\105\006\071\006\047\006\314\006\050}{section.4}% 27
