

================================================================
== Vitis HLS Report for 'cnn'
================================================================
* Date:           Thu Jan 23 17:45:28 2025

* Version:        2023.2 (Build 4023990 on Oct 11 2023)
* Project:        CNN_Optimal
* Solution:       solution1 (Vivado IP Flow Target)
* Product family: zynq
* Target device:  xc7z010-clg400-1


================================================================
== Performance Estimates
================================================================
+ Timing: 
    * Summary: 
    +--------+----------+----------+------------+
    |  Clock |  Target  | Estimated| Uncertainty|
    +--------+----------+----------+------------+
    |ap_clk  |  10.00 ns|  8.643 ns|     2.70 ns|
    +--------+----------+----------+------------+

+ Latency: 
    * Summary: 
    +---------+---------+----------+----------+-------+-------+---------+
    |  Latency (cycles) |  Latency (absolute) |    Interval   | Pipeline|
    |   min   |   max   |    min   |    max   |  min  |  max  |   Type  |
    +---------+---------+----------+----------+-------+-------+---------+
    |    22980|    22980|  0.230 ms|  0.230 ms|  22981|  22981|       no|
    +---------+---------+----------+----------+-------+-------+---------+

    + Detail: 
        * Instance: 
        +-------------------------------------------------------+--------------------------------------------+---------+---------+-----------+-----------+-------+-------+----------+
        |                                                       |                                            |  Latency (cycles) |   Latency (absolute)  |    Interval   | Pipeline |
        |                        Instance                       |                   Module                   |   min   |   max   |    min    |    max    |  min  |  max  |   Type   |
        +-------------------------------------------------------+--------------------------------------------+---------+---------+-----------+-----------+-------+-------+----------+
        |grp_cnn_Pipeline_1_fu_342                              |cnn_Pipeline_1                              |     1158|     1158|  11.580 us|  11.580 us|   1158|   1158|        no|
        |grp_cnn_Pipeline_pad_for_rows_pad_for_cols_fu_348      |cnn_Pipeline_pad_for_rows_pad_for_cols      |      804|      804|   8.040 us|   8.040 us|    804|    804|        no|
        |grp_cnn_Pipeline_clone_for_rows_clone_for_cols_fu_355  |cnn_Pipeline_clone_for_rows_clone_for_cols  |     1167|     1167|  11.670 us|  11.670 us|   1167|   1167|        no|
        |grp_dataflow_section_fu_411                            |dataflow_section                            |    19844|    19844|   0.198 ms|   0.198 ms|  19845|  19845|  dataflow|
        +-------------------------------------------------------+--------------------------------------------+---------+---------+-----------+-----------+-------+-------+----------+

        * Loop: 
        N/A

============================================================
+ Verbose Summary: Synthesis Manager
============================================================
InlineROM: 1
ExposeGlobal: 0
============================================================
+ Verbose Summary: CDFG Model
============================================================
IsTopModel: 1
ResetActiveHigh: 1
IsCombinational: 0
IsDatapathOnly: 0
HasWiredReturn: 1
HasMFsm: 0
HasVarLatency: 1
IsPipeline: 0
IsRtlPipelined: 0
IsInstanceOverlapped: 0
IsDontTouch: 0
HasImplIP: 0
IsGatedGlobalClock: 0


============================================================
+ Verbose Summary: Schedule
============================================================
* Number of FSM states : 8
* Pipeline : 0
* Dataflow Pipeline: 0

* FSM state transitions: 
1 --> 2 
2 --> 3 
3 --> 4 
4 --> 5 
5 --> 6 
6 --> 7 
7 --> 8 
8 --> 

* FSM state operations: 

State 1 <SV = 0> <Delay = 3.25>
ST_1 : Operation 9 [1/1] (3.25ns)   --->   "%pad_img0 = alloca i64 1" [CNN_Optimal/src/cnn.cpp:67]   --->   Operation 9 'alloca' 'pad_img0' <Predicate = true> <Delay = 3.25>
ST_1 : Operation 10 [1/1] (3.25ns)   --->   "%pad_img1 = alloca i64 1" [CNN_Optimal/src/cnn.cpp:78]   --->   Operation 10 'alloca' 'pad_img1' <Predicate = true> <Delay = 3.25>
ST_1 : Operation 11 [1/1] (3.25ns)   --->   "%pad_img2 = alloca i64 1" [CNN_Optimal/src/cnn.cpp:79]   --->   Operation 11 'alloca' 'pad_img2' <Predicate = true> <Delay = 3.25>
ST_1 : Operation 12 [1/1] (2.32ns)   --->   "%pad_img3 = alloca i64 1" [CNN_Optimal/src/cnn.cpp:80]   --->   Operation 12 'alloca' 'pad_img3' <Predicate = true> <Delay = 2.32>
ST_1 : Operation 13 [1/1] (2.32ns)   --->   "%pad_img3_1 = alloca i64 1" [CNN_Optimal/src/cnn.cpp:80]   --->   Operation 13 'alloca' 'pad_img3_1' <Predicate = true> <Delay = 2.32>
ST_1 : Operation 14 [1/1] (2.32ns)   --->   "%pad_img3_2 = alloca i64 1" [CNN_Optimal/src/cnn.cpp:80]   --->   Operation 14 'alloca' 'pad_img3_2' <Predicate = true> <Delay = 2.32>
ST_1 : Operation 15 [1/1] (2.32ns)   --->   "%pad_img3_3 = alloca i64 1" [CNN_Optimal/src/cnn.cpp:80]   --->   Operation 15 'alloca' 'pad_img3_3' <Predicate = true> <Delay = 2.32>
ST_1 : Operation 16 [1/1] (2.32ns)   --->   "%pad_img3_4 = alloca i64 1" [CNN_Optimal/src/cnn.cpp:80]   --->   Operation 16 'alloca' 'pad_img3_4' <Predicate = true> <Delay = 2.32>
ST_1 : Operation 17 [1/1] (2.32ns)   --->   "%pad_img3_5 = alloca i64 1" [CNN_Optimal/src/cnn.cpp:80]   --->   Operation 17 'alloca' 'pad_img3_5' <Predicate = true> <Delay = 2.32>
ST_1 : Operation 18 [1/1] (2.32ns)   --->   "%pad_img3_6 = alloca i64 1" [CNN_Optimal/src/cnn.cpp:80]   --->   Operation 18 'alloca' 'pad_img3_6' <Predicate = true> <Delay = 2.32>
ST_1 : Operation 19 [1/1] (2.32ns)   --->   "%pad_img3_7 = alloca i64 1" [CNN_Optimal/src/cnn.cpp:80]   --->   Operation 19 'alloca' 'pad_img3_7' <Predicate = true> <Delay = 2.32>
ST_1 : Operation 20 [1/1] (2.32ns)   --->   "%pad_img3_8 = alloca i64 1" [CNN_Optimal/src/cnn.cpp:80]   --->   Operation 20 'alloca' 'pad_img3_8' <Predicate = true> <Delay = 2.32>
ST_1 : Operation 21 [1/1] (2.32ns)   --->   "%pad_img3_9 = alloca i64 1" [CNN_Optimal/src/cnn.cpp:80]   --->   Operation 21 'alloca' 'pad_img3_9' <Predicate = true> <Delay = 2.32>
ST_1 : Operation 22 [1/1] (2.32ns)   --->   "%pad_img3_10 = alloca i64 1" [CNN_Optimal/src/cnn.cpp:80]   --->   Operation 22 'alloca' 'pad_img3_10' <Predicate = true> <Delay = 2.32>
ST_1 : Operation 23 [1/1] (2.32ns)   --->   "%pad_img3_11 = alloca i64 1" [CNN_Optimal/src/cnn.cpp:80]   --->   Operation 23 'alloca' 'pad_img3_11' <Predicate = true> <Delay = 2.32>
ST_1 : Operation 24 [1/1] (2.32ns)   --->   "%pad_img3_12 = alloca i64 1" [CNN_Optimal/src/cnn.cpp:80]   --->   Operation 24 'alloca' 'pad_img3_12' <Predicate = true> <Delay = 2.32>
ST_1 : Operation 25 [1/1] (2.32ns)   --->   "%pad_img3_13 = alloca i64 1" [CNN_Optimal/src/cnn.cpp:80]   --->   Operation 25 'alloca' 'pad_img3_13' <Predicate = true> <Delay = 2.32>
ST_1 : Operation 26 [1/1] (2.32ns)   --->   "%pad_img3_14 = alloca i64 1" [CNN_Optimal/src/cnn.cpp:80]   --->   Operation 26 'alloca' 'pad_img3_14' <Predicate = true> <Delay = 2.32>
ST_1 : Operation 27 [1/1] (2.32ns)   --->   "%pad_img3_15 = alloca i64 1" [CNN_Optimal/src/cnn.cpp:80]   --->   Operation 27 'alloca' 'pad_img3_15' <Predicate = true> <Delay = 2.32>
ST_1 : Operation 28 [1/1] (2.32ns)   --->   "%pad_img3_16 = alloca i64 1" [CNN_Optimal/src/cnn.cpp:80]   --->   Operation 28 'alloca' 'pad_img3_16' <Predicate = true> <Delay = 2.32>
ST_1 : Operation 29 [1/1] (2.32ns)   --->   "%pad_img3_17 = alloca i64 1" [CNN_Optimal/src/cnn.cpp:80]   --->   Operation 29 'alloca' 'pad_img3_17' <Predicate = true> <Delay = 2.32>
ST_1 : Operation 30 [1/1] (2.32ns)   --->   "%pad_img3_18 = alloca i64 1" [CNN_Optimal/src/cnn.cpp:80]   --->   Operation 30 'alloca' 'pad_img3_18' <Predicate = true> <Delay = 2.32>
ST_1 : Operation 31 [1/1] (2.32ns)   --->   "%pad_img3_19 = alloca i64 1" [CNN_Optimal/src/cnn.cpp:80]   --->   Operation 31 'alloca' 'pad_img3_19' <Predicate = true> <Delay = 2.32>
ST_1 : Operation 32 [1/1] (2.32ns)   --->   "%pad_img3_20 = alloca i64 1" [CNN_Optimal/src/cnn.cpp:80]   --->   Operation 32 'alloca' 'pad_img3_20' <Predicate = true> <Delay = 2.32>
ST_1 : Operation 33 [1/1] (2.32ns)   --->   "%pad_img3_21 = alloca i64 1" [CNN_Optimal/src/cnn.cpp:80]   --->   Operation 33 'alloca' 'pad_img3_21' <Predicate = true> <Delay = 2.32>
ST_1 : Operation 34 [1/1] (2.32ns)   --->   "%pad_img3_22 = alloca i64 1" [CNN_Optimal/src/cnn.cpp:80]   --->   Operation 34 'alloca' 'pad_img3_22' <Predicate = true> <Delay = 2.32>
ST_1 : Operation 35 [1/1] (2.32ns)   --->   "%pad_img3_23 = alloca i64 1" [CNN_Optimal/src/cnn.cpp:80]   --->   Operation 35 'alloca' 'pad_img3_23' <Predicate = true> <Delay = 2.32>
ST_1 : Operation 36 [1/1] (2.32ns)   --->   "%pad_img3_24 = alloca i64 1" [CNN_Optimal/src/cnn.cpp:80]   --->   Operation 36 'alloca' 'pad_img3_24' <Predicate = true> <Delay = 2.32>
ST_1 : Operation 37 [1/1] (2.32ns)   --->   "%pad_img3_25 = alloca i64 1" [CNN_Optimal/src/cnn.cpp:80]   --->   Operation 37 'alloca' 'pad_img3_25' <Predicate = true> <Delay = 2.32>
ST_1 : Operation 38 [1/1] (2.32ns)   --->   "%pad_img3_26 = alloca i64 1" [CNN_Optimal/src/cnn.cpp:80]   --->   Operation 38 'alloca' 'pad_img3_26' <Predicate = true> <Delay = 2.32>
ST_1 : Operation 39 [1/1] (2.32ns)   --->   "%pad_img3_27 = alloca i64 1" [CNN_Optimal/src/cnn.cpp:80]   --->   Operation 39 'alloca' 'pad_img3_27' <Predicate = true> <Delay = 2.32>
ST_1 : Operation 40 [1/1] (2.32ns)   --->   "%pad_img3_28 = alloca i64 1" [CNN_Optimal/src/cnn.cpp:80]   --->   Operation 40 'alloca' 'pad_img3_28' <Predicate = true> <Delay = 2.32>
ST_1 : Operation 41 [1/1] (2.32ns)   --->   "%pad_img3_29 = alloca i64 1" [CNN_Optimal/src/cnn.cpp:80]   --->   Operation 41 'alloca' 'pad_img3_29' <Predicate = true> <Delay = 2.32>
ST_1 : Operation 42 [1/1] (2.32ns)   --->   "%pad_img3_30 = alloca i64 1" [CNN_Optimal/src/cnn.cpp:80]   --->   Operation 42 'alloca' 'pad_img3_30' <Predicate = true> <Delay = 2.32>
ST_1 : Operation 43 [1/1] (2.32ns)   --->   "%pad_img3_31 = alloca i64 1" [CNN_Optimal/src/cnn.cpp:80]   --->   Operation 43 'alloca' 'pad_img3_31' <Predicate = true> <Delay = 2.32>
ST_1 : Operation 44 [1/1] (2.32ns)   --->   "%pad_img3_32 = alloca i64 1" [CNN_Optimal/src/cnn.cpp:80]   --->   Operation 44 'alloca' 'pad_img3_32' <Predicate = true> <Delay = 2.32>
ST_1 : Operation 45 [1/1] (2.32ns)   --->   "%pad_img3_33 = alloca i64 1" [CNN_Optimal/src/cnn.cpp:80]   --->   Operation 45 'alloca' 'pad_img3_33' <Predicate = true> <Delay = 2.32>
ST_1 : Operation 46 [1/1] (2.32ns)   --->   "%pad_img3_34 = alloca i64 1" [CNN_Optimal/src/cnn.cpp:80]   --->   Operation 46 'alloca' 'pad_img3_34' <Predicate = true> <Delay = 2.32>
ST_1 : Operation 47 [1/1] (2.32ns)   --->   "%pad_img3_35 = alloca i64 1" [CNN_Optimal/src/cnn.cpp:80]   --->   Operation 47 'alloca' 'pad_img3_35' <Predicate = true> <Delay = 2.32>
ST_1 : Operation 48 [1/1] (2.32ns)   --->   "%pad_img3_36 = alloca i64 1" [CNN_Optimal/src/cnn.cpp:80]   --->   Operation 48 'alloca' 'pad_img3_36' <Predicate = true> <Delay = 2.32>
ST_1 : Operation 49 [1/1] (2.32ns)   --->   "%pad_img3_37 = alloca i64 1" [CNN_Optimal/src/cnn.cpp:80]   --->   Operation 49 'alloca' 'pad_img3_37' <Predicate = true> <Delay = 2.32>
ST_1 : Operation 50 [1/1] (2.32ns)   --->   "%pad_img3_38 = alloca i64 1" [CNN_Optimal/src/cnn.cpp:80]   --->   Operation 50 'alloca' 'pad_img3_38' <Predicate = true> <Delay = 2.32>
ST_1 : Operation 51 [1/1] (2.32ns)   --->   "%pad_img3_39 = alloca i64 1" [CNN_Optimal/src/cnn.cpp:80]   --->   Operation 51 'alloca' 'pad_img3_39' <Predicate = true> <Delay = 2.32>
ST_1 : Operation 52 [1/1] (2.32ns)   --->   "%pad_img3_40 = alloca i64 1" [CNN_Optimal/src/cnn.cpp:80]   --->   Operation 52 'alloca' 'pad_img3_40' <Predicate = true> <Delay = 2.32>
ST_1 : Operation 53 [1/1] (2.32ns)   --->   "%pad_img3_41 = alloca i64 1" [CNN_Optimal/src/cnn.cpp:80]   --->   Operation 53 'alloca' 'pad_img3_41' <Predicate = true> <Delay = 2.32>
ST_1 : Operation 54 [1/1] (2.32ns)   --->   "%pad_img3_42 = alloca i64 1" [CNN_Optimal/src/cnn.cpp:80]   --->   Operation 54 'alloca' 'pad_img3_42' <Predicate = true> <Delay = 2.32>
ST_1 : Operation 55 [1/1] (2.32ns)   --->   "%pad_img3_43 = alloca i64 1" [CNN_Optimal/src/cnn.cpp:80]   --->   Operation 55 'alloca' 'pad_img3_43' <Predicate = true> <Delay = 2.32>
ST_1 : Operation 56 [1/1] (2.32ns)   --->   "%pad_img3_44 = alloca i64 1" [CNN_Optimal/src/cnn.cpp:80]   --->   Operation 56 'alloca' 'pad_img3_44' <Predicate = true> <Delay = 2.32>
ST_1 : Operation 57 [1/1] (2.32ns)   --->   "%pad_img3_45 = alloca i64 1" [CNN_Optimal/src/cnn.cpp:80]   --->   Operation 57 'alloca' 'pad_img3_45' <Predicate = true> <Delay = 2.32>
ST_1 : Operation 58 [1/1] (2.32ns)   --->   "%pad_img3_46 = alloca i64 1" [CNN_Optimal/src/cnn.cpp:80]   --->   Operation 58 'alloca' 'pad_img3_46' <Predicate = true> <Delay = 2.32>
ST_1 : Operation 59 [1/1] (2.32ns)   --->   "%pad_img3_47 = alloca i64 1" [CNN_Optimal/src/cnn.cpp:80]   --->   Operation 59 'alloca' 'pad_img3_47' <Predicate = true> <Delay = 2.32>
ST_1 : Operation 60 [1/1] (2.32ns)   --->   "%pad_img3_48 = alloca i64 1" [CNN_Optimal/src/cnn.cpp:80]   --->   Operation 60 'alloca' 'pad_img3_48' <Predicate = true> <Delay = 2.32>
ST_1 : Operation 61 [2/2] (0.00ns)   --->   "%call_ln0 = call void @cnn_Pipeline_1, i32 %pad_img0"   --->   Operation 61 'call' 'call_ln0' <Predicate = true> <Delay = 0.00> <CoreType = "Generic">   --->   Core 0 '' <Latency = 0> <II = 1> <Delay = 1.00> <Generic> <Opcode : >

State 2 <SV = 1> <Delay = 0.00>
ST_2 : Operation 62 [1/2] (0.00ns)   --->   "%call_ln0 = call void @cnn_Pipeline_1, i32 %pad_img0"   --->   Operation 62 'call' 'call_ln0' <Predicate = true> <Delay = 0.00> <CoreType = "Generic">   --->   Core 0 '' <Latency = 0> <II = 1> <Delay = 1.00> <Generic> <Opcode : >

State 3 <SV = 2> <Delay = 0.00>
ST_3 : Operation 63 [2/2] (0.00ns)   --->   "%call_ln0 = call void @cnn_Pipeline_pad_for_rows_pad_for_cols, i32 %img_in, i32 %pad_img0"   --->   Operation 63 'call' 'call_ln0' <Predicate = true> <Delay = 0.00> <CoreType = "Generic">   --->   Core 0 '' <Latency = 0> <II = 1> <Delay = 1.00> <Generic> <Opcode : >

State 4 <SV = 3> <Delay = 0.00>
ST_4 : Operation 64 [1/2] (0.00ns)   --->   "%call_ln0 = call void @cnn_Pipeline_pad_for_rows_pad_for_cols, i32 %img_in, i32 %pad_img0"   --->   Operation 64 'call' 'call_ln0' <Predicate = true> <Delay = 0.00> <CoreType = "Generic">   --->   Core 0 '' <Latency = 0> <II = 1> <Delay = 1.00> <Generic> <Opcode : >

State 5 <SV = 4> <Delay = 0.00>
ST_5 : Operation 65 [2/2] (0.00ns)   --->   "%call_ln0 = call void @cnn_Pipeline_clone_for_rows_clone_for_cols, i32 %pad_img0, i32 %pad_img1, i32 %pad_img2, i32 %pad_img3, i32 %pad_img3_1, i32 %pad_img3_2, i32 %pad_img3_3, i32 %pad_img3_4, i32 %pad_img3_5, i32 %pad_img3_6, i32 %pad_img3_7, i32 %pad_img3_8, i32 %pad_img3_9, i32 %pad_img3_10, i32 %pad_img3_11, i32 %pad_img3_12, i32 %pad_img3_13, i32 %pad_img3_14, i32 %pad_img3_15, i32 %pad_img3_16, i32 %pad_img3_17, i32 %pad_img3_18, i32 %pad_img3_19, i32 %pad_img3_20, i32 %pad_img3_21, i32 %pad_img3_22, i32 %pad_img3_23, i32 %pad_img3_24, i32 %pad_img3_25, i32 %pad_img3_26, i32 %pad_img3_27, i32 %pad_img3_28, i32 %pad_img3_29, i32 %pad_img3_30, i32 %pad_img3_31, i32 %pad_img3_32, i32 %pad_img3_33, i32 %pad_img3_34, i32 %pad_img3_35, i32 %pad_img3_36, i32 %pad_img3_37, i32 %pad_img3_38, i32 %pad_img3_39, i32 %pad_img3_40, i32 %pad_img3_41, i32 %pad_img3_42, i32 %pad_img3_43, i32 %pad_img3_44, i32 %pad_img3_45, i32 %pad_img3_46, i32 %pad_img3_47, i32 %pad_img3_48"   --->   Operation 65 'call' 'call_ln0' <Predicate = true> <Delay = 0.00> <CoreType = "Generic">   --->   Core 0 '' <Latency = 0> <II = 1> <Delay = 1.00> <Generic> <Opcode : >

State 6 <SV = 5> <Delay = 0.00>
ST_6 : Operation 66 [1/2] (0.00ns)   --->   "%call_ln0 = call void @cnn_Pipeline_clone_for_rows_clone_for_cols, i32 %pad_img0, i32 %pad_img1, i32 %pad_img2, i32 %pad_img3, i32 %pad_img3_1, i32 %pad_img3_2, i32 %pad_img3_3, i32 %pad_img3_4, i32 %pad_img3_5, i32 %pad_img3_6, i32 %pad_img3_7, i32 %pad_img3_8, i32 %pad_img3_9, i32 %pad_img3_10, i32 %pad_img3_11, i32 %pad_img3_12, i32 %pad_img3_13, i32 %pad_img3_14, i32 %pad_img3_15, i32 %pad_img3_16, i32 %pad_img3_17, i32 %pad_img3_18, i32 %pad_img3_19, i32 %pad_img3_20, i32 %pad_img3_21, i32 %pad_img3_22, i32 %pad_img3_23, i32 %pad_img3_24, i32 %pad_img3_25, i32 %pad_img3_26, i32 %pad_img3_27, i32 %pad_img3_28, i32 %pad_img3_29, i32 %pad_img3_30, i32 %pad_img3_31, i32 %pad_img3_32, i32 %pad_img3_33, i32 %pad_img3_34, i32 %pad_img3_35, i32 %pad_img3_36, i32 %pad_img3_37, i32 %pad_img3_38, i32 %pad_img3_39, i32 %pad_img3_40, i32 %pad_img3_41, i32 %pad_img3_42, i32 %pad_img3_43, i32 %pad_img3_44, i32 %pad_img3_45, i32 %pad_img3_46, i32 %pad_img3_47, i32 %pad_img3_48"   --->   Operation 66 'call' 'call_ln0' <Predicate = true> <Delay = 0.00> <CoreType = "Generic">   --->   Core 0 '' <Latency = 0> <II = 1> <Delay = 1.00> <Generic> <Opcode : >

State 7 <SV = 6> <Delay = 0.00>
ST_7 : Operation 67 [2/2] (0.00ns)   --->   "%call_ln96 = call void @dataflow_section, i32 %pad_img0, i32 %pad_img1, i32 %pad_img2, i32 %pad_img3, i32 %pad_img3_1, i32 %pad_img3_2, i32 %pad_img3_3, i32 %pad_img3_4, i32 %pad_img3_5, i32 %pad_img3_6, i32 %pad_img3_7, i32 %pad_img3_8, i32 %pad_img3_9, i32 %pad_img3_10, i32 %pad_img3_11, i32 %pad_img3_12, i32 %pad_img3_13, i32 %pad_img3_14, i32 %pad_img3_15, i32 %pad_img3_16, i32 %pad_img3_17, i32 %pad_img3_18, i32 %pad_img3_19, i32 %pad_img3_20, i32 %pad_img3_21, i32 %pad_img3_22, i32 %pad_img3_23, i32 %pad_img3_24, i32 %pad_img3_25, i32 %pad_img3_26, i32 %pad_img3_27, i32 %pad_img3_28, i32 %pad_img3_29, i32 %pad_img3_30, i32 %pad_img3_31, i32 %pad_img3_32, i32 %pad_img3_33, i32 %pad_img3_34, i32 %pad_img3_35, i32 %pad_img3_36, i32 %pad_img3_37, i32 %pad_img3_38, i32 %pad_img3_39, i32 %pad_img3_40, i32 %pad_img3_41, i32 %pad_img3_42, i32 %pad_img3_43, i32 %pad_img3_44, i32 %pad_img3_45, i32 %pad_img3_46, i32 %pad_img3_47, i32 %pad_img3_48, i32 %prediction, i32 %conv_biases, i32 %conv_weights_0_0, i32 %conv_weights_0_1, i32 %conv_weights_0_2, i32 %conv_weights_0_3, i32 %conv_weights_0_4, i32 %conv_weights_0_5, i32 %conv_weights_0_6, i32 %conv_weights_1_0, i32 %conv_weights_1_1, i32 %conv_weights_1_2, i32 %conv_weights_1_3, i32 %conv_weights_1_4, i32 %conv_weights_1_5, i32 %conv_weights_1_6, i32 %conv_weights_2_0, i32 %conv_weights_2_1, i32 %conv_weights_2_2, i32 %conv_weights_2_3, i32 %conv_weights_2_4, i32 %conv_weights_2_5, i32 %conv_weights_2_6, i32 %conv_weights_3_0, i32 %conv_weights_3_1, i32 %conv_weights_3_2, i32 %conv_weights_3_3, i32 %conv_weights_3_4, i32 %conv_weights_3_5, i32 %conv_weights_3_6, i32 %conv_weights_4_0, i32 %conv_weights_4_1, i32 %conv_weights_4_2, i32 %conv_weights_4_3, i32 %conv_weights_4_4, i32 %conv_weights_4_5, i32 %conv_weights_4_6, i32 %conv_weights_5_0, i32 %conv_weights_5_1, i32 %conv_weights_5_2, i32 %conv_weights_5_3, i32 %conv_weights_5_4, i32 %conv_weights_5_5, i32 %conv_weights_5_6, i32 %conv_weights_6_0, i32 %conv_weights_6_1, i32 %conv_weights_6_2, i32 %conv_weights_6_3, i32 %conv_weights_6_4, i32 %conv_weights_6_5, i32 %conv_weights_6_6, i32 %dense_weights, i32 %dense_biases" [CNN_Optimal/src/cnn.cpp:96]   --->   Operation 67 'call' 'call_ln96' <Predicate = true> <Delay = 0.00> <CoreType = "Generic">   --->   Core 0 '' <Latency = 0> <II = 1> <Delay = 1.00> <Generic> <Opcode : >

State 8 <SV = 7> <Delay = 0.00>
ST_8 : Operation 68 [1/1] (0.00ns)   --->   "%spectopmodule_ln63 = spectopmodule void @_ssdm_op_SpecTopModule, void @empty" [CNN_Optimal/src/cnn.cpp:63]   --->   Operation 68 'spectopmodule' 'spectopmodule_ln63' <Predicate = true> <Delay = 0.00>
ST_8 : Operation 69 [1/1] (0.00ns)   --->   "%specinterface_ln0 = specinterface void @_ssdm_op_SpecInterface, i32 %img_in, void @empty_0, i32 0, i32 0, void @empty_2, i32 4294967295, i32 0, void @empty_2, void @empty_2, void @empty_2, i32 0, i32 0, i32 0, i32 0, void @empty_2, void @empty_2, i32 4294967295, i32 0"   --->   Operation 69 'specinterface' 'specinterface_ln0' <Predicate = true> <Delay = 0.00>
ST_8 : Operation 70 [1/1] (0.00ns)   --->   "%specbitsmap_ln0 = specbitsmap void @_ssdm_op_SpecBitsMap, i32 %img_in"   --->   Operation 70 'specbitsmap' 'specbitsmap_ln0' <Predicate = true> <Delay = 0.00>
ST_8 : Operation 71 [1/1] (0.00ns)   --->   "%specinterface_ln0 = specinterface void @_ssdm_op_SpecInterface, i32 %prediction, void @empty_0, i32 0, i32 0, void @empty_2, i32 4294967295, i32 0, void @empty_2, void @empty_2, void @empty_2, i32 0, i32 0, i32 0, i32 0, void @empty_2, void @empty_2, i32 4294967295, i32 0"   --->   Operation 71 'specinterface' 'specinterface_ln0' <Predicate = true> <Delay = 0.00>
ST_8 : Operation 72 [1/1] (0.00ns)   --->   "%specbitsmap_ln0 = specbitsmap void @_ssdm_op_SpecBitsMap, i32 %prediction"   --->   Operation 72 'specbitsmap' 'specbitsmap_ln0' <Predicate = true> <Delay = 0.00>
ST_8 : Operation 73 [1/2] (0.00ns)   --->   "%call_ln96 = call void @dataflow_section, i32 %pad_img0, i32 %pad_img1, i32 %pad_img2, i32 %pad_img3, i32 %pad_img3_1, i32 %pad_img3_2, i32 %pad_img3_3, i32 %pad_img3_4, i32 %pad_img3_5, i32 %pad_img3_6, i32 %pad_img3_7, i32 %pad_img3_8, i32 %pad_img3_9, i32 %pad_img3_10, i32 %pad_img3_11, i32 %pad_img3_12, i32 %pad_img3_13, i32 %pad_img3_14, i32 %pad_img3_15, i32 %pad_img3_16, i32 %pad_img3_17, i32 %pad_img3_18, i32 %pad_img3_19, i32 %pad_img3_20, i32 %pad_img3_21, i32 %pad_img3_22, i32 %pad_img3_23, i32 %pad_img3_24, i32 %pad_img3_25, i32 %pad_img3_26, i32 %pad_img3_27, i32 %pad_img3_28, i32 %pad_img3_29, i32 %pad_img3_30, i32 %pad_img3_31, i32 %pad_img3_32, i32 %pad_img3_33, i32 %pad_img3_34, i32 %pad_img3_35, i32 %pad_img3_36, i32 %pad_img3_37, i32 %pad_img3_38, i32 %pad_img3_39, i32 %pad_img3_40, i32 %pad_img3_41, i32 %pad_img3_42, i32 %pad_img3_43, i32 %pad_img3_44, i32 %pad_img3_45, i32 %pad_img3_46, i32 %pad_img3_47, i32 %pad_img3_48, i32 %prediction, i32 %conv_biases, i32 %conv_weights_0_0, i32 %conv_weights_0_1, i32 %conv_weights_0_2, i32 %conv_weights_0_3, i32 %conv_weights_0_4, i32 %conv_weights_0_5, i32 %conv_weights_0_6, i32 %conv_weights_1_0, i32 %conv_weights_1_1, i32 %conv_weights_1_2, i32 %conv_weights_1_3, i32 %conv_weights_1_4, i32 %conv_weights_1_5, i32 %conv_weights_1_6, i32 %conv_weights_2_0, i32 %conv_weights_2_1, i32 %conv_weights_2_2, i32 %conv_weights_2_3, i32 %conv_weights_2_4, i32 %conv_weights_2_5, i32 %conv_weights_2_6, i32 %conv_weights_3_0, i32 %conv_weights_3_1, i32 %conv_weights_3_2, i32 %conv_weights_3_3, i32 %conv_weights_3_4, i32 %conv_weights_3_5, i32 %conv_weights_3_6, i32 %conv_weights_4_0, i32 %conv_weights_4_1, i32 %conv_weights_4_2, i32 %conv_weights_4_3, i32 %conv_weights_4_4, i32 %conv_weights_4_5, i32 %conv_weights_4_6, i32 %conv_weights_5_0, i32 %conv_weights_5_1, i32 %conv_weights_5_2, i32 %conv_weights_5_3, i32 %conv_weights_5_4, i32 %conv_weights_5_5, i32 %conv_weights_5_6, i32 %conv_weights_6_0, i32 %conv_weights_6_1, i32 %conv_weights_6_2, i32 %conv_weights_6_3, i32 %conv_weights_6_4, i32 %conv_weights_6_5, i32 %conv_weights_6_6, i32 %dense_weights, i32 %dense_biases" [CNN_Optimal/src/cnn.cpp:96]   --->   Operation 73 'call' 'call_ln96' <Predicate = true> <Delay = 0.00> <CoreType = "Generic">   --->   Core 0 '' <Latency = 0> <II = 1> <Delay = 1.00> <Generic> <Opcode : >
ST_8 : Operation 74 [1/1] (0.00ns)   --->   "%ret_ln97 = ret" [CNN_Optimal/src/cnn.cpp:97]   --->   Operation 74 'ret' 'ret_ln97' <Predicate = true> <Delay = 0.00>


============================================================
+ Verbose Summary: Binding
============================================================
STG Binding: 
---------------- STG Properties BEGIN ----------------
- Is combinational: 0
- Is one-state seq: 0
- Is datapath-only: 0
- Is pipelined: 0
- Is top level: 1
Port [ Return ] is wired: 1; IO mode=ap_ctrl_hs:ce=0
Port [ img_in]:  wired=1; compound=1; hidden=0; nouse=0; global=0; static=0; extern=0; dir=0; type=1; pingpong=0; private_global=0; MemPort=[13]; IO mode=ap_memory:ce=0
Port [ prediction]:  wired=1; compound=1; hidden=0; nouse=0; global=0; static=0; extern=0; dir=2; type=1; pingpong=0; private_global=0; MemPort=[01]; IO mode=ap_memory:ce=0
Port [ conv_biases]:  wired=0; compound=1; hidden=1; nouse=1; global=1; static=1; extern=0; dir=0; type=1; pingpong=0; private_global=0; MemPort=[1]; IO mode=ap_memory:ce=0
Port [ conv_weights_0_0]:  wired=0; compound=1; hidden=1; nouse=1; global=1; static=1; extern=0; dir=0; type=1; pingpong=0; private_global=0; MemPort=[1]; IO mode=ap_memory:ce=0
Port [ conv_weights_0_1]:  wired=0; compound=1; hidden=1; nouse=1; global=1; static=1; extern=0; dir=0; type=1; pingpong=0; private_global=0; MemPort=[1]; IO mode=ap_memory:ce=0
Port [ conv_weights_0_2]:  wired=0; compound=1; hidden=1; nouse=1; global=1; static=1; extern=0; dir=0; type=1; pingpong=0; private_global=0; MemPort=[1]; IO mode=ap_memory:ce=0
Port [ conv_weights_0_3]:  wired=0; compound=1; hidden=1; nouse=1; global=1; static=1; extern=0; dir=0; type=1; pingpong=0; private_global=0; MemPort=[1]; IO mode=ap_memory:ce=0
Port [ conv_weights_0_4]:  wired=0; compound=1; hidden=1; nouse=1; global=1; static=1; extern=0; dir=0; type=1; pingpong=0; private_global=0; MemPort=[1]; IO mode=ap_memory:ce=0
Port [ conv_weights_0_5]:  wired=0; compound=1; hidden=1; nouse=1; global=1; static=1; extern=0; dir=0; type=1; pingpong=0; private_global=0; MemPort=[1]; IO mode=ap_memory:ce=0
Port [ conv_weights_0_6]:  wired=0; compound=1; hidden=1; nouse=1; global=1; static=1; extern=0; dir=0; type=1; pingpong=0; private_global=0; MemPort=[1]; IO mode=ap_memory:ce=0
Port [ conv_weights_1_0]:  wired=0; compound=1; hidden=1; nouse=1; global=1; static=1; extern=0; dir=0; type=1; pingpong=0; private_global=0; MemPort=[1]; IO mode=ap_memory:ce=0
Port [ conv_weights_1_1]:  wired=0; compound=1; hidden=1; nouse=1; global=1; static=1; extern=0; dir=0; type=1; pingpong=0; private_global=0; MemPort=[1]; IO mode=ap_memory:ce=0
Port [ conv_weights_1_2]:  wired=0; compound=1; hidden=1; nouse=1; global=1; static=1; extern=0; dir=0; type=1; pingpong=0; private_global=0; MemPort=[1]; IO mode=ap_memory:ce=0
Port [ conv_weights_1_3]:  wired=0; compound=1; hidden=1; nouse=1; global=1; static=1; extern=0; dir=0; type=1; pingpong=0; private_global=0; MemPort=[1]; IO mode=ap_memory:ce=0
Port [ conv_weights_1_4]:  wired=0; compound=1; hidden=1; nouse=1; global=1; static=1; extern=0; dir=0; type=1; pingpong=0; private_global=0; MemPort=[1]; IO mode=ap_memory:ce=0
Port [ conv_weights_1_5]:  wired=0; compound=1; hidden=1; nouse=1; global=1; static=1; extern=0; dir=0; type=1; pingpong=0; private_global=0; MemPort=[1]; IO mode=ap_memory:ce=0
Port [ conv_weights_1_6]:  wired=0; compound=1; hidden=1; nouse=1; global=1; static=1; extern=0; dir=0; type=1; pingpong=0; private_global=0; MemPort=[1]; IO mode=ap_memory:ce=0
Port [ conv_weights_2_0]:  wired=0; compound=1; hidden=1; nouse=1; global=1; static=1; extern=0; dir=0; type=1; pingpong=0; private_global=0; MemPort=[1]; IO mode=ap_memory:ce=0
Port [ conv_weights_2_1]:  wired=0; compound=1; hidden=1; nouse=1; global=1; static=1; extern=0; dir=0; type=1; pingpong=0; private_global=0; MemPort=[1]; IO mode=ap_memory:ce=0
Port [ conv_weights_2_2]:  wired=0; compound=1; hidden=1; nouse=1; global=1; static=1; extern=0; dir=0; type=1; pingpong=0; private_global=0; MemPort=[1]; IO mode=ap_memory:ce=0
Port [ conv_weights_2_3]:  wired=0; compound=1; hidden=1; nouse=1; global=1; static=1; extern=0; dir=0; type=1; pingpong=0; private_global=0; MemPort=[1]; IO mode=ap_memory:ce=0
Port [ conv_weights_2_4]:  wired=0; compound=1; hidden=1; nouse=1; global=1; static=1; extern=0; dir=0; type=1; pingpong=0; private_global=0; MemPort=[1]; IO mode=ap_memory:ce=0
Port [ conv_weights_2_5]:  wired=0; compound=1; hidden=1; nouse=1; global=1; static=1; extern=0; dir=0; type=1; pingpong=0; private_global=0; MemPort=[1]; IO mode=ap_memory:ce=0
Port [ conv_weights_2_6]:  wired=0; compound=1; hidden=1; nouse=1; global=1; static=1; extern=0; dir=0; type=1; pingpong=0; private_global=0; MemPort=[1]; IO mode=ap_memory:ce=0
Port [ conv_weights_3_0]:  wired=0; compound=1; hidden=1; nouse=1; global=1; static=1; extern=0; dir=0; type=1; pingpong=0; private_global=0; MemPort=[1]; IO mode=ap_memory:ce=0
Port [ conv_weights_3_1]:  wired=0; compound=1; hidden=1; nouse=1; global=1; static=1; extern=0; dir=0; type=1; pingpong=0; private_global=0; MemPort=[1]; IO mode=ap_memory:ce=0
Port [ conv_weights_3_2]:  wired=0; compound=1; hidden=1; nouse=1; global=1; static=1; extern=0; dir=0; type=1; pingpong=0; private_global=0; MemPort=[1]; IO mode=ap_memory:ce=0
Port [ conv_weights_3_3]:  wired=0; compound=1; hidden=1; nouse=1; global=1; static=1; extern=0; dir=0; type=1; pingpong=0; private_global=0; MemPort=[1]; IO mode=ap_memory:ce=0
Port [ conv_weights_3_4]:  wired=0; compound=1; hidden=1; nouse=1; global=1; static=1; extern=0; dir=0; type=1; pingpong=0; private_global=0; MemPort=[1]; IO mode=ap_memory:ce=0
Port [ conv_weights_3_5]:  wired=0; compound=1; hidden=1; nouse=1; global=1; static=1; extern=0; dir=0; type=1; pingpong=0; private_global=0; MemPort=[1]; IO mode=ap_memory:ce=0
Port [ conv_weights_3_6]:  wired=0; compound=1; hidden=1; nouse=1; global=1; static=1; extern=0; dir=0; type=1; pingpong=0; private_global=0; MemPort=[1]; IO mode=ap_memory:ce=0
Port [ conv_weights_4_0]:  wired=0; compound=1; hidden=1; nouse=1; global=1; static=1; extern=0; dir=0; type=1; pingpong=0; private_global=0; MemPort=[1]; IO mode=ap_memory:ce=0
Port [ conv_weights_4_1]:  wired=0; compound=1; hidden=1; nouse=1; global=1; static=1; extern=0; dir=0; type=1; pingpong=0; private_global=0; MemPort=[1]; IO mode=ap_memory:ce=0
Port [ conv_weights_4_2]:  wired=0; compound=1; hidden=1; nouse=1; global=1; static=1; extern=0; dir=0; type=1; pingpong=0; private_global=0; MemPort=[1]; IO mode=ap_memory:ce=0
Port [ conv_weights_4_3]:  wired=0; compound=1; hidden=1; nouse=1; global=1; static=1; extern=0; dir=0; type=1; pingpong=0; private_global=0; MemPort=[1]; IO mode=ap_memory:ce=0
Port [ conv_weights_4_4]:  wired=0; compound=1; hidden=1; nouse=1; global=1; static=1; extern=0; dir=0; type=1; pingpong=0; private_global=0; MemPort=[1]; IO mode=ap_memory:ce=0
Port [ conv_weights_4_5]:  wired=0; compound=1; hidden=1; nouse=1; global=1; static=1; extern=0; dir=0; type=1; pingpong=0; private_global=0; MemPort=[1]; IO mode=ap_memory:ce=0
Port [ conv_weights_4_6]:  wired=0; compound=1; hidden=1; nouse=1; global=1; static=1; extern=0; dir=0; type=1; pingpong=0; private_global=0; MemPort=[1]; IO mode=ap_memory:ce=0
Port [ conv_weights_5_0]:  wired=0; compound=1; hidden=1; nouse=1; global=1; static=1; extern=0; dir=0; type=1; pingpong=0; private_global=0; MemPort=[1]; IO mode=ap_memory:ce=0
Port [ conv_weights_5_1]:  wired=0; compound=1; hidden=1; nouse=1; global=1; static=1; extern=0; dir=0; type=1; pingpong=0; private_global=0; MemPort=[1]; IO mode=ap_memory:ce=0
Port [ conv_weights_5_2]:  wired=0; compound=1; hidden=1; nouse=1; global=1; static=1; extern=0; dir=0; type=1; pingpong=0; private_global=0; MemPort=[1]; IO mode=ap_memory:ce=0
Port [ conv_weights_5_3]:  wired=0; compound=1; hidden=1; nouse=1; global=1; static=1; extern=0; dir=0; type=1; pingpong=0; private_global=0; MemPort=[1]; IO mode=ap_memory:ce=0
Port [ conv_weights_5_4]:  wired=0; compound=1; hidden=1; nouse=1; global=1; static=1; extern=0; dir=0; type=1; pingpong=0; private_global=0; MemPort=[1]; IO mode=ap_memory:ce=0
Port [ conv_weights_5_5]:  wired=0; compound=1; hidden=1; nouse=1; global=1; static=1; extern=0; dir=0; type=1; pingpong=0; private_global=0; MemPort=[1]; IO mode=ap_memory:ce=0
Port [ conv_weights_5_6]:  wired=0; compound=1; hidden=1; nouse=1; global=1; static=1; extern=0; dir=0; type=1; pingpong=0; private_global=0; MemPort=[1]; IO mode=ap_memory:ce=0
Port [ conv_weights_6_0]:  wired=0; compound=1; hidden=1; nouse=1; global=1; static=1; extern=0; dir=0; type=1; pingpong=0; private_global=0; MemPort=[1]; IO mode=ap_memory:ce=0
Port [ conv_weights_6_1]:  wired=0; compound=1; hidden=1; nouse=1; global=1; static=1; extern=0; dir=0; type=1; pingpong=0; private_global=0; MemPort=[1]; IO mode=ap_memory:ce=0
Port [ conv_weights_6_2]:  wired=0; compound=1; hidden=1; nouse=1; global=1; static=1; extern=0; dir=0; type=1; pingpong=0; private_global=0; MemPort=[1]; IO mode=ap_memory:ce=0
Port [ conv_weights_6_3]:  wired=0; compound=1; hidden=1; nouse=1; global=1; static=1; extern=0; dir=0; type=1; pingpong=0; private_global=0; MemPort=[1]; IO mode=ap_memory:ce=0
Port [ conv_weights_6_4]:  wired=0; compound=1; hidden=1; nouse=1; global=1; static=1; extern=0; dir=0; type=1; pingpong=0; private_global=0; MemPort=[1]; IO mode=ap_memory:ce=0
Port [ conv_weights_6_5]:  wired=0; compound=1; hidden=1; nouse=1; global=1; static=1; extern=0; dir=0; type=1; pingpong=0; private_global=0; MemPort=[1]; IO mode=ap_memory:ce=0
Port [ conv_weights_6_6]:  wired=0; compound=1; hidden=1; nouse=1; global=1; static=1; extern=0; dir=0; type=1; pingpong=0; private_global=0; MemPort=[1]; IO mode=ap_memory:ce=0
Port [ dense_weights]:  wired=0; compound=1; hidden=1; nouse=1; global=1; static=1; extern=0; dir=0; type=1; pingpong=0; private_global=0; MemPort=[1]; IO mode=ap_memory:ce=0
Port [ dense_biases]:  wired=0; compound=1; hidden=1; nouse=1; global=1; static=1; extern=0; dir=0; type=1; pingpong=0; private_global=0; MemPort=[1]; IO mode=ap_memory:ce=0
---------------- STG Properties END ------------------

---------------- Datapath Model BEGIN ----------------

<LifeTime>
<method=bitvector/>
pad_img0           (alloca       ) [ 001111111]
pad_img1           (alloca       ) [ 001111111]
pad_img2           (alloca       ) [ 001111111]
pad_img3           (alloca       ) [ 001111111]
pad_img3_1         (alloca       ) [ 001111111]
pad_img3_2         (alloca       ) [ 001111111]
pad_img3_3         (alloca       ) [ 001111111]
pad_img3_4         (alloca       ) [ 001111111]
pad_img3_5         (alloca       ) [ 001111111]
pad_img3_6         (alloca       ) [ 001111111]
pad_img3_7         (alloca       ) [ 001111111]
pad_img3_8         (alloca       ) [ 001111111]
pad_img3_9         (alloca       ) [ 001111111]
pad_img3_10        (alloca       ) [ 001111111]
pad_img3_11        (alloca       ) [ 001111111]
pad_img3_12        (alloca       ) [ 001111111]
pad_img3_13        (alloca       ) [ 001111111]
pad_img3_14        (alloca       ) [ 001111111]
pad_img3_15        (alloca       ) [ 001111111]
pad_img3_16        (alloca       ) [ 001111111]
pad_img3_17        (alloca       ) [ 001111111]
pad_img3_18        (alloca       ) [ 001111111]
pad_img3_19        (alloca       ) [ 001111111]
pad_img3_20        (alloca       ) [ 001111111]
pad_img3_21        (alloca       ) [ 001111111]
pad_img3_22        (alloca       ) [ 001111111]
pad_img3_23        (alloca       ) [ 001111111]
pad_img3_24        (alloca       ) [ 001111111]
pad_img3_25        (alloca       ) [ 001111111]
pad_img3_26        (alloca       ) [ 001111111]
pad_img3_27        (alloca       ) [ 001111111]
pad_img3_28        (alloca       ) [ 001111111]
pad_img3_29        (alloca       ) [ 001111111]
pad_img3_30        (alloca       ) [ 001111111]
pad_img3_31        (alloca       ) [ 001111111]
pad_img3_32        (alloca       ) [ 001111111]
pad_img3_33        (alloca       ) [ 001111111]
pad_img3_34        (alloca       ) [ 001111111]
pad_img3_35        (alloca       ) [ 001111111]
pad_img3_36        (alloca       ) [ 001111111]
pad_img3_37        (alloca       ) [ 001111111]
pad_img3_38        (alloca       ) [ 001111111]
pad_img3_39        (alloca       ) [ 001111111]
pad_img3_40        (alloca       ) [ 001111111]
pad_img3_41        (alloca       ) [ 001111111]
pad_img3_42        (alloca       ) [ 001111111]
pad_img3_43        (alloca       ) [ 001111111]
pad_img3_44        (alloca       ) [ 001111111]
pad_img3_45        (alloca       ) [ 001111111]
pad_img3_46        (alloca       ) [ 001111111]
pad_img3_47        (alloca       ) [ 001111111]
pad_img3_48        (alloca       ) [ 001111111]
call_ln0           (call         ) [ 000000000]
call_ln0           (call         ) [ 000000000]
call_ln0           (call         ) [ 000000000]
spectopmodule_ln63 (spectopmodule) [ 000000000]
specinterface_ln0  (specinterface) [ 000000000]
specbitsmap_ln0    (specbitsmap  ) [ 000000000]
specinterface_ln0  (specinterface) [ 000000000]
specbitsmap_ln0    (specbitsmap  ) [ 000000000]
call_ln96          (call         ) [ 000000000]
ret_ln97           (ret          ) [ 000000000]
</LifeTime>

<model>

<comp_list>
<comp id="0" class="1000" name="img_in">
<pin_list>
<pin id="1" dir="1" index="0" bw="1" slack="0"/>
</pin_list>
<bind>
<StgValue><ssdm name="img_in"/><MemPortTyVec>1 3 </MemPortTyVec>
</StgValue>
</bind>
</comp>

<comp id="2" class="1000" name="prediction">
<pin_list>
<pin id="3" dir="1" index="0" bw="1" slack="0"/>
</pin_list>
<bind>
<StgValue><ssdm name="prediction"/><MemPortTyVec>0 1 </MemPortTyVec>
</StgValue>
</bind>
</comp>

<comp id="4" class="1000" name="conv_biases">
<pin_list>
<pin id="5" dir="1" index="0" bw="1" slack="0"/>
</pin_list>
<bind>
<StgValue><ssdm name="conv_biases"/><MemPortTyVec>1 </MemPortTyVec>
</StgValue>
</bind>
</comp>

<comp id="6" class="1000" name="conv_weights_0_0">
<pin_list>
<pin id="7" dir="1" index="0" bw="1" slack="0"/>
</pin_list>
<bind>
<StgValue><ssdm name="conv_weights_0_0"/><MemPortTyVec>1 </MemPortTyVec>
</StgValue>
</bind>
</comp>

<comp id="8" class="1000" name="conv_weights_0_1">
<pin_list>
<pin id="9" dir="1" index="0" bw="1" slack="0"/>
</pin_list>
<bind>
<StgValue><ssdm name="conv_weights_0_1"/><MemPortTyVec>1 </MemPortTyVec>
</StgValue>
</bind>
</comp>

<comp id="10" class="1000" name="conv_weights_0_2">
<pin_list>
<pin id="11" dir="1" index="0" bw="1" slack="0"/>
</pin_list>
<bind>
<StgValue><ssdm name="conv_weights_0_2"/><MemPortTyVec>1 </MemPortTyVec>
</StgValue>
</bind>
</comp>

<comp id="12" class="1000" name="conv_weights_0_3">
<pin_list>
<pin id="13" dir="1" index="0" bw="1" slack="0"/>
</pin_list>
<bind>
<StgValue><ssdm name="conv_weights_0_3"/><MemPortTyVec>1 </MemPortTyVec>
</StgValue>
</bind>
</comp>

<comp id="14" class="1000" name="conv_weights_0_4">
<pin_list>
<pin id="15" dir="1" index="0" bw="1" slack="0"/>
</pin_list>
<bind>
<StgValue><ssdm name="conv_weights_0_4"/><MemPortTyVec>1 </MemPortTyVec>
</StgValue>
</bind>
</comp>

<comp id="16" class="1000" name="conv_weights_0_5">
<pin_list>
<pin id="17" dir="1" index="0" bw="1" slack="0"/>
</pin_list>
<bind>
<StgValue><ssdm name="conv_weights_0_5"/><MemPortTyVec>1 </MemPortTyVec>
</StgValue>
</bind>
</comp>

<comp id="18" class="1000" name="conv_weights_0_6">
<pin_list>
<pin id="19" dir="1" index="0" bw="1" slack="0"/>
</pin_list>
<bind>
<StgValue><ssdm name="conv_weights_0_6"/><MemPortTyVec>1 </MemPortTyVec>
</StgValue>
</bind>
</comp>

<comp id="20" class="1000" name="conv_weights_1_0">
<pin_list>
<pin id="21" dir="1" index="0" bw="1" slack="0"/>
</pin_list>
<bind>
<StgValue><ssdm name="conv_weights_1_0"/><MemPortTyVec>1 </MemPortTyVec>
</StgValue>
</bind>
</comp>

<comp id="22" class="1000" name="conv_weights_1_1">
<pin_list>
<pin id="23" dir="1" index="0" bw="1" slack="0"/>
</pin_list>
<bind>
<StgValue><ssdm name="conv_weights_1_1"/><MemPortTyVec>1 </MemPortTyVec>
</StgValue>
</bind>
</comp>

<comp id="24" class="1000" name="conv_weights_1_2">
<pin_list>
<pin id="25" dir="1" index="0" bw="1" slack="0"/>
</pin_list>
<bind>
<StgValue><ssdm name="conv_weights_1_2"/><MemPortTyVec>1 </MemPortTyVec>
</StgValue>
</bind>
</comp>

<comp id="26" class="1000" name="conv_weights_1_3">
<pin_list>
<pin id="27" dir="1" index="0" bw="1" slack="0"/>
</pin_list>
<bind>
<StgValue><ssdm name="conv_weights_1_3"/><MemPortTyVec>1 </MemPortTyVec>
</StgValue>
</bind>
</comp>

<comp id="28" class="1000" name="conv_weights_1_4">
<pin_list>
<pin id="29" dir="1" index="0" bw="1" slack="0"/>
</pin_list>
<bind>
<StgValue><ssdm name="conv_weights_1_4"/><MemPortTyVec>1 </MemPortTyVec>
</StgValue>
</bind>
</comp>

<comp id="30" class="1000" name="conv_weights_1_5">
<pin_list>
<pin id="31" dir="1" index="0" bw="1" slack="0"/>
</pin_list>
<bind>
<StgValue><ssdm name="conv_weights_1_5"/><MemPortTyVec>1 </MemPortTyVec>
</StgValue>
</bind>
</comp>

<comp id="32" class="1000" name="conv_weights_1_6">
<pin_list>
<pin id="33" dir="1" index="0" bw="1" slack="0"/>
</pin_list>
<bind>
<StgValue><ssdm name="conv_weights_1_6"/><MemPortTyVec>1 </MemPortTyVec>
</StgValue>
</bind>
</comp>

<comp id="34" class="1000" name="conv_weights_2_0">
<pin_list>
<pin id="35" dir="1" index="0" bw="1" slack="0"/>
</pin_list>
<bind>
<StgValue><ssdm name="conv_weights_2_0"/><MemPortTyVec>1 </MemPortTyVec>
</StgValue>
</bind>
</comp>

<comp id="36" class="1000" name="conv_weights_2_1">
<pin_list>
<pin id="37" dir="1" index="0" bw="1" slack="0"/>
</pin_list>
<bind>
<StgValue><ssdm name="conv_weights_2_1"/><MemPortTyVec>1 </MemPortTyVec>
</StgValue>
</bind>
</comp>

<comp id="38" class="1000" name="conv_weights_2_2">
<pin_list>
<pin id="39" dir="1" index="0" bw="1" slack="0"/>
</pin_list>
<bind>
<StgValue><ssdm name="conv_weights_2_2"/><MemPortTyVec>1 </MemPortTyVec>
</StgValue>
</bind>
</comp>

<comp id="40" class="1000" name="conv_weights_2_3">
<pin_list>
<pin id="41" dir="1" index="0" bw="1" slack="0"/>
</pin_list>
<bind>
<StgValue><ssdm name="conv_weights_2_3"/><MemPortTyVec>1 </MemPortTyVec>
</StgValue>
</bind>
</comp>

<comp id="42" class="1000" name="conv_weights_2_4">
<pin_list>
<pin id="43" dir="1" index="0" bw="1" slack="0"/>
</pin_list>
<bind>
<StgValue><ssdm name="conv_weights_2_4"/><MemPortTyVec>1 </MemPortTyVec>
</StgValue>
</bind>
</comp>

<comp id="44" class="1000" name="conv_weights_2_5">
<pin_list>
<pin id="45" dir="1" index="0" bw="1" slack="0"/>
</pin_list>
<bind>
<StgValue><ssdm name="conv_weights_2_5"/><MemPortTyVec>1 </MemPortTyVec>
</StgValue>
</bind>
</comp>

<comp id="46" class="1000" name="conv_weights_2_6">
<pin_list>
<pin id="47" dir="1" index="0" bw="1" slack="0"/>
</pin_list>
<bind>
<StgValue><ssdm name="conv_weights_2_6"/><MemPortTyVec>1 </MemPortTyVec>
</StgValue>
</bind>
</comp>

<comp id="48" class="1000" name="conv_weights_3_0">
<pin_list>
<pin id="49" dir="1" index="0" bw="1" slack="0"/>
</pin_list>
<bind>
<StgValue><ssdm name="conv_weights_3_0"/><MemPortTyVec>1 </MemPortTyVec>
</StgValue>
</bind>
</comp>

<comp id="50" class="1000" name="conv_weights_3_1">
<pin_list>
<pin id="51" dir="1" index="0" bw="1" slack="0"/>
</pin_list>
<bind>
<StgValue><ssdm name="conv_weights_3_1"/><MemPortTyVec>1 </MemPortTyVec>
</StgValue>
</bind>
</comp>

<comp id="52" class="1000" name="conv_weights_3_2">
<pin_list>
<pin id="53" dir="1" index="0" bw="1" slack="0"/>
</pin_list>
<bind>
<StgValue><ssdm name="conv_weights_3_2"/><MemPortTyVec>1 </MemPortTyVec>
</StgValue>
</bind>
</comp>

<comp id="54" class="1000" name="conv_weights_3_3">
<pin_list>
<pin id="55" dir="1" index="0" bw="1" slack="0"/>
</pin_list>
<bind>
<StgValue><ssdm name="conv_weights_3_3"/><MemPortTyVec>1 </MemPortTyVec>
</StgValue>
</bind>
</comp>

<comp id="56" class="1000" name="conv_weights_3_4">
<pin_list>
<pin id="57" dir="1" index="0" bw="1" slack="0"/>
</pin_list>
<bind>
<StgValue><ssdm name="conv_weights_3_4"/><MemPortTyVec>1 </MemPortTyVec>
</StgValue>
</bind>
</comp>

<comp id="58" class="1000" name="conv_weights_3_5">
<pin_list>
<pin id="59" dir="1" index="0" bw="1" slack="0"/>
</pin_list>
<bind>
<StgValue><ssdm name="conv_weights_3_5"/><MemPortTyVec>1 </MemPortTyVec>
</StgValue>
</bind>
</comp>

<comp id="60" class="1000" name="conv_weights_3_6">
<pin_list>
<pin id="61" dir="1" index="0" bw="1" slack="0"/>
</pin_list>
<bind>
<StgValue><ssdm name="conv_weights_3_6"/><MemPortTyVec>1 </MemPortTyVec>
</StgValue>
</bind>
</comp>

<comp id="62" class="1000" name="conv_weights_4_0">
<pin_list>
<pin id="63" dir="1" index="0" bw="1" slack="0"/>
</pin_list>
<bind>
<StgValue><ssdm name="conv_weights_4_0"/><MemPortTyVec>1 </MemPortTyVec>
</StgValue>
</bind>
</comp>

<comp id="64" class="1000" name="conv_weights_4_1">
<pin_list>
<pin id="65" dir="1" index="0" bw="1" slack="0"/>
</pin_list>
<bind>
<StgValue><ssdm name="conv_weights_4_1"/><MemPortTyVec>1 </MemPortTyVec>
</StgValue>
</bind>
</comp>

<comp id="66" class="1000" name="conv_weights_4_2">
<pin_list>
<pin id="67" dir="1" index="0" bw="1" slack="0"/>
</pin_list>
<bind>
<StgValue><ssdm name="conv_weights_4_2"/><MemPortTyVec>1 </MemPortTyVec>
</StgValue>
</bind>
</comp>

<comp id="68" class="1000" name="conv_weights_4_3">
<pin_list>
<pin id="69" dir="1" index="0" bw="1" slack="0"/>
</pin_list>
<bind>
<StgValue><ssdm name="conv_weights_4_3"/><MemPortTyVec>1 </MemPortTyVec>
</StgValue>
</bind>
</comp>

<comp id="70" class="1000" name="conv_weights_4_4">
<pin_list>
<pin id="71" dir="1" index="0" bw="1" slack="0"/>
</pin_list>
<bind>
<StgValue><ssdm name="conv_weights_4_4"/><MemPortTyVec>1 </MemPortTyVec>
</StgValue>
</bind>
</comp>

<comp id="72" class="1000" name="conv_weights_4_5">
<pin_list>
<pin id="73" dir="1" index="0" bw="1" slack="0"/>
</pin_list>
<bind>
<StgValue><ssdm name="conv_weights_4_5"/><MemPortTyVec>1 </MemPortTyVec>
</StgValue>
</bind>
</comp>

<comp id="74" class="1000" name="conv_weights_4_6">
<pin_list>
<pin id="75" dir="1" index="0" bw="1" slack="0"/>
</pin_list>
<bind>
<StgValue><ssdm name="conv_weights_4_6"/><MemPortTyVec>1 </MemPortTyVec>
</StgValue>
</bind>
</comp>

<comp id="76" class="1000" name="conv_weights_5_0">
<pin_list>
<pin id="77" dir="1" index="0" bw="1" slack="0"/>
</pin_list>
<bind>
<StgValue><ssdm name="conv_weights_5_0"/><MemPortTyVec>1 </MemPortTyVec>
</StgValue>
</bind>
</comp>

<comp id="78" class="1000" name="conv_weights_5_1">
<pin_list>
<pin id="79" dir="1" index="0" bw="1" slack="0"/>
</pin_list>
<bind>
<StgValue><ssdm name="conv_weights_5_1"/><MemPortTyVec>1 </MemPortTyVec>
</StgValue>
</bind>
</comp>

<comp id="80" class="1000" name="conv_weights_5_2">
<pin_list>
<pin id="81" dir="1" index="0" bw="1" slack="0"/>
</pin_list>
<bind>
<StgValue><ssdm name="conv_weights_5_2"/><MemPortTyVec>1 </MemPortTyVec>
</StgValue>
</bind>
</comp>

<comp id="82" class="1000" name="conv_weights_5_3">
<pin_list>
<pin id="83" dir="1" index="0" bw="1" slack="0"/>
</pin_list>
<bind>
<StgValue><ssdm name="conv_weights_5_3"/><MemPortTyVec>1 </MemPortTyVec>
</StgValue>
</bind>
</comp>

<comp id="84" class="1000" name="conv_weights_5_4">
<pin_list>
<pin id="85" dir="1" index="0" bw="1" slack="0"/>
</pin_list>
<bind>
<StgValue><ssdm name="conv_weights_5_4"/><MemPortTyVec>1 </MemPortTyVec>
</StgValue>
</bind>
</comp>

<comp id="86" class="1000" name="conv_weights_5_5">
<pin_list>
<pin id="87" dir="1" index="0" bw="1" slack="0"/>
</pin_list>
<bind>
<StgValue><ssdm name="conv_weights_5_5"/><MemPortTyVec>1 </MemPortTyVec>
</StgValue>
</bind>
</comp>

<comp id="88" class="1000" name="conv_weights_5_6">
<pin_list>
<pin id="89" dir="1" index="0" bw="1" slack="0"/>
</pin_list>
<bind>
<StgValue><ssdm name="conv_weights_5_6"/><MemPortTyVec>1 </MemPortTyVec>
</StgValue>
</bind>
</comp>

<comp id="90" class="1000" name="conv_weights_6_0">
<pin_list>
<pin id="91" dir="1" index="0" bw="1" slack="0"/>
</pin_list>
<bind>
<StgValue><ssdm name="conv_weights_6_0"/><MemPortTyVec>1 </MemPortTyVec>
</StgValue>
</bind>
</comp>

<comp id="92" class="1000" name="conv_weights_6_1">
<pin_list>
<pin id="93" dir="1" index="0" bw="1" slack="0"/>
</pin_list>
<bind>
<StgValue><ssdm name="conv_weights_6_1"/><MemPortTyVec>1 </MemPortTyVec>
</StgValue>
</bind>
</comp>

<comp id="94" class="1000" name="conv_weights_6_2">
<pin_list>
<pin id="95" dir="1" index="0" bw="1" slack="0"/>
</pin_list>
<bind>
<StgValue><ssdm name="conv_weights_6_2"/><MemPortTyVec>1 </MemPortTyVec>
</StgValue>
</bind>
</comp>

<comp id="96" class="1000" name="conv_weights_6_3">
<pin_list>
<pin id="97" dir="1" index="0" bw="1" slack="0"/>
</pin_list>
<bind>
<StgValue><ssdm name="conv_weights_6_3"/><MemPortTyVec>1 </MemPortTyVec>
</StgValue>
</bind>
</comp>

<comp id="98" class="1000" name="conv_weights_6_4">
<pin_list>
<pin id="99" dir="1" index="0" bw="1" slack="0"/>
</pin_list>
<bind>
<StgValue><ssdm name="conv_weights_6_4"/><MemPortTyVec>1 </MemPortTyVec>
</StgValue>
</bind>
</comp>

<comp id="100" class="1000" name="conv_weights_6_5">
<pin_list>
<pin id="101" dir="1" index="0" bw="1" slack="0"/>
</pin_list>
<bind>
<StgValue><ssdm name="conv_weights_6_5"/><MemPortTyVec>1 </MemPortTyVec>
</StgValue>
</bind>
</comp>

<comp id="102" class="1000" name="conv_weights_6_6">
<pin_list>
<pin id="103" dir="1" index="0" bw="1" slack="0"/>
</pin_list>
<bind>
<StgValue><ssdm name="conv_weights_6_6"/><MemPortTyVec>1 </MemPortTyVec>
</StgValue>
</bind>
</comp>

<comp id="104" class="1000" name="dense_weights">
<pin_list>
<pin id="105" dir="1" index="0" bw="1" slack="0"/>
</pin_list>
<bind>
<StgValue><ssdm name="dense_weights"/><MemPortTyVec>1 </MemPortTyVec>
</StgValue>
</bind>
</comp>

<comp id="106" class="1000" name="dense_biases">
<pin_list>
<pin id="107" dir="1" index="0" bw="1" slack="0"/>
</pin_list>
<bind>
<StgValue><ssdm name="dense_biases"/><MemPortTyVec>1 </MemPortTyVec>
</StgValue>
</bind>
</comp>

<comp id="108" class="1001" name="const_108">
<pin_list>
<pin id="109" dir="1" index="0" bw="1" slack="0"/>
</pin_list>
<bind>
<StgValue><ssdm name=""/></StgValue>
</bind>
</comp>

<comp id="110" class="1001" name="const_110">
<pin_list>
<pin id="111" dir="1" index="0" bw="1" slack="0"/>
</pin_list>
<bind>
<StgValue><ssdm name="cnn_Pipeline_1"/></StgValue>
</bind>
</comp>

<comp id="112" class="1001" name="const_112">
<pin_list>
<pin id="113" dir="1" index="0" bw="1" slack="0"/>
</pin_list>
<bind>
<StgValue><ssdm name="cnn_Pipeline_pad_for_rows_pad_for_cols"/></StgValue>
</bind>
</comp>

<comp id="114" class="1001" name="const_114">
<pin_list>
<pin id="115" dir="1" index="0" bw="1" slack="0"/>
</pin_list>
<bind>
<StgValue><ssdm name="cnn_Pipeline_clone_for_rows_clone_for_cols"/></StgValue>
</bind>
</comp>

<comp id="116" class="1001" name="const_116">
<pin_list>
<pin id="117" dir="1" index="0" bw="1" slack="0"/>
</pin_list>
<bind>
<StgValue><ssdm name="dataflow_section"/></StgValue>
</bind>
</comp>

<comp id="118" class="1001" name="const_118">
<pin_list>
<pin id="119" dir="1" index="0" bw="1" slack="2147483647"/>
</pin_list>
<bind>
<StgValue><ssdm name="_ssdm_op_SpecTopModule"/></StgValue>
</bind>
</comp>

<comp id="120" class="1001" name="const_120">
<pin_list>
<pin id="121" dir="1" index="0" bw="1" slack="2147483647"/>
</pin_list>
<bind>
<StgValue><ssdm name="empty"/></StgValue>
</bind>
</comp>

<comp id="122" class="1001" name="const_122">
<pin_list>
<pin id="123" dir="1" index="0" bw="1" slack="2147483647"/>
</pin_list>
<bind>
<StgValue><ssdm name="_ssdm_op_SpecInterface"/></StgValue>
</bind>
</comp>

<comp id="124" class="1001" name="const_124">
<pin_list>
<pin id="125" dir="1" index="0" bw="1" slack="2147483647"/>
</pin_list>
<bind>
<StgValue><ssdm name="empty_0"/></StgValue>
</bind>
</comp>

<comp id="126" class="1001" name="const_126">
<pin_list>
<pin id="127" dir="1" index="0" bw="1" slack="2147483647"/>
</pin_list>
<bind>
<StgValue><ssdm name=""/></StgValue>
</bind>
</comp>

<comp id="128" class="1001" name="const_128">
<pin_list>
<pin id="129" dir="1" index="0" bw="1" slack="2147483647"/>
</pin_list>
<bind>
<StgValue><ssdm name="empty_2"/></StgValue>
</bind>
</comp>

<comp id="130" class="1001" name="const_130">
<pin_list>
<pin id="131" dir="1" index="0" bw="1" slack="2147483647"/>
</pin_list>
<bind>
<StgValue><ssdm name=""/></StgValue>
</bind>
</comp>

<comp id="132" class="1001" name="const_132">
<pin_list>
<pin id="133" dir="1" index="0" bw="1" slack="2147483647"/>
</pin_list>
<bind>
<StgValue><ssdm name="_ssdm_op_SpecBitsMap"/></StgValue>
</bind>
</comp>

<comp id="134" class="1004" name="pad_img0_alloca_fu_134">
<pin_list>
<pin id="135" dir="0" index="0" bw="1" slack="0"/>
<pin id="136" dir="1" index="1" bw="32" slack="0"/>
</pin_list>
<bind>
<opcode="alloca(26) " fcode="alloca"/>
<opset="pad_img0/1 "/>
</bind>
</comp>

<comp id="138" class="1004" name="pad_img1_alloca_fu_138">
<pin_list>
<pin id="139" dir="0" index="0" bw="1" slack="0"/>
<pin id="140" dir="1" index="1" bw="32" slack="2147483647"/>
</pin_list>
<bind>
<opcode="alloca(26) " fcode="alloca"/>
<opset="pad_img1/1 "/>
</bind>
</comp>

<comp id="142" class="1004" name="pad_img2_alloca_fu_142">
<pin_list>
<pin id="143" dir="0" index="0" bw="1" slack="0"/>
<pin id="144" dir="1" index="1" bw="32" slack="2147483647"/>
</pin_list>
<bind>
<opcode="alloca(26) " fcode="alloca"/>
<opset="pad_img2/1 "/>
</bind>
</comp>

<comp id="146" class="1004" name="pad_img3_alloca_fu_146">
<pin_list>
<pin id="147" dir="0" index="0" bw="1" slack="0"/>
<pin id="148" dir="1" index="1" bw="32" slack="2147483647"/>
</pin_list>
<bind>
<opcode="alloca(26) " fcode="alloca"/>
<opset="pad_img3/1 "/>
</bind>
</comp>

<comp id="150" class="1004" name="pad_img3_1_alloca_fu_150">
<pin_list>
<pin id="151" dir="0" index="0" bw="1" slack="0"/>
<pin id="152" dir="1" index="1" bw="32" slack="2147483647"/>
</pin_list>
<bind>
<opcode="alloca(26) " fcode="alloca"/>
<opset="pad_img3_1/1 "/>
</bind>
</comp>

<comp id="154" class="1004" name="pad_img3_2_alloca_fu_154">
<pin_list>
<pin id="155" dir="0" index="0" bw="1" slack="0"/>
<pin id="156" dir="1" index="1" bw="32" slack="2147483647"/>
</pin_list>
<bind>
<opcode="alloca(26) " fcode="alloca"/>
<opset="pad_img3_2/1 "/>
</bind>
</comp>

<comp id="158" class="1004" name="pad_img3_3_alloca_fu_158">
<pin_list>
<pin id="159" dir="0" index="0" bw="1" slack="0"/>
<pin id="160" dir="1" index="1" bw="32" slack="2147483647"/>
</pin_list>
<bind>
<opcode="alloca(26) " fcode="alloca"/>
<opset="pad_img3_3/1 "/>
</bind>
</comp>

<comp id="162" class="1004" name="pad_img3_4_alloca_fu_162">
<pin_list>
<pin id="163" dir="0" index="0" bw="1" slack="0"/>
<pin id="164" dir="1" index="1" bw="32" slack="2147483647"/>
</pin_list>
<bind>
<opcode="alloca(26) " fcode="alloca"/>
<opset="pad_img3_4/1 "/>
</bind>
</comp>

<comp id="166" class="1004" name="pad_img3_5_alloca_fu_166">
<pin_list>
<pin id="167" dir="0" index="0" bw="1" slack="0"/>
<pin id="168" dir="1" index="1" bw="32" slack="2147483647"/>
</pin_list>
<bind>
<opcode="alloca(26) " fcode="alloca"/>
<opset="pad_img3_5/1 "/>
</bind>
</comp>

<comp id="170" class="1004" name="pad_img3_6_alloca_fu_170">
<pin_list>
<pin id="171" dir="0" index="0" bw="1" slack="0"/>
<pin id="172" dir="1" index="1" bw="32" slack="2147483647"/>
</pin_list>
<bind>
<opcode="alloca(26) " fcode="alloca"/>
<opset="pad_img3_6/1 "/>
</bind>
</comp>

<comp id="174" class="1004" name="pad_img3_7_alloca_fu_174">
<pin_list>
<pin id="175" dir="0" index="0" bw="1" slack="0"/>
<pin id="176" dir="1" index="1" bw="32" slack="2147483647"/>
</pin_list>
<bind>
<opcode="alloca(26) " fcode="alloca"/>
<opset="pad_img3_7/1 "/>
</bind>
</comp>

<comp id="178" class="1004" name="pad_img3_8_alloca_fu_178">
<pin_list>
<pin id="179" dir="0" index="0" bw="1" slack="0"/>
<pin id="180" dir="1" index="1" bw="32" slack="2147483647"/>
</pin_list>
<bind>
<opcode="alloca(26) " fcode="alloca"/>
<opset="pad_img3_8/1 "/>
</bind>
</comp>

<comp id="182" class="1004" name="pad_img3_9_alloca_fu_182">
<pin_list>
<pin id="183" dir="0" index="0" bw="1" slack="0"/>
<pin id="184" dir="1" index="1" bw="32" slack="2147483647"/>
</pin_list>
<bind>
<opcode="alloca(26) " fcode="alloca"/>
<opset="pad_img3_9/1 "/>
</bind>
</comp>

<comp id="186" class="1004" name="pad_img3_10_alloca_fu_186">
<pin_list>
<pin id="187" dir="0" index="0" bw="1" slack="0"/>
<pin id="188" dir="1" index="1" bw="32" slack="2147483647"/>
</pin_list>
<bind>
<opcode="alloca(26) " fcode="alloca"/>
<opset="pad_img3_10/1 "/>
</bind>
</comp>

<comp id="190" class="1004" name="pad_img3_11_alloca_fu_190">
<pin_list>
<pin id="191" dir="0" index="0" bw="1" slack="0"/>
<pin id="192" dir="1" index="1" bw="32" slack="2147483647"/>
</pin_list>
<bind>
<opcode="alloca(26) " fcode="alloca"/>
<opset="pad_img3_11/1 "/>
</bind>
</comp>

<comp id="194" class="1004" name="pad_img3_12_alloca_fu_194">
<pin_list>
<pin id="195" dir="0" index="0" bw="1" slack="0"/>
<pin id="196" dir="1" index="1" bw="32" slack="2147483647"/>
</pin_list>
<bind>
<opcode="alloca(26) " fcode="alloca"/>
<opset="pad_img3_12/1 "/>
</bind>
</comp>

<comp id="198" class="1004" name="pad_img3_13_alloca_fu_198">
<pin_list>
<pin id="199" dir="0" index="0" bw="1" slack="0"/>
<pin id="200" dir="1" index="1" bw="32" slack="2147483647"/>
</pin_list>
<bind>
<opcode="alloca(26) " fcode="alloca"/>
<opset="pad_img3_13/1 "/>
</bind>
</comp>

<comp id="202" class="1004" name="pad_img3_14_alloca_fu_202">
<pin_list>
<pin id="203" dir="0" index="0" bw="1" slack="0"/>
<pin id="204" dir="1" index="1" bw="32" slack="2147483647"/>
</pin_list>
<bind>
<opcode="alloca(26) " fcode="alloca"/>
<opset="pad_img3_14/1 "/>
</bind>
</comp>

<comp id="206" class="1004" name="pad_img3_15_alloca_fu_206">
<pin_list>
<pin id="207" dir="0" index="0" bw="1" slack="0"/>
<pin id="208" dir="1" index="1" bw="32" slack="2147483647"/>
</pin_list>
<bind>
<opcode="alloca(26) " fcode="alloca"/>
<opset="pad_img3_15/1 "/>
</bind>
</comp>

<comp id="210" class="1004" name="pad_img3_16_alloca_fu_210">
<pin_list>
<pin id="211" dir="0" index="0" bw="1" slack="0"/>
<pin id="212" dir="1" index="1" bw="32" slack="2147483647"/>
</pin_list>
<bind>
<opcode="alloca(26) " fcode="alloca"/>
<opset="pad_img3_16/1 "/>
</bind>
</comp>

<comp id="214" class="1004" name="pad_img3_17_alloca_fu_214">
<pin_list>
<pin id="215" dir="0" index="0" bw="1" slack="0"/>
<pin id="216" dir="1" index="1" bw="32" slack="2147483647"/>
</pin_list>
<bind>
<opcode="alloca(26) " fcode="alloca"/>
<opset="pad_img3_17/1 "/>
</bind>
</comp>

<comp id="218" class="1004" name="pad_img3_18_alloca_fu_218">
<pin_list>
<pin id="219" dir="0" index="0" bw="1" slack="0"/>
<pin id="220" dir="1" index="1" bw="32" slack="2147483647"/>
</pin_list>
<bind>
<opcode="alloca(26) " fcode="alloca"/>
<opset="pad_img3_18/1 "/>
</bind>
</comp>

<comp id="222" class="1004" name="pad_img3_19_alloca_fu_222">
<pin_list>
<pin id="223" dir="0" index="0" bw="1" slack="0"/>
<pin id="224" dir="1" index="1" bw="32" slack="2147483647"/>
</pin_list>
<bind>
<opcode="alloca(26) " fcode="alloca"/>
<opset="pad_img3_19/1 "/>
</bind>
</comp>

<comp id="226" class="1004" name="pad_img3_20_alloca_fu_226">
<pin_list>
<pin id="227" dir="0" index="0" bw="1" slack="0"/>
<pin id="228" dir="1" index="1" bw="32" slack="2147483647"/>
</pin_list>
<bind>
<opcode="alloca(26) " fcode="alloca"/>
<opset="pad_img3_20/1 "/>
</bind>
</comp>

<comp id="230" class="1004" name="pad_img3_21_alloca_fu_230">
<pin_list>
<pin id="231" dir="0" index="0" bw="1" slack="0"/>
<pin id="232" dir="1" index="1" bw="32" slack="2147483647"/>
</pin_list>
<bind>
<opcode="alloca(26) " fcode="alloca"/>
<opset="pad_img3_21/1 "/>
</bind>
</comp>

<comp id="234" class="1004" name="pad_img3_22_alloca_fu_234">
<pin_list>
<pin id="235" dir="0" index="0" bw="1" slack="0"/>
<pin id="236" dir="1" index="1" bw="32" slack="2147483647"/>
</pin_list>
<bind>
<opcode="alloca(26) " fcode="alloca"/>
<opset="pad_img3_22/1 "/>
</bind>
</comp>

<comp id="238" class="1004" name="pad_img3_23_alloca_fu_238">
<pin_list>
<pin id="239" dir="0" index="0" bw="1" slack="0"/>
<pin id="240" dir="1" index="1" bw="32" slack="2147483647"/>
</pin_list>
<bind>
<opcode="alloca(26) " fcode="alloca"/>
<opset="pad_img3_23/1 "/>
</bind>
</comp>

<comp id="242" class="1004" name="pad_img3_24_alloca_fu_242">
<pin_list>
<pin id="243" dir="0" index="0" bw="1" slack="0"/>
<pin id="244" dir="1" index="1" bw="32" slack="2147483647"/>
</pin_list>
<bind>
<opcode="alloca(26) " fcode="alloca"/>
<opset="pad_img3_24/1 "/>
</bind>
</comp>

<comp id="246" class="1004" name="pad_img3_25_alloca_fu_246">
<pin_list>
<pin id="247" dir="0" index="0" bw="1" slack="0"/>
<pin id="248" dir="1" index="1" bw="32" slack="2147483647"/>
</pin_list>
<bind>
<opcode="alloca(26) " fcode="alloca"/>
<opset="pad_img3_25/1 "/>
</bind>
</comp>

<comp id="250" class="1004" name="pad_img3_26_alloca_fu_250">
<pin_list>
<pin id="251" dir="0" index="0" bw="1" slack="0"/>
<pin id="252" dir="1" index="1" bw="32" slack="2147483647"/>
</pin_list>
<bind>
<opcode="alloca(26) " fcode="alloca"/>
<opset="pad_img3_26/1 "/>
</bind>
</comp>

<comp id="254" class="1004" name="pad_img3_27_alloca_fu_254">
<pin_list>
<pin id="255" dir="0" index="0" bw="1" slack="0"/>
<pin id="256" dir="1" index="1" bw="32" slack="2147483647"/>
</pin_list>
<bind>
<opcode="alloca(26) " fcode="alloca"/>
<opset="pad_img3_27/1 "/>
</bind>
</comp>

<comp id="258" class="1004" name="pad_img3_28_alloca_fu_258">
<pin_list>
<pin id="259" dir="0" index="0" bw="1" slack="0"/>
<pin id="260" dir="1" index="1" bw="32" slack="2147483647"/>
</pin_list>
<bind>
<opcode="alloca(26) " fcode="alloca"/>
<opset="pad_img3_28/1 "/>
</bind>
</comp>

<comp id="262" class="1004" name="pad_img3_29_alloca_fu_262">
<pin_list>
<pin id="263" dir="0" index="0" bw="1" slack="0"/>
<pin id="264" dir="1" index="1" bw="32" slack="2147483647"/>
</pin_list>
<bind>
<opcode="alloca(26) " fcode="alloca"/>
<opset="pad_img3_29/1 "/>
</bind>
</comp>

<comp id="266" class="1004" name="pad_img3_30_alloca_fu_266">
<pin_list>
<pin id="267" dir="0" index="0" bw="1" slack="0"/>
<pin id="268" dir="1" index="1" bw="32" slack="2147483647"/>
</pin_list>
<bind>
<opcode="alloca(26) " fcode="alloca"/>
<opset="pad_img3_30/1 "/>
</bind>
</comp>

<comp id="270" class="1004" name="pad_img3_31_alloca_fu_270">
<pin_list>
<pin id="271" dir="0" index="0" bw="1" slack="0"/>
<pin id="272" dir="1" index="1" bw="32" slack="2147483647"/>
</pin_list>
<bind>
<opcode="alloca(26) " fcode="alloca"/>
<opset="pad_img3_31/1 "/>
</bind>
</comp>

<comp id="274" class="1004" name="pad_img3_32_alloca_fu_274">
<pin_list>
<pin id="275" dir="0" index="0" bw="1" slack="0"/>
<pin id="276" dir="1" index="1" bw="32" slack="2147483647"/>
</pin_list>
<bind>
<opcode="alloca(26) " fcode="alloca"/>
<opset="pad_img3_32/1 "/>
</bind>
</comp>

<comp id="278" class="1004" name="pad_img3_33_alloca_fu_278">
<pin_list>
<pin id="279" dir="0" index="0" bw="1" slack="0"/>
<pin id="280" dir="1" index="1" bw="32" slack="2147483647"/>
</pin_list>
<bind>
<opcode="alloca(26) " fcode="alloca"/>
<opset="pad_img3_33/1 "/>
</bind>
</comp>

<comp id="282" class="1004" name="pad_img3_34_alloca_fu_282">
<pin_list>
<pin id="283" dir="0" index="0" bw="1" slack="0"/>
<pin id="284" dir="1" index="1" bw="32" slack="2147483647"/>
</pin_list>
<bind>
<opcode="alloca(26) " fcode="alloca"/>
<opset="pad_img3_34/1 "/>
</bind>
</comp>

<comp id="286" class="1004" name="pad_img3_35_alloca_fu_286">
<pin_list>
<pin id="287" dir="0" index="0" bw="1" slack="0"/>
<pin id="288" dir="1" index="1" bw="32" slack="2147483647"/>
</pin_list>
<bind>
<opcode="alloca(26) " fcode="alloca"/>
<opset="pad_img3_35/1 "/>
</bind>
</comp>

<comp id="290" class="1004" name="pad_img3_36_alloca_fu_290">
<pin_list>
<pin id="291" dir="0" index="0" bw="1" slack="0"/>
<pin id="292" dir="1" index="1" bw="32" slack="2147483647"/>
</pin_list>
<bind>
<opcode="alloca(26) " fcode="alloca"/>
<opset="pad_img3_36/1 "/>
</bind>
</comp>

<comp id="294" class="1004" name="pad_img3_37_alloca_fu_294">
<pin_list>
<pin id="295" dir="0" index="0" bw="1" slack="0"/>
<pin id="296" dir="1" index="1" bw="32" slack="2147483647"/>
</pin_list>
<bind>
<opcode="alloca(26) " fcode="alloca"/>
<opset="pad_img3_37/1 "/>
</bind>
</comp>

<comp id="298" class="1004" name="pad_img3_38_alloca_fu_298">
<pin_list>
<pin id="299" dir="0" index="0" bw="1" slack="0"/>
<pin id="300" dir="1" index="1" bw="32" slack="2147483647"/>
</pin_list>
<bind>
<opcode="alloca(26) " fcode="alloca"/>
<opset="pad_img3_38/1 "/>
</bind>
</comp>

<comp id="302" class="1004" name="pad_img3_39_alloca_fu_302">
<pin_list>
<pin id="303" dir="0" index="0" bw="1" slack="0"/>
<pin id="304" dir="1" index="1" bw="32" slack="2147483647"/>
</pin_list>
<bind>
<opcode="alloca(26) " fcode="alloca"/>
<opset="pad_img3_39/1 "/>
</bind>
</comp>

<comp id="306" class="1004" name="pad_img3_40_alloca_fu_306">
<pin_list>
<pin id="307" dir="0" index="0" bw="1" slack="0"/>
<pin id="308" dir="1" index="1" bw="32" slack="2147483647"/>
</pin_list>
<bind>
<opcode="alloca(26) " fcode="alloca"/>
<opset="pad_img3_40/1 "/>
</bind>
</comp>

<comp id="310" class="1004" name="pad_img3_41_alloca_fu_310">
<pin_list>
<pin id="311" dir="0" index="0" bw="1" slack="0"/>
<pin id="312" dir="1" index="1" bw="32" slack="2147483647"/>
</pin_list>
<bind>
<opcode="alloca(26) " fcode="alloca"/>
<opset="pad_img3_41/1 "/>
</bind>
</comp>

<comp id="314" class="1004" name="pad_img3_42_alloca_fu_314">
<pin_list>
<pin id="315" dir="0" index="0" bw="1" slack="0"/>
<pin id="316" dir="1" index="1" bw="32" slack="2147483647"/>
</pin_list>
<bind>
<opcode="alloca(26) " fcode="alloca"/>
<opset="pad_img3_42/1 "/>
</bind>
</comp>

<comp id="318" class="1004" name="pad_img3_43_alloca_fu_318">
<pin_list>
<pin id="319" dir="0" index="0" bw="1" slack="0"/>
<pin id="320" dir="1" index="1" bw="32" slack="2147483647"/>
</pin_list>
<bind>
<opcode="alloca(26) " fcode="alloca"/>
<opset="pad_img3_43/1 "/>
</bind>
</comp>

<comp id="322" class="1004" name="pad_img3_44_alloca_fu_322">
<pin_list>
<pin id="323" dir="0" index="0" bw="1" slack="0"/>
<pin id="324" dir="1" index="1" bw="32" slack="2147483647"/>
</pin_list>
<bind>
<opcode="alloca(26) " fcode="alloca"/>
<opset="pad_img3_44/1 "/>
</bind>
</comp>

<comp id="326" class="1004" name="pad_img3_45_alloca_fu_326">
<pin_list>
<pin id="327" dir="0" index="0" bw="1" slack="0"/>
<pin id="328" dir="1" index="1" bw="32" slack="2147483647"/>
</pin_list>
<bind>
<opcode="alloca(26) " fcode="alloca"/>
<opset="pad_img3_45/1 "/>
</bind>
</comp>

<comp id="330" class="1004" name="pad_img3_46_alloca_fu_330">
<pin_list>
<pin id="331" dir="0" index="0" bw="1" slack="0"/>
<pin id="332" dir="1" index="1" bw="32" slack="2147483647"/>
</pin_list>
<bind>
<opcode="alloca(26) " fcode="alloca"/>
<opset="pad_img3_46/1 "/>
</bind>
</comp>

<comp id="334" class="1004" name="pad_img3_47_alloca_fu_334">
<pin_list>
<pin id="335" dir="0" index="0" bw="1" slack="0"/>
<pin id="336" dir="1" index="1" bw="32" slack="2147483647"/>
</pin_list>
<bind>
<opcode="alloca(26) " fcode="alloca"/>
<opset="pad_img3_47/1 "/>
</bind>
</comp>

<comp id="338" class="1004" name="pad_img3_48_alloca_fu_338">
<pin_list>
<pin id="339" dir="0" index="0" bw="1" slack="0"/>
<pin id="340" dir="1" index="1" bw="32" slack="2147483647"/>
</pin_list>
<bind>
<opcode="alloca(26) " fcode="alloca"/>
<opset="pad_img3_48/1 "/>
</bind>
</comp>

<comp id="342" class="1004" name="grp_cnn_Pipeline_1_fu_342">
<pin_list>
<pin id="343" dir="0" index="0" bw="0" slack="0"/>
<pin id="344" dir="0" index="1" bw="32" slack="0"/>
<pin id="345" dir="1" index="2" bw="0" slack="2147483647"/>
</pin_list>
<bind>
<opcode="call(48) " fcode="call"/>
<opset="call_ln0/1 "/>
</bind>
</comp>

<comp id="348" class="1004" name="grp_cnn_Pipeline_pad_for_rows_pad_for_cols_fu_348">
<pin_list>
<pin id="349" dir="0" index="0" bw="0" slack="0"/>
<pin id="350" dir="0" index="1" bw="32" slack="0"/>
<pin id="351" dir="0" index="2" bw="32" slack="2147483647"/>
<pin id="352" dir="1" index="3" bw="0" slack="2147483647"/>
</pin_list>
<bind>
<opcode="call(48) " fcode="call"/>
<opset="call_ln0/3 "/>
</bind>
</comp>

<comp id="355" class="1004" name="grp_cnn_Pipeline_clone_for_rows_clone_for_cols_fu_355">
<pin_list>
<pin id="356" dir="0" index="0" bw="0" slack="0"/>
<pin id="357" dir="0" index="1" bw="32" slack="2147483647"/>
<pin id="358" dir="0" index="2" bw="32" slack="2147483647"/>
<pin id="359" dir="0" index="3" bw="32" slack="2147483647"/>
<pin id="360" dir="0" index="4" bw="32" slack="2147483647"/>
<pin id="361" dir="0" index="5" bw="32" slack="2147483647"/>
<pin id="362" dir="0" index="6" bw="32" slack="2147483647"/>
<pin id="363" dir="0" index="7" bw="32" slack="2147483647"/>
<pin id="364" dir="0" index="8" bw="32" slack="2147483647"/>
<pin id="365" dir="0" index="9" bw="32" slack="2147483647"/>
<pin id="366" dir="0" index="10" bw="32" slack="2147483647"/>
<pin id="367" dir="0" index="11" bw="32" slack="2147483647"/>
<pin id="368" dir="0" index="12" bw="32" slack="2147483647"/>
<pin id="369" dir="0" index="13" bw="32" slack="2147483647"/>
<pin id="370" dir="0" index="14" bw="32" slack="2147483647"/>
<pin id="371" dir="0" index="15" bw="32" slack="2147483647"/>
<pin id="372" dir="0" index="16" bw="32" slack="2147483647"/>
<pin id="373" dir="0" index="17" bw="32" slack="2147483647"/>
<pin id="374" dir="0" index="18" bw="32" slack="2147483647"/>
<pin id="375" dir="0" index="19" bw="32" slack="2147483647"/>
<pin id="376" dir="0" index="20" bw="32" slack="2147483647"/>
<pin id="377" dir="0" index="21" bw="32" slack="2147483647"/>
<pin id="378" dir="0" index="22" bw="32" slack="2147483647"/>
<pin id="379" dir="0" index="23" bw="32" slack="2147483647"/>
<pin id="380" dir="0" index="24" bw="32" slack="2147483647"/>
<pin id="381" dir="0" index="25" bw="32" slack="2147483647"/>
<pin id="382" dir="0" index="26" bw="32" slack="2147483647"/>
<pin id="383" dir="0" index="27" bw="32" slack="2147483647"/>
<pin id="384" dir="0" index="28" bw="32" slack="2147483647"/>
<pin id="385" dir="0" index="29" bw="32" slack="2147483647"/>
<pin id="386" dir="0" index="30" bw="32" slack="2147483647"/>
<pin id="387" dir="0" index="31" bw="32" slack="2147483647"/>
<pin id="388" dir="0" index="32" bw="32" slack="2147483647"/>
<pin id="389" dir="0" index="33" bw="32" slack="2147483647"/>
<pin id="390" dir="0" index="34" bw="32" slack="2147483647"/>
<pin id="391" dir="0" index="35" bw="32" slack="2147483647"/>
<pin id="392" dir="0" index="36" bw="32" slack="2147483647"/>
<pin id="393" dir="0" index="37" bw="32" slack="2147483647"/>
<pin id="394" dir="0" index="38" bw="32" slack="2147483647"/>
<pin id="395" dir="0" index="39" bw="32" slack="2147483647"/>
<pin id="396" dir="0" index="40" bw="32" slack="2147483647"/>
<pin id="397" dir="0" index="41" bw="32" slack="2147483647"/>
<pin id="398" dir="0" index="42" bw="32" slack="2147483647"/>
<pin id="399" dir="0" index="43" bw="32" slack="2147483647"/>
<pin id="400" dir="0" index="44" bw="32" slack="2147483647"/>
<pin id="401" dir="0" index="45" bw="32" slack="2147483647"/>
<pin id="402" dir="0" index="46" bw="32" slack="2147483647"/>
<pin id="403" dir="0" index="47" bw="32" slack="2147483647"/>
<pin id="404" dir="0" index="48" bw="32" slack="2147483647"/>
<pin id="405" dir="0" index="49" bw="32" slack="2147483647"/>
<pin id="406" dir="0" index="50" bw="32" slack="2147483647"/>
<pin id="407" dir="0" index="51" bw="32" slack="2147483647"/>
<pin id="408" dir="0" index="52" bw="32" slack="2147483647"/>
<pin id="409" dir="1" index="53" bw="0" slack="2147483647"/>
</pin_list>
<bind>
<opcode="call(48) " fcode="call"/>
<opset="call_ln0/5 "/>
</bind>
</comp>

<comp id="411" class="1004" name="grp_dataflow_section_fu_411">
<pin_list>
<pin id="412" dir="0" index="0" bw="0" slack="0"/>
<pin id="413" dir="0" index="1" bw="32" slack="2147483647"/>
<pin id="414" dir="0" index="2" bw="32" slack="2147483647"/>
<pin id="415" dir="0" index="3" bw="32" slack="2147483647"/>
<pin id="416" dir="0" index="4" bw="32" slack="2147483647"/>
<pin id="417" dir="0" index="5" bw="32" slack="2147483647"/>
<pin id="418" dir="0" index="6" bw="32" slack="2147483647"/>
<pin id="419" dir="0" index="7" bw="32" slack="2147483647"/>
<pin id="420" dir="0" index="8" bw="32" slack="2147483647"/>
<pin id="421" dir="0" index="9" bw="32" slack="2147483647"/>
<pin id="422" dir="0" index="10" bw="32" slack="2147483647"/>
<pin id="423" dir="0" index="11" bw="32" slack="2147483647"/>
<pin id="424" dir="0" index="12" bw="32" slack="2147483647"/>
<pin id="425" dir="0" index="13" bw="32" slack="2147483647"/>
<pin id="426" dir="0" index="14" bw="32" slack="2147483647"/>
<pin id="427" dir="0" index="15" bw="32" slack="2147483647"/>
<pin id="428" dir="0" index="16" bw="32" slack="2147483647"/>
<pin id="429" dir="0" index="17" bw="32" slack="2147483647"/>
<pin id="430" dir="0" index="18" bw="32" slack="2147483647"/>
<pin id="431" dir="0" index="19" bw="32" slack="2147483647"/>
<pin id="432" dir="0" index="20" bw="32" slack="2147483647"/>
<pin id="433" dir="0" index="21" bw="32" slack="2147483647"/>
<pin id="434" dir="0" index="22" bw="32" slack="2147483647"/>
<pin id="435" dir="0" index="23" bw="32" slack="2147483647"/>
<pin id="436" dir="0" index="24" bw="32" slack="2147483647"/>
<pin id="437" dir="0" index="25" bw="32" slack="2147483647"/>
<pin id="438" dir="0" index="26" bw="32" slack="2147483647"/>
<pin id="439" dir="0" index="27" bw="32" slack="2147483647"/>
<pin id="440" dir="0" index="28" bw="32" slack="2147483647"/>
<pin id="441" dir="0" index="29" bw="32" slack="2147483647"/>
<pin id="442" dir="0" index="30" bw="32" slack="2147483647"/>
<pin id="443" dir="0" index="31" bw="32" slack="2147483647"/>
<pin id="444" dir="0" index="32" bw="32" slack="2147483647"/>
<pin id="445" dir="0" index="33" bw="32" slack="2147483647"/>
<pin id="446" dir="0" index="34" bw="32" slack="2147483647"/>
<pin id="447" dir="0" index="35" bw="32" slack="2147483647"/>
<pin id="448" dir="0" index="36" bw="32" slack="2147483647"/>
<pin id="449" dir="0" index="37" bw="32" slack="2147483647"/>
<pin id="450" dir="0" index="38" bw="32" slack="2147483647"/>
<pin id="451" dir="0" index="39" bw="32" slack="2147483647"/>
<pin id="452" dir="0" index="40" bw="32" slack="2147483647"/>
<pin id="453" dir="0" index="41" bw="32" slack="2147483647"/>
<pin id="454" dir="0" index="42" bw="32" slack="2147483647"/>
<pin id="455" dir="0" index="43" bw="32" slack="2147483647"/>
<pin id="456" dir="0" index="44" bw="32" slack="2147483647"/>
<pin id="457" dir="0" index="45" bw="32" slack="2147483647"/>
<pin id="458" dir="0" index="46" bw="32" slack="2147483647"/>
<pin id="459" dir="0" index="47" bw="32" slack="2147483647"/>
<pin id="460" dir="0" index="48" bw="32" slack="2147483647"/>
<pin id="461" dir="0" index="49" bw="32" slack="2147483647"/>
<pin id="462" dir="0" index="50" bw="32" slack="2147483647"/>
<pin id="463" dir="0" index="51" bw="32" slack="2147483647"/>
<pin id="464" dir="0" index="52" bw="32" slack="2147483647"/>
<pin id="465" dir="0" index="53" bw="32" slack="0"/>
<pin id="466" dir="0" index="54" bw="32" slack="0"/>
<pin id="467" dir="0" index="55" bw="32" slack="0"/>
<pin id="468" dir="0" index="56" bw="32" slack="0"/>
<pin id="469" dir="0" index="57" bw="32" slack="0"/>
<pin id="470" dir="0" index="58" bw="32" slack="0"/>
<pin id="471" dir="0" index="59" bw="32" slack="0"/>
<pin id="472" dir="0" index="60" bw="32" slack="0"/>
<pin id="473" dir="0" index="61" bw="32" slack="0"/>
<pin id="474" dir="0" index="62" bw="32" slack="0"/>
<pin id="475" dir="0" index="63" bw="32" slack="0"/>
<pin id="476" dir="0" index="64" bw="32" slack="0"/>
<pin id="477" dir="0" index="65" bw="32" slack="0"/>
<pin id="478" dir="0" index="66" bw="32" slack="0"/>
<pin id="479" dir="0" index="67" bw="32" slack="0"/>
<pin id="480" dir="0" index="68" bw="32" slack="0"/>
<pin id="481" dir="0" index="69" bw="32" slack="0"/>
<pin id="482" dir="0" index="70" bw="32" slack="0"/>
<pin id="483" dir="0" index="71" bw="32" slack="0"/>
<pin id="484" dir="0" index="72" bw="32" slack="0"/>
<pin id="485" dir="0" index="73" bw="32" slack="0"/>
<pin id="486" dir="0" index="74" bw="32" slack="0"/>
<pin id="487" dir="0" index="75" bw="32" slack="0"/>
<pin id="488" dir="0" index="76" bw="32" slack="0"/>
<pin id="489" dir="0" index="77" bw="32" slack="0"/>
<pin id="490" dir="0" index="78" bw="32" slack="0"/>
<pin id="491" dir="0" index="79" bw="32" slack="0"/>
<pin id="492" dir="0" index="80" bw="32" slack="0"/>
<pin id="493" dir="0" index="81" bw="32" slack="0"/>
<pin id="494" dir="0" index="82" bw="32" slack="0"/>
<pin id="495" dir="0" index="83" bw="32" slack="0"/>
<pin id="496" dir="0" index="84" bw="32" slack="0"/>
<pin id="497" dir="0" index="85" bw="32" slack="0"/>
<pin id="498" dir="0" index="86" bw="32" slack="0"/>
<pin id="499" dir="0" index="87" bw="32" slack="0"/>
<pin id="500" dir="0" index="88" bw="32" slack="0"/>
<pin id="501" dir="0" index="89" bw="32" slack="0"/>
<pin id="502" dir="0" index="90" bw="32" slack="0"/>
<pin id="503" dir="0" index="91" bw="32" slack="0"/>
<pin id="504" dir="0" index="92" bw="32" slack="0"/>
<pin id="505" dir="0" index="93" bw="32" slack="0"/>
<pin id="506" dir="0" index="94" bw="32" slack="0"/>
<pin id="507" dir="0" index="95" bw="32" slack="0"/>
<pin id="508" dir="0" index="96" bw="32" slack="0"/>
<pin id="509" dir="0" index="97" bw="32" slack="0"/>
<pin id="510" dir="0" index="98" bw="32" slack="0"/>
<pin id="511" dir="0" index="99" bw="32" slack="0"/>
<pin id="512" dir="0" index="100" bw="32" slack="0"/>
<pin id="513" dir="0" index="101" bw="32" slack="0"/>
<pin id="514" dir="0" index="102" bw="32" slack="0"/>
<pin id="515" dir="0" index="103" bw="32" slack="0"/>
<pin id="516" dir="0" index="104" bw="32" slack="0"/>
<pin id="517" dir="0" index="105" bw="32" slack="0"/>
<pin id="518" dir="1" index="106" bw="0" slack="2147483647"/>
</pin_list>
<bind>
<opcode="call(48) " fcode="call"/>
<opset="call_ln96/7 "/>
</bind>
</comp>

</comp_list>

<net_list>
<net id="137"><net_src comp="108" pin="0"/><net_sink comp="134" pin=0"/></net>

<net id="141"><net_src comp="108" pin="0"/><net_sink comp="138" pin=0"/></net>

<net id="145"><net_src comp="108" pin="0"/><net_sink comp="142" pin=0"/></net>

<net id="149"><net_src comp="108" pin="0"/><net_sink comp="146" pin=0"/></net>

<net id="153"><net_src comp="108" pin="0"/><net_sink comp="150" pin=0"/></net>

<net id="157"><net_src comp="108" pin="0"/><net_sink comp="154" pin=0"/></net>

<net id="161"><net_src comp="108" pin="0"/><net_sink comp="158" pin=0"/></net>

<net id="165"><net_src comp="108" pin="0"/><net_sink comp="162" pin=0"/></net>

<net id="169"><net_src comp="108" pin="0"/><net_sink comp="166" pin=0"/></net>

<net id="173"><net_src comp="108" pin="0"/><net_sink comp="170" pin=0"/></net>

<net id="177"><net_src comp="108" pin="0"/><net_sink comp="174" pin=0"/></net>

<net id="181"><net_src comp="108" pin="0"/><net_sink comp="178" pin=0"/></net>

<net id="185"><net_src comp="108" pin="0"/><net_sink comp="182" pin=0"/></net>

<net id="189"><net_src comp="108" pin="0"/><net_sink comp="186" pin=0"/></net>

<net id="193"><net_src comp="108" pin="0"/><net_sink comp="190" pin=0"/></net>

<net id="197"><net_src comp="108" pin="0"/><net_sink comp="194" pin=0"/></net>

<net id="201"><net_src comp="108" pin="0"/><net_sink comp="198" pin=0"/></net>

<net id="205"><net_src comp="108" pin="0"/><net_sink comp="202" pin=0"/></net>

<net id="209"><net_src comp="108" pin="0"/><net_sink comp="206" pin=0"/></net>

<net id="213"><net_src comp="108" pin="0"/><net_sink comp="210" pin=0"/></net>

<net id="217"><net_src comp="108" pin="0"/><net_sink comp="214" pin=0"/></net>

<net id="221"><net_src comp="108" pin="0"/><net_sink comp="218" pin=0"/></net>

<net id="225"><net_src comp="108" pin="0"/><net_sink comp="222" pin=0"/></net>

<net id="229"><net_src comp="108" pin="0"/><net_sink comp="226" pin=0"/></net>

<net id="233"><net_src comp="108" pin="0"/><net_sink comp="230" pin=0"/></net>

<net id="237"><net_src comp="108" pin="0"/><net_sink comp="234" pin=0"/></net>

<net id="241"><net_src comp="108" pin="0"/><net_sink comp="238" pin=0"/></net>

<net id="245"><net_src comp="108" pin="0"/><net_sink comp="242" pin=0"/></net>

<net id="249"><net_src comp="108" pin="0"/><net_sink comp="246" pin=0"/></net>

<net id="253"><net_src comp="108" pin="0"/><net_sink comp="250" pin=0"/></net>

<net id="257"><net_src comp="108" pin="0"/><net_sink comp="254" pin=0"/></net>

<net id="261"><net_src comp="108" pin="0"/><net_sink comp="258" pin=0"/></net>

<net id="265"><net_src comp="108" pin="0"/><net_sink comp="262" pin=0"/></net>

<net id="269"><net_src comp="108" pin="0"/><net_sink comp="266" pin=0"/></net>

<net id="273"><net_src comp="108" pin="0"/><net_sink comp="270" pin=0"/></net>

<net id="277"><net_src comp="108" pin="0"/><net_sink comp="274" pin=0"/></net>

<net id="281"><net_src comp="108" pin="0"/><net_sink comp="278" pin=0"/></net>

<net id="285"><net_src comp="108" pin="0"/><net_sink comp="282" pin=0"/></net>

<net id="289"><net_src comp="108" pin="0"/><net_sink comp="286" pin=0"/></net>

<net id="293"><net_src comp="108" pin="0"/><net_sink comp="290" pin=0"/></net>

<net id="297"><net_src comp="108" pin="0"/><net_sink comp="294" pin=0"/></net>

<net id="301"><net_src comp="108" pin="0"/><net_sink comp="298" pin=0"/></net>

<net id="305"><net_src comp="108" pin="0"/><net_sink comp="302" pin=0"/></net>

<net id="309"><net_src comp="108" pin="0"/><net_sink comp="306" pin=0"/></net>

<net id="313"><net_src comp="108" pin="0"/><net_sink comp="310" pin=0"/></net>

<net id="317"><net_src comp="108" pin="0"/><net_sink comp="314" pin=0"/></net>

<net id="321"><net_src comp="108" pin="0"/><net_sink comp="318" pin=0"/></net>

<net id="325"><net_src comp="108" pin="0"/><net_sink comp="322" pin=0"/></net>

<net id="329"><net_src comp="108" pin="0"/><net_sink comp="326" pin=0"/></net>

<net id="333"><net_src comp="108" pin="0"/><net_sink comp="330" pin=0"/></net>

<net id="337"><net_src comp="108" pin="0"/><net_sink comp="334" pin=0"/></net>

<net id="341"><net_src comp="108" pin="0"/><net_sink comp="338" pin=0"/></net>

<net id="346"><net_src comp="110" pin="0"/><net_sink comp="342" pin=0"/></net>

<net id="347"><net_src comp="134" pin="1"/><net_sink comp="342" pin=1"/></net>

<net id="353"><net_src comp="112" pin="0"/><net_sink comp="348" pin=0"/></net>

<net id="354"><net_src comp="0" pin="0"/><net_sink comp="348" pin=1"/></net>

<net id="410"><net_src comp="114" pin="0"/><net_sink comp="355" pin=0"/></net>

<net id="519"><net_src comp="116" pin="0"/><net_sink comp="411" pin=0"/></net>

<net id="520"><net_src comp="2" pin="0"/><net_sink comp="411" pin=53"/></net>

<net id="521"><net_src comp="4" pin="0"/><net_sink comp="411" pin=54"/></net>

<net id="522"><net_src comp="6" pin="0"/><net_sink comp="411" pin=55"/></net>

<net id="523"><net_src comp="8" pin="0"/><net_sink comp="411" pin=56"/></net>

<net id="524"><net_src comp="10" pin="0"/><net_sink comp="411" pin=57"/></net>

<net id="525"><net_src comp="12" pin="0"/><net_sink comp="411" pin=58"/></net>

<net id="526"><net_src comp="14" pin="0"/><net_sink comp="411" pin=59"/></net>

<net id="527"><net_src comp="16" pin="0"/><net_sink comp="411" pin=60"/></net>

<net id="528"><net_src comp="18" pin="0"/><net_sink comp="411" pin=61"/></net>

<net id="529"><net_src comp="20" pin="0"/><net_sink comp="411" pin=62"/></net>

<net id="530"><net_src comp="22" pin="0"/><net_sink comp="411" pin=63"/></net>

<net id="531"><net_src comp="24" pin="0"/><net_sink comp="411" pin=64"/></net>

<net id="532"><net_src comp="26" pin="0"/><net_sink comp="411" pin=65"/></net>

<net id="533"><net_src comp="28" pin="0"/><net_sink comp="411" pin=66"/></net>

<net id="534"><net_src comp="30" pin="0"/><net_sink comp="411" pin=67"/></net>

<net id="535"><net_src comp="32" pin="0"/><net_sink comp="411" pin=68"/></net>

<net id="536"><net_src comp="34" pin="0"/><net_sink comp="411" pin=69"/></net>

<net id="537"><net_src comp="36" pin="0"/><net_sink comp="411" pin=70"/></net>

<net id="538"><net_src comp="38" pin="0"/><net_sink comp="411" pin=71"/></net>

<net id="539"><net_src comp="40" pin="0"/><net_sink comp="411" pin=72"/></net>

<net id="540"><net_src comp="42" pin="0"/><net_sink comp="411" pin=73"/></net>

<net id="541"><net_src comp="44" pin="0"/><net_sink comp="411" pin=74"/></net>

<net id="542"><net_src comp="46" pin="0"/><net_sink comp="411" pin=75"/></net>

<net id="543"><net_src comp="48" pin="0"/><net_sink comp="411" pin=76"/></net>

<net id="544"><net_src comp="50" pin="0"/><net_sink comp="411" pin=77"/></net>

<net id="545"><net_src comp="52" pin="0"/><net_sink comp="411" pin=78"/></net>

<net id="546"><net_src comp="54" pin="0"/><net_sink comp="411" pin=79"/></net>

<net id="547"><net_src comp="56" pin="0"/><net_sink comp="411" pin=80"/></net>

<net id="548"><net_src comp="58" pin="0"/><net_sink comp="411" pin=81"/></net>

<net id="549"><net_src comp="60" pin="0"/><net_sink comp="411" pin=82"/></net>

<net id="550"><net_src comp="62" pin="0"/><net_sink comp="411" pin=83"/></net>

<net id="551"><net_src comp="64" pin="0"/><net_sink comp="411" pin=84"/></net>

<net id="552"><net_src comp="66" pin="0"/><net_sink comp="411" pin=85"/></net>

<net id="553"><net_src comp="68" pin="0"/><net_sink comp="411" pin=86"/></net>

<net id="554"><net_src comp="70" pin="0"/><net_sink comp="411" pin=87"/></net>

<net id="555"><net_src comp="72" pin="0"/><net_sink comp="411" pin=88"/></net>

<net id="556"><net_src comp="74" pin="0"/><net_sink comp="411" pin=89"/></net>

<net id="557"><net_src comp="76" pin="0"/><net_sink comp="411" pin=90"/></net>

<net id="558"><net_src comp="78" pin="0"/><net_sink comp="411" pin=91"/></net>

<net id="559"><net_src comp="80" pin="0"/><net_sink comp="411" pin=92"/></net>

<net id="560"><net_src comp="82" pin="0"/><net_sink comp="411" pin=93"/></net>

<net id="561"><net_src comp="84" pin="0"/><net_sink comp="411" pin=94"/></net>

<net id="562"><net_src comp="86" pin="0"/><net_sink comp="411" pin=95"/></net>

<net id="563"><net_src comp="88" pin="0"/><net_sink comp="411" pin=96"/></net>

<net id="564"><net_src comp="90" pin="0"/><net_sink comp="411" pin=97"/></net>

<net id="565"><net_src comp="92" pin="0"/><net_sink comp="411" pin=98"/></net>

<net id="566"><net_src comp="94" pin="0"/><net_sink comp="411" pin=99"/></net>

<net id="567"><net_src comp="96" pin="0"/><net_sink comp="411" pin=100"/></net>

<net id="568"><net_src comp="98" pin="0"/><net_sink comp="411" pin=101"/></net>

<net id="569"><net_src comp="100" pin="0"/><net_sink comp="411" pin=102"/></net>

<net id="570"><net_src comp="102" pin="0"/><net_sink comp="411" pin=103"/></net>

<net id="571"><net_src comp="104" pin="0"/><net_sink comp="411" pin=104"/></net>

<net id="572"><net_src comp="106" pin="0"/><net_sink comp="411" pin=105"/></net>

</net_list>

</model> 
---------------- Datapath Model END ------------------

* FSMD analyzer results:
  - Output states:
	Port: prediction | {7 8 }
 - Input state : 
	Port: cnn : img_in | {3 4 }
	Port: cnn : prediction | {7 8 }
	Port: cnn : conv_biases | {7 8 }
	Port: cnn : conv_weights_0_0 | {7 8 }
	Port: cnn : conv_weights_0_1 | {7 8 }
	Port: cnn : conv_weights_0_2 | {7 8 }
	Port: cnn : conv_weights_0_3 | {7 8 }
	Port: cnn : conv_weights_0_4 | {7 8 }
	Port: cnn : conv_weights_0_5 | {7 8 }
	Port: cnn : conv_weights_0_6 | {7 8 }
	Port: cnn : conv_weights_1_0 | {7 8 }
	Port: cnn : conv_weights_1_1 | {7 8 }
	Port: cnn : conv_weights_1_2 | {7 8 }
	Port: cnn : conv_weights_1_3 | {7 8 }
	Port: cnn : conv_weights_1_4 | {7 8 }
	Port: cnn : conv_weights_1_5 | {7 8 }
	Port: cnn : conv_weights_1_6 | {7 8 }
	Port: cnn : conv_weights_2_0 | {7 8 }
	Port: cnn : conv_weights_2_1 | {7 8 }
	Port: cnn : conv_weights_2_2 | {7 8 }
	Port: cnn : conv_weights_2_3 | {7 8 }
	Port: cnn : conv_weights_2_4 | {7 8 }
	Port: cnn : conv_weights_2_5 | {7 8 }
	Port: cnn : conv_weights_2_6 | {7 8 }
	Port: cnn : conv_weights_3_0 | {7 8 }
	Port: cnn : conv_weights_3_1 | {7 8 }
	Port: cnn : conv_weights_3_2 | {7 8 }
	Port: cnn : conv_weights_3_3 | {7 8 }
	Port: cnn : conv_weights_3_4 | {7 8 }
	Port: cnn : conv_weights_3_5 | {7 8 }
	Port: cnn : conv_weights_3_6 | {7 8 }
	Port: cnn : conv_weights_4_0 | {7 8 }
	Port: cnn : conv_weights_4_1 | {7 8 }
	Port: cnn : conv_weights_4_2 | {7 8 }
	Port: cnn : conv_weights_4_3 | {7 8 }
	Port: cnn : conv_weights_4_4 | {7 8 }
	Port: cnn : conv_weights_4_5 | {7 8 }
	Port: cnn : conv_weights_4_6 | {7 8 }
	Port: cnn : conv_weights_5_0 | {7 8 }
	Port: cnn : conv_weights_5_1 | {7 8 }
	Port: cnn : conv_weights_5_2 | {7 8 }
	Port: cnn : conv_weights_5_3 | {7 8 }
	Port: cnn : conv_weights_5_4 | {7 8 }
	Port: cnn : conv_weights_5_5 | {7 8 }
	Port: cnn : conv_weights_5_6 | {7 8 }
	Port: cnn : conv_weights_6_0 | {7 8 }
	Port: cnn : conv_weights_6_1 | {7 8 }
	Port: cnn : conv_weights_6_2 | {7 8 }
	Port: cnn : conv_weights_6_3 | {7 8 }
	Port: cnn : conv_weights_6_4 | {7 8 }
	Port: cnn : conv_weights_6_5 | {7 8 }
	Port: cnn : conv_weights_6_6 | {7 8 }
	Port: cnn : dense_weights | {7 8 }
	Port: cnn : dense_biases | {7 8 }
  - Chain level:
	State 1
		call_ln0 : 1
	State 2
	State 3
	State 4
	State 5
	State 6
	State 7
	State 8


============================================================
+ Verbose Summary: Datapath Resource usage 
============================================================

* Functional unit list:
|----------|-------------------------------------------------------|---------|---------|---------|---------|---------|---------|
| Operation|                    Functional Unit                    |   BRAM  |   DSP   |  Delay  |    FF   |   LUT   |   URAM  |
|----------|-------------------------------------------------------|---------|---------|---------|---------|---------|---------|
|          |               grp_cnn_Pipeline_1_fu_342               |    0    |    0    |    0    |    11   |    24   |    0    |
|   call   |   grp_cnn_Pipeline_pad_for_rows_pad_for_cols_fu_348   |    0    |    0    |  3.176  |   147   |   160   |    0    |
|          | grp_cnn_Pipeline_clone_for_rows_clone_for_cols_fu_355 |    0    |    0    |  4.764  |   425   |   381   |    0    |
|          |              grp_dataflow_section_fu_411              |    0    |   312   | 835.244 |  61783  |  85429  |    0    |
|----------|-------------------------------------------------------|---------|---------|---------|---------|---------|---------|
|   Total  |                                                       |    0    |   312   | 843.184 |  62366  |  85994  |    0    |
|----------|-------------------------------------------------------|---------|---------|---------|---------|---------|---------|

Memories:
+----------------+--------+--------+--------+--------+
|                |  BRAM  |   FF   |   LUT  |  URAM  |
+----------------+--------+--------+--------+--------+
|   conv_biases  |    0   |   32   |    2   |    -   |
|conv_weights_0_0|    0   |   32   |    2   |    -   |
|conv_weights_0_1|    0   |   32   |    2   |    -   |
|conv_weights_0_2|    0   |   32   |    2   |    -   |
|conv_weights_0_3|    0   |   32   |    2   |    -   |
|conv_weights_0_4|    0   |   32   |    2   |    -   |
|conv_weights_0_5|    0   |   32   |    2   |    -   |
|conv_weights_0_6|    0   |   32   |    2   |    -   |
|conv_weights_1_0|    0   |   32   |    2   |    -   |
|conv_weights_1_1|    0   |   32   |    2   |    -   |
|conv_weights_1_2|    0   |   32   |    2   |    -   |
|conv_weights_1_3|    0   |   32   |    2   |    -   |
|conv_weights_1_4|    0   |   32   |    2   |    -   |
|conv_weights_1_5|    0   |   32   |    2   |    -   |
|conv_weights_1_6|    0   |   32   |    2   |    -   |
|conv_weights_2_0|    0   |   32   |    2   |    -   |
|conv_weights_2_1|    0   |   32   |    2   |    -   |
|conv_weights_2_2|    0   |   32   |    2   |    -   |
|conv_weights_2_3|    0   |   32   |    2   |    -   |
|conv_weights_2_4|    0   |   32   |    2   |    -   |
|conv_weights_2_5|    0   |   32   |    2   |    -   |
|conv_weights_2_6|    0   |   32   |    2   |    -   |
|conv_weights_3_0|    0   |   32   |    2   |    -   |
|conv_weights_3_1|    0   |   32   |    2   |    -   |
|conv_weights_3_2|    0   |   32   |    2   |    -   |
|conv_weights_3_3|    0   |   32   |    2   |    -   |
|conv_weights_3_4|    0   |   32   |    2   |    -   |
|conv_weights_3_5|    0   |   32   |    2   |    -   |
|conv_weights_3_6|    0   |   32   |    2   |    -   |
|conv_weights_4_0|    0   |   32   |    2   |    -   |
|conv_weights_4_1|    0   |   32   |    2   |    -   |
|conv_weights_4_2|    0   |   32   |    2   |    -   |
|conv_weights_4_3|    0   |   32   |    2   |    -   |
|conv_weights_4_4|    0   |   32   |    2   |    -   |
|conv_weights_4_5|    0   |   32   |    2   |    -   |
|conv_weights_4_6|    0   |   32   |    2   |    -   |
|conv_weights_5_0|    0   |   32   |    2   |    -   |
|conv_weights_5_1|    0   |   32   |    2   |    -   |
|conv_weights_5_2|    0   |   32   |    2   |    -   |
|conv_weights_5_3|    0   |   32   |    2   |    -   |
|conv_weights_5_4|    0   |   32   |    2   |    -   |
|conv_weights_5_5|    0   |   32   |    2   |    -   |
|conv_weights_5_6|    0   |   32   |    2   |    -   |
|conv_weights_6_0|    0   |   32   |    2   |    -   |
|conv_weights_6_1|    0   |   32   |    2   |    -   |
|conv_weights_6_2|    0   |   32   |    2   |    -   |
|conv_weights_6_3|    0   |   32   |    2   |    -   |
|conv_weights_6_4|    0   |   32   |    2   |    -   |
|conv_weights_6_5|    0   |   32   |    2   |    -   |
|conv_weights_6_6|    0   |   32   |    2   |    -   |
|  dense_biases  |    0   |   32   |    5   |    -   |
|  dense_weights |   16   |    0   |    0   |    -   |
|    pad_img0    |    4   |    0   |    0   |    0   |
|    pad_img1    |    4   |    0   |    0   |    0   |
|    pad_img2    |    4   |    0   |    0   |    0   |
|    pad_img3    |    0   |   32   |   13   |    0   |
|   pad_img3_1   |    0   |   32   |   13   |    0   |
|   pad_img3_10  |    0   |   32   |   13   |    0   |
|   pad_img3_11  |    0   |   32   |   13   |    0   |
|   pad_img3_12  |    0   |   32   |   13   |    0   |
|   pad_img3_13  |    0   |   32   |   13   |    0   |
|   pad_img3_14  |    0   |   32   |   13   |    0   |
|   pad_img3_15  |    0   |   32   |   13   |    0   |
|   pad_img3_16  |    0   |   32   |   13   |    0   |
|   pad_img3_17  |    0   |   32   |   13   |    0   |
|   pad_img3_18  |    0   |   32   |   13   |    0   |
|   pad_img3_19  |    0   |   32   |   13   |    0   |
|   pad_img3_2   |    0   |   32   |   13   |    0   |
|   pad_img3_20  |    0   |   32   |   13   |    0   |
|   pad_img3_21  |    0   |   32   |   13   |    0   |
|   pad_img3_22  |    0   |   32   |   13   |    0   |
|   pad_img3_23  |    0   |   32   |   13   |    0   |
|   pad_img3_24  |    0   |   32   |   13   |    0   |
|   pad_img3_25  |    0   |   32   |   13   |    0   |
|   pad_img3_26  |    0   |   32   |   13   |    0   |
|   pad_img3_27  |    0   |   32   |   13   |    0   |
|   pad_img3_28  |    0   |   32   |   13   |    0   |
|   pad_img3_29  |    0   |   32   |   13   |    0   |
|   pad_img3_3   |    0   |   32   |   13   |    0   |
|   pad_img3_30  |    0   |   32   |   13   |    0   |
|   pad_img3_31  |    0   |   32   |   13   |    0   |
|   pad_img3_32  |    0   |   32   |   13   |    0   |
|   pad_img3_33  |    0   |   32   |   13   |    0   |
|   pad_img3_34  |    0   |   32   |   13   |    0   |
|   pad_img3_35  |    0   |   32   |   13   |    0   |
|   pad_img3_36  |    0   |   32   |   13   |    0   |
|   pad_img3_37  |    0   |   32   |   13   |    0   |
|   pad_img3_38  |    0   |   32   |   13   |    0   |
|   pad_img3_39  |    0   |   32   |   13   |    0   |
|   pad_img3_4   |    0   |   32   |   13   |    0   |
|   pad_img3_40  |    0   |   32   |   13   |    0   |
|   pad_img3_41  |    0   |   32   |   13   |    0   |
|   pad_img3_42  |    0   |   32   |   13   |    0   |
|   pad_img3_43  |    0   |   32   |   13   |    0   |
|   pad_img3_44  |    0   |   32   |   13   |    0   |
|   pad_img3_45  |    0   |   32   |   13   |    0   |
|   pad_img3_46  |    0   |   32   |   13   |    0   |
|   pad_img3_47  |    0   |   32   |   13   |    0   |
|   pad_img3_48  |    0   |   32   |   13   |    0   |
|   pad_img3_5   |    0   |   32   |   13   |    0   |
|   pad_img3_6   |    0   |   32   |   13   |    0   |
|   pad_img3_7   |    0   |   32   |   13   |    0   |
|   pad_img3_8   |    0   |   32   |   13   |    0   |
|   pad_img3_9   |    0   |   32   |   13   |    0   |
+----------------+--------+--------+--------+--------+
|      Total     |   28   |  3200  |   742  |    0   |
+----------------+--------+--------+--------+--------+

* Register list:
N/A

* Multiplexer (MUX) list: 
|--------|------|------|------|--------|
|  Comp  |  Pin | Size |  BW  | S x BW |
|--------|------|------|------|--------|
|  Total |      |      |      |    0   |
|--------|------|------|------|--------|



* Summary:
+-----------+--------+--------+--------+--------+--------+--------+
|           |  BRAM  |   DSP  |  Delay |   FF   |   LUT  |  URAM  |
+-----------+--------+--------+--------+--------+--------+--------+
|  Function |    0   |   312  |   843  |  62366 |  85994 |    0   |
|   Memory  |   28   |    -   |    -   |  3200  |   742  |    0   |
|Multiplexer|    -   |    -   |    -   |    -   |    -   |    -   |
|  Register |    -   |    -   |    -   |    -   |    -   |    -   |
+-----------+--------+--------+--------+--------+--------+--------+
|   Total   |   28   |   312  |   843  |  65566 |  86736 |    0   |
+-----------+--------+--------+--------+--------+--------+--------+
