

================================================================
== Vitis HLS Report for 'cnn_Pipeline_pad_for_rows_pad_for_cols'
================================================================
* Date:           Thu Jan 23 14:24:23 2025

* Version:        2023.2 (Build 4023990 on Oct 11 2023)
* Project:        CNN_Optimal
* Solution:       solution1 (Vivado IP Flow Target)
* Product family: zynq
* Target device:  xc7z010-clg400-1


================================================================
== Performance Estimates
================================================================
+ Timing: 
    * Summary: 
    +--------+----------+----------+------------+
    |  Clock |  Target  | Estimated| Uncertainty|
    +--------+----------+----------+------------+
    |ap_clk  |  10.00 ns|  7.951 ns|     2.70 ns|
    +--------+----------+----------+------------+

+ Latency: 
    * Summary: 
    +---------+---------+----------+----------+-----+-----+---------+
    |  Latency (cycles) |  Latency (absolute) |  Interval | Pipeline|
    |   min   |   max   |    min   |    max   | min | max |   Type  |
    +---------+---------+----------+----------+-----+-----+---------+
    |      804|      804|  8.040 us|  8.040 us|  804|  804|       no|
    +---------+---------+----------+----------+-----+-----+---------+

    + Detail: 
        * Instance: 
        N/A

        * Loop: 
        +-----------------------------+---------+---------+----------+-----------+-----------+------+----------+
        |                             |  Latency (cycles) | Iteration|  Initiation Interval  | Trip |          |
        |          Loop Name          |   min   |   max   |  Latency |  achieved |   target  | Count| Pipelined|
        +-----------------------------+---------+---------+----------+-----------+-----------+------+----------+
        |- pad_for_rows_pad_for_cols  |      802|      802|        20|          1|          1|   784|       yes|
        +-----------------------------+---------+---------+----------+-----------+-----------+------+----------+

============================================================
+ Verbose Summary: Synthesis Manager
============================================================
InlineROM: 1
ExposeGlobal: 0
============================================================
+ Verbose Summary: CDFG Model
============================================================
IsTopModel: 0
ResetActiveHigh: 1
IsCombinational: 0
IsDatapathOnly: 0
HasWiredReturn: 1
HasMFsm: 2
HasVarLatency: 1
IsPipeline: 0
IsRtlPipelined: 0
IsInstanceOverlapped: 0
IsDontTouch: 0
HasImplIP: 0
IsGatedGlobalClock: 0

+ Individual pipeline summary: 
  * Pipeline-0: initiation interval (II) = 1, depth = 20


============================================================
+ Verbose Summary: Schedule
============================================================
* Number of FSM states : 20
* Pipeline : 1
  Pipeline-0 : II = 1, D = 20, States = { 1 2 3 4 5 6 7 8 9 10 11 12 13 14 15 16 17 18 19 20 }
* Dataflow Pipeline: 0

* FSM state transitions: 
1 --> 2 
2 --> 3 
3 --> 4 
4 --> 5 
5 --> 6 
6 --> 7 
7 --> 8 
8 --> 9 
9 --> 10 
10 --> 11 
11 --> 12 
12 --> 13 
13 --> 14 
14 --> 15 
15 --> 16 
16 --> 17 
17 --> 18 
18 --> 19 
19 --> 20 
20 --> 

* FSM state operations: 

State 1 <SV = 0> <Delay = 7.95>
ST_1 : Operation 23 [1/1] (0.00ns)   --->   "%c = alloca i32 1" [CNN_Optimal/src/utils.cpp:13->CNN_Optimal/src/cnn.cpp:69]   --->   Operation 23 'alloca' 'c' <Predicate = true> <Delay = 0.00>
ST_1 : Operation 24 [1/1] (0.00ns)   --->   "%r = alloca i32 1" [CNN_Optimal/src/utils.cpp:11->CNN_Optimal/src/cnn.cpp:69]   --->   Operation 24 'alloca' 'r' <Predicate = true> <Delay = 0.00>
ST_1 : Operation 25 [1/1] (0.00ns)   --->   "%indvar_flatten = alloca i32 1"   --->   Operation 25 'alloca' 'indvar_flatten' <Predicate = true> <Delay = 0.00>
ST_1 : Operation 26 [1/1] (0.00ns)   --->   "%specinterface_ln0 = specinterface void @_ssdm_op_SpecInterface, i32 %img_in, void @empty_3, i32 0, i32 0, void @empty_1, i32 4294967295, i32 0, void @empty_1, void @empty_1, void @empty_1, i32 0, i32 0, i32 0, i32 0, void @empty_1, void @empty_1, i32 4294967295, i32 0"   --->   Operation 26 'specinterface' 'specinterface_ln0' <Predicate = true> <Delay = 0.00>
ST_1 : Operation 27 [1/1] (1.58ns)   --->   "%store_ln0 = store i10 0, i10 %indvar_flatten"   --->   Operation 27 'store' 'store_ln0' <Predicate = true> <Delay = 1.58>
ST_1 : Operation 28 [1/1] (1.58ns)   --->   "%store_ln11 = store i5 0, i5 %r" [CNN_Optimal/src/utils.cpp:11->CNN_Optimal/src/cnn.cpp:69]   --->   Operation 28 'store' 'store_ln11' <Predicate = true> <Delay = 1.58>
ST_1 : Operation 29 [1/1] (1.58ns)   --->   "%store_ln13 = store i5 0, i5 %c" [CNN_Optimal/src/utils.cpp:13->CNN_Optimal/src/cnn.cpp:69]   --->   Operation 29 'store' 'store_ln13' <Predicate = true> <Delay = 1.58>
ST_1 : Operation 30 [1/1] (0.00ns)   --->   "%br_ln0 = br void %for.inc.i"   --->   Operation 30 'br' 'br_ln0' <Predicate = true> <Delay = 0.00>
ST_1 : Operation 31 [1/1] (0.00ns)   --->   "%indvar_flatten_load = load i10 %indvar_flatten" [CNN_Optimal/src/utils.cpp:11->CNN_Optimal/src/cnn.cpp:69]   --->   Operation 31 'load' 'indvar_flatten_load' <Predicate = true> <Delay = 0.00>
ST_1 : Operation 32 [1/1] (1.73ns)   --->   "%icmp_ln11 = icmp_eq  i10 %indvar_flatten_load, i10 784" [CNN_Optimal/src/utils.cpp:11->CNN_Optimal/src/cnn.cpp:69]   --->   Operation 32 'icmp' 'icmp_ln11' <Predicate = true> <Delay = 1.73> <CoreInst = "Cmp">   --->   Core 9 'Cmp' <Latency = 0> <II = 1> <Delay = 1.73> <FuncUnit> <Opcode : 'icmp'> <InPorts = 2> <OutPorts = 1>
ST_1 : Operation 33 [1/1] (1.73ns)   --->   "%add_ln11_1 = add i10 %indvar_flatten_load, i10 1" [CNN_Optimal/src/utils.cpp:11->CNN_Optimal/src/cnn.cpp:69]   --->   Operation 33 'add' 'add_ln11_1' <Predicate = true> <Delay = 1.73> <CoreInst = "Adder">   --->   Core 1 'Adder' <Latency = 0> <II = 1> <Delay = 1.73> <FuncUnit> <Opcode : 'add' 'sub'> <InPorts = 2> <OutPorts = 1>
ST_1 : Operation 34 [1/1] (0.00ns)   --->   "%br_ln11 = br i1 %icmp_ln11, void %for.inc13.i, void %for.inc.preheader.exitStub" [CNN_Optimal/src/utils.cpp:11->CNN_Optimal/src/cnn.cpp:69]   --->   Operation 34 'br' 'br_ln11' <Predicate = true> <Delay = 0.00>
ST_1 : Operation 35 [1/1] (0.00ns)   --->   "%c_load = load i5 %c" [CNN_Optimal/src/utils.cpp:13->CNN_Optimal/src/cnn.cpp:69]   --->   Operation 35 'load' 'c_load' <Predicate = (!icmp_ln11)> <Delay = 0.00>
ST_1 : Operation 36 [1/1] (0.00ns)   --->   "%r_load = load i5 %r" [CNN_Optimal/src/utils.cpp:11->CNN_Optimal/src/cnn.cpp:69]   --->   Operation 36 'load' 'r_load' <Predicate = (!icmp_ln11)> <Delay = 0.00>
ST_1 : Operation 37 [1/1] (1.78ns)   --->   "%add_ln11 = add i5 %r_load, i5 1" [CNN_Optimal/src/utils.cpp:11->CNN_Optimal/src/cnn.cpp:69]   --->   Operation 37 'add' 'add_ln11' <Predicate = (!icmp_ln11)> <Delay = 1.78> <CoreInst = "Adder">   --->   Core 1 'Adder' <Latency = 0> <II = 1> <Delay = 1.78> <FuncUnit> <Opcode : 'add' 'sub'> <InPorts = 2> <OutPorts = 1>
ST_1 : Operation 38 [1/1] (1.78ns)   --->   "%icmp_ln13 = icmp_eq  i5 %c_load, i5 28" [CNN_Optimal/src/utils.cpp:13->CNN_Optimal/src/cnn.cpp:69]   --->   Operation 38 'icmp' 'icmp_ln13' <Predicate = (!icmp_ln11)> <Delay = 1.78> <CoreInst = "Cmp">   --->   Core 9 'Cmp' <Latency = 0> <II = 1> <Delay = 1.78> <FuncUnit> <Opcode : 'icmp'> <InPorts = 2> <OutPorts = 1>
ST_1 : Operation 39 [1/1] (1.21ns)   --->   "%select_ln11 = select i1 %icmp_ln13, i5 0, i5 %c_load" [CNN_Optimal/src/utils.cpp:11->CNN_Optimal/src/cnn.cpp:69]   --->   Operation 39 'select' 'select_ln11' <Predicate = (!icmp_ln11)> <Delay = 1.21> <CoreInst = "Sel">   --->   Core 73 'Sel' <Latency = 0> <II = 1> <Delay = 1.21> <FuncUnit> <Opcode : 'select'> <InPorts = 3> <OutPorts = 1>
ST_1 : Operation 40 [1/1] (1.21ns)   --->   "%select_ln11_1 = select i1 %icmp_ln13, i5 %add_ln11, i5 %r_load" [CNN_Optimal/src/utils.cpp:11->CNN_Optimal/src/cnn.cpp:69]   --->   Operation 40 'select' 'select_ln11_1' <Predicate = (!icmp_ln11)> <Delay = 1.21> <CoreInst = "Sel">   --->   Core 73 'Sel' <Latency = 0> <II = 1> <Delay = 1.21> <FuncUnit> <Opcode : 'select'> <InPorts = 3> <OutPorts = 1>
ST_1 : Operation 41 [1/1] (1.78ns)   --->   "%add_ln13 = add i5 %select_ln11, i5 1" [CNN_Optimal/src/utils.cpp:13->CNN_Optimal/src/cnn.cpp:69]   --->   Operation 41 'add' 'add_ln13' <Predicate = (!icmp_ln11)> <Delay = 1.78> <CoreInst = "Adder">   --->   Core 1 'Adder' <Latency = 0> <II = 1> <Delay = 1.78> <FuncUnit> <Opcode : 'add' 'sub'> <InPorts = 2> <OutPorts = 1>
ST_1 : Operation 42 [1/1] (1.58ns)   --->   "%store_ln11 = store i10 %add_ln11_1, i10 %indvar_flatten" [CNN_Optimal/src/utils.cpp:11->CNN_Optimal/src/cnn.cpp:69]   --->   Operation 42 'store' 'store_ln11' <Predicate = (!icmp_ln11)> <Delay = 1.58>
ST_1 : Operation 43 [1/1] (1.58ns)   --->   "%store_ln11 = store i5 %select_ln11_1, i5 %r" [CNN_Optimal/src/utils.cpp:11->CNN_Optimal/src/cnn.cpp:69]   --->   Operation 43 'store' 'store_ln11' <Predicate = (!icmp_ln11)> <Delay = 1.58>
ST_1 : Operation 44 [1/1] (1.58ns)   --->   "%store_ln13 = store i5 %add_ln13, i5 %c" [CNN_Optimal/src/utils.cpp:13->CNN_Optimal/src/cnn.cpp:69]   --->   Operation 44 'store' 'store_ln13' <Predicate = (!icmp_ln11)> <Delay = 1.58>

State 2 <SV = 1> <Delay = 6.98>
ST_2 : Operation 45 [1/1] (0.00ns)   --->   "%tmp = bitconcatenate i10 @_ssdm_op_BitConcatenate.i10.i5.i5, i5 %select_ln11_1, i5 0" [CNN_Optimal/src/utils.cpp:17->CNN_Optimal/src/cnn.cpp:69]   --->   Operation 45 'bitconcatenate' 'tmp' <Predicate = true> <Delay = 0.00>
ST_2 : Operation 46 [1/1] (0.00ns)   --->   "%tmp_s = bitconcatenate i7 @_ssdm_op_BitConcatenate.i7.i5.i2, i5 %select_ln11_1, i2 0" [CNN_Optimal/src/utils.cpp:17->CNN_Optimal/src/cnn.cpp:69]   --->   Operation 46 'bitconcatenate' 'tmp_s' <Predicate = true> <Delay = 0.00>
ST_2 : Operation 47 [1/1] (0.00ns)   --->   "%zext_ln17 = zext i7 %tmp_s" [CNN_Optimal/src/utils.cpp:17->CNN_Optimal/src/cnn.cpp:69]   --->   Operation 47 'zext' 'zext_ln17' <Predicate = true> <Delay = 0.00>
ST_2 : Operation 48 [1/1] (0.00ns) (grouped into TernaryAdder)   --->   "%sub_ln17 = sub i10 %tmp, i10 %zext_ln17" [CNN_Optimal/src/utils.cpp:17->CNN_Optimal/src/cnn.cpp:69]   --->   Operation 48 'sub' 'sub_ln17' <Predicate = true> <Delay = 0.00> <CoreInst = "TAddSub">   --->   Core 10 'TAddSub' <Latency = 0> <II = 1> <Delay = 1.87> <IPBlock> <Opcode : '' 'add' 'sub'> <InPorts = 3> <OutPorts = 1> <Sync> <CReg>
ST_2 : Operation 49 [1/1] (1.78ns)   --->   "%empty = add i5 %select_ln11_1, i5 3" [CNN_Optimal/src/utils.cpp:11->CNN_Optimal/src/cnn.cpp:69]   --->   Operation 49 'add' 'empty' <Predicate = true> <Delay = 1.78> <CoreInst = "Adder">   --->   Core 1 'Adder' <Latency = 0> <II = 1> <Delay = 1.78> <FuncUnit> <Opcode : 'add' 'sub'> <InPorts = 2> <OutPorts = 1>
ST_2 : Operation 50 [1/1] (0.00ns)   --->   "%tmp_372 = bitconcatenate i10 @_ssdm_op_BitConcatenate.i10.i5.i5, i5 %empty, i5 0" [CNN_Optimal/src/utils.cpp:17->CNN_Optimal/src/cnn.cpp:69]   --->   Operation 50 'bitconcatenate' 'tmp_372' <Predicate = true> <Delay = 0.00>
ST_2 : Operation 51 [1/1] (0.00ns)   --->   "%zext_ln17_1 = zext i10 %tmp_372" [CNN_Optimal/src/utils.cpp:17->CNN_Optimal/src/cnn.cpp:69]   --->   Operation 51 'zext' 'zext_ln17_1' <Predicate = true> <Delay = 0.00>
ST_2 : Operation 52 [1/1] (0.00ns)   --->   "%tmp_373 = bitconcatenate i6 @_ssdm_op_BitConcatenate.i6.i5.i1, i5 %empty, i1 0" [CNN_Optimal/src/utils.cpp:17->CNN_Optimal/src/cnn.cpp:69]   --->   Operation 52 'bitconcatenate' 'tmp_373' <Predicate = true> <Delay = 0.00>
ST_2 : Operation 53 [1/1] (0.00ns)   --->   "%zext_ln17_2 = zext i6 %tmp_373" [CNN_Optimal/src/utils.cpp:17->CNN_Optimal/src/cnn.cpp:69]   --->   Operation 53 'zext' 'zext_ln17_2' <Predicate = true> <Delay = 0.00>
ST_2 : Operation 54 [1/1] (0.00ns) (grouped into TernaryAdder)   --->   "%add_ln17_1 = add i11 %zext_ln17_1, i11 %zext_ln17_2" [CNN_Optimal/src/utils.cpp:17->CNN_Optimal/src/cnn.cpp:69]   --->   Operation 54 'add' 'add_ln17_1' <Predicate = true> <Delay = 0.00> <CoreInst = "TAddSub">   --->   Core 10 'TAddSub' <Latency = 0> <II = 1> <Delay = 1.87> <IPBlock> <Opcode : '' 'add' 'sub'> <InPorts = 3> <OutPorts = 1> <Sync> <CReg>
ST_2 : Operation 55 [1/1] (0.00ns)   --->   "%zext_ln17_3 = zext i5 %select_ln11" [CNN_Optimal/src/utils.cpp:17->CNN_Optimal/src/cnn.cpp:69]   --->   Operation 55 'zext' 'zext_ln17_3' <Predicate = true> <Delay = 0.00>
ST_2 : Operation 56 [1/1] (3.72ns) (root node of TernaryAdder)   --->   "%add_ln17_2 = add i10 %sub_ln17, i10 %zext_ln17_3" [CNN_Optimal/src/utils.cpp:17->CNN_Optimal/src/cnn.cpp:69]   --->   Operation 56 'add' 'add_ln17_2' <Predicate = true> <Delay = 3.72> <CoreInst = "TAddSub">   --->   Core 10 'TAddSub' <Latency = 0> <II = 1> <Delay = 1.87> <IPBlock> <Opcode : '' 'add' 'sub'> <InPorts = 3> <OutPorts = 1> <Sync> <CReg>
ST_2 : Operation 57 [1/1] (0.00ns)   --->   "%zext_ln17_4 = zext i10 %add_ln17_2" [CNN_Optimal/src/utils.cpp:17->CNN_Optimal/src/cnn.cpp:69]   --->   Operation 57 'zext' 'zext_ln17_4' <Predicate = true> <Delay = 0.00>
ST_2 : Operation 58 [1/1] (0.00ns)   --->   "%img_in_addr = getelementptr i32 %img_in, i64 0, i64 %zext_ln17_4" [CNN_Optimal/src/utils.cpp:17->CNN_Optimal/src/cnn.cpp:69]   --->   Operation 58 'getelementptr' 'img_in_addr' <Predicate = true> <Delay = 0.00>
ST_2 : Operation 59 [2/2] (3.25ns)   --->   "%img_in_load = load i10 %img_in_addr" [CNN_Optimal/src/utils.cpp:17->CNN_Optimal/src/cnn.cpp:69]   --->   Operation 59 'load' 'img_in_load' <Predicate = true> <Delay = 3.25> <CoreInst = "RAM">   --->   Core 82 'RAM' <Latency = 1> <II = 1> <Delay = 3.25> <Storage> <Opcode : 'load' 'store'> <Ports = 2> <Width = 32> <Depth = 784> <RAM>
ST_2 : Operation 60 [1/1] (1.78ns)   --->   "%add_ln17 = add i5 %select_ln11, i5 3" [CNN_Optimal/src/utils.cpp:17->CNN_Optimal/src/cnn.cpp:69]   --->   Operation 60 'add' 'add_ln17' <Predicate = true> <Delay = 1.78> <CoreInst = "Adder">   --->   Core 1 'Adder' <Latency = 0> <II = 1> <Delay = 1.78> <FuncUnit> <Opcode : 'add' 'sub'> <InPorts = 2> <OutPorts = 1>
ST_2 : Operation 61 [1/1] (0.00ns)   --->   "%zext_ln17_5 = zext i5 %add_ln17" [CNN_Optimal/src/utils.cpp:17->CNN_Optimal/src/cnn.cpp:69]   --->   Operation 61 'zext' 'zext_ln17_5' <Predicate = true> <Delay = 0.00>
ST_2 : Operation 62 [1/1] (3.75ns) (root node of TernaryAdder)   --->   "%add_ln17_3 = add i11 %add_ln17_1, i11 %zext_ln17_5" [CNN_Optimal/src/utils.cpp:17->CNN_Optimal/src/cnn.cpp:69]   --->   Operation 62 'add' 'add_ln17_3' <Predicate = true> <Delay = 3.75> <CoreInst = "TAddSub">   --->   Core 10 'TAddSub' <Latency = 0> <II = 1> <Delay = 1.87> <IPBlock> <Opcode : '' 'add' 'sub'> <InPorts = 3> <OutPorts = 1> <Sync> <CReg>

State 3 <SV = 2> <Delay = 3.25>
ST_3 : Operation 63 [1/2] (3.25ns)   --->   "%img_in_load = load i10 %img_in_addr" [CNN_Optimal/src/utils.cpp:17->CNN_Optimal/src/cnn.cpp:69]   --->   Operation 63 'load' 'img_in_load' <Predicate = true> <Delay = 3.25> <CoreInst = "RAM">   --->   Core 82 'RAM' <Latency = 1> <II = 1> <Delay = 3.25> <Storage> <Opcode : 'load' 'store'> <Ports = 2> <Width = 32> <Depth = 784> <RAM>

State 4 <SV = 3> <Delay = 6.07>
ST_4 : Operation 64 [1/1] (0.00ns)   --->   "%bitcast_ln17 = bitcast i32 %img_in_load" [CNN_Optimal/src/utils.cpp:17->CNN_Optimal/src/cnn.cpp:69]   --->   Operation 64 'bitcast' 'bitcast_ln17' <Predicate = true> <Delay = 0.00>
ST_4 : Operation 65 [16/16] (6.07ns)   --->   "%conv7_i = fdiv i32 %bitcast_ln17, i32 255" [CNN_Optimal/src/utils.cpp:17->CNN_Optimal/src/cnn.cpp:69]   --->   Operation 65 'fdiv' 'conv7_i' <Predicate = true> <Delay = 6.07> <CoreInst = "FDiv">   --->   Core 20 'FDiv' <Latency = 15> <II = 1> <Delay = 6.07> <FuncUnit> <Opcode : 'fdiv' 'frem'> <InPorts = 2> <OutPorts = 1>

State 5 <SV = 4> <Delay = 6.07>
ST_5 : Operation 66 [15/16] (6.07ns)   --->   "%conv7_i = fdiv i32 %bitcast_ln17, i32 255" [CNN_Optimal/src/utils.cpp:17->CNN_Optimal/src/cnn.cpp:69]   --->   Operation 66 'fdiv' 'conv7_i' <Predicate = true> <Delay = 6.07> <CoreInst = "FDiv">   --->   Core 20 'FDiv' <Latency = 15> <II = 1> <Delay = 6.07> <FuncUnit> <Opcode : 'fdiv' 'frem'> <InPorts = 2> <OutPorts = 1>

State 6 <SV = 5> <Delay = 6.07>
ST_6 : Operation 67 [14/16] (6.07ns)   --->   "%conv7_i = fdiv i32 %bitcast_ln17, i32 255" [CNN_Optimal/src/utils.cpp:17->CNN_Optimal/src/cnn.cpp:69]   --->   Operation 67 'fdiv' 'conv7_i' <Predicate = true> <Delay = 6.07> <CoreInst = "FDiv">   --->   Core 20 'FDiv' <Latency = 15> <II = 1> <Delay = 6.07> <FuncUnit> <Opcode : 'fdiv' 'frem'> <InPorts = 2> <OutPorts = 1>

State 7 <SV = 6> <Delay = 6.07>
ST_7 : Operation 68 [13/16] (6.07ns)   --->   "%conv7_i = fdiv i32 %bitcast_ln17, i32 255" [CNN_Optimal/src/utils.cpp:17->CNN_Optimal/src/cnn.cpp:69]   --->   Operation 68 'fdiv' 'conv7_i' <Predicate = true> <Delay = 6.07> <CoreInst = "FDiv">   --->   Core 20 'FDiv' <Latency = 15> <II = 1> <Delay = 6.07> <FuncUnit> <Opcode : 'fdiv' 'frem'> <InPorts = 2> <OutPorts = 1>

State 8 <SV = 7> <Delay = 6.07>
ST_8 : Operation 69 [12/16] (6.07ns)   --->   "%conv7_i = fdiv i32 %bitcast_ln17, i32 255" [CNN_Optimal/src/utils.cpp:17->CNN_Optimal/src/cnn.cpp:69]   --->   Operation 69 'fdiv' 'conv7_i' <Predicate = true> <Delay = 6.07> <CoreInst = "FDiv">   --->   Core 20 'FDiv' <Latency = 15> <II = 1> <Delay = 6.07> <FuncUnit> <Opcode : 'fdiv' 'frem'> <InPorts = 2> <OutPorts = 1>

State 9 <SV = 8> <Delay = 6.07>
ST_9 : Operation 70 [11/16] (6.07ns)   --->   "%conv7_i = fdiv i32 %bitcast_ln17, i32 255" [CNN_Optimal/src/utils.cpp:17->CNN_Optimal/src/cnn.cpp:69]   --->   Operation 70 'fdiv' 'conv7_i' <Predicate = true> <Delay = 6.07> <CoreInst = "FDiv">   --->   Core 20 'FDiv' <Latency = 15> <II = 1> <Delay = 6.07> <FuncUnit> <Opcode : 'fdiv' 'frem'> <InPorts = 2> <OutPorts = 1>

State 10 <SV = 9> <Delay = 6.07>
ST_10 : Operation 71 [10/16] (6.07ns)   --->   "%conv7_i = fdiv i32 %bitcast_ln17, i32 255" [CNN_Optimal/src/utils.cpp:17->CNN_Optimal/src/cnn.cpp:69]   --->   Operation 71 'fdiv' 'conv7_i' <Predicate = true> <Delay = 6.07> <CoreInst = "FDiv">   --->   Core 20 'FDiv' <Latency = 15> <II = 1> <Delay = 6.07> <FuncUnit> <Opcode : 'fdiv' 'frem'> <InPorts = 2> <OutPorts = 1>

State 11 <SV = 10> <Delay = 6.07>
ST_11 : Operation 72 [9/16] (6.07ns)   --->   "%conv7_i = fdiv i32 %bitcast_ln17, i32 255" [CNN_Optimal/src/utils.cpp:17->CNN_Optimal/src/cnn.cpp:69]   --->   Operation 72 'fdiv' 'conv7_i' <Predicate = true> <Delay = 6.07> <CoreInst = "FDiv">   --->   Core 20 'FDiv' <Latency = 15> <II = 1> <Delay = 6.07> <FuncUnit> <Opcode : 'fdiv' 'frem'> <InPorts = 2> <OutPorts = 1>

State 12 <SV = 11> <Delay = 6.07>
ST_12 : Operation 73 [8/16] (6.07ns)   --->   "%conv7_i = fdiv i32 %bitcast_ln17, i32 255" [CNN_Optimal/src/utils.cpp:17->CNN_Optimal/src/cnn.cpp:69]   --->   Operation 73 'fdiv' 'conv7_i' <Predicate = true> <Delay = 6.07> <CoreInst = "FDiv">   --->   Core 20 'FDiv' <Latency = 15> <II = 1> <Delay = 6.07> <FuncUnit> <Opcode : 'fdiv' 'frem'> <InPorts = 2> <OutPorts = 1>

State 13 <SV = 12> <Delay = 6.07>
ST_13 : Operation 74 [7/16] (6.07ns)   --->   "%conv7_i = fdiv i32 %bitcast_ln17, i32 255" [CNN_Optimal/src/utils.cpp:17->CNN_Optimal/src/cnn.cpp:69]   --->   Operation 74 'fdiv' 'conv7_i' <Predicate = true> <Delay = 6.07> <CoreInst = "FDiv">   --->   Core 20 'FDiv' <Latency = 15> <II = 1> <Delay = 6.07> <FuncUnit> <Opcode : 'fdiv' 'frem'> <InPorts = 2> <OutPorts = 1>

State 14 <SV = 13> <Delay = 6.07>
ST_14 : Operation 75 [6/16] (6.07ns)   --->   "%conv7_i = fdiv i32 %bitcast_ln17, i32 255" [CNN_Optimal/src/utils.cpp:17->CNN_Optimal/src/cnn.cpp:69]   --->   Operation 75 'fdiv' 'conv7_i' <Predicate = true> <Delay = 6.07> <CoreInst = "FDiv">   --->   Core 20 'FDiv' <Latency = 15> <II = 1> <Delay = 6.07> <FuncUnit> <Opcode : 'fdiv' 'frem'> <InPorts = 2> <OutPorts = 1>

State 15 <SV = 14> <Delay = 6.07>
ST_15 : Operation 76 [5/16] (6.07ns)   --->   "%conv7_i = fdiv i32 %bitcast_ln17, i32 255" [CNN_Optimal/src/utils.cpp:17->CNN_Optimal/src/cnn.cpp:69]   --->   Operation 76 'fdiv' 'conv7_i' <Predicate = true> <Delay = 6.07> <CoreInst = "FDiv">   --->   Core 20 'FDiv' <Latency = 15> <II = 1> <Delay = 6.07> <FuncUnit> <Opcode : 'fdiv' 'frem'> <InPorts = 2> <OutPorts = 1>

State 16 <SV = 15> <Delay = 6.07>
ST_16 : Operation 77 [4/16] (6.07ns)   --->   "%conv7_i = fdiv i32 %bitcast_ln17, i32 255" [CNN_Optimal/src/utils.cpp:17->CNN_Optimal/src/cnn.cpp:69]   --->   Operation 77 'fdiv' 'conv7_i' <Predicate = true> <Delay = 6.07> <CoreInst = "FDiv">   --->   Core 20 'FDiv' <Latency = 15> <II = 1> <Delay = 6.07> <FuncUnit> <Opcode : 'fdiv' 'frem'> <InPorts = 2> <OutPorts = 1>

State 17 <SV = 16> <Delay = 6.07>
ST_17 : Operation 78 [3/16] (6.07ns)   --->   "%conv7_i = fdiv i32 %bitcast_ln17, i32 255" [CNN_Optimal/src/utils.cpp:17->CNN_Optimal/src/cnn.cpp:69]   --->   Operation 78 'fdiv' 'conv7_i' <Predicate = true> <Delay = 6.07> <CoreInst = "FDiv">   --->   Core 20 'FDiv' <Latency = 15> <II = 1> <Delay = 6.07> <FuncUnit> <Opcode : 'fdiv' 'frem'> <InPorts = 2> <OutPorts = 1>

State 18 <SV = 17> <Delay = 6.07>
ST_18 : Operation 79 [2/16] (6.07ns)   --->   "%conv7_i = fdiv i32 %bitcast_ln17, i32 255" [CNN_Optimal/src/utils.cpp:17->CNN_Optimal/src/cnn.cpp:69]   --->   Operation 79 'fdiv' 'conv7_i' <Predicate = true> <Delay = 6.07> <CoreInst = "FDiv">   --->   Core 20 'FDiv' <Latency = 15> <II = 1> <Delay = 6.07> <FuncUnit> <Opcode : 'fdiv' 'frem'> <InPorts = 2> <OutPorts = 1>

State 19 <SV = 18> <Delay = 6.07>
ST_19 : Operation 80 [1/16] (6.07ns)   --->   "%conv7_i = fdiv i32 %bitcast_ln17, i32 255" [CNN_Optimal/src/utils.cpp:17->CNN_Optimal/src/cnn.cpp:69]   --->   Operation 80 'fdiv' 'conv7_i' <Predicate = true> <Delay = 6.07> <CoreInst = "FDiv">   --->   Core 20 'FDiv' <Latency = 15> <II = 1> <Delay = 6.07> <FuncUnit> <Opcode : 'fdiv' 'frem'> <InPorts = 2> <OutPorts = 1>
ST_19 : Operation 88 [1/1] (0.00ns)   --->   "%ret_ln0 = ret"   --->   Operation 88 'ret' 'ret_ln0' <Predicate = (icmp_ln11)> <Delay = 0.00>

State 20 <SV = 19> <Delay = 3.25>
ST_20 : Operation 81 [1/1] (0.00ns)   --->   "%specloopname_ln0 = specloopname void @_ssdm_op_SpecLoopName, void @pad_for_rows_pad_for_cols_str"   --->   Operation 81 'specloopname' 'specloopname_ln0' <Predicate = true> <Delay = 0.00>
ST_20 : Operation 82 [1/1] (0.00ns)   --->   "%speclooptripcount_ln0 = speclooptripcount void @_ssdm_op_SpecLoopTripCount, i64 784, i64 784, i64 784"   --->   Operation 82 'speclooptripcount' 'speclooptripcount_ln0' <Predicate = true> <Delay = 0.00>
ST_20 : Operation 83 [1/1] (0.00ns)   --->   "%specpipeline_ln13 = specpipeline void @_ssdm_op_SpecPipeline, i32 4294967295, i32 0, i32 0, i32 0, void @empty_1" [CNN_Optimal/src/utils.cpp:13->CNN_Optimal/src/cnn.cpp:69]   --->   Operation 83 'specpipeline' 'specpipeline_ln13' <Predicate = true> <Delay = 0.00>
ST_20 : Operation 84 [1/1] (0.00ns)   --->   "%zext_ln17_6 = zext i11 %add_ln17_3" [CNN_Optimal/src/utils.cpp:17->CNN_Optimal/src/cnn.cpp:69]   --->   Operation 84 'zext' 'zext_ln17_6' <Predicate = true> <Delay = 0.00>
ST_20 : Operation 85 [1/1] (0.00ns)   --->   "%pad_img0_addr = getelementptr i32 %pad_img0, i64 0, i64 %zext_ln17_6" [CNN_Optimal/src/utils.cpp:17->CNN_Optimal/src/cnn.cpp:69]   --->   Operation 85 'getelementptr' 'pad_img0_addr' <Predicate = true> <Delay = 0.00>
ST_20 : Operation 86 [1/1] (3.25ns)   --->   "%store_ln17 = store i32 %conv7_i, i11 %pad_img0_addr" [CNN_Optimal/src/utils.cpp:17->CNN_Optimal/src/cnn.cpp:69]   --->   Operation 86 'store' 'store_ln17' <Predicate = true> <Delay = 3.25> <CoreInst = "RAM">   --->   Core 82 'RAM' <Latency = 1> <II = 1> <Delay = 3.25> <Storage> <Opcode : 'load' 'store'> <Ports = 2> <Width = 32> <Depth = 1156> <RAM>
ST_20 : Operation 87 [1/1] (0.00ns)   --->   "%br_ln13 = br void %for.inc.i" [CNN_Optimal/src/utils.cpp:13->CNN_Optimal/src/cnn.cpp:69]   --->   Operation 87 'br' 'br_ln13' <Predicate = true> <Delay = 0.00>


============================================================
+ Verbose Summary: Binding
============================================================
STG Binding: 
---------------- STG Properties BEGIN ----------------
- Is combinational: 0
- Is one-state seq: 0
- Is datapath-only: 0
- Is pipelined: 0
- Is top level: 0
Port [ Return ] is wired: 1; IO mode=ap_ctrl_hs:ce=0
Port [ img_in]:  wired=1; compound=1; hidden=0; nouse=0; global=0; static=0; extern=0; dir=0; type=1; pingpong=0; private_global=0; MemPort=[13]; IO mode=ap_memory:ce=0
Port [ pad_img0]:  wired=1; compound=1; hidden=0; nouse=0; global=0; static=0; extern=0; dir=1; type=1; pingpong=0; private_global=0; MemPort=[03]; IO mode=ap_memory:ce=0
---------------- STG Properties END ------------------

---------------- Datapath Model BEGIN ----------------

<LifeTime>
<method=bitvector/>
c                     (alloca           ) [ 010000000000000000000]
r                     (alloca           ) [ 010000000000000000000]
indvar_flatten        (alloca           ) [ 010000000000000000000]
specinterface_ln0     (specinterface    ) [ 000000000000000000000]
store_ln0             (store            ) [ 000000000000000000000]
store_ln11            (store            ) [ 000000000000000000000]
store_ln13            (store            ) [ 000000000000000000000]
br_ln0                (br               ) [ 000000000000000000000]
indvar_flatten_load   (load             ) [ 000000000000000000000]
icmp_ln11             (icmp             ) [ 011111111111111111110]
add_ln11_1            (add              ) [ 000000000000000000000]
br_ln11               (br               ) [ 000000000000000000000]
c_load                (load             ) [ 000000000000000000000]
r_load                (load             ) [ 000000000000000000000]
add_ln11              (add              ) [ 000000000000000000000]
icmp_ln13             (icmp             ) [ 000000000000000000000]
select_ln11           (select           ) [ 011000000000000000000]
select_ln11_1         (select           ) [ 011000000000000000000]
add_ln13              (add              ) [ 000000000000000000000]
store_ln11            (store            ) [ 000000000000000000000]
store_ln11            (store            ) [ 000000000000000000000]
store_ln13            (store            ) [ 000000000000000000000]
tmp                   (bitconcatenate   ) [ 000000000000000000000]
tmp_s                 (bitconcatenate   ) [ 000000000000000000000]
zext_ln17             (zext             ) [ 000000000000000000000]
sub_ln17              (sub              ) [ 000000000000000000000]
empty                 (add              ) [ 000000000000000000000]
tmp_372               (bitconcatenate   ) [ 000000000000000000000]
zext_ln17_1           (zext             ) [ 000000000000000000000]
tmp_373               (bitconcatenate   ) [ 000000000000000000000]
zext_ln17_2           (zext             ) [ 000000000000000000000]
add_ln17_1            (add              ) [ 000000000000000000000]
zext_ln17_3           (zext             ) [ 000000000000000000000]
add_ln17_2            (add              ) [ 000000000000000000000]
zext_ln17_4           (zext             ) [ 000000000000000000000]
img_in_addr           (getelementptr    ) [ 010100000000000000000]
add_ln17              (add              ) [ 000000000000000000000]
zext_ln17_5           (zext             ) [ 000000000000000000000]
add_ln17_3            (add              ) [ 010111111111111111111]
img_in_load           (load             ) [ 010010000000000000000]
bitcast_ln17          (bitcast          ) [ 010001111111111111110]
conv7_i               (fdiv             ) [ 010000000000000000001]
specloopname_ln0      (specloopname     ) [ 000000000000000000000]
speclooptripcount_ln0 (speclooptripcount) [ 000000000000000000000]
specpipeline_ln13     (specpipeline     ) [ 000000000000000000000]
zext_ln17_6           (zext             ) [ 000000000000000000000]
pad_img0_addr         (getelementptr    ) [ 000000000000000000000]
store_ln17            (store            ) [ 000000000000000000000]
br_ln13               (br               ) [ 000000000000000000000]
ret_ln0               (ret              ) [ 000000000000000000000]
</LifeTime>

<model>

<comp_list>
<comp id="0" class="1000" name="img_in">
<pin_list>
<pin id="1" dir="1" index="0" bw="1" slack="0"/>
</pin_list>
<bind>
<StgValue><ssdm name="img_in"/><MemPortTyVec>1 3 </MemPortTyVec>
</StgValue>
</bind>
</comp>

<comp id="2" class="1000" name="pad_img0">
<pin_list>
<pin id="3" dir="1" index="0" bw="1" slack="0"/>
</pin_list>
<bind>
<StgValue><ssdm name="pad_img0"/><MemPortTyVec>0 3 </MemPortTyVec>
</StgValue>
</bind>
</comp>

<comp id="4" class="1001" name="const_4">
<pin_list>
<pin id="5" dir="1" index="0" bw="1" slack="0"/>
</pin_list>
<bind>
<StgValue><ssdm name=""/></StgValue>
</bind>
</comp>

<comp id="6" class="1001" name="const_6">
<pin_list>
<pin id="7" dir="1" index="0" bw="1" slack="2147483647"/>
</pin_list>
<bind>
<StgValue><ssdm name="_ssdm_op_SpecInterface"/></StgValue>
</bind>
</comp>

<comp id="8" class="1001" name="const_8">
<pin_list>
<pin id="9" dir="1" index="0" bw="1" slack="2147483647"/>
</pin_list>
<bind>
<StgValue><ssdm name="empty_3"/></StgValue>
</bind>
</comp>

<comp id="10" class="1001" name="const_10">
<pin_list>
<pin id="11" dir="1" index="0" bw="1" slack="2147483647"/>
</pin_list>
<bind>
<StgValue><ssdm name=""/></StgValue>
</bind>
</comp>

<comp id="12" class="1001" name="const_12">
<pin_list>
<pin id="13" dir="1" index="0" bw="1" slack="2147483647"/>
</pin_list>
<bind>
<StgValue><ssdm name="empty_1"/></StgValue>
</bind>
</comp>

<comp id="14" class="1001" name="const_14">
<pin_list>
<pin id="15" dir="1" index="0" bw="1" slack="2147483647"/>
</pin_list>
<bind>
<StgValue><ssdm name=""/></StgValue>
</bind>
</comp>

<comp id="16" class="1001" name="const_16">
<pin_list>
<pin id="17" dir="1" index="0" bw="1" slack="0"/>
</pin_list>
<bind>
<StgValue><ssdm name=""/></StgValue>
</bind>
</comp>

<comp id="18" class="1001" name="const_18">
<pin_list>
<pin id="19" dir="1" index="0" bw="1" slack="0"/>
</pin_list>
<bind>
<StgValue><ssdm name=""/></StgValue>
</bind>
</comp>

<comp id="20" class="1001" name="const_20">
<pin_list>
<pin id="21" dir="1" index="0" bw="1" slack="0"/>
</pin_list>
<bind>
<StgValue><ssdm name=""/></StgValue>
</bind>
</comp>

<comp id="22" class="1001" name="const_22">
<pin_list>
<pin id="23" dir="1" index="0" bw="1" slack="0"/>
</pin_list>
<bind>
<StgValue><ssdm name=""/></StgValue>
</bind>
</comp>

<comp id="24" class="1001" name="const_24">
<pin_list>
<pin id="25" dir="1" index="0" bw="1" slack="0"/>
</pin_list>
<bind>
<StgValue><ssdm name=""/></StgValue>
</bind>
</comp>

<comp id="26" class="1001" name="const_26">
<pin_list>
<pin id="27" dir="1" index="0" bw="1" slack="0"/>
</pin_list>
<bind>
<StgValue><ssdm name=""/></StgValue>
</bind>
</comp>

<comp id="28" class="1001" name="const_28">
<pin_list>
<pin id="29" dir="1" index="0" bw="1" slack="0"/>
</pin_list>
<bind>
<StgValue><ssdm name="_ssdm_op_BitConcatenate.i10.i5.i5"/></StgValue>
</bind>
</comp>

<comp id="30" class="1001" name="const_30">
<pin_list>
<pin id="31" dir="1" index="0" bw="1" slack="0"/>
</pin_list>
<bind>
<StgValue><ssdm name="_ssdm_op_BitConcatenate.i7.i5.i2"/></StgValue>
</bind>
</comp>

<comp id="32" class="1001" name="const_32">
<pin_list>
<pin id="33" dir="1" index="0" bw="1" slack="0"/>
</pin_list>
<bind>
<StgValue><ssdm name=""/></StgValue>
</bind>
</comp>

<comp id="34" class="1001" name="const_34">
<pin_list>
<pin id="35" dir="1" index="0" bw="1" slack="0"/>
</pin_list>
<bind>
<StgValue><ssdm name=""/></StgValue>
</bind>
</comp>

<comp id="36" class="1001" name="const_36">
<pin_list>
<pin id="37" dir="1" index="0" bw="1" slack="0"/>
</pin_list>
<bind>
<StgValue><ssdm name="_ssdm_op_BitConcatenate.i6.i5.i1"/></StgValue>
</bind>
</comp>

<comp id="38" class="1001" name="const_38">
<pin_list>
<pin id="39" dir="1" index="0" bw="1" slack="0"/>
</pin_list>
<bind>
<StgValue><ssdm name=""/></StgValue>
</bind>
</comp>

<comp id="40" class="1001" name="const_40">
<pin_list>
<pin id="41" dir="1" index="0" bw="1" slack="0"/>
</pin_list>
<bind>
<StgValue><ssdm name=""/></StgValue>
</bind>
</comp>

<comp id="42" class="1001" name="const_42">
<pin_list>
<pin id="43" dir="1" index="0" bw="1" slack="0"/>
</pin_list>
<bind>
<StgValue><ssdm name=""/></StgValue>
</bind>
</comp>

<comp id="44" class="1001" name="const_44">
<pin_list>
<pin id="45" dir="1" index="0" bw="1" slack="2147483647"/>
</pin_list>
<bind>
<StgValue><ssdm name="_ssdm_op_SpecLoopName"/></StgValue>
</bind>
</comp>

<comp id="46" class="1001" name="const_46">
<pin_list>
<pin id="47" dir="1" index="0" bw="1" slack="2147483647"/>
</pin_list>
<bind>
<StgValue><ssdm name="pad_for_rows_pad_for_cols_str"/></StgValue>
</bind>
</comp>

<comp id="48" class="1001" name="const_48">
<pin_list>
<pin id="49" dir="1" index="0" bw="1" slack="2147483647"/>
</pin_list>
<bind>
<StgValue><ssdm name="_ssdm_op_SpecLoopTripCount"/></StgValue>
</bind>
</comp>

<comp id="50" class="1001" name="const_50">
<pin_list>
<pin id="51" dir="1" index="0" bw="1" slack="2147483647"/>
</pin_list>
<bind>
<StgValue><ssdm name=""/></StgValue>
</bind>
</comp>

<comp id="52" class="1001" name="const_52">
<pin_list>
<pin id="53" dir="1" index="0" bw="1" slack="2147483647"/>
</pin_list>
<bind>
<StgValue><ssdm name="_ssdm_op_SpecPipeline"/></StgValue>
</bind>
</comp>

<comp id="54" class="1004" name="c_fu_54">
<pin_list>
<pin id="55" dir="0" index="0" bw="1" slack="0"/>
<pin id="56" dir="1" index="1" bw="5" slack="0"/>
</pin_list>
<bind>
<opcode="alloca(26) " fcode="alloca"/>
<opset="c/1 "/>
</bind>
</comp>

<comp id="58" class="1004" name="r_fu_58">
<pin_list>
<pin id="59" dir="0" index="0" bw="1" slack="0"/>
<pin id="60" dir="1" index="1" bw="5" slack="0"/>
</pin_list>
<bind>
<opcode="alloca(26) " fcode="alloca"/>
<opset="r/1 "/>
</bind>
</comp>

<comp id="62" class="1004" name="indvar_flatten_fu_62">
<pin_list>
<pin id="63" dir="0" index="0" bw="1" slack="0"/>
<pin id="64" dir="1" index="1" bw="10" slack="0"/>
</pin_list>
<bind>
<opcode="alloca(26) " fcode="alloca"/>
<opset="indvar_flatten/1 "/>
</bind>
</comp>

<comp id="66" class="1004" name="img_in_addr_gep_fu_66">
<pin_list>
<pin id="67" dir="0" index="0" bw="32" slack="0"/>
<pin id="68" dir="0" index="1" bw="1" slack="0"/>
<pin id="69" dir="0" index="2" bw="10" slack="0"/>
<pin id="70" dir="1" index="3" bw="10" slack="0"/>
</pin_list>
<bind>
<opcode="getelementptr(29) " fcode="getelementptr"/>
<opset="img_in_addr/2 "/>
</bind>
</comp>

<comp id="73" class="1004" name="grp_access_fu_73">
<pin_list>
<pin id="74" dir="0" index="0" bw="10" slack="0"/>
<pin id="75" dir="0" index="1" bw="32" slack="2147483647"/>
<pin id="76" dir="0" index="2" bw="0" slack="2147483647"/>
<pin id="77" dir="1" index="3" bw="32" slack="1"/>
</pin_list>
<bind>
<opcode="load(27) " fcode="load"/>
<opset="img_in_load/2 "/>
</bind>
</comp>

<comp id="79" class="1004" name="pad_img0_addr_gep_fu_79">
<pin_list>
<pin id="80" dir="0" index="0" bw="32" slack="0"/>
<pin id="81" dir="0" index="1" bw="1" slack="0"/>
<pin id="82" dir="0" index="2" bw="11" slack="0"/>
<pin id="83" dir="1" index="3" bw="11" slack="0"/>
</pin_list>
<bind>
<opcode="getelementptr(29) " fcode="getelementptr"/>
<opset="pad_img0_addr/20 "/>
</bind>
</comp>

<comp id="86" class="1004" name="store_ln17_access_fu_86">
<pin_list>
<pin id="87" dir="0" index="0" bw="11" slack="0"/>
<pin id="88" dir="0" index="1" bw="32" slack="1"/>
<pin id="89" dir="0" index="2" bw="0" slack="2147483647"/>
<pin id="90" dir="1" index="3" bw="32" slack="2147483647"/>
</pin_list>
<bind>
<opcode="store(28) " fcode="store"/>
<opset="store_ln17/20 "/>
</bind>
</comp>

<comp id="92" class="1004" name="grp_fu_92">
<pin_list>
<pin id="93" dir="0" index="0" bw="32" slack="0"/>
<pin id="94" dir="0" index="1" bw="32" slack="0"/>
<pin id="95" dir="1" index="2" bw="32" slack="1"/>
</pin_list>
<bind>
<opcode="fdiv(16) " fcode="fdiv"/>
<opset="conv7_i/4 "/>
</bind>
</comp>

<comp id="97" class="1004" name="store_ln0_store_fu_97">
<pin_list>
<pin id="98" dir="0" index="0" bw="1" slack="0"/>
<pin id="99" dir="0" index="1" bw="10" slack="0"/>
<pin id="100" dir="1" index="2" bw="0" slack="2147483647"/>
</pin_list>
<bind>
<opcode="store(28) " fcode="store"/>
<opset="store_ln0/1 "/>
</bind>
</comp>

<comp id="102" class="1004" name="store_ln11_store_fu_102">
<pin_list>
<pin id="103" dir="0" index="0" bw="1" slack="0"/>
<pin id="104" dir="0" index="1" bw="5" slack="0"/>
<pin id="105" dir="1" index="2" bw="0" slack="2147483647"/>
</pin_list>
<bind>
<opcode="store(28) " fcode="store"/>
<opset="store_ln11/1 "/>
</bind>
</comp>

<comp id="107" class="1004" name="store_ln13_store_fu_107">
<pin_list>
<pin id="108" dir="0" index="0" bw="1" slack="0"/>
<pin id="109" dir="0" index="1" bw="5" slack="0"/>
<pin id="110" dir="1" index="2" bw="0" slack="2147483647"/>
</pin_list>
<bind>
<opcode="store(28) " fcode="store"/>
<opset="store_ln13/1 "/>
</bind>
</comp>

<comp id="112" class="1004" name="indvar_flatten_load_load_fu_112">
<pin_list>
<pin id="113" dir="0" index="0" bw="10" slack="0"/>
<pin id="114" dir="1" index="1" bw="10" slack="0"/>
</pin_list>
<bind>
<opcode="load(27) " fcode="load"/>
<opset="indvar_flatten_load/1 "/>
</bind>
</comp>

<comp id="115" class="1004" name="icmp_ln11_fu_115">
<pin_list>
<pin id="116" dir="0" index="0" bw="10" slack="0"/>
<pin id="117" dir="0" index="1" bw="9" slack="0"/>
<pin id="118" dir="1" index="2" bw="1" slack="18"/>
</pin_list>
<bind>
<opcode="icmp(45) " fcode="icmp"/>
<opset="icmp_ln11/1 "/>
</bind>
</comp>

<comp id="121" class="1004" name="add_ln11_1_fu_121">
<pin_list>
<pin id="122" dir="0" index="0" bw="10" slack="0"/>
<pin id="123" dir="0" index="1" bw="1" slack="0"/>
<pin id="124" dir="1" index="2" bw="10" slack="0"/>
</pin_list>
<bind>
<opcode="add(8) " fcode="add"/>
<opset="add_ln11_1/1 "/>
</bind>
</comp>

<comp id="127" class="1004" name="c_load_load_fu_127">
<pin_list>
<pin id="128" dir="0" index="0" bw="5" slack="0"/>
<pin id="129" dir="1" index="1" bw="5" slack="0"/>
</pin_list>
<bind>
<opcode="load(27) " fcode="load"/>
<opset="c_load/1 "/>
</bind>
</comp>

<comp id="130" class="1004" name="r_load_load_fu_130">
<pin_list>
<pin id="131" dir="0" index="0" bw="5" slack="0"/>
<pin id="132" dir="1" index="1" bw="5" slack="0"/>
</pin_list>
<bind>
<opcode="load(27) " fcode="load"/>
<opset="r_load/1 "/>
</bind>
</comp>

<comp id="133" class="1004" name="add_ln11_fu_133">
<pin_list>
<pin id="134" dir="0" index="0" bw="5" slack="0"/>
<pin id="135" dir="0" index="1" bw="1" slack="0"/>
<pin id="136" dir="1" index="2" bw="5" slack="0"/>
</pin_list>
<bind>
<opcode="add(8) " fcode="add"/>
<opset="add_ln11/1 "/>
</bind>
</comp>

<comp id="139" class="1004" name="icmp_ln13_fu_139">
<pin_list>
<pin id="140" dir="0" index="0" bw="5" slack="0"/>
<pin id="141" dir="0" index="1" bw="3" slack="0"/>
<pin id="142" dir="1" index="2" bw="1" slack="0"/>
</pin_list>
<bind>
<opcode="icmp(45) " fcode="icmp"/>
<opset="icmp_ln13/1 "/>
</bind>
</comp>

<comp id="145" class="1004" name="select_ln11_fu_145">
<pin_list>
<pin id="146" dir="0" index="0" bw="1" slack="0"/>
<pin id="147" dir="0" index="1" bw="1" slack="0"/>
<pin id="148" dir="0" index="2" bw="5" slack="0"/>
<pin id="149" dir="1" index="3" bw="5" slack="0"/>
</pin_list>
<bind>
<opcode="select(49) " fcode="select"/>
<opset="select_ln11/1 "/>
</bind>
</comp>

<comp id="153" class="1004" name="select_ln11_1_fu_153">
<pin_list>
<pin id="154" dir="0" index="0" bw="1" slack="0"/>
<pin id="155" dir="0" index="1" bw="5" slack="0"/>
<pin id="156" dir="0" index="2" bw="5" slack="0"/>
<pin id="157" dir="1" index="3" bw="5" slack="0"/>
</pin_list>
<bind>
<opcode="select(49) " fcode="select"/>
<opset="select_ln11_1/1 "/>
</bind>
</comp>

<comp id="161" class="1004" name="add_ln13_fu_161">
<pin_list>
<pin id="162" dir="0" index="0" bw="5" slack="0"/>
<pin id="163" dir="0" index="1" bw="1" slack="0"/>
<pin id="164" dir="1" index="2" bw="5" slack="0"/>
</pin_list>
<bind>
<opcode="add(8) " fcode="add"/>
<opset="add_ln13/1 "/>
</bind>
</comp>

<comp id="167" class="1004" name="store_ln11_store_fu_167">
<pin_list>
<pin id="168" dir="0" index="0" bw="10" slack="0"/>
<pin id="169" dir="0" index="1" bw="10" slack="0"/>
<pin id="170" dir="1" index="2" bw="0" slack="2147483647"/>
</pin_list>
<bind>
<opcode="store(28) " fcode="store"/>
<opset="store_ln11/1 "/>
</bind>
</comp>

<comp id="172" class="1004" name="store_ln11_store_fu_172">
<pin_list>
<pin id="173" dir="0" index="0" bw="5" slack="0"/>
<pin id="174" dir="0" index="1" bw="5" slack="0"/>
<pin id="175" dir="1" index="2" bw="0" slack="2147483647"/>
</pin_list>
<bind>
<opcode="store(28) " fcode="store"/>
<opset="store_ln11/1 "/>
</bind>
</comp>

<comp id="177" class="1004" name="store_ln13_store_fu_177">
<pin_list>
<pin id="178" dir="0" index="0" bw="5" slack="0"/>
<pin id="179" dir="0" index="1" bw="5" slack="0"/>
<pin id="180" dir="1" index="2" bw="0" slack="2147483647"/>
</pin_list>
<bind>
<opcode="store(28) " fcode="store"/>
<opset="store_ln13/1 "/>
</bind>
</comp>

<comp id="182" class="1004" name="tmp_fu_182">
<pin_list>
<pin id="183" dir="0" index="0" bw="10" slack="0"/>
<pin id="184" dir="0" index="1" bw="5" slack="1"/>
<pin id="185" dir="0" index="2" bw="1" slack="0"/>
<pin id="186" dir="1" index="3" bw="10" slack="0"/>
</pin_list>
<bind>
<opcode="bitconcatenate(1004) " fcode="bitconcatenate"/>
<opset="tmp/2 "/>
</bind>
</comp>

<comp id="189" class="1004" name="tmp_s_fu_189">
<pin_list>
<pin id="190" dir="0" index="0" bw="7" slack="0"/>
<pin id="191" dir="0" index="1" bw="5" slack="1"/>
<pin id="192" dir="0" index="2" bw="1" slack="0"/>
<pin id="193" dir="1" index="3" bw="7" slack="0"/>
</pin_list>
<bind>
<opcode="bitconcatenate(1004) " fcode="bitconcatenate"/>
<opset="tmp_s/2 "/>
</bind>
</comp>

<comp id="196" class="1004" name="zext_ln17_fu_196">
<pin_list>
<pin id="197" dir="0" index="0" bw="7" slack="0"/>
<pin id="198" dir="1" index="1" bw="10" slack="0"/>
</pin_list>
<bind>
<opcode="zext(34) " fcode="zext"/>
<opset="zext_ln17/2 "/>
</bind>
</comp>

<comp id="200" class="1004" name="sub_ln17_fu_200">
<pin_list>
<pin id="201" dir="0" index="0" bw="10" slack="0"/>
<pin id="202" dir="0" index="1" bw="7" slack="0"/>
<pin id="203" dir="1" index="2" bw="10" slack="0"/>
</pin_list>
<bind>
<opcode="sub(10) " fcode="sub"/>
<opset="sub_ln17/2 "/>
</bind>
</comp>

<comp id="206" class="1004" name="empty_fu_206">
<pin_list>
<pin id="207" dir="0" index="0" bw="5" slack="1"/>
<pin id="208" dir="0" index="1" bw="3" slack="0"/>
<pin id="209" dir="1" index="2" bw="5" slack="0"/>
</pin_list>
<bind>
<opcode="add(8) " fcode="add"/>
<opset="empty/2 "/>
</bind>
</comp>

<comp id="211" class="1004" name="tmp_372_fu_211">
<pin_list>
<pin id="212" dir="0" index="0" bw="10" slack="0"/>
<pin id="213" dir="0" index="1" bw="5" slack="0"/>
<pin id="214" dir="0" index="2" bw="1" slack="0"/>
<pin id="215" dir="1" index="3" bw="10" slack="0"/>
</pin_list>
<bind>
<opcode="bitconcatenate(1004) " fcode="bitconcatenate"/>
<opset="tmp_372/2 "/>
</bind>
</comp>

<comp id="219" class="1004" name="zext_ln17_1_fu_219">
<pin_list>
<pin id="220" dir="0" index="0" bw="10" slack="0"/>
<pin id="221" dir="1" index="1" bw="11" slack="0"/>
</pin_list>
<bind>
<opcode="zext(34) " fcode="zext"/>
<opset="zext_ln17_1/2 "/>
</bind>
</comp>

<comp id="223" class="1004" name="tmp_373_fu_223">
<pin_list>
<pin id="224" dir="0" index="0" bw="6" slack="0"/>
<pin id="225" dir="0" index="1" bw="5" slack="0"/>
<pin id="226" dir="0" index="2" bw="1" slack="0"/>
<pin id="227" dir="1" index="3" bw="6" slack="0"/>
</pin_list>
<bind>
<opcode="bitconcatenate(1004) " fcode="bitconcatenate"/>
<opset="tmp_373/2 "/>
</bind>
</comp>

<comp id="231" class="1004" name="zext_ln17_2_fu_231">
<pin_list>
<pin id="232" dir="0" index="0" bw="6" slack="0"/>
<pin id="233" dir="1" index="1" bw="11" slack="0"/>
</pin_list>
<bind>
<opcode="zext(34) " fcode="zext"/>
<opset="zext_ln17_2/2 "/>
</bind>
</comp>

<comp id="235" class="1004" name="add_ln17_1_fu_235">
<pin_list>
<pin id="236" dir="0" index="0" bw="10" slack="0"/>
<pin id="237" dir="0" index="1" bw="6" slack="0"/>
<pin id="238" dir="1" index="2" bw="11" slack="0"/>
</pin_list>
<bind>
<opcode="add(8) " fcode="add"/>
<opset="add_ln17_1/2 "/>
</bind>
</comp>

<comp id="241" class="1004" name="zext_ln17_3_fu_241">
<pin_list>
<pin id="242" dir="0" index="0" bw="5" slack="1"/>
<pin id="243" dir="1" index="1" bw="10" slack="0"/>
</pin_list>
<bind>
<opcode="zext(34) " fcode="zext"/>
<opset="zext_ln17_3/2 "/>
</bind>
</comp>

<comp id="244" class="1004" name="add_ln17_2_fu_244">
<pin_list>
<pin id="245" dir="0" index="0" bw="10" slack="0"/>
<pin id="246" dir="0" index="1" bw="5" slack="0"/>
<pin id="247" dir="1" index="2" bw="10" slack="0"/>
</pin_list>
<bind>
<opcode="add(8) " fcode="add"/>
<opset="add_ln17_2/2 "/>
</bind>
</comp>

<comp id="250" class="1004" name="zext_ln17_4_fu_250">
<pin_list>
<pin id="251" dir="0" index="0" bw="10" slack="0"/>
<pin id="252" dir="1" index="1" bw="64" slack="0"/>
</pin_list>
<bind>
<opcode="zext(34) " fcode="zext"/>
<opset="zext_ln17_4/2 "/>
</bind>
</comp>

<comp id="255" class="1004" name="add_ln17_fu_255">
<pin_list>
<pin id="256" dir="0" index="0" bw="5" slack="1"/>
<pin id="257" dir="0" index="1" bw="3" slack="0"/>
<pin id="258" dir="1" index="2" bw="5" slack="0"/>
</pin_list>
<bind>
<opcode="add(8) " fcode="add"/>
<opset="add_ln17/2 "/>
</bind>
</comp>

<comp id="260" class="1004" name="zext_ln17_5_fu_260">
<pin_list>
<pin id="261" dir="0" index="0" bw="5" slack="0"/>
<pin id="262" dir="1" index="1" bw="11" slack="0"/>
</pin_list>
<bind>
<opcode="zext(34) " fcode="zext"/>
<opset="zext_ln17_5/2 "/>
</bind>
</comp>

<comp id="264" class="1004" name="add_ln17_3_fu_264">
<pin_list>
<pin id="265" dir="0" index="0" bw="11" slack="0"/>
<pin id="266" dir="0" index="1" bw="5" slack="0"/>
<pin id="267" dir="1" index="2" bw="11" slack="18"/>
</pin_list>
<bind>
<opcode="add(8) " fcode="add"/>
<opset="add_ln17_3/2 "/>
</bind>
</comp>

<comp id="270" class="1004" name="bitcast_ln17_fu_270">
<pin_list>
<pin id="271" dir="0" index="0" bw="32" slack="1"/>
<pin id="272" dir="1" index="1" bw="32" slack="0"/>
</pin_list>
<bind>
<opcode="bitcast(44) " fcode="bitcast"/>
<opset="bitcast_ln17/4 "/>
</bind>
</comp>

<comp id="274" class="1004" name="zext_ln17_6_fu_274">
<pin_list>
<pin id="275" dir="0" index="0" bw="11" slack="18"/>
<pin id="276" dir="1" index="1" bw="64" slack="0"/>
</pin_list>
<bind>
<opcode="zext(34) " fcode="zext"/>
<opset="zext_ln17_6/20 "/>
</bind>
</comp>

<comp id="278" class="1005" name="c_reg_278">
<pin_list>
<pin id="279" dir="0" index="0" bw="5" slack="0"/>
<pin id="280" dir="1" index="1" bw="5" slack="0"/>
</pin_list>
<bind>
<opset="c "/>
</bind>
</comp>

<comp id="285" class="1005" name="r_reg_285">
<pin_list>
<pin id="286" dir="0" index="0" bw="5" slack="0"/>
<pin id="287" dir="1" index="1" bw="5" slack="0"/>
</pin_list>
<bind>
<opset="r "/>
</bind>
</comp>

<comp id="292" class="1005" name="indvar_flatten_reg_292">
<pin_list>
<pin id="293" dir="0" index="0" bw="10" slack="0"/>
<pin id="294" dir="1" index="1" bw="10" slack="0"/>
</pin_list>
<bind>
<opset="indvar_flatten "/>
</bind>
</comp>

<comp id="299" class="1005" name="icmp_ln11_reg_299">
<pin_list>
<pin id="300" dir="0" index="0" bw="1" slack="18"/>
<pin id="301" dir="1" index="1" bw="1" slack="2147483647"/>
</pin_list>
<bind>
<opset="icmp_ln11 "/>
</bind>
</comp>

<comp id="303" class="1005" name="select_ln11_reg_303">
<pin_list>
<pin id="304" dir="0" index="0" bw="5" slack="1"/>
<pin id="305" dir="1" index="1" bw="5" slack="1"/>
</pin_list>
<bind>
<opset="select_ln11 "/>
</bind>
</comp>

<comp id="309" class="1005" name="select_ln11_1_reg_309">
<pin_list>
<pin id="310" dir="0" index="0" bw="5" slack="1"/>
<pin id="311" dir="1" index="1" bw="5" slack="1"/>
</pin_list>
<bind>
<opset="select_ln11_1 "/>
</bind>
</comp>

<comp id="316" class="1005" name="img_in_addr_reg_316">
<pin_list>
<pin id="317" dir="0" index="0" bw="10" slack="1"/>
<pin id="318" dir="1" index="1" bw="10" slack="1"/>
</pin_list>
<bind>
<opset="img_in_addr "/>
</bind>
</comp>

<comp id="321" class="1005" name="add_ln17_3_reg_321">
<pin_list>
<pin id="322" dir="0" index="0" bw="11" slack="18"/>
<pin id="323" dir="1" index="1" bw="11" slack="18"/>
</pin_list>
<bind>
<opset="add_ln17_3 "/>
</bind>
</comp>

<comp id="326" class="1005" name="img_in_load_reg_326">
<pin_list>
<pin id="327" dir="0" index="0" bw="32" slack="1"/>
<pin id="328" dir="1" index="1" bw="32" slack="1"/>
</pin_list>
<bind>
<opset="img_in_load "/>
</bind>
</comp>

<comp id="331" class="1005" name="bitcast_ln17_reg_331">
<pin_list>
<pin id="332" dir="0" index="0" bw="32" slack="1"/>
<pin id="333" dir="1" index="1" bw="32" slack="1"/>
</pin_list>
<bind>
<opset="bitcast_ln17 "/>
</bind>
</comp>

<comp id="336" class="1005" name="conv7_i_reg_336">
<pin_list>
<pin id="337" dir="0" index="0" bw="32" slack="1"/>
<pin id="338" dir="1" index="1" bw="32" slack="1"/>
</pin_list>
<bind>
<opset="conv7_i "/>
</bind>
</comp>

</comp_list>

<net_list>
<net id="57"><net_src comp="4" pin="0"/><net_sink comp="54" pin=0"/></net>

<net id="61"><net_src comp="4" pin="0"/><net_sink comp="58" pin=0"/></net>

<net id="65"><net_src comp="4" pin="0"/><net_sink comp="62" pin=0"/></net>

<net id="71"><net_src comp="0" pin="0"/><net_sink comp="66" pin=0"/></net>

<net id="72"><net_src comp="40" pin="0"/><net_sink comp="66" pin=1"/></net>

<net id="78"><net_src comp="66" pin="3"/><net_sink comp="73" pin=0"/></net>

<net id="84"><net_src comp="2" pin="0"/><net_sink comp="79" pin=0"/></net>

<net id="85"><net_src comp="40" pin="0"/><net_sink comp="79" pin=1"/></net>

<net id="91"><net_src comp="79" pin="3"/><net_sink comp="86" pin=0"/></net>

<net id="96"><net_src comp="42" pin="0"/><net_sink comp="92" pin=1"/></net>

<net id="101"><net_src comp="16" pin="0"/><net_sink comp="97" pin=0"/></net>

<net id="106"><net_src comp="18" pin="0"/><net_sink comp="102" pin=0"/></net>

<net id="111"><net_src comp="18" pin="0"/><net_sink comp="107" pin=0"/></net>

<net id="119"><net_src comp="112" pin="1"/><net_sink comp="115" pin=0"/></net>

<net id="120"><net_src comp="20" pin="0"/><net_sink comp="115" pin=1"/></net>

<net id="125"><net_src comp="112" pin="1"/><net_sink comp="121" pin=0"/></net>

<net id="126"><net_src comp="22" pin="0"/><net_sink comp="121" pin=1"/></net>

<net id="137"><net_src comp="130" pin="1"/><net_sink comp="133" pin=0"/></net>

<net id="138"><net_src comp="24" pin="0"/><net_sink comp="133" pin=1"/></net>

<net id="143"><net_src comp="127" pin="1"/><net_sink comp="139" pin=0"/></net>

<net id="144"><net_src comp="26" pin="0"/><net_sink comp="139" pin=1"/></net>

<net id="150"><net_src comp="139" pin="2"/><net_sink comp="145" pin=0"/></net>

<net id="151"><net_src comp="18" pin="0"/><net_sink comp="145" pin=1"/></net>

<net id="152"><net_src comp="127" pin="1"/><net_sink comp="145" pin=2"/></net>

<net id="158"><net_src comp="139" pin="2"/><net_sink comp="153" pin=0"/></net>

<net id="159"><net_src comp="133" pin="2"/><net_sink comp="153" pin=1"/></net>

<net id="160"><net_src comp="130" pin="1"/><net_sink comp="153" pin=2"/></net>

<net id="165"><net_src comp="145" pin="3"/><net_sink comp="161" pin=0"/></net>

<net id="166"><net_src comp="24" pin="0"/><net_sink comp="161" pin=1"/></net>

<net id="171"><net_src comp="121" pin="2"/><net_sink comp="167" pin=0"/></net>

<net id="176"><net_src comp="153" pin="3"/><net_sink comp="172" pin=0"/></net>

<net id="181"><net_src comp="161" pin="2"/><net_sink comp="177" pin=0"/></net>

<net id="187"><net_src comp="28" pin="0"/><net_sink comp="182" pin=0"/></net>

<net id="188"><net_src comp="18" pin="0"/><net_sink comp="182" pin=2"/></net>

<net id="194"><net_src comp="30" pin="0"/><net_sink comp="189" pin=0"/></net>

<net id="195"><net_src comp="32" pin="0"/><net_sink comp="189" pin=2"/></net>

<net id="199"><net_src comp="189" pin="3"/><net_sink comp="196" pin=0"/></net>

<net id="204"><net_src comp="182" pin="3"/><net_sink comp="200" pin=0"/></net>

<net id="205"><net_src comp="196" pin="1"/><net_sink comp="200" pin=1"/></net>

<net id="210"><net_src comp="34" pin="0"/><net_sink comp="206" pin=1"/></net>

<net id="216"><net_src comp="28" pin="0"/><net_sink comp="211" pin=0"/></net>

<net id="217"><net_src comp="206" pin="2"/><net_sink comp="211" pin=1"/></net>

<net id="218"><net_src comp="18" pin="0"/><net_sink comp="211" pin=2"/></net>

<net id="222"><net_src comp="211" pin="3"/><net_sink comp="219" pin=0"/></net>

<net id="228"><net_src comp="36" pin="0"/><net_sink comp="223" pin=0"/></net>

<net id="229"><net_src comp="206" pin="2"/><net_sink comp="223" pin=1"/></net>

<net id="230"><net_src comp="38" pin="0"/><net_sink comp="223" pin=2"/></net>

<net id="234"><net_src comp="223" pin="3"/><net_sink comp="231" pin=0"/></net>

<net id="239"><net_src comp="219" pin="1"/><net_sink comp="235" pin=0"/></net>

<net id="240"><net_src comp="231" pin="1"/><net_sink comp="235" pin=1"/></net>

<net id="248"><net_src comp="200" pin="2"/><net_sink comp="244" pin=0"/></net>

<net id="249"><net_src comp="241" pin="1"/><net_sink comp="244" pin=1"/></net>

<net id="253"><net_src comp="244" pin="2"/><net_sink comp="250" pin=0"/></net>

<net id="254"><net_src comp="250" pin="1"/><net_sink comp="66" pin=2"/></net>

<net id="259"><net_src comp="34" pin="0"/><net_sink comp="255" pin=1"/></net>

<net id="263"><net_src comp="255" pin="2"/><net_sink comp="260" pin=0"/></net>

<net id="268"><net_src comp="235" pin="2"/><net_sink comp="264" pin=0"/></net>

<net id="269"><net_src comp="260" pin="1"/><net_sink comp="264" pin=1"/></net>

<net id="273"><net_src comp="270" pin="1"/><net_sink comp="92" pin=0"/></net>

<net id="277"><net_src comp="274" pin="1"/><net_sink comp="79" pin=2"/></net>

<net id="281"><net_src comp="54" pin="1"/><net_sink comp="278" pin=0"/></net>

<net id="282"><net_src comp="278" pin="1"/><net_sink comp="107" pin=1"/></net>

<net id="283"><net_src comp="278" pin="1"/><net_sink comp="127" pin=0"/></net>

<net id="284"><net_src comp="278" pin="1"/><net_sink comp="177" pin=1"/></net>

<net id="288"><net_src comp="58" pin="1"/><net_sink comp="285" pin=0"/></net>

<net id="289"><net_src comp="285" pin="1"/><net_sink comp="102" pin=1"/></net>

<net id="290"><net_src comp="285" pin="1"/><net_sink comp="130" pin=0"/></net>

<net id="291"><net_src comp="285" pin="1"/><net_sink comp="172" pin=1"/></net>

<net id="295"><net_src comp="62" pin="1"/><net_sink comp="292" pin=0"/></net>

<net id="296"><net_src comp="292" pin="1"/><net_sink comp="97" pin=1"/></net>

<net id="297"><net_src comp="292" pin="1"/><net_sink comp="112" pin=0"/></net>

<net id="298"><net_src comp="292" pin="1"/><net_sink comp="167" pin=1"/></net>

<net id="302"><net_src comp="115" pin="2"/><net_sink comp="299" pin=0"/></net>

<net id="306"><net_src comp="145" pin="3"/><net_sink comp="303" pin=0"/></net>

<net id="307"><net_src comp="303" pin="1"/><net_sink comp="241" pin=0"/></net>

<net id="308"><net_src comp="303" pin="1"/><net_sink comp="255" pin=0"/></net>

<net id="312"><net_src comp="153" pin="3"/><net_sink comp="309" pin=0"/></net>

<net id="313"><net_src comp="309" pin="1"/><net_sink comp="182" pin=1"/></net>

<net id="314"><net_src comp="309" pin="1"/><net_sink comp="189" pin=1"/></net>

<net id="315"><net_src comp="309" pin="1"/><net_sink comp="206" pin=0"/></net>

<net id="319"><net_src comp="66" pin="3"/><net_sink comp="316" pin=0"/></net>

<net id="320"><net_src comp="316" pin="1"/><net_sink comp="73" pin=0"/></net>

<net id="324"><net_src comp="264" pin="2"/><net_sink comp="321" pin=0"/></net>

<net id="325"><net_src comp="321" pin="1"/><net_sink comp="274" pin=0"/></net>

<net id="329"><net_src comp="73" pin="3"/><net_sink comp="326" pin=0"/></net>

<net id="330"><net_src comp="326" pin="1"/><net_sink comp="270" pin=0"/></net>

<net id="334"><net_src comp="270" pin="1"/><net_sink comp="331" pin=0"/></net>

<net id="335"><net_src comp="331" pin="1"/><net_sink comp="92" pin=0"/></net>

<net id="339"><net_src comp="92" pin="2"/><net_sink comp="336" pin=0"/></net>

<net id="340"><net_src comp="336" pin="1"/><net_sink comp="86" pin=1"/></net>

</net_list>

</model> 
---------------- Datapath Model END ------------------

* FSMD analyzer results:
  - Output states:
	Port: pad_img0 | {20 }
 - Input state : 
	Port: cnn_Pipeline_pad_for_rows_pad_for_cols : img_in | {2 3 }
  - Chain level:
	State 1
		store_ln0 : 1
		store_ln11 : 1
		store_ln13 : 1
		indvar_flatten_load : 1
		icmp_ln11 : 2
		add_ln11_1 : 2
		br_ln11 : 3
		c_load : 1
		r_load : 1
		add_ln11 : 2
		icmp_ln13 : 2
		select_ln11 : 3
		select_ln11_1 : 3
		add_ln13 : 4
		store_ln11 : 3
		store_ln11 : 4
		store_ln13 : 5
	State 2
		zext_ln17 : 1
		sub_ln17 : 2
		tmp_372 : 1
		zext_ln17_1 : 2
		tmp_373 : 1
		zext_ln17_2 : 2
		add_ln17_1 : 3
		add_ln17_2 : 3
		zext_ln17_4 : 4
		img_in_addr : 5
		img_in_load : 6
		zext_ln17_5 : 1
		add_ln17_3 : 4
	State 3
	State 4
		conv7_i : 1
	State 5
	State 6
	State 7
	State 8
	State 9
	State 10
	State 11
	State 12
	State 13
	State 14
	State 15
	State 16
	State 17
	State 18
	State 19
	State 20
		pad_img0_addr : 1
		store_ln17 : 2


============================================================
+ Verbose Summary: Datapath Resource usage 
============================================================

* Functional unit list:
|----------|----------------------|---------|---------|
| Operation|    Functional Unit   |    FF   |   LUT   |
|----------|----------------------|---------|---------|
|          |   add_ln11_1_fu_121  |    0    |    13   |
|          |    add_ln11_fu_133   |    0    |    13   |
|          |    add_ln13_fu_161   |    0    |    13   |
|    add   |     empty_fu_206     |    0    |    13   |
|          |   add_ln17_1_fu_235  |    0    |    10   |
|          |   add_ln17_2_fu_244  |    0    |    10   |
|          |    add_ln17_fu_255   |    0    |    13   |
|          |   add_ln17_3_fu_264  |    0    |    11   |
|----------|----------------------|---------|---------|
|   icmp   |   icmp_ln11_fu_115   |    0    |    13   |
|          |   icmp_ln13_fu_139   |    0    |    13   |
|----------|----------------------|---------|---------|
|  select  |  select_ln11_fu_145  |    0    |    5    |
|          | select_ln11_1_fu_153 |    0    |    5    |
|----------|----------------------|---------|---------|
|    sub   |    sub_ln17_fu_200   |    0    |    10   |
|----------|----------------------|---------|---------|
|   fdiv   |       grp_fu_92      |    0    |    0    |
|----------|----------------------|---------|---------|
|          |      tmp_fu_182      |    0    |    0    |
|bitconcatenate|     tmp_s_fu_189     |    0    |    0    |
|          |    tmp_372_fu_211    |    0    |    0    |
|          |    tmp_373_fu_223    |    0    |    0    |
|----------|----------------------|---------|---------|
|          |   zext_ln17_fu_196   |    0    |    0    |
|          |  zext_ln17_1_fu_219  |    0    |    0    |
|          |  zext_ln17_2_fu_231  |    0    |    0    |
|   zext   |  zext_ln17_3_fu_241  |    0    |    0    |
|          |  zext_ln17_4_fu_250  |    0    |    0    |
|          |  zext_ln17_5_fu_260  |    0    |    0    |
|          |  zext_ln17_6_fu_274  |    0    |    0    |
|----------|----------------------|---------|---------|
|   Total  |                      |    0    |   142   |
|----------|----------------------|---------|---------|

Memories:
N/A

* Register list:
+----------------------+--------+
|                      |   FF   |
+----------------------+--------+
|  add_ln17_3_reg_321  |   11   |
| bitcast_ln17_reg_331 |   32   |
|       c_reg_278      |    5   |
|    conv7_i_reg_336   |   32   |
|   icmp_ln11_reg_299  |    1   |
|  img_in_addr_reg_316 |   10   |
|  img_in_load_reg_326 |   32   |
|indvar_flatten_reg_292|   10   |
|       r_reg_285      |    5   |
| select_ln11_1_reg_309|    5   |
|  select_ln11_reg_303 |    5   |
+----------------------+--------+
|         Total        |   148  |
+----------------------+--------+

* Multiplexer (MUX) list: 
|------------------|------|------|------|--------||---------||---------|
|       Comp       |  Pin | Size |  BW  | S x BW ||  Delay  ||   LUT   |
|------------------|------|------|------|--------||---------||---------|
| grp_access_fu_73 |  p0  |   2  |  10  |   20   ||    9    |
|     grp_fu_92    |  p0  |   2  |  32  |   64   ||    9    |
|------------------|------|------|------|--------||---------||---------|
|       Total      |      |      |      |   84   ||  3.176  ||    18   |
|------------------|------|------|------|--------||---------||---------|



* Summary:
+-----------+--------+--------+--------+
|           |  Delay |   FF   |   LUT  |
+-----------+--------+--------+--------+
|  Function |    -   |    0   |   142  |
|   Memory  |    -   |    -   |    -   |
|Multiplexer|    3   |    -   |   18   |
|  Register |    -   |   148  |    -   |
+-----------+--------+--------+--------+
|   Total   |    3   |   148  |   160  |
+-----------+--------+--------+--------+
