

================================================================
== Vitis HLS Report for 'convolutional_layer'
================================================================
* Date:           Tue Jan 28 18:58:47 2025

* Version:        2023.2 (Build 4023990 on Oct 11 2023)
* Project:        CNN_Optimal
* Solution:       solution1 (Vivado IP Flow Target)
* Product family: zynq
* Target device:  xc7z010-clg400-1


================================================================
== Performance Estimates
================================================================
+ Timing: 
    * Summary: 
    +--------+----------+----------+------------+
    |  Clock |  Target  | Estimated| Uncertainty|
    +--------+----------+----------+------------+
    |ap_clk  |  10.00 ns|  7.287 ns|     2.70 ns|
    +--------+----------+----------+------------+

+ Latency: 
    * Summary: 
    +---------+---------+----------+----------+-------+-------+---------+
    |  Latency (cycles) |  Latency (absolute) |    Interval   | Pipeline|
    |   min   |   max   |    min   |    max   |  min  |  max  |   Type  |
    +---------+---------+----------+----------+-------+-------+---------+
    |    19642|    19642|  0.196 ms|  0.196 ms|  19642|  19642|       no|
    +---------+---------+----------+----------+-------+-------+---------+

    + Detail: 
        * Instance: 
        N/A

        * Loop: 
        N/A

============================================================
+ Verbose Summary: Synthesis Manager
============================================================
InlineROM: 1
ExposeGlobal: 0
============================================================
+ Verbose Summary: CDFG Model
============================================================
IsTopModel: 0
ResetActiveHigh: 1
IsCombinational: 2
IsDatapathOnly: 0
HasWiredReturn: 1
HasMFsm: 0
HasVarLatency: 1
IsPipeline: 0
IsRtlPipelined: 0
IsInstanceOverlapped: 0
IsDontTouch: 0
HasImplIP: 0
IsGatedGlobalClock: 0


============================================================
+ Verbose Summary: Schedule
============================================================
* Number of FSM states : 2
* Pipeline : 0
* Dataflow Pipeline: 0

* FSM state transitions: 
1 --> 2 
2 --> 

* FSM state operations: 

State 1 <SV = 0> <Delay = 2.32>
ST_1 : Operation 3 [2/2] (0.00ns)   --->   "%call_ln58 = call void @convolution.1, i24 %pad_img0_0_0, i24 %pad_img0_0_1, i24 %pad_img0_0_2, i24 %pad_img0_0_3, i24 %pad_img0_0_4, i24 %pad_img0_0_5, i24 %pad_img0_0_6, i24 %pad_img0_1_0, i24 %pad_img0_1_1, i24 %pad_img0_1_2, i24 %pad_img0_1_3, i24 %pad_img0_1_4, i24 %pad_img0_1_5, i24 %pad_img0_1_6, i24 %pad_img0_2_0, i24 %pad_img0_2_1, i24 %pad_img0_2_2, i24 %pad_img0_2_3, i24 %pad_img0_2_4, i24 %pad_img0_2_5, i24 %pad_img0_2_6, i24 %pad_img0_3_0, i24 %pad_img0_3_1, i24 %pad_img0_3_2, i24 %pad_img0_3_3, i24 %pad_img0_3_4, i24 %pad_img0_3_5, i24 %pad_img0_3_6, i24 %conv_to_pool_streams_0" [CNN_Optimal/src/conv.cpp:58]   --->   Operation 3 'call' 'call_ln58' <Predicate = true> <Delay = 0.00> <CoreType = "Generic">   --->   Core 0 '' <Latency = 0> <II = 1> <Delay = 1.00> <Generic> <Opcode : >
ST_1 : Operation 4 [2/2] (2.32ns)   --->   "%call_ln59 = call void @convolution, i24 %pad_img1, i2 1, i24 %conv_to_pool_streams_1, i6 %conv_biases, i8 %conv_weights_0_0, i7 %conv_weights_0_1, i8 %conv_weights_0_2, i8 %conv_weights_0_3, i9 %conv_weights_0_4, i8 %conv_weights_0_5, i9 %conv_weights_0_6, i8 %conv_weights_1_0, i9 %conv_weights_1_1, i8 %conv_weights_1_2, i9 %conv_weights_1_3, i8 %conv_weights_1_4, i9 %conv_weights_1_5, i8 %conv_weights_1_6, i8 %conv_weights_2_0, i9 %conv_weights_2_1, i8 %conv_weights_2_2, i8 %conv_weights_2_3, i9 %conv_weights_2_4, i8 %conv_weights_2_5, i8 %conv_weights_2_6, i8 %conv_weights_3_0, i9 %conv_weights_3_1, i9 %conv_weights_3_2, i8 %conv_weights_3_3, i9 %conv_weights_3_4, i9 %conv_weights_3_5, i8 %conv_weights_3_6, i8 %conv_weights_4_0, i8 %conv_weights_4_1, i9 %conv_weights_4_2, i9 %conv_weights_4_3, i8 %conv_weights_4_4, i9 %conv_weights_4_5, i9 %conv_weights_4_6, i9 %conv_weights_5_0, i9 %conv_weights_5_1, i9 %conv_weights_5_2, i9 %conv_weights_5_3, i9 %conv_weights_5_4, i7 %conv_weights_5_5, i9 %conv_weights_5_6, i9 %conv_weights_6_0, i9 %conv_weights_6_1, i10 %conv_weights_6_2, i9 %conv_weights_6_3, i9 %conv_weights_6_4, i9 %conv_weights_6_5, i9 %conv_weights_6_6" [CNN_Optimal/src/conv.cpp:59]   --->   Operation 4 'call' 'call_ln59' <Predicate = true> <Delay = 2.32> <CoreType = "Generic">   --->   Core 0 '' <Latency = 0> <II = 1> <Delay = 1.00> <Generic> <Opcode : >
ST_1 : Operation 5 [2/2] (2.32ns)   --->   "%call_ln60 = call void @convolution, i24 %pad_img2, i2 2, i24 %conv_to_pool_streams_2, i6 %conv_biases, i8 %conv_weights_0_0, i7 %conv_weights_0_1, i8 %conv_weights_0_2, i8 %conv_weights_0_3, i9 %conv_weights_0_4, i8 %conv_weights_0_5, i9 %conv_weights_0_6, i8 %conv_weights_1_0, i9 %conv_weights_1_1, i8 %conv_weights_1_2, i9 %conv_weights_1_3, i8 %conv_weights_1_4, i9 %conv_weights_1_5, i8 %conv_weights_1_6, i8 %conv_weights_2_0, i9 %conv_weights_2_1, i8 %conv_weights_2_2, i8 %conv_weights_2_3, i9 %conv_weights_2_4, i8 %conv_weights_2_5, i8 %conv_weights_2_6, i8 %conv_weights_3_0, i9 %conv_weights_3_1, i9 %conv_weights_3_2, i8 %conv_weights_3_3, i9 %conv_weights_3_4, i9 %conv_weights_3_5, i8 %conv_weights_3_6, i8 %conv_weights_4_0, i8 %conv_weights_4_1, i9 %conv_weights_4_2, i9 %conv_weights_4_3, i8 %conv_weights_4_4, i9 %conv_weights_4_5, i9 %conv_weights_4_6, i9 %conv_weights_5_0, i9 %conv_weights_5_1, i9 %conv_weights_5_2, i9 %conv_weights_5_3, i9 %conv_weights_5_4, i7 %conv_weights_5_5, i9 %conv_weights_5_6, i9 %conv_weights_6_0, i9 %conv_weights_6_1, i10 %conv_weights_6_2, i9 %conv_weights_6_3, i9 %conv_weights_6_4, i9 %conv_weights_6_5, i9 %conv_weights_6_6" [CNN_Optimal/src/conv.cpp:60]   --->   Operation 5 'call' 'call_ln60' <Predicate = true> <Delay = 2.32> <CoreType = "Generic">   --->   Core 0 '' <Latency = 0> <II = 1> <Delay = 1.00> <Generic> <Opcode : >
ST_1 : Operation 6 [2/2] (0.00ns)   --->   "%call_ln61 = call void @convolution.2, i24 %pad_img3_0_0, i24 %pad_img3_0_1, i24 %pad_img3_0_2, i24 %pad_img3_0_3, i24 %pad_img3_0_4, i24 %pad_img3_0_5, i24 %pad_img3_0_6, i24 %pad_img3_1_0, i24 %pad_img3_1_1, i24 %pad_img3_1_2, i24 %pad_img3_1_3, i24 %pad_img3_1_4, i24 %pad_img3_1_5, i24 %pad_img3_1_6, i24 %pad_img3_2_0, i24 %pad_img3_2_1, i24 %pad_img3_2_2, i24 %pad_img3_2_3, i24 %pad_img3_2_4, i24 %pad_img3_2_5, i24 %pad_img3_2_6, i24 %pad_img3_3_0, i24 %pad_img3_3_1, i24 %pad_img3_3_2, i24 %pad_img3_3_3, i24 %pad_img3_3_4, i24 %pad_img3_3_5, i24 %pad_img3_3_6, i24 %pad_img3_4_0, i24 %pad_img3_4_1, i24 %pad_img3_4_2, i24 %pad_img3_4_3, i24 %pad_img3_4_4, i24 %pad_img3_4_5, i24 %pad_img3_4_6, i24 %pad_img3_5_0, i24 %pad_img3_5_1, i24 %pad_img3_5_2, i24 %pad_img3_5_3, i24 %pad_img3_5_4, i24 %pad_img3_5_5, i24 %pad_img3_5_6, i24 %pad_img3_6_0, i24 %pad_img3_6_1, i24 %pad_img3_6_2, i24 %pad_img3_6_3, i24 %pad_img3_6_4, i24 %pad_img3_6_5, i24 %pad_img3_6_6, i24 %conv_to_pool_streams_3" [CNN_Optimal/src/conv.cpp:61]   --->   Operation 6 'call' 'call_ln61' <Predicate = true> <Delay = 0.00> <CoreType = "Generic">   --->   Core 0 '' <Latency = 0> <II = 1> <Delay = 1.00> <Generic> <Opcode : >

State 2 <SV = 1> <Delay = 0.00>
ST_2 : Operation 7 [1/1] (0.00ns)   --->   "%specinterface_ln0 = specinterface void @_ssdm_op_SpecInterface, i24 %conv_to_pool_streams_3, void @empty_2, i32 0, i32 0, void @empty_3, i32 0, i32 0, void @empty_3, void @empty_3, void @empty_3, i32 0, i32 0, i32 0, i32 0, void @empty_3, void @empty_3, i32 4294967295, i32 0"   --->   Operation 7 'specinterface' 'specinterface_ln0' <Predicate = true> <Delay = 0.00>
ST_2 : Operation 8 [1/1] (0.00ns)   --->   "%specinterface_ln0 = specinterface void @_ssdm_op_SpecInterface, i24 %conv_to_pool_streams_2, void @empty_2, i32 0, i32 0, void @empty_3, i32 0, i32 0, void @empty_3, void @empty_3, void @empty_3, i32 0, i32 0, i32 0, i32 0, void @empty_3, void @empty_3, i32 4294967295, i32 0"   --->   Operation 8 'specinterface' 'specinterface_ln0' <Predicate = true> <Delay = 0.00>
ST_2 : Operation 9 [1/1] (0.00ns)   --->   "%specinterface_ln0 = specinterface void @_ssdm_op_SpecInterface, i24 %conv_to_pool_streams_1, void @empty_2, i32 0, i32 0, void @empty_3, i32 0, i32 0, void @empty_3, void @empty_3, void @empty_3, i32 0, i32 0, i32 0, i32 0, void @empty_3, void @empty_3, i32 4294967295, i32 0"   --->   Operation 9 'specinterface' 'specinterface_ln0' <Predicate = true> <Delay = 0.00>
ST_2 : Operation 10 [1/1] (0.00ns)   --->   "%specinterface_ln0 = specinterface void @_ssdm_op_SpecInterface, i24 %conv_to_pool_streams_0, void @empty_2, i32 0, i32 0, void @empty_3, i32 0, i32 0, void @empty_3, void @empty_3, void @empty_3, i32 0, i32 0, i32 0, i32 0, void @empty_3, void @empty_3, i32 4294967295, i32 0"   --->   Operation 10 'specinterface' 'specinterface_ln0' <Predicate = true> <Delay = 0.00>
ST_2 : Operation 11 [1/2] (0.00ns)   --->   "%call_ln58 = call void @convolution.1, i24 %pad_img0_0_0, i24 %pad_img0_0_1, i24 %pad_img0_0_2, i24 %pad_img0_0_3, i24 %pad_img0_0_4, i24 %pad_img0_0_5, i24 %pad_img0_0_6, i24 %pad_img0_1_0, i24 %pad_img0_1_1, i24 %pad_img0_1_2, i24 %pad_img0_1_3, i24 %pad_img0_1_4, i24 %pad_img0_1_5, i24 %pad_img0_1_6, i24 %pad_img0_2_0, i24 %pad_img0_2_1, i24 %pad_img0_2_2, i24 %pad_img0_2_3, i24 %pad_img0_2_4, i24 %pad_img0_2_5, i24 %pad_img0_2_6, i24 %pad_img0_3_0, i24 %pad_img0_3_1, i24 %pad_img0_3_2, i24 %pad_img0_3_3, i24 %pad_img0_3_4, i24 %pad_img0_3_5, i24 %pad_img0_3_6, i24 %conv_to_pool_streams_0" [CNN_Optimal/src/conv.cpp:58]   --->   Operation 11 'call' 'call_ln58' <Predicate = true> <Delay = 0.00> <CoreType = "Generic">   --->   Core 0 '' <Latency = 0> <II = 1> <Delay = 1.00> <Generic> <Opcode : >
ST_2 : Operation 12 [1/2] (0.00ns)   --->   "%call_ln59 = call void @convolution, i24 %pad_img1, i2 1, i24 %conv_to_pool_streams_1, i6 %conv_biases, i8 %conv_weights_0_0, i7 %conv_weights_0_1, i8 %conv_weights_0_2, i8 %conv_weights_0_3, i9 %conv_weights_0_4, i8 %conv_weights_0_5, i9 %conv_weights_0_6, i8 %conv_weights_1_0, i9 %conv_weights_1_1, i8 %conv_weights_1_2, i9 %conv_weights_1_3, i8 %conv_weights_1_4, i9 %conv_weights_1_5, i8 %conv_weights_1_6, i8 %conv_weights_2_0, i9 %conv_weights_2_1, i8 %conv_weights_2_2, i8 %conv_weights_2_3, i9 %conv_weights_2_4, i8 %conv_weights_2_5, i8 %conv_weights_2_6, i8 %conv_weights_3_0, i9 %conv_weights_3_1, i9 %conv_weights_3_2, i8 %conv_weights_3_3, i9 %conv_weights_3_4, i9 %conv_weights_3_5, i8 %conv_weights_3_6, i8 %conv_weights_4_0, i8 %conv_weights_4_1, i9 %conv_weights_4_2, i9 %conv_weights_4_3, i8 %conv_weights_4_4, i9 %conv_weights_4_5, i9 %conv_weights_4_6, i9 %conv_weights_5_0, i9 %conv_weights_5_1, i9 %conv_weights_5_2, i9 %conv_weights_5_3, i9 %conv_weights_5_4, i7 %conv_weights_5_5, i9 %conv_weights_5_6, i9 %conv_weights_6_0, i9 %conv_weights_6_1, i10 %conv_weights_6_2, i9 %conv_weights_6_3, i9 %conv_weights_6_4, i9 %conv_weights_6_5, i9 %conv_weights_6_6" [CNN_Optimal/src/conv.cpp:59]   --->   Operation 12 'call' 'call_ln59' <Predicate = true> <Delay = 0.00> <CoreType = "Generic">   --->   Core 0 '' <Latency = 0> <II = 1> <Delay = 1.00> <Generic> <Opcode : >
ST_2 : Operation 13 [1/2] (0.00ns)   --->   "%call_ln60 = call void @convolution, i24 %pad_img2, i2 2, i24 %conv_to_pool_streams_2, i6 %conv_biases, i8 %conv_weights_0_0, i7 %conv_weights_0_1, i8 %conv_weights_0_2, i8 %conv_weights_0_3, i9 %conv_weights_0_4, i8 %conv_weights_0_5, i9 %conv_weights_0_6, i8 %conv_weights_1_0, i9 %conv_weights_1_1, i8 %conv_weights_1_2, i9 %conv_weights_1_3, i8 %conv_weights_1_4, i9 %conv_weights_1_5, i8 %conv_weights_1_6, i8 %conv_weights_2_0, i9 %conv_weights_2_1, i8 %conv_weights_2_2, i8 %conv_weights_2_3, i9 %conv_weights_2_4, i8 %conv_weights_2_5, i8 %conv_weights_2_6, i8 %conv_weights_3_0, i9 %conv_weights_3_1, i9 %conv_weights_3_2, i8 %conv_weights_3_3, i9 %conv_weights_3_4, i9 %conv_weights_3_5, i8 %conv_weights_3_6, i8 %conv_weights_4_0, i8 %conv_weights_4_1, i9 %conv_weights_4_2, i9 %conv_weights_4_3, i8 %conv_weights_4_4, i9 %conv_weights_4_5, i9 %conv_weights_4_6, i9 %conv_weights_5_0, i9 %conv_weights_5_1, i9 %conv_weights_5_2, i9 %conv_weights_5_3, i9 %conv_weights_5_4, i7 %conv_weights_5_5, i9 %conv_weights_5_6, i9 %conv_weights_6_0, i9 %conv_weights_6_1, i10 %conv_weights_6_2, i9 %conv_weights_6_3, i9 %conv_weights_6_4, i9 %conv_weights_6_5, i9 %conv_weights_6_6" [CNN_Optimal/src/conv.cpp:60]   --->   Operation 13 'call' 'call_ln60' <Predicate = true> <Delay = 0.00> <CoreType = "Generic">   --->   Core 0 '' <Latency = 0> <II = 1> <Delay = 1.00> <Generic> <Opcode : >
ST_2 : Operation 14 [1/2] (0.00ns)   --->   "%call_ln61 = call void @convolution.2, i24 %pad_img3_0_0, i24 %pad_img3_0_1, i24 %pad_img3_0_2, i24 %pad_img3_0_3, i24 %pad_img3_0_4, i24 %pad_img3_0_5, i24 %pad_img3_0_6, i24 %pad_img3_1_0, i24 %pad_img3_1_1, i24 %pad_img3_1_2, i24 %pad_img3_1_3, i24 %pad_img3_1_4, i24 %pad_img3_1_5, i24 %pad_img3_1_6, i24 %pad_img3_2_0, i24 %pad_img3_2_1, i24 %pad_img3_2_2, i24 %pad_img3_2_3, i24 %pad_img3_2_4, i24 %pad_img3_2_5, i24 %pad_img3_2_6, i24 %pad_img3_3_0, i24 %pad_img3_3_1, i24 %pad_img3_3_2, i24 %pad_img3_3_3, i24 %pad_img3_3_4, i24 %pad_img3_3_5, i24 %pad_img3_3_6, i24 %pad_img3_4_0, i24 %pad_img3_4_1, i24 %pad_img3_4_2, i24 %pad_img3_4_3, i24 %pad_img3_4_4, i24 %pad_img3_4_5, i24 %pad_img3_4_6, i24 %pad_img3_5_0, i24 %pad_img3_5_1, i24 %pad_img3_5_2, i24 %pad_img3_5_3, i24 %pad_img3_5_4, i24 %pad_img3_5_5, i24 %pad_img3_5_6, i24 %pad_img3_6_0, i24 %pad_img3_6_1, i24 %pad_img3_6_2, i24 %pad_img3_6_3, i24 %pad_img3_6_4, i24 %pad_img3_6_5, i24 %pad_img3_6_6, i24 %conv_to_pool_streams_3" [CNN_Optimal/src/conv.cpp:61]   --->   Operation 14 'call' 'call_ln61' <Predicate = true> <Delay = 0.00> <CoreType = "Generic">   --->   Core 0 '' <Latency = 0> <II = 1> <Delay = 1.00> <Generic> <Opcode : >
ST_2 : Operation 15 [1/1] (0.00ns)   --->   "%ret_ln62 = ret" [CNN_Optimal/src/conv.cpp:62]   --->   Operation 15 'ret' 'ret_ln62' <Predicate = true> <Delay = 0.00>


============================================================
+ Verbose Summary: Timing violations
============================================================
Target clock period: 10.000ns, clock uncertainty: 2.700ns.

 <State 1>: 2.322ns
The critical path consists of the following:
	'call' operation 0 bit ('call_ln59', CNN_Optimal/src/conv.cpp:59) to 'convolution' [139]  (2.322 ns)

 <State 2>: 0.000ns
The critical path consists of the following:


============================================================
+ Verbose Summary: Binding
============================================================
N/A
* FSMD analyzer results:
  - Output states:
 - Input state : 
  - Chain level:
	State 1
	State 2


============================================================
+ Verbose Summary: Datapath Resource usage 
============================================================
N/A
