

================================================================
== Vitis HLS Report for 'convolutional_layer'
================================================================
* Date:           Thu Jan 23 17:45:25 2025

* Version:        2023.2 (Build 4023990 on Oct 11 2023)
* Project:        CNN_Optimal
* Solution:       solution1 (Vivado IP Flow Target)
* Product family: zynq
* Target device:  xc7z010-clg400-1


================================================================
== Performance Estimates
================================================================
+ Timing: 
    * Summary: 
    +--------+----------+----------+------------+
    |  Clock |  Target  | Estimated| Uncertainty|
    +--------+----------+----------+------------+
    |ap_clk  |  10.00 ns|  8.280 ns|     2.70 ns|
    +--------+----------+----------+------------+

+ Latency: 
    * Summary: 
    +---------+---------+----------+----------+-------+-------+---------+
    |  Latency (cycles) |  Latency (absolute) |    Interval   | Pipeline|
    |   min   |   max   |    min   |    max   |  min  |  max  |   Type  |
    +---------+---------+----------+----------+-------+-------+---------+
    |    19844|    19844|  0.198 ms|  0.198 ms|  19844|  19844|       no|
    +---------+---------+----------+----------+-------+-------+---------+

    + Detail: 
        * Instance: 
        +--------------------------+---------------+---------+---------+-----------+-----------+-------+-------+---------+
        |                          |               |  Latency (cycles) |   Latency (absolute)  |    Interval   | Pipeline|
        |         Instance         |     Module    |   min   |   max   |    min    |    max    |  min  |  max  |   Type  |
        +--------------------------+---------------+---------+---------+-----------+-----------+-------+-------+---------+
        |grp_convolution_fu_232    |convolution    |    19843|    19843|   0.198 ms|   0.198 ms|  19843|  19843|       no|
        |grp_convolution_fu_342    |convolution    |    19843|    19843|   0.198 ms|   0.198 ms|  19843|  19843|       no|
        |grp_convolution_fu_452    |convolution    |    19843|    19843|   0.198 ms|   0.198 ms|  19843|  19843|       no|
        |grp_convolution_1_fu_562  |convolution_1  |     1055|     1055|  10.550 us|  10.550 us|   1055|   1055|       no|
        +--------------------------+---------------+---------+---------+-----------+-----------+-------+-------+---------+

        * Loop: 
        N/A

============================================================
+ Verbose Summary: Synthesis Manager
============================================================
InlineROM: 1
ExposeGlobal: 0
============================================================
+ Verbose Summary: CDFG Model
============================================================
IsTopModel: 0
ResetActiveHigh: 1
IsCombinational: 2
IsDatapathOnly: 0
HasWiredReturn: 1
HasMFsm: 0
HasVarLatency: 1
IsPipeline: 0
IsRtlPipelined: 0
IsInstanceOverlapped: 0
IsDontTouch: 0
HasImplIP: 0
IsGatedGlobalClock: 0


============================================================
+ Verbose Summary: Schedule
============================================================
* Number of FSM states : 2
* Pipeline : 0
* Dataflow Pipeline: 0

* FSM state transitions: 
1 --> 2 
2 --> 

* FSM state operations: 

State 1 <SV = 0> <Delay = 2.32>
ST_1 : Operation 3 [2/2] (2.32ns)   --->   "%call_ln58 = call void @convolution, i32 %pad_img0, i2 0, i32 %conv_to_pool_streams_0, i32 %conv_biases, i32 %conv_weights_0_0, i32 %conv_weights_0_1, i32 %conv_weights_0_2, i32 %conv_weights_0_3, i32 %conv_weights_0_4, i32 %conv_weights_0_5, i32 %conv_weights_0_6, i32 %conv_weights_1_0, i32 %conv_weights_1_1, i32 %conv_weights_1_2, i32 %conv_weights_1_3, i32 %conv_weights_1_4, i32 %conv_weights_1_5, i32 %conv_weights_1_6, i32 %conv_weights_2_0, i32 %conv_weights_2_1, i32 %conv_weights_2_2, i32 %conv_weights_2_3, i32 %conv_weights_2_4, i32 %conv_weights_2_5, i32 %conv_weights_2_6, i32 %conv_weights_3_0, i32 %conv_weights_3_1, i32 %conv_weights_3_2, i32 %conv_weights_3_3, i32 %conv_weights_3_4, i32 %conv_weights_3_5, i32 %conv_weights_3_6, i32 %conv_weights_4_0, i32 %conv_weights_4_1, i32 %conv_weights_4_2, i32 %conv_weights_4_3, i32 %conv_weights_4_4, i32 %conv_weights_4_5, i32 %conv_weights_4_6, i32 %conv_weights_5_0, i32 %conv_weights_5_1, i32 %conv_weights_5_2, i32 %conv_weights_5_3, i32 %conv_weights_5_4, i32 %conv_weights_5_5, i32 %conv_weights_5_6, i32 %conv_weights_6_0, i32 %conv_weights_6_1, i32 %conv_weights_6_2, i32 %conv_weights_6_3, i32 %conv_weights_6_4, i32 %conv_weights_6_5, i32 %conv_weights_6_6" [CNN_Optimal/src/conv.cpp:58]   --->   Operation 3 'call' 'call_ln58' <Predicate = true> <Delay = 2.32> <CoreType = "Generic">   --->   Core 0 '' <Latency = 0> <II = 1> <Delay = 1.00> <Generic> <Opcode : >
ST_1 : Operation 4 [2/2] (2.32ns)   --->   "%call_ln59 = call void @convolution, i32 %pad_img1, i2 1, i32 %conv_to_pool_streams_1, i32 %conv_biases, i32 %conv_weights_0_0, i32 %conv_weights_0_1, i32 %conv_weights_0_2, i32 %conv_weights_0_3, i32 %conv_weights_0_4, i32 %conv_weights_0_5, i32 %conv_weights_0_6, i32 %conv_weights_1_0, i32 %conv_weights_1_1, i32 %conv_weights_1_2, i32 %conv_weights_1_3, i32 %conv_weights_1_4, i32 %conv_weights_1_5, i32 %conv_weights_1_6, i32 %conv_weights_2_0, i32 %conv_weights_2_1, i32 %conv_weights_2_2, i32 %conv_weights_2_3, i32 %conv_weights_2_4, i32 %conv_weights_2_5, i32 %conv_weights_2_6, i32 %conv_weights_3_0, i32 %conv_weights_3_1, i32 %conv_weights_3_2, i32 %conv_weights_3_3, i32 %conv_weights_3_4, i32 %conv_weights_3_5, i32 %conv_weights_3_6, i32 %conv_weights_4_0, i32 %conv_weights_4_1, i32 %conv_weights_4_2, i32 %conv_weights_4_3, i32 %conv_weights_4_4, i32 %conv_weights_4_5, i32 %conv_weights_4_6, i32 %conv_weights_5_0, i32 %conv_weights_5_1, i32 %conv_weights_5_2, i32 %conv_weights_5_3, i32 %conv_weights_5_4, i32 %conv_weights_5_5, i32 %conv_weights_5_6, i32 %conv_weights_6_0, i32 %conv_weights_6_1, i32 %conv_weights_6_2, i32 %conv_weights_6_3, i32 %conv_weights_6_4, i32 %conv_weights_6_5, i32 %conv_weights_6_6" [CNN_Optimal/src/conv.cpp:59]   --->   Operation 4 'call' 'call_ln59' <Predicate = true> <Delay = 2.32> <CoreType = "Generic">   --->   Core 0 '' <Latency = 0> <II = 1> <Delay = 1.00> <Generic> <Opcode : >
ST_1 : Operation 5 [2/2] (2.32ns)   --->   "%call_ln60 = call void @convolution, i32 %pad_img2, i2 2, i32 %conv_to_pool_streams_2, i32 %conv_biases, i32 %conv_weights_0_0, i32 %conv_weights_0_1, i32 %conv_weights_0_2, i32 %conv_weights_0_3, i32 %conv_weights_0_4, i32 %conv_weights_0_5, i32 %conv_weights_0_6, i32 %conv_weights_1_0, i32 %conv_weights_1_1, i32 %conv_weights_1_2, i32 %conv_weights_1_3, i32 %conv_weights_1_4, i32 %conv_weights_1_5, i32 %conv_weights_1_6, i32 %conv_weights_2_0, i32 %conv_weights_2_1, i32 %conv_weights_2_2, i32 %conv_weights_2_3, i32 %conv_weights_2_4, i32 %conv_weights_2_5, i32 %conv_weights_2_6, i32 %conv_weights_3_0, i32 %conv_weights_3_1, i32 %conv_weights_3_2, i32 %conv_weights_3_3, i32 %conv_weights_3_4, i32 %conv_weights_3_5, i32 %conv_weights_3_6, i32 %conv_weights_4_0, i32 %conv_weights_4_1, i32 %conv_weights_4_2, i32 %conv_weights_4_3, i32 %conv_weights_4_4, i32 %conv_weights_4_5, i32 %conv_weights_4_6, i32 %conv_weights_5_0, i32 %conv_weights_5_1, i32 %conv_weights_5_2, i32 %conv_weights_5_3, i32 %conv_weights_5_4, i32 %conv_weights_5_5, i32 %conv_weights_5_6, i32 %conv_weights_6_0, i32 %conv_weights_6_1, i32 %conv_weights_6_2, i32 %conv_weights_6_3, i32 %conv_weights_6_4, i32 %conv_weights_6_5, i32 %conv_weights_6_6" [CNN_Optimal/src/conv.cpp:60]   --->   Operation 5 'call' 'call_ln60' <Predicate = true> <Delay = 2.32> <CoreType = "Generic">   --->   Core 0 '' <Latency = 0> <II = 1> <Delay = 1.00> <Generic> <Opcode : >
ST_1 : Operation 6 [2/2] (0.00ns)   --->   "%call_ln61 = call void @convolution.1, i32 %pad_img3_0_0, i32 %pad_img3_0_1, i32 %pad_img3_0_2, i32 %pad_img3_0_3, i32 %pad_img3_0_4, i32 %pad_img3_0_5, i32 %pad_img3_0_6, i32 %pad_img3_1_0, i32 %pad_img3_1_1, i32 %pad_img3_1_2, i32 %pad_img3_1_3, i32 %pad_img3_1_4, i32 %pad_img3_1_5, i32 %pad_img3_1_6, i32 %pad_img3_2_0, i32 %pad_img3_2_1, i32 %pad_img3_2_2, i32 %pad_img3_2_3, i32 %pad_img3_2_4, i32 %pad_img3_2_5, i32 %pad_img3_2_6, i32 %pad_img3_3_0, i32 %pad_img3_3_1, i32 %pad_img3_3_2, i32 %pad_img3_3_3, i32 %pad_img3_3_4, i32 %pad_img3_3_5, i32 %pad_img3_3_6, i32 %pad_img3_4_0, i32 %pad_img3_4_1, i32 %pad_img3_4_2, i32 %pad_img3_4_3, i32 %pad_img3_4_4, i32 %pad_img3_4_5, i32 %pad_img3_4_6, i32 %pad_img3_5_0, i32 %pad_img3_5_1, i32 %pad_img3_5_2, i32 %pad_img3_5_3, i32 %pad_img3_5_4, i32 %pad_img3_5_5, i32 %pad_img3_5_6, i32 %pad_img3_6_0, i32 %pad_img3_6_1, i32 %pad_img3_6_2, i32 %pad_img3_6_3, i32 %pad_img3_6_4, i32 %pad_img3_6_5, i32 %pad_img3_6_6, i32 %conv_to_pool_streams_3" [CNN_Optimal/src/conv.cpp:61]   --->   Operation 6 'call' 'call_ln61' <Predicate = true> <Delay = 0.00> <CoreType = "Generic">   --->   Core 0 '' <Latency = 0> <II = 1> <Delay = 1.00> <Generic> <Opcode : >

State 2 <SV = 1> <Delay = 0.00>
ST_2 : Operation 7 [1/1] (0.00ns)   --->   "%specinterface_ln0 = specinterface void @_ssdm_op_SpecInterface, i32 %conv_to_pool_streams_3, void @empty_1, i32 0, i32 0, void @empty_2, i32 0, i32 0, void @empty_2, void @empty_2, void @empty_2, i32 0, i32 0, i32 0, i32 0, void @empty_2, void @empty_2, i32 4294967295, i32 0"   --->   Operation 7 'specinterface' 'specinterface_ln0' <Predicate = true> <Delay = 0.00>
ST_2 : Operation 8 [1/1] (0.00ns)   --->   "%specinterface_ln0 = specinterface void @_ssdm_op_SpecInterface, i32 %conv_to_pool_streams_2, void @empty_1, i32 0, i32 0, void @empty_2, i32 0, i32 0, void @empty_2, void @empty_2, void @empty_2, i32 0, i32 0, i32 0, i32 0, void @empty_2, void @empty_2, i32 4294967295, i32 0"   --->   Operation 8 'specinterface' 'specinterface_ln0' <Predicate = true> <Delay = 0.00>
ST_2 : Operation 9 [1/1] (0.00ns)   --->   "%specinterface_ln0 = specinterface void @_ssdm_op_SpecInterface, i32 %conv_to_pool_streams_1, void @empty_1, i32 0, i32 0, void @empty_2, i32 0, i32 0, void @empty_2, void @empty_2, void @empty_2, i32 0, i32 0, i32 0, i32 0, void @empty_2, void @empty_2, i32 4294967295, i32 0"   --->   Operation 9 'specinterface' 'specinterface_ln0' <Predicate = true> <Delay = 0.00>
ST_2 : Operation 10 [1/1] (0.00ns)   --->   "%specinterface_ln0 = specinterface void @_ssdm_op_SpecInterface, i32 %conv_to_pool_streams_0, void @empty_1, i32 0, i32 0, void @empty_2, i32 0, i32 0, void @empty_2, void @empty_2, void @empty_2, i32 0, i32 0, i32 0, i32 0, void @empty_2, void @empty_2, i32 4294967295, i32 0"   --->   Operation 10 'specinterface' 'specinterface_ln0' <Predicate = true> <Delay = 0.00>
ST_2 : Operation 11 [1/2] (0.00ns)   --->   "%call_ln58 = call void @convolution, i32 %pad_img0, i2 0, i32 %conv_to_pool_streams_0, i32 %conv_biases, i32 %conv_weights_0_0, i32 %conv_weights_0_1, i32 %conv_weights_0_2, i32 %conv_weights_0_3, i32 %conv_weights_0_4, i32 %conv_weights_0_5, i32 %conv_weights_0_6, i32 %conv_weights_1_0, i32 %conv_weights_1_1, i32 %conv_weights_1_2, i32 %conv_weights_1_3, i32 %conv_weights_1_4, i32 %conv_weights_1_5, i32 %conv_weights_1_6, i32 %conv_weights_2_0, i32 %conv_weights_2_1, i32 %conv_weights_2_2, i32 %conv_weights_2_3, i32 %conv_weights_2_4, i32 %conv_weights_2_5, i32 %conv_weights_2_6, i32 %conv_weights_3_0, i32 %conv_weights_3_1, i32 %conv_weights_3_2, i32 %conv_weights_3_3, i32 %conv_weights_3_4, i32 %conv_weights_3_5, i32 %conv_weights_3_6, i32 %conv_weights_4_0, i32 %conv_weights_4_1, i32 %conv_weights_4_2, i32 %conv_weights_4_3, i32 %conv_weights_4_4, i32 %conv_weights_4_5, i32 %conv_weights_4_6, i32 %conv_weights_5_0, i32 %conv_weights_5_1, i32 %conv_weights_5_2, i32 %conv_weights_5_3, i32 %conv_weights_5_4, i32 %conv_weights_5_5, i32 %conv_weights_5_6, i32 %conv_weights_6_0, i32 %conv_weights_6_1, i32 %conv_weights_6_2, i32 %conv_weights_6_3, i32 %conv_weights_6_4, i32 %conv_weights_6_5, i32 %conv_weights_6_6" [CNN_Optimal/src/conv.cpp:58]   --->   Operation 11 'call' 'call_ln58' <Predicate = true> <Delay = 0.00> <CoreType = "Generic">   --->   Core 0 '' <Latency = 0> <II = 1> <Delay = 1.00> <Generic> <Opcode : >
ST_2 : Operation 12 [1/2] (0.00ns)   --->   "%call_ln59 = call void @convolution, i32 %pad_img1, i2 1, i32 %conv_to_pool_streams_1, i32 %conv_biases, i32 %conv_weights_0_0, i32 %conv_weights_0_1, i32 %conv_weights_0_2, i32 %conv_weights_0_3, i32 %conv_weights_0_4, i32 %conv_weights_0_5, i32 %conv_weights_0_6, i32 %conv_weights_1_0, i32 %conv_weights_1_1, i32 %conv_weights_1_2, i32 %conv_weights_1_3, i32 %conv_weights_1_4, i32 %conv_weights_1_5, i32 %conv_weights_1_6, i32 %conv_weights_2_0, i32 %conv_weights_2_1, i32 %conv_weights_2_2, i32 %conv_weights_2_3, i32 %conv_weights_2_4, i32 %conv_weights_2_5, i32 %conv_weights_2_6, i32 %conv_weights_3_0, i32 %conv_weights_3_1, i32 %conv_weights_3_2, i32 %conv_weights_3_3, i32 %conv_weights_3_4, i32 %conv_weights_3_5, i32 %conv_weights_3_6, i32 %conv_weights_4_0, i32 %conv_weights_4_1, i32 %conv_weights_4_2, i32 %conv_weights_4_3, i32 %conv_weights_4_4, i32 %conv_weights_4_5, i32 %conv_weights_4_6, i32 %conv_weights_5_0, i32 %conv_weights_5_1, i32 %conv_weights_5_2, i32 %conv_weights_5_3, i32 %conv_weights_5_4, i32 %conv_weights_5_5, i32 %conv_weights_5_6, i32 %conv_weights_6_0, i32 %conv_weights_6_1, i32 %conv_weights_6_2, i32 %conv_weights_6_3, i32 %conv_weights_6_4, i32 %conv_weights_6_5, i32 %conv_weights_6_6" [CNN_Optimal/src/conv.cpp:59]   --->   Operation 12 'call' 'call_ln59' <Predicate = true> <Delay = 0.00> <CoreType = "Generic">   --->   Core 0 '' <Latency = 0> <II = 1> <Delay = 1.00> <Generic> <Opcode : >
ST_2 : Operation 13 [1/2] (0.00ns)   --->   "%call_ln60 = call void @convolution, i32 %pad_img2, i2 2, i32 %conv_to_pool_streams_2, i32 %conv_biases, i32 %conv_weights_0_0, i32 %conv_weights_0_1, i32 %conv_weights_0_2, i32 %conv_weights_0_3, i32 %conv_weights_0_4, i32 %conv_weights_0_5, i32 %conv_weights_0_6, i32 %conv_weights_1_0, i32 %conv_weights_1_1, i32 %conv_weights_1_2, i32 %conv_weights_1_3, i32 %conv_weights_1_4, i32 %conv_weights_1_5, i32 %conv_weights_1_6, i32 %conv_weights_2_0, i32 %conv_weights_2_1, i32 %conv_weights_2_2, i32 %conv_weights_2_3, i32 %conv_weights_2_4, i32 %conv_weights_2_5, i32 %conv_weights_2_6, i32 %conv_weights_3_0, i32 %conv_weights_3_1, i32 %conv_weights_3_2, i32 %conv_weights_3_3, i32 %conv_weights_3_4, i32 %conv_weights_3_5, i32 %conv_weights_3_6, i32 %conv_weights_4_0, i32 %conv_weights_4_1, i32 %conv_weights_4_2, i32 %conv_weights_4_3, i32 %conv_weights_4_4, i32 %conv_weights_4_5, i32 %conv_weights_4_6, i32 %conv_weights_5_0, i32 %conv_weights_5_1, i32 %conv_weights_5_2, i32 %conv_weights_5_3, i32 %conv_weights_5_4, i32 %conv_weights_5_5, i32 %conv_weights_5_6, i32 %conv_weights_6_0, i32 %conv_weights_6_1, i32 %conv_weights_6_2, i32 %conv_weights_6_3, i32 %conv_weights_6_4, i32 %conv_weights_6_5, i32 %conv_weights_6_6" [CNN_Optimal/src/conv.cpp:60]   --->   Operation 13 'call' 'call_ln60' <Predicate = true> <Delay = 0.00> <CoreType = "Generic">   --->   Core 0 '' <Latency = 0> <II = 1> <Delay = 1.00> <Generic> <Opcode : >
ST_2 : Operation 14 [1/2] (0.00ns)   --->   "%call_ln61 = call void @convolution.1, i32 %pad_img3_0_0, i32 %pad_img3_0_1, i32 %pad_img3_0_2, i32 %pad_img3_0_3, i32 %pad_img3_0_4, i32 %pad_img3_0_5, i32 %pad_img3_0_6, i32 %pad_img3_1_0, i32 %pad_img3_1_1, i32 %pad_img3_1_2, i32 %pad_img3_1_3, i32 %pad_img3_1_4, i32 %pad_img3_1_5, i32 %pad_img3_1_6, i32 %pad_img3_2_0, i32 %pad_img3_2_1, i32 %pad_img3_2_2, i32 %pad_img3_2_3, i32 %pad_img3_2_4, i32 %pad_img3_2_5, i32 %pad_img3_2_6, i32 %pad_img3_3_0, i32 %pad_img3_3_1, i32 %pad_img3_3_2, i32 %pad_img3_3_3, i32 %pad_img3_3_4, i32 %pad_img3_3_5, i32 %pad_img3_3_6, i32 %pad_img3_4_0, i32 %pad_img3_4_1, i32 %pad_img3_4_2, i32 %pad_img3_4_3, i32 %pad_img3_4_4, i32 %pad_img3_4_5, i32 %pad_img3_4_6, i32 %pad_img3_5_0, i32 %pad_img3_5_1, i32 %pad_img3_5_2, i32 %pad_img3_5_3, i32 %pad_img3_5_4, i32 %pad_img3_5_5, i32 %pad_img3_5_6, i32 %pad_img3_6_0, i32 %pad_img3_6_1, i32 %pad_img3_6_2, i32 %pad_img3_6_3, i32 %pad_img3_6_4, i32 %pad_img3_6_5, i32 %pad_img3_6_6, i32 %conv_to_pool_streams_3" [CNN_Optimal/src/conv.cpp:61]   --->   Operation 14 'call' 'call_ln61' <Predicate = true> <Delay = 0.00> <CoreType = "Generic">   --->   Core 0 '' <Latency = 0> <II = 1> <Delay = 1.00> <Generic> <Opcode : >
ST_2 : Operation 15 [1/1] (0.00ns)   --->   "%ret_ln62 = ret" [CNN_Optimal/src/conv.cpp:62]   --->   Operation 15 'ret' 'ret_ln62' <Predicate = true> <Delay = 0.00>


============================================================
+ Verbose Summary: Binding
============================================================
STG Binding: 
---------------- STG Properties BEGIN ----------------
- Is combinational: 0
- Is one-state seq: 0
- Is datapath-only: 0
- Is pipelined: 0
- Is top level: 0
Port [ Return ] is wired: 1; IO mode=ap_ctrl_hs:ce=0
Port [ pad_img0]:  wired=1; compound=1; hidden=0; nouse=0; global=0; static=0; extern=0; dir=0; type=1; pingpong=0; private_global=0; MemPort=[11]; IO mode=ap_memory:ce=0
Port [ pad_img1]:  wired=1; compound=1; hidden=0; nouse=0; global=0; static=0; extern=0; dir=0; type=1; pingpong=0; private_global=0; MemPort=[11]; IO mode=ap_memory:ce=0
Port [ pad_img2]:  wired=1; compound=1; hidden=0; nouse=0; global=0; static=0; extern=0; dir=0; type=1; pingpong=0; private_global=0; MemPort=[11]; IO mode=ap_memory:ce=0
Port [ pad_img3_0_0]:  wired=1; compound=1; hidden=0; nouse=0; global=0; static=0; extern=0; dir=0; type=1; pingpong=0; private_global=0; MemPort=[13]; IO mode=ap_memory:ce=0
Port [ pad_img3_0_1]:  wired=1; compound=1; hidden=0; nouse=0; global=0; static=0; extern=0; dir=0; type=1; pingpong=0; private_global=0; MemPort=[13]; IO mode=ap_memory:ce=0
Port [ pad_img3_0_2]:  wired=1; compound=1; hidden=0; nouse=0; global=0; static=0; extern=0; dir=0; type=1; pingpong=0; private_global=0; MemPort=[13]; IO mode=ap_memory:ce=0
Port [ pad_img3_0_3]:  wired=1; compound=1; hidden=0; nouse=0; global=0; static=0; extern=0; dir=0; type=1; pingpong=0; private_global=0; MemPort=[13]; IO mode=ap_memory:ce=0
Port [ pad_img3_0_4]:  wired=1; compound=1; hidden=0; nouse=0; global=0; static=0; extern=0; dir=0; type=1; pingpong=0; private_global=0; MemPort=[13]; IO mode=ap_memory:ce=0
Port [ pad_img3_0_5]:  wired=1; compound=1; hidden=0; nouse=0; global=0; static=0; extern=0; dir=0; type=1; pingpong=0; private_global=0; MemPort=[13]; IO mode=ap_memory:ce=0
Port [ pad_img3_0_6]:  wired=1; compound=1; hidden=0; nouse=0; global=0; static=0; extern=0; dir=0; type=1; pingpong=0; private_global=0; MemPort=[13]; IO mode=ap_memory:ce=0
Port [ pad_img3_1_0]:  wired=1; compound=1; hidden=0; nouse=0; global=0; static=0; extern=0; dir=0; type=1; pingpong=0; private_global=0; MemPort=[13]; IO mode=ap_memory:ce=0
Port [ pad_img3_1_1]:  wired=1; compound=1; hidden=0; nouse=0; global=0; static=0; extern=0; dir=0; type=1; pingpong=0; private_global=0; MemPort=[13]; IO mode=ap_memory:ce=0
Port [ pad_img3_1_2]:  wired=1; compound=1; hidden=0; nouse=0; global=0; static=0; extern=0; dir=0; type=1; pingpong=0; private_global=0; MemPort=[13]; IO mode=ap_memory:ce=0
Port [ pad_img3_1_3]:  wired=1; compound=1; hidden=0; nouse=0; global=0; static=0; extern=0; dir=0; type=1; pingpong=0; private_global=0; MemPort=[13]; IO mode=ap_memory:ce=0
Port [ pad_img3_1_4]:  wired=1; compound=1; hidden=0; nouse=0; global=0; static=0; extern=0; dir=0; type=1; pingpong=0; private_global=0; MemPort=[13]; IO mode=ap_memory:ce=0
Port [ pad_img3_1_5]:  wired=1; compound=1; hidden=0; nouse=0; global=0; static=0; extern=0; dir=0; type=1; pingpong=0; private_global=0; MemPort=[13]; IO mode=ap_memory:ce=0
Port [ pad_img3_1_6]:  wired=1; compound=1; hidden=0; nouse=0; global=0; static=0; extern=0; dir=0; type=1; pingpong=0; private_global=0; MemPort=[13]; IO mode=ap_memory:ce=0
Port [ pad_img3_2_0]:  wired=1; compound=1; hidden=0; nouse=0; global=0; static=0; extern=0; dir=0; type=1; pingpong=0; private_global=0; MemPort=[13]; IO mode=ap_memory:ce=0
Port [ pad_img3_2_1]:  wired=1; compound=1; hidden=0; nouse=0; global=0; static=0; extern=0; dir=0; type=1; pingpong=0; private_global=0; MemPort=[13]; IO mode=ap_memory:ce=0
Port [ pad_img3_2_2]:  wired=1; compound=1; hidden=0; nouse=0; global=0; static=0; extern=0; dir=0; type=1; pingpong=0; private_global=0; MemPort=[13]; IO mode=ap_memory:ce=0
Port [ pad_img3_2_3]:  wired=1; compound=1; hidden=0; nouse=0; global=0; static=0; extern=0; dir=0; type=1; pingpong=0; private_global=0; MemPort=[13]; IO mode=ap_memory:ce=0
Port [ pad_img3_2_4]:  wired=1; compound=1; hidden=0; nouse=0; global=0; static=0; extern=0; dir=0; type=1; pingpong=0; private_global=0; MemPort=[13]; IO mode=ap_memory:ce=0
Port [ pad_img3_2_5]:  wired=1; compound=1; hidden=0; nouse=0; global=0; static=0; extern=0; dir=0; type=1; pingpong=0; private_global=0; MemPort=[13]; IO mode=ap_memory:ce=0
Port [ pad_img3_2_6]:  wired=1; compound=1; hidden=0; nouse=0; global=0; static=0; extern=0; dir=0; type=1; pingpong=0; private_global=0; MemPort=[13]; IO mode=ap_memory:ce=0
Port [ pad_img3_3_0]:  wired=1; compound=1; hidden=0; nouse=0; global=0; static=0; extern=0; dir=0; type=1; pingpong=0; private_global=0; MemPort=[13]; IO mode=ap_memory:ce=0
Port [ pad_img3_3_1]:  wired=1; compound=1; hidden=0; nouse=0; global=0; static=0; extern=0; dir=0; type=1; pingpong=0; private_global=0; MemPort=[13]; IO mode=ap_memory:ce=0
Port [ pad_img3_3_2]:  wired=1; compound=1; hidden=0; nouse=0; global=0; static=0; extern=0; dir=0; type=1; pingpong=0; private_global=0; MemPort=[13]; IO mode=ap_memory:ce=0
Port [ pad_img3_3_3]:  wired=1; compound=1; hidden=0; nouse=0; global=0; static=0; extern=0; dir=0; type=1; pingpong=0; private_global=0; MemPort=[13]; IO mode=ap_memory:ce=0
Port [ pad_img3_3_4]:  wired=1; compound=1; hidden=0; nouse=0; global=0; static=0; extern=0; dir=0; type=1; pingpong=0; private_global=0; MemPort=[13]; IO mode=ap_memory:ce=0
Port [ pad_img3_3_5]:  wired=1; compound=1; hidden=0; nouse=0; global=0; static=0; extern=0; dir=0; type=1; pingpong=0; private_global=0; MemPort=[13]; IO mode=ap_memory:ce=0
Port [ pad_img3_3_6]:  wired=1; compound=1; hidden=0; nouse=0; global=0; static=0; extern=0; dir=0; type=1; pingpong=0; private_global=0; MemPort=[13]; IO mode=ap_memory:ce=0
Port [ pad_img3_4_0]:  wired=1; compound=1; hidden=0; nouse=0; global=0; static=0; extern=0; dir=0; type=1; pingpong=0; private_global=0; MemPort=[13]; IO mode=ap_memory:ce=0
Port [ pad_img3_4_1]:  wired=1; compound=1; hidden=0; nouse=0; global=0; static=0; extern=0; dir=0; type=1; pingpong=0; private_global=0; MemPort=[13]; IO mode=ap_memory:ce=0
Port [ pad_img3_4_2]:  wired=1; compound=1; hidden=0; nouse=0; global=0; static=0; extern=0; dir=0; type=1; pingpong=0; private_global=0; MemPort=[13]; IO mode=ap_memory:ce=0
Port [ pad_img3_4_3]:  wired=1; compound=1; hidden=0; nouse=0; global=0; static=0; extern=0; dir=0; type=1; pingpong=0; private_global=0; MemPort=[13]; IO mode=ap_memory:ce=0
Port [ pad_img3_4_4]:  wired=1; compound=1; hidden=0; nouse=0; global=0; static=0; extern=0; dir=0; type=1; pingpong=0; private_global=0; MemPort=[13]; IO mode=ap_memory:ce=0
Port [ pad_img3_4_5]:  wired=1; compound=1; hidden=0; nouse=0; global=0; static=0; extern=0; dir=0; type=1; pingpong=0; private_global=0; MemPort=[13]; IO mode=ap_memory:ce=0
Port [ pad_img3_4_6]:  wired=1; compound=1; hidden=0; nouse=0; global=0; static=0; extern=0; dir=0; type=1; pingpong=0; private_global=0; MemPort=[13]; IO mode=ap_memory:ce=0
Port [ pad_img3_5_0]:  wired=1; compound=1; hidden=0; nouse=0; global=0; static=0; extern=0; dir=0; type=1; pingpong=0; private_global=0; MemPort=[13]; IO mode=ap_memory:ce=0
Port [ pad_img3_5_1]:  wired=1; compound=1; hidden=0; nouse=0; global=0; static=0; extern=0; dir=0; type=1; pingpong=0; private_global=0; MemPort=[13]; IO mode=ap_memory:ce=0
Port [ pad_img3_5_2]:  wired=1; compound=1; hidden=0; nouse=0; global=0; static=0; extern=0; dir=0; type=1; pingpong=0; private_global=0; MemPort=[13]; IO mode=ap_memory:ce=0
Port [ pad_img3_5_3]:  wired=1; compound=1; hidden=0; nouse=0; global=0; static=0; extern=0; dir=0; type=1; pingpong=0; private_global=0; MemPort=[13]; IO mode=ap_memory:ce=0
Port [ pad_img3_5_4]:  wired=1; compound=1; hidden=0; nouse=0; global=0; static=0; extern=0; dir=0; type=1; pingpong=0; private_global=0; MemPort=[13]; IO mode=ap_memory:ce=0
Port [ pad_img3_5_5]:  wired=1; compound=1; hidden=0; nouse=0; global=0; static=0; extern=0; dir=0; type=1; pingpong=0; private_global=0; MemPort=[13]; IO mode=ap_memory:ce=0
Port [ pad_img3_5_6]:  wired=1; compound=1; hidden=0; nouse=0; global=0; static=0; extern=0; dir=0; type=1; pingpong=0; private_global=0; MemPort=[13]; IO mode=ap_memory:ce=0
Port [ pad_img3_6_0]:  wired=1; compound=1; hidden=0; nouse=0; global=0; static=0; extern=0; dir=0; type=1; pingpong=0; private_global=0; MemPort=[13]; IO mode=ap_memory:ce=0
Port [ pad_img3_6_1]:  wired=1; compound=1; hidden=0; nouse=0; global=0; static=0; extern=0; dir=0; type=1; pingpong=0; private_global=0; MemPort=[13]; IO mode=ap_memory:ce=0
Port [ pad_img3_6_2]:  wired=1; compound=1; hidden=0; nouse=0; global=0; static=0; extern=0; dir=0; type=1; pingpong=0; private_global=0; MemPort=[13]; IO mode=ap_memory:ce=0
Port [ pad_img3_6_3]:  wired=1; compound=1; hidden=0; nouse=0; global=0; static=0; extern=0; dir=0; type=1; pingpong=0; private_global=0; MemPort=[13]; IO mode=ap_memory:ce=0
Port [ pad_img3_6_4]:  wired=1; compound=1; hidden=0; nouse=0; global=0; static=0; extern=0; dir=0; type=1; pingpong=0; private_global=0; MemPort=[13]; IO mode=ap_memory:ce=0
Port [ pad_img3_6_5]:  wired=1; compound=1; hidden=0; nouse=0; global=0; static=0; extern=0; dir=0; type=1; pingpong=0; private_global=0; MemPort=[13]; IO mode=ap_memory:ce=0
Port [ pad_img3_6_6]:  wired=1; compound=1; hidden=0; nouse=0; global=0; static=0; extern=0; dir=0; type=1; pingpong=0; private_global=0; MemPort=[13]; IO mode=ap_memory:ce=0
Port [ conv_to_pool_streams_0]:  wired=1; compound=1; hidden=0; nouse=0; global=0; static=0; extern=0; dir=1; type=3; pingpong=0; private_global=0; IO mode=ap_fifo:ce=0
Port [ conv_to_pool_streams_1]:  wired=1; compound=1; hidden=0; nouse=0; global=0; static=0; extern=0; dir=1; type=3; pingpong=0; private_global=0; IO mode=ap_fifo:ce=0
Port [ conv_to_pool_streams_2]:  wired=1; compound=1; hidden=0; nouse=0; global=0; static=0; extern=0; dir=1; type=3; pingpong=0; private_global=0; IO mode=ap_fifo:ce=0
Port [ conv_to_pool_streams_3]:  wired=1; compound=1; hidden=0; nouse=0; global=0; static=0; extern=0; dir=1; type=3; pingpong=0; private_global=0; IO mode=ap_fifo:ce=0
Port [ conv_biases]:  wired=0; compound=1; hidden=1; nouse=1; global=1; static=1; extern=0; dir=0; type=1; pingpong=0; private_global=0; MemPort=[1]; IO mode=ap_memory:ce=0
Port [ conv_weights_0_0]:  wired=0; compound=1; hidden=1; nouse=1; global=1; static=1; extern=0; dir=0; type=1; pingpong=0; private_global=0; MemPort=[1]; IO mode=ap_memory:ce=0
Port [ conv_weights_0_1]:  wired=0; compound=1; hidden=1; nouse=1; global=1; static=1; extern=0; dir=0; type=1; pingpong=0; private_global=0; MemPort=[1]; IO mode=ap_memory:ce=0
Port [ conv_weights_0_2]:  wired=0; compound=1; hidden=1; nouse=1; global=1; static=1; extern=0; dir=0; type=1; pingpong=0; private_global=0; MemPort=[1]; IO mode=ap_memory:ce=0
Port [ conv_weights_0_3]:  wired=0; compound=1; hidden=1; nouse=1; global=1; static=1; extern=0; dir=0; type=1; pingpong=0; private_global=0; MemPort=[1]; IO mode=ap_memory:ce=0
Port [ conv_weights_0_4]:  wired=0; compound=1; hidden=1; nouse=1; global=1; static=1; extern=0; dir=0; type=1; pingpong=0; private_global=0; MemPort=[1]; IO mode=ap_memory:ce=0
Port [ conv_weights_0_5]:  wired=0; compound=1; hidden=1; nouse=1; global=1; static=1; extern=0; dir=0; type=1; pingpong=0; private_global=0; MemPort=[1]; IO mode=ap_memory:ce=0
Port [ conv_weights_0_6]:  wired=0; compound=1; hidden=1; nouse=1; global=1; static=1; extern=0; dir=0; type=1; pingpong=0; private_global=0; MemPort=[1]; IO mode=ap_memory:ce=0
Port [ conv_weights_1_0]:  wired=0; compound=1; hidden=1; nouse=1; global=1; static=1; extern=0; dir=0; type=1; pingpong=0; private_global=0; MemPort=[1]; IO mode=ap_memory:ce=0
Port [ conv_weights_1_1]:  wired=0; compound=1; hidden=1; nouse=1; global=1; static=1; extern=0; dir=0; type=1; pingpong=0; private_global=0; MemPort=[1]; IO mode=ap_memory:ce=0
Port [ conv_weights_1_2]:  wired=0; compound=1; hidden=1; nouse=1; global=1; static=1; extern=0; dir=0; type=1; pingpong=0; private_global=0; MemPort=[1]; IO mode=ap_memory:ce=0
Port [ conv_weights_1_3]:  wired=0; compound=1; hidden=1; nouse=1; global=1; static=1; extern=0; dir=0; type=1; pingpong=0; private_global=0; MemPort=[1]; IO mode=ap_memory:ce=0
Port [ conv_weights_1_4]:  wired=0; compound=1; hidden=1; nouse=1; global=1; static=1; extern=0; dir=0; type=1; pingpong=0; private_global=0; MemPort=[1]; IO mode=ap_memory:ce=0
Port [ conv_weights_1_5]:  wired=0; compound=1; hidden=1; nouse=1; global=1; static=1; extern=0; dir=0; type=1; pingpong=0; private_global=0; MemPort=[1]; IO mode=ap_memory:ce=0
Port [ conv_weights_1_6]:  wired=0; compound=1; hidden=1; nouse=1; global=1; static=1; extern=0; dir=0; type=1; pingpong=0; private_global=0; MemPort=[1]; IO mode=ap_memory:ce=0
Port [ conv_weights_2_0]:  wired=0; compound=1; hidden=1; nouse=1; global=1; static=1; extern=0; dir=0; type=1; pingpong=0; private_global=0; MemPort=[1]; IO mode=ap_memory:ce=0
Port [ conv_weights_2_1]:  wired=0; compound=1; hidden=1; nouse=1; global=1; static=1; extern=0; dir=0; type=1; pingpong=0; private_global=0; MemPort=[1]; IO mode=ap_memory:ce=0
Port [ conv_weights_2_2]:  wired=0; compound=1; hidden=1; nouse=1; global=1; static=1; extern=0; dir=0; type=1; pingpong=0; private_global=0; MemPort=[1]; IO mode=ap_memory:ce=0
Port [ conv_weights_2_3]:  wired=0; compound=1; hidden=1; nouse=1; global=1; static=1; extern=0; dir=0; type=1; pingpong=0; private_global=0; MemPort=[1]; IO mode=ap_memory:ce=0
Port [ conv_weights_2_4]:  wired=0; compound=1; hidden=1; nouse=1; global=1; static=1; extern=0; dir=0; type=1; pingpong=0; private_global=0; MemPort=[1]; IO mode=ap_memory:ce=0
Port [ conv_weights_2_5]:  wired=0; compound=1; hidden=1; nouse=1; global=1; static=1; extern=0; dir=0; type=1; pingpong=0; private_global=0; MemPort=[1]; IO mode=ap_memory:ce=0
Port [ conv_weights_2_6]:  wired=0; compound=1; hidden=1; nouse=1; global=1; static=1; extern=0; dir=0; type=1; pingpong=0; private_global=0; MemPort=[1]; IO mode=ap_memory:ce=0
Port [ conv_weights_3_0]:  wired=0; compound=1; hidden=1; nouse=1; global=1; static=1; extern=0; dir=0; type=1; pingpong=0; private_global=0; MemPort=[1]; IO mode=ap_memory:ce=0
Port [ conv_weights_3_1]:  wired=0; compound=1; hidden=1; nouse=1; global=1; static=1; extern=0; dir=0; type=1; pingpong=0; private_global=0; MemPort=[1]; IO mode=ap_memory:ce=0
Port [ conv_weights_3_2]:  wired=0; compound=1; hidden=1; nouse=1; global=1; static=1; extern=0; dir=0; type=1; pingpong=0; private_global=0; MemPort=[1]; IO mode=ap_memory:ce=0
Port [ conv_weights_3_3]:  wired=0; compound=1; hidden=1; nouse=1; global=1; static=1; extern=0; dir=0; type=1; pingpong=0; private_global=0; MemPort=[1]; IO mode=ap_memory:ce=0
Port [ conv_weights_3_4]:  wired=0; compound=1; hidden=1; nouse=1; global=1; static=1; extern=0; dir=0; type=1; pingpong=0; private_global=0; MemPort=[1]; IO mode=ap_memory:ce=0
Port [ conv_weights_3_5]:  wired=0; compound=1; hidden=1; nouse=1; global=1; static=1; extern=0; dir=0; type=1; pingpong=0; private_global=0; MemPort=[1]; IO mode=ap_memory:ce=0
Port [ conv_weights_3_6]:  wired=0; compound=1; hidden=1; nouse=1; global=1; static=1; extern=0; dir=0; type=1; pingpong=0; private_global=0; MemPort=[1]; IO mode=ap_memory:ce=0
Port [ conv_weights_4_0]:  wired=0; compound=1; hidden=1; nouse=1; global=1; static=1; extern=0; dir=0; type=1; pingpong=0; private_global=0; MemPort=[1]; IO mode=ap_memory:ce=0
Port [ conv_weights_4_1]:  wired=0; compound=1; hidden=1; nouse=1; global=1; static=1; extern=0; dir=0; type=1; pingpong=0; private_global=0; MemPort=[1]; IO mode=ap_memory:ce=0
Port [ conv_weights_4_2]:  wired=0; compound=1; hidden=1; nouse=1; global=1; static=1; extern=0; dir=0; type=1; pingpong=0; private_global=0; MemPort=[1]; IO mode=ap_memory:ce=0
Port [ conv_weights_4_3]:  wired=0; compound=1; hidden=1; nouse=1; global=1; static=1; extern=0; dir=0; type=1; pingpong=0; private_global=0; MemPort=[1]; IO mode=ap_memory:ce=0
Port [ conv_weights_4_4]:  wired=0; compound=1; hidden=1; nouse=1; global=1; static=1; extern=0; dir=0; type=1; pingpong=0; private_global=0; MemPort=[1]; IO mode=ap_memory:ce=0
Port [ conv_weights_4_5]:  wired=0; compound=1; hidden=1; nouse=1; global=1; static=1; extern=0; dir=0; type=1; pingpong=0; private_global=0; MemPort=[1]; IO mode=ap_memory:ce=0
Port [ conv_weights_4_6]:  wired=0; compound=1; hidden=1; nouse=1; global=1; static=1; extern=0; dir=0; type=1; pingpong=0; private_global=0; MemPort=[1]; IO mode=ap_memory:ce=0
Port [ conv_weights_5_0]:  wired=0; compound=1; hidden=1; nouse=1; global=1; static=1; extern=0; dir=0; type=1; pingpong=0; private_global=0; MemPort=[1]; IO mode=ap_memory:ce=0
Port [ conv_weights_5_1]:  wired=0; compound=1; hidden=1; nouse=1; global=1; static=1; extern=0; dir=0; type=1; pingpong=0; private_global=0; MemPort=[1]; IO mode=ap_memory:ce=0
Port [ conv_weights_5_2]:  wired=0; compound=1; hidden=1; nouse=1; global=1; static=1; extern=0; dir=0; type=1; pingpong=0; private_global=0; MemPort=[1]; IO mode=ap_memory:ce=0
Port [ conv_weights_5_3]:  wired=0; compound=1; hidden=1; nouse=1; global=1; static=1; extern=0; dir=0; type=1; pingpong=0; private_global=0; MemPort=[1]; IO mode=ap_memory:ce=0
Port [ conv_weights_5_4]:  wired=0; compound=1; hidden=1; nouse=1; global=1; static=1; extern=0; dir=0; type=1; pingpong=0; private_global=0; MemPort=[1]; IO mode=ap_memory:ce=0
Port [ conv_weights_5_5]:  wired=0; compound=1; hidden=1; nouse=1; global=1; static=1; extern=0; dir=0; type=1; pingpong=0; private_global=0; MemPort=[1]; IO mode=ap_memory:ce=0
Port [ conv_weights_5_6]:  wired=0; compound=1; hidden=1; nouse=1; global=1; static=1; extern=0; dir=0; type=1; pingpong=0; private_global=0; MemPort=[1]; IO mode=ap_memory:ce=0
Port [ conv_weights_6_0]:  wired=0; compound=1; hidden=1; nouse=1; global=1; static=1; extern=0; dir=0; type=1; pingpong=0; private_global=0; MemPort=[1]; IO mode=ap_memory:ce=0
Port [ conv_weights_6_1]:  wired=0; compound=1; hidden=1; nouse=1; global=1; static=1; extern=0; dir=0; type=1; pingpong=0; private_global=0; MemPort=[1]; IO mode=ap_memory:ce=0
Port [ conv_weights_6_2]:  wired=0; compound=1; hidden=1; nouse=1; global=1; static=1; extern=0; dir=0; type=1; pingpong=0; private_global=0; MemPort=[1]; IO mode=ap_memory:ce=0
Port [ conv_weights_6_3]:  wired=0; compound=1; hidden=1; nouse=1; global=1; static=1; extern=0; dir=0; type=1; pingpong=0; private_global=0; MemPort=[1]; IO mode=ap_memory:ce=0
Port [ conv_weights_6_4]:  wired=0; compound=1; hidden=1; nouse=1; global=1; static=1; extern=0; dir=0; type=1; pingpong=0; private_global=0; MemPort=[1]; IO mode=ap_memory:ce=0
Port [ conv_weights_6_5]:  wired=0; compound=1; hidden=1; nouse=1; global=1; static=1; extern=0; dir=0; type=1; pingpong=0; private_global=0; MemPort=[1]; IO mode=ap_memory:ce=0
Port [ conv_weights_6_6]:  wired=0; compound=1; hidden=1; nouse=1; global=1; static=1; extern=0; dir=0; type=1; pingpong=0; private_global=0; MemPort=[1]; IO mode=ap_memory:ce=0
---------------- STG Properties END ------------------

---------------- Datapath Model BEGIN ----------------

<LifeTime>
<method=bitvector/>
specinterface_ln0 (specinterface) [ 000]
specinterface_ln0 (specinterface) [ 000]
specinterface_ln0 (specinterface) [ 000]
specinterface_ln0 (specinterface) [ 000]
call_ln58         (call         ) [ 000]
call_ln59         (call         ) [ 000]
call_ln60         (call         ) [ 000]
call_ln61         (call         ) [ 000]
ret_ln62          (ret          ) [ 000]
</LifeTime>

<model>

<comp_list>
<comp id="0" class="1000" name="pad_img0">
<pin_list>
<pin id="1" dir="1" index="0" bw="1" slack="0"/>
</pin_list>
<bind>
<StgValue><ssdm name="pad_img0"/><MemPortTyVec>1 1 </MemPortTyVec>
</StgValue>
</bind>
</comp>

<comp id="2" class="1000" name="pad_img1">
<pin_list>
<pin id="3" dir="1" index="0" bw="1" slack="0"/>
</pin_list>
<bind>
<StgValue><ssdm name="pad_img1"/><MemPortTyVec>1 1 </MemPortTyVec>
</StgValue>
</bind>
</comp>

<comp id="4" class="1000" name="pad_img2">
<pin_list>
<pin id="5" dir="1" index="0" bw="1" slack="0"/>
</pin_list>
<bind>
<StgValue><ssdm name="pad_img2"/><MemPortTyVec>1 1 </MemPortTyVec>
</StgValue>
</bind>
</comp>

<comp id="6" class="1000" name="pad_img3_0_0">
<pin_list>
<pin id="7" dir="1" index="0" bw="1" slack="0"/>
</pin_list>
<bind>
<StgValue><ssdm name="pad_img3_0_0"/><MemPortTyVec>1 3 </MemPortTyVec>
</StgValue>
</bind>
</comp>

<comp id="8" class="1000" name="pad_img3_0_1">
<pin_list>
<pin id="9" dir="1" index="0" bw="1" slack="0"/>
</pin_list>
<bind>
<StgValue><ssdm name="pad_img3_0_1"/><MemPortTyVec>1 3 </MemPortTyVec>
</StgValue>
</bind>
</comp>

<comp id="10" class="1000" name="pad_img3_0_2">
<pin_list>
<pin id="11" dir="1" index="0" bw="1" slack="0"/>
</pin_list>
<bind>
<StgValue><ssdm name="pad_img3_0_2"/><MemPortTyVec>1 3 </MemPortTyVec>
</StgValue>
</bind>
</comp>

<comp id="12" class="1000" name="pad_img3_0_3">
<pin_list>
<pin id="13" dir="1" index="0" bw="1" slack="0"/>
</pin_list>
<bind>
<StgValue><ssdm name="pad_img3_0_3"/><MemPortTyVec>1 3 </MemPortTyVec>
</StgValue>
</bind>
</comp>

<comp id="14" class="1000" name="pad_img3_0_4">
<pin_list>
<pin id="15" dir="1" index="0" bw="1" slack="0"/>
</pin_list>
<bind>
<StgValue><ssdm name="pad_img3_0_4"/><MemPortTyVec>1 3 </MemPortTyVec>
</StgValue>
</bind>
</comp>

<comp id="16" class="1000" name="pad_img3_0_5">
<pin_list>
<pin id="17" dir="1" index="0" bw="1" slack="0"/>
</pin_list>
<bind>
<StgValue><ssdm name="pad_img3_0_5"/><MemPortTyVec>1 3 </MemPortTyVec>
</StgValue>
</bind>
</comp>

<comp id="18" class="1000" name="pad_img3_0_6">
<pin_list>
<pin id="19" dir="1" index="0" bw="1" slack="0"/>
</pin_list>
<bind>
<StgValue><ssdm name="pad_img3_0_6"/><MemPortTyVec>1 3 </MemPortTyVec>
</StgValue>
</bind>
</comp>

<comp id="20" class="1000" name="pad_img3_1_0">
<pin_list>
<pin id="21" dir="1" index="0" bw="1" slack="0"/>
</pin_list>
<bind>
<StgValue><ssdm name="pad_img3_1_0"/><MemPortTyVec>1 3 </MemPortTyVec>
</StgValue>
</bind>
</comp>

<comp id="22" class="1000" name="pad_img3_1_1">
<pin_list>
<pin id="23" dir="1" index="0" bw="1" slack="0"/>
</pin_list>
<bind>
<StgValue><ssdm name="pad_img3_1_1"/><MemPortTyVec>1 3 </MemPortTyVec>
</StgValue>
</bind>
</comp>

<comp id="24" class="1000" name="pad_img3_1_2">
<pin_list>
<pin id="25" dir="1" index="0" bw="1" slack="0"/>
</pin_list>
<bind>
<StgValue><ssdm name="pad_img3_1_2"/><MemPortTyVec>1 3 </MemPortTyVec>
</StgValue>
</bind>
</comp>

<comp id="26" class="1000" name="pad_img3_1_3">
<pin_list>
<pin id="27" dir="1" index="0" bw="1" slack="0"/>
</pin_list>
<bind>
<StgValue><ssdm name="pad_img3_1_3"/><MemPortTyVec>1 3 </MemPortTyVec>
</StgValue>
</bind>
</comp>

<comp id="28" class="1000" name="pad_img3_1_4">
<pin_list>
<pin id="29" dir="1" index="0" bw="1" slack="0"/>
</pin_list>
<bind>
<StgValue><ssdm name="pad_img3_1_4"/><MemPortTyVec>1 3 </MemPortTyVec>
</StgValue>
</bind>
</comp>

<comp id="30" class="1000" name="pad_img3_1_5">
<pin_list>
<pin id="31" dir="1" index="0" bw="1" slack="0"/>
</pin_list>
<bind>
<StgValue><ssdm name="pad_img3_1_5"/><MemPortTyVec>1 3 </MemPortTyVec>
</StgValue>
</bind>
</comp>

<comp id="32" class="1000" name="pad_img3_1_6">
<pin_list>
<pin id="33" dir="1" index="0" bw="1" slack="0"/>
</pin_list>
<bind>
<StgValue><ssdm name="pad_img3_1_6"/><MemPortTyVec>1 3 </MemPortTyVec>
</StgValue>
</bind>
</comp>

<comp id="34" class="1000" name="pad_img3_2_0">
<pin_list>
<pin id="35" dir="1" index="0" bw="1" slack="0"/>
</pin_list>
<bind>
<StgValue><ssdm name="pad_img3_2_0"/><MemPortTyVec>1 3 </MemPortTyVec>
</StgValue>
</bind>
</comp>

<comp id="36" class="1000" name="pad_img3_2_1">
<pin_list>
<pin id="37" dir="1" index="0" bw="1" slack="0"/>
</pin_list>
<bind>
<StgValue><ssdm name="pad_img3_2_1"/><MemPortTyVec>1 3 </MemPortTyVec>
</StgValue>
</bind>
</comp>

<comp id="38" class="1000" name="pad_img3_2_2">
<pin_list>
<pin id="39" dir="1" index="0" bw="1" slack="0"/>
</pin_list>
<bind>
<StgValue><ssdm name="pad_img3_2_2"/><MemPortTyVec>1 3 </MemPortTyVec>
</StgValue>
</bind>
</comp>

<comp id="40" class="1000" name="pad_img3_2_3">
<pin_list>
<pin id="41" dir="1" index="0" bw="1" slack="0"/>
</pin_list>
<bind>
<StgValue><ssdm name="pad_img3_2_3"/><MemPortTyVec>1 3 </MemPortTyVec>
</StgValue>
</bind>
</comp>

<comp id="42" class="1000" name="pad_img3_2_4">
<pin_list>
<pin id="43" dir="1" index="0" bw="1" slack="0"/>
</pin_list>
<bind>
<StgValue><ssdm name="pad_img3_2_4"/><MemPortTyVec>1 3 </MemPortTyVec>
</StgValue>
</bind>
</comp>

<comp id="44" class="1000" name="pad_img3_2_5">
<pin_list>
<pin id="45" dir="1" index="0" bw="1" slack="0"/>
</pin_list>
<bind>
<StgValue><ssdm name="pad_img3_2_5"/><MemPortTyVec>1 3 </MemPortTyVec>
</StgValue>
</bind>
</comp>

<comp id="46" class="1000" name="pad_img3_2_6">
<pin_list>
<pin id="47" dir="1" index="0" bw="1" slack="0"/>
</pin_list>
<bind>
<StgValue><ssdm name="pad_img3_2_6"/><MemPortTyVec>1 3 </MemPortTyVec>
</StgValue>
</bind>
</comp>

<comp id="48" class="1000" name="pad_img3_3_0">
<pin_list>
<pin id="49" dir="1" index="0" bw="1" slack="0"/>
</pin_list>
<bind>
<StgValue><ssdm name="pad_img3_3_0"/><MemPortTyVec>1 3 </MemPortTyVec>
</StgValue>
</bind>
</comp>

<comp id="50" class="1000" name="pad_img3_3_1">
<pin_list>
<pin id="51" dir="1" index="0" bw="1" slack="0"/>
</pin_list>
<bind>
<StgValue><ssdm name="pad_img3_3_1"/><MemPortTyVec>1 3 </MemPortTyVec>
</StgValue>
</bind>
</comp>

<comp id="52" class="1000" name="pad_img3_3_2">
<pin_list>
<pin id="53" dir="1" index="0" bw="1" slack="0"/>
</pin_list>
<bind>
<StgValue><ssdm name="pad_img3_3_2"/><MemPortTyVec>1 3 </MemPortTyVec>
</StgValue>
</bind>
</comp>

<comp id="54" class="1000" name="pad_img3_3_3">
<pin_list>
<pin id="55" dir="1" index="0" bw="1" slack="0"/>
</pin_list>
<bind>
<StgValue><ssdm name="pad_img3_3_3"/><MemPortTyVec>1 3 </MemPortTyVec>
</StgValue>
</bind>
</comp>

<comp id="56" class="1000" name="pad_img3_3_4">
<pin_list>
<pin id="57" dir="1" index="0" bw="1" slack="0"/>
</pin_list>
<bind>
<StgValue><ssdm name="pad_img3_3_4"/><MemPortTyVec>1 3 </MemPortTyVec>
</StgValue>
</bind>
</comp>

<comp id="58" class="1000" name="pad_img3_3_5">
<pin_list>
<pin id="59" dir="1" index="0" bw="1" slack="0"/>
</pin_list>
<bind>
<StgValue><ssdm name="pad_img3_3_5"/><MemPortTyVec>1 3 </MemPortTyVec>
</StgValue>
</bind>
</comp>

<comp id="60" class="1000" name="pad_img3_3_6">
<pin_list>
<pin id="61" dir="1" index="0" bw="1" slack="0"/>
</pin_list>
<bind>
<StgValue><ssdm name="pad_img3_3_6"/><MemPortTyVec>1 3 </MemPortTyVec>
</StgValue>
</bind>
</comp>

<comp id="62" class="1000" name="pad_img3_4_0">
<pin_list>
<pin id="63" dir="1" index="0" bw="1" slack="0"/>
</pin_list>
<bind>
<StgValue><ssdm name="pad_img3_4_0"/><MemPortTyVec>1 3 </MemPortTyVec>
</StgValue>
</bind>
</comp>

<comp id="64" class="1000" name="pad_img3_4_1">
<pin_list>
<pin id="65" dir="1" index="0" bw="1" slack="0"/>
</pin_list>
<bind>
<StgValue><ssdm name="pad_img3_4_1"/><MemPortTyVec>1 3 </MemPortTyVec>
</StgValue>
</bind>
</comp>

<comp id="66" class="1000" name="pad_img3_4_2">
<pin_list>
<pin id="67" dir="1" index="0" bw="1" slack="0"/>
</pin_list>
<bind>
<StgValue><ssdm name="pad_img3_4_2"/><MemPortTyVec>1 3 </MemPortTyVec>
</StgValue>
</bind>
</comp>

<comp id="68" class="1000" name="pad_img3_4_3">
<pin_list>
<pin id="69" dir="1" index="0" bw="1" slack="0"/>
</pin_list>
<bind>
<StgValue><ssdm name="pad_img3_4_3"/><MemPortTyVec>1 3 </MemPortTyVec>
</StgValue>
</bind>
</comp>

<comp id="70" class="1000" name="pad_img3_4_4">
<pin_list>
<pin id="71" dir="1" index="0" bw="1" slack="0"/>
</pin_list>
<bind>
<StgValue><ssdm name="pad_img3_4_4"/><MemPortTyVec>1 3 </MemPortTyVec>
</StgValue>
</bind>
</comp>

<comp id="72" class="1000" name="pad_img3_4_5">
<pin_list>
<pin id="73" dir="1" index="0" bw="1" slack="0"/>
</pin_list>
<bind>
<StgValue><ssdm name="pad_img3_4_5"/><MemPortTyVec>1 3 </MemPortTyVec>
</StgValue>
</bind>
</comp>

<comp id="74" class="1000" name="pad_img3_4_6">
<pin_list>
<pin id="75" dir="1" index="0" bw="1" slack="0"/>
</pin_list>
<bind>
<StgValue><ssdm name="pad_img3_4_6"/><MemPortTyVec>1 3 </MemPortTyVec>
</StgValue>
</bind>
</comp>

<comp id="76" class="1000" name="pad_img3_5_0">
<pin_list>
<pin id="77" dir="1" index="0" bw="1" slack="0"/>
</pin_list>
<bind>
<StgValue><ssdm name="pad_img3_5_0"/><MemPortTyVec>1 3 </MemPortTyVec>
</StgValue>
</bind>
</comp>

<comp id="78" class="1000" name="pad_img3_5_1">
<pin_list>
<pin id="79" dir="1" index="0" bw="1" slack="0"/>
</pin_list>
<bind>
<StgValue><ssdm name="pad_img3_5_1"/><MemPortTyVec>1 3 </MemPortTyVec>
</StgValue>
</bind>
</comp>

<comp id="80" class="1000" name="pad_img3_5_2">
<pin_list>
<pin id="81" dir="1" index="0" bw="1" slack="0"/>
</pin_list>
<bind>
<StgValue><ssdm name="pad_img3_5_2"/><MemPortTyVec>1 3 </MemPortTyVec>
</StgValue>
</bind>
</comp>

<comp id="82" class="1000" name="pad_img3_5_3">
<pin_list>
<pin id="83" dir="1" index="0" bw="1" slack="0"/>
</pin_list>
<bind>
<StgValue><ssdm name="pad_img3_5_3"/><MemPortTyVec>1 3 </MemPortTyVec>
</StgValue>
</bind>
</comp>

<comp id="84" class="1000" name="pad_img3_5_4">
<pin_list>
<pin id="85" dir="1" index="0" bw="1" slack="0"/>
</pin_list>
<bind>
<StgValue><ssdm name="pad_img3_5_4"/><MemPortTyVec>1 3 </MemPortTyVec>
</StgValue>
</bind>
</comp>

<comp id="86" class="1000" name="pad_img3_5_5">
<pin_list>
<pin id="87" dir="1" index="0" bw="1" slack="0"/>
</pin_list>
<bind>
<StgValue><ssdm name="pad_img3_5_5"/><MemPortTyVec>1 3 </MemPortTyVec>
</StgValue>
</bind>
</comp>

<comp id="88" class="1000" name="pad_img3_5_6">
<pin_list>
<pin id="89" dir="1" index="0" bw="1" slack="0"/>
</pin_list>
<bind>
<StgValue><ssdm name="pad_img3_5_6"/><MemPortTyVec>1 3 </MemPortTyVec>
</StgValue>
</bind>
</comp>

<comp id="90" class="1000" name="pad_img3_6_0">
<pin_list>
<pin id="91" dir="1" index="0" bw="1" slack="0"/>
</pin_list>
<bind>
<StgValue><ssdm name="pad_img3_6_0"/><MemPortTyVec>1 3 </MemPortTyVec>
</StgValue>
</bind>
</comp>

<comp id="92" class="1000" name="pad_img3_6_1">
<pin_list>
<pin id="93" dir="1" index="0" bw="1" slack="0"/>
</pin_list>
<bind>
<StgValue><ssdm name="pad_img3_6_1"/><MemPortTyVec>1 3 </MemPortTyVec>
</StgValue>
</bind>
</comp>

<comp id="94" class="1000" name="pad_img3_6_2">
<pin_list>
<pin id="95" dir="1" index="0" bw="1" slack="0"/>
</pin_list>
<bind>
<StgValue><ssdm name="pad_img3_6_2"/><MemPortTyVec>1 3 </MemPortTyVec>
</StgValue>
</bind>
</comp>

<comp id="96" class="1000" name="pad_img3_6_3">
<pin_list>
<pin id="97" dir="1" index="0" bw="1" slack="0"/>
</pin_list>
<bind>
<StgValue><ssdm name="pad_img3_6_3"/><MemPortTyVec>1 3 </MemPortTyVec>
</StgValue>
</bind>
</comp>

<comp id="98" class="1000" name="pad_img3_6_4">
<pin_list>
<pin id="99" dir="1" index="0" bw="1" slack="0"/>
</pin_list>
<bind>
<StgValue><ssdm name="pad_img3_6_4"/><MemPortTyVec>1 3 </MemPortTyVec>
</StgValue>
</bind>
</comp>

<comp id="100" class="1000" name="pad_img3_6_5">
<pin_list>
<pin id="101" dir="1" index="0" bw="1" slack="0"/>
</pin_list>
<bind>
<StgValue><ssdm name="pad_img3_6_5"/><MemPortTyVec>1 3 </MemPortTyVec>
</StgValue>
</bind>
</comp>

<comp id="102" class="1000" name="pad_img3_6_6">
<pin_list>
<pin id="103" dir="1" index="0" bw="1" slack="0"/>
</pin_list>
<bind>
<StgValue><ssdm name="pad_img3_6_6"/><MemPortTyVec>1 3 </MemPortTyVec>
</StgValue>
</bind>
</comp>

<comp id="104" class="1000" name="conv_to_pool_streams_0">
<pin_list>
<pin id="105" dir="1" index="0" bw="1" slack="0"/>
</pin_list>
<bind>
<StgValue><ssdm name="conv_to_pool_streams_0"/></StgValue>
</bind>
</comp>

<comp id="106" class="1000" name="conv_to_pool_streams_1">
<pin_list>
<pin id="107" dir="1" index="0" bw="1" slack="0"/>
</pin_list>
<bind>
<StgValue><ssdm name="conv_to_pool_streams_1"/></StgValue>
</bind>
</comp>

<comp id="108" class="1000" name="conv_to_pool_streams_2">
<pin_list>
<pin id="109" dir="1" index="0" bw="1" slack="0"/>
</pin_list>
<bind>
<StgValue><ssdm name="conv_to_pool_streams_2"/></StgValue>
</bind>
</comp>

<comp id="110" class="1000" name="conv_to_pool_streams_3">
<pin_list>
<pin id="111" dir="1" index="0" bw="1" slack="0"/>
</pin_list>
<bind>
<StgValue><ssdm name="conv_to_pool_streams_3"/></StgValue>
</bind>
</comp>

<comp id="112" class="1000" name="conv_biases">
<pin_list>
<pin id="113" dir="1" index="0" bw="1" slack="0"/>
</pin_list>
<bind>
<StgValue><ssdm name="conv_biases"/><MemPortTyVec>1 </MemPortTyVec>
</StgValue>
</bind>
</comp>

<comp id="114" class="1000" name="conv_weights_0_0">
<pin_list>
<pin id="115" dir="1" index="0" bw="1" slack="0"/>
</pin_list>
<bind>
<StgValue><ssdm name="conv_weights_0_0"/><MemPortTyVec>1 </MemPortTyVec>
</StgValue>
</bind>
</comp>

<comp id="116" class="1000" name="conv_weights_0_1">
<pin_list>
<pin id="117" dir="1" index="0" bw="1" slack="0"/>
</pin_list>
<bind>
<StgValue><ssdm name="conv_weights_0_1"/><MemPortTyVec>1 </MemPortTyVec>
</StgValue>
</bind>
</comp>

<comp id="118" class="1000" name="conv_weights_0_2">
<pin_list>
<pin id="119" dir="1" index="0" bw="1" slack="0"/>
</pin_list>
<bind>
<StgValue><ssdm name="conv_weights_0_2"/><MemPortTyVec>1 </MemPortTyVec>
</StgValue>
</bind>
</comp>

<comp id="120" class="1000" name="conv_weights_0_3">
<pin_list>
<pin id="121" dir="1" index="0" bw="1" slack="0"/>
</pin_list>
<bind>
<StgValue><ssdm name="conv_weights_0_3"/><MemPortTyVec>1 </MemPortTyVec>
</StgValue>
</bind>
</comp>

<comp id="122" class="1000" name="conv_weights_0_4">
<pin_list>
<pin id="123" dir="1" index="0" bw="1" slack="0"/>
</pin_list>
<bind>
<StgValue><ssdm name="conv_weights_0_4"/><MemPortTyVec>1 </MemPortTyVec>
</StgValue>
</bind>
</comp>

<comp id="124" class="1000" name="conv_weights_0_5">
<pin_list>
<pin id="125" dir="1" index="0" bw="1" slack="0"/>
</pin_list>
<bind>
<StgValue><ssdm name="conv_weights_0_5"/><MemPortTyVec>1 </MemPortTyVec>
</StgValue>
</bind>
</comp>

<comp id="126" class="1000" name="conv_weights_0_6">
<pin_list>
<pin id="127" dir="1" index="0" bw="1" slack="0"/>
</pin_list>
<bind>
<StgValue><ssdm name="conv_weights_0_6"/><MemPortTyVec>1 </MemPortTyVec>
</StgValue>
</bind>
</comp>

<comp id="128" class="1000" name="conv_weights_1_0">
<pin_list>
<pin id="129" dir="1" index="0" bw="1" slack="0"/>
</pin_list>
<bind>
<StgValue><ssdm name="conv_weights_1_0"/><MemPortTyVec>1 </MemPortTyVec>
</StgValue>
</bind>
</comp>

<comp id="130" class="1000" name="conv_weights_1_1">
<pin_list>
<pin id="131" dir="1" index="0" bw="1" slack="0"/>
</pin_list>
<bind>
<StgValue><ssdm name="conv_weights_1_1"/><MemPortTyVec>1 </MemPortTyVec>
</StgValue>
</bind>
</comp>

<comp id="132" class="1000" name="conv_weights_1_2">
<pin_list>
<pin id="133" dir="1" index="0" bw="1" slack="0"/>
</pin_list>
<bind>
<StgValue><ssdm name="conv_weights_1_2"/><MemPortTyVec>1 </MemPortTyVec>
</StgValue>
</bind>
</comp>

<comp id="134" class="1000" name="conv_weights_1_3">
<pin_list>
<pin id="135" dir="1" index="0" bw="1" slack="0"/>
</pin_list>
<bind>
<StgValue><ssdm name="conv_weights_1_3"/><MemPortTyVec>1 </MemPortTyVec>
</StgValue>
</bind>
</comp>

<comp id="136" class="1000" name="conv_weights_1_4">
<pin_list>
<pin id="137" dir="1" index="0" bw="1" slack="0"/>
</pin_list>
<bind>
<StgValue><ssdm name="conv_weights_1_4"/><MemPortTyVec>1 </MemPortTyVec>
</StgValue>
</bind>
</comp>

<comp id="138" class="1000" name="conv_weights_1_5">
<pin_list>
<pin id="139" dir="1" index="0" bw="1" slack="0"/>
</pin_list>
<bind>
<StgValue><ssdm name="conv_weights_1_5"/><MemPortTyVec>1 </MemPortTyVec>
</StgValue>
</bind>
</comp>

<comp id="140" class="1000" name="conv_weights_1_6">
<pin_list>
<pin id="141" dir="1" index="0" bw="1" slack="0"/>
</pin_list>
<bind>
<StgValue><ssdm name="conv_weights_1_6"/><MemPortTyVec>1 </MemPortTyVec>
</StgValue>
</bind>
</comp>

<comp id="142" class="1000" name="conv_weights_2_0">
<pin_list>
<pin id="143" dir="1" index="0" bw="1" slack="0"/>
</pin_list>
<bind>
<StgValue><ssdm name="conv_weights_2_0"/><MemPortTyVec>1 </MemPortTyVec>
</StgValue>
</bind>
</comp>

<comp id="144" class="1000" name="conv_weights_2_1">
<pin_list>
<pin id="145" dir="1" index="0" bw="1" slack="0"/>
</pin_list>
<bind>
<StgValue><ssdm name="conv_weights_2_1"/><MemPortTyVec>1 </MemPortTyVec>
</StgValue>
</bind>
</comp>

<comp id="146" class="1000" name="conv_weights_2_2">
<pin_list>
<pin id="147" dir="1" index="0" bw="1" slack="0"/>
</pin_list>
<bind>
<StgValue><ssdm name="conv_weights_2_2"/><MemPortTyVec>1 </MemPortTyVec>
</StgValue>
</bind>
</comp>

<comp id="148" class="1000" name="conv_weights_2_3">
<pin_list>
<pin id="149" dir="1" index="0" bw="1" slack="0"/>
</pin_list>
<bind>
<StgValue><ssdm name="conv_weights_2_3"/><MemPortTyVec>1 </MemPortTyVec>
</StgValue>
</bind>
</comp>

<comp id="150" class="1000" name="conv_weights_2_4">
<pin_list>
<pin id="151" dir="1" index="0" bw="1" slack="0"/>
</pin_list>
<bind>
<StgValue><ssdm name="conv_weights_2_4"/><MemPortTyVec>1 </MemPortTyVec>
</StgValue>
</bind>
</comp>

<comp id="152" class="1000" name="conv_weights_2_5">
<pin_list>
<pin id="153" dir="1" index="0" bw="1" slack="0"/>
</pin_list>
<bind>
<StgValue><ssdm name="conv_weights_2_5"/><MemPortTyVec>1 </MemPortTyVec>
</StgValue>
</bind>
</comp>

<comp id="154" class="1000" name="conv_weights_2_6">
<pin_list>
<pin id="155" dir="1" index="0" bw="1" slack="0"/>
</pin_list>
<bind>
<StgValue><ssdm name="conv_weights_2_6"/><MemPortTyVec>1 </MemPortTyVec>
</StgValue>
</bind>
</comp>

<comp id="156" class="1000" name="conv_weights_3_0">
<pin_list>
<pin id="157" dir="1" index="0" bw="1" slack="0"/>
</pin_list>
<bind>
<StgValue><ssdm name="conv_weights_3_0"/><MemPortTyVec>1 </MemPortTyVec>
</StgValue>
</bind>
</comp>

<comp id="158" class="1000" name="conv_weights_3_1">
<pin_list>
<pin id="159" dir="1" index="0" bw="1" slack="0"/>
</pin_list>
<bind>
<StgValue><ssdm name="conv_weights_3_1"/><MemPortTyVec>1 </MemPortTyVec>
</StgValue>
</bind>
</comp>

<comp id="160" class="1000" name="conv_weights_3_2">
<pin_list>
<pin id="161" dir="1" index="0" bw="1" slack="0"/>
</pin_list>
<bind>
<StgValue><ssdm name="conv_weights_3_2"/><MemPortTyVec>1 </MemPortTyVec>
</StgValue>
</bind>
</comp>

<comp id="162" class="1000" name="conv_weights_3_3">
<pin_list>
<pin id="163" dir="1" index="0" bw="1" slack="0"/>
</pin_list>
<bind>
<StgValue><ssdm name="conv_weights_3_3"/><MemPortTyVec>1 </MemPortTyVec>
</StgValue>
</bind>
</comp>

<comp id="164" class="1000" name="conv_weights_3_4">
<pin_list>
<pin id="165" dir="1" index="0" bw="1" slack="0"/>
</pin_list>
<bind>
<StgValue><ssdm name="conv_weights_3_4"/><MemPortTyVec>1 </MemPortTyVec>
</StgValue>
</bind>
</comp>

<comp id="166" class="1000" name="conv_weights_3_5">
<pin_list>
<pin id="167" dir="1" index="0" bw="1" slack="0"/>
</pin_list>
<bind>
<StgValue><ssdm name="conv_weights_3_5"/><MemPortTyVec>1 </MemPortTyVec>
</StgValue>
</bind>
</comp>

<comp id="168" class="1000" name="conv_weights_3_6">
<pin_list>
<pin id="169" dir="1" index="0" bw="1" slack="0"/>
</pin_list>
<bind>
<StgValue><ssdm name="conv_weights_3_6"/><MemPortTyVec>1 </MemPortTyVec>
</StgValue>
</bind>
</comp>

<comp id="170" class="1000" name="conv_weights_4_0">
<pin_list>
<pin id="171" dir="1" index="0" bw="1" slack="0"/>
</pin_list>
<bind>
<StgValue><ssdm name="conv_weights_4_0"/><MemPortTyVec>1 </MemPortTyVec>
</StgValue>
</bind>
</comp>

<comp id="172" class="1000" name="conv_weights_4_1">
<pin_list>
<pin id="173" dir="1" index="0" bw="1" slack="0"/>
</pin_list>
<bind>
<StgValue><ssdm name="conv_weights_4_1"/><MemPortTyVec>1 </MemPortTyVec>
</StgValue>
</bind>
</comp>

<comp id="174" class="1000" name="conv_weights_4_2">
<pin_list>
<pin id="175" dir="1" index="0" bw="1" slack="0"/>
</pin_list>
<bind>
<StgValue><ssdm name="conv_weights_4_2"/><MemPortTyVec>1 </MemPortTyVec>
</StgValue>
</bind>
</comp>

<comp id="176" class="1000" name="conv_weights_4_3">
<pin_list>
<pin id="177" dir="1" index="0" bw="1" slack="0"/>
</pin_list>
<bind>
<StgValue><ssdm name="conv_weights_4_3"/><MemPortTyVec>1 </MemPortTyVec>
</StgValue>
</bind>
</comp>

<comp id="178" class="1000" name="conv_weights_4_4">
<pin_list>
<pin id="179" dir="1" index="0" bw="1" slack="0"/>
</pin_list>
<bind>
<StgValue><ssdm name="conv_weights_4_4"/><MemPortTyVec>1 </MemPortTyVec>
</StgValue>
</bind>
</comp>

<comp id="180" class="1000" name="conv_weights_4_5">
<pin_list>
<pin id="181" dir="1" index="0" bw="1" slack="0"/>
</pin_list>
<bind>
<StgValue><ssdm name="conv_weights_4_5"/><MemPortTyVec>1 </MemPortTyVec>
</StgValue>
</bind>
</comp>

<comp id="182" class="1000" name="conv_weights_4_6">
<pin_list>
<pin id="183" dir="1" index="0" bw="1" slack="0"/>
</pin_list>
<bind>
<StgValue><ssdm name="conv_weights_4_6"/><MemPortTyVec>1 </MemPortTyVec>
</StgValue>
</bind>
</comp>

<comp id="184" class="1000" name="conv_weights_5_0">
<pin_list>
<pin id="185" dir="1" index="0" bw="1" slack="0"/>
</pin_list>
<bind>
<StgValue><ssdm name="conv_weights_5_0"/><MemPortTyVec>1 </MemPortTyVec>
</StgValue>
</bind>
</comp>

<comp id="186" class="1000" name="conv_weights_5_1">
<pin_list>
<pin id="187" dir="1" index="0" bw="1" slack="0"/>
</pin_list>
<bind>
<StgValue><ssdm name="conv_weights_5_1"/><MemPortTyVec>1 </MemPortTyVec>
</StgValue>
</bind>
</comp>

<comp id="188" class="1000" name="conv_weights_5_2">
<pin_list>
<pin id="189" dir="1" index="0" bw="1" slack="0"/>
</pin_list>
<bind>
<StgValue><ssdm name="conv_weights_5_2"/><MemPortTyVec>1 </MemPortTyVec>
</StgValue>
</bind>
</comp>

<comp id="190" class="1000" name="conv_weights_5_3">
<pin_list>
<pin id="191" dir="1" index="0" bw="1" slack="0"/>
</pin_list>
<bind>
<StgValue><ssdm name="conv_weights_5_3"/><MemPortTyVec>1 </MemPortTyVec>
</StgValue>
</bind>
</comp>

<comp id="192" class="1000" name="conv_weights_5_4">
<pin_list>
<pin id="193" dir="1" index="0" bw="1" slack="0"/>
</pin_list>
<bind>
<StgValue><ssdm name="conv_weights_5_4"/><MemPortTyVec>1 </MemPortTyVec>
</StgValue>
</bind>
</comp>

<comp id="194" class="1000" name="conv_weights_5_5">
<pin_list>
<pin id="195" dir="1" index="0" bw="1" slack="0"/>
</pin_list>
<bind>
<StgValue><ssdm name="conv_weights_5_5"/><MemPortTyVec>1 </MemPortTyVec>
</StgValue>
</bind>
</comp>

<comp id="196" class="1000" name="conv_weights_5_6">
<pin_list>
<pin id="197" dir="1" index="0" bw="1" slack="0"/>
</pin_list>
<bind>
<StgValue><ssdm name="conv_weights_5_6"/><MemPortTyVec>1 </MemPortTyVec>
</StgValue>
</bind>
</comp>

<comp id="198" class="1000" name="conv_weights_6_0">
<pin_list>
<pin id="199" dir="1" index="0" bw="1" slack="0"/>
</pin_list>
<bind>
<StgValue><ssdm name="conv_weights_6_0"/><MemPortTyVec>1 </MemPortTyVec>
</StgValue>
</bind>
</comp>

<comp id="200" class="1000" name="conv_weights_6_1">
<pin_list>
<pin id="201" dir="1" index="0" bw="1" slack="0"/>
</pin_list>
<bind>
<StgValue><ssdm name="conv_weights_6_1"/><MemPortTyVec>1 </MemPortTyVec>
</StgValue>
</bind>
</comp>

<comp id="202" class="1000" name="conv_weights_6_2">
<pin_list>
<pin id="203" dir="1" index="0" bw="1" slack="0"/>
</pin_list>
<bind>
<StgValue><ssdm name="conv_weights_6_2"/><MemPortTyVec>1 </MemPortTyVec>
</StgValue>
</bind>
</comp>

<comp id="204" class="1000" name="conv_weights_6_3">
<pin_list>
<pin id="205" dir="1" index="0" bw="1" slack="0"/>
</pin_list>
<bind>
<StgValue><ssdm name="conv_weights_6_3"/><MemPortTyVec>1 </MemPortTyVec>
</StgValue>
</bind>
</comp>

<comp id="206" class="1000" name="conv_weights_6_4">
<pin_list>
<pin id="207" dir="1" index="0" bw="1" slack="0"/>
</pin_list>
<bind>
<StgValue><ssdm name="conv_weights_6_4"/><MemPortTyVec>1 </MemPortTyVec>
</StgValue>
</bind>
</comp>

<comp id="208" class="1000" name="conv_weights_6_5">
<pin_list>
<pin id="209" dir="1" index="0" bw="1" slack="0"/>
</pin_list>
<bind>
<StgValue><ssdm name="conv_weights_6_5"/><MemPortTyVec>1 </MemPortTyVec>
</StgValue>
</bind>
</comp>

<comp id="210" class="1000" name="conv_weights_6_6">
<pin_list>
<pin id="211" dir="1" index="0" bw="1" slack="0"/>
</pin_list>
<bind>
<StgValue><ssdm name="conv_weights_6_6"/><MemPortTyVec>1 </MemPortTyVec>
</StgValue>
</bind>
</comp>

<comp id="212" class="1001" name="const_212">
<pin_list>
<pin id="213" dir="1" index="0" bw="1" slack="0"/>
</pin_list>
<bind>
<StgValue><ssdm name="convolution"/></StgValue>
</bind>
</comp>

<comp id="214" class="1001" name="const_214">
<pin_list>
<pin id="215" dir="1" index="0" bw="1" slack="0"/>
</pin_list>
<bind>
<StgValue><ssdm name=""/></StgValue>
</bind>
</comp>

<comp id="216" class="1001" name="const_216">
<pin_list>
<pin id="217" dir="1" index="0" bw="1" slack="0"/>
</pin_list>
<bind>
<StgValue><ssdm name=""/></StgValue>
</bind>
</comp>

<comp id="218" class="1001" name="const_218">
<pin_list>
<pin id="219" dir="1" index="0" bw="1" slack="0"/>
</pin_list>
<bind>
<StgValue><ssdm name=""/></StgValue>
</bind>
</comp>

<comp id="220" class="1001" name="const_220">
<pin_list>
<pin id="221" dir="1" index="0" bw="1" slack="0"/>
</pin_list>
<bind>
<StgValue><ssdm name="convolution.1"/></StgValue>
</bind>
</comp>

<comp id="222" class="1001" name="const_222">
<pin_list>
<pin id="223" dir="1" index="0" bw="1" slack="2147483647"/>
</pin_list>
<bind>
<StgValue><ssdm name="_ssdm_op_SpecInterface"/></StgValue>
</bind>
</comp>

<comp id="224" class="1001" name="const_224">
<pin_list>
<pin id="225" dir="1" index="0" bw="1" slack="2147483647"/>
</pin_list>
<bind>
<StgValue><ssdm name="empty_1"/></StgValue>
</bind>
</comp>

<comp id="226" class="1001" name="const_226">
<pin_list>
<pin id="227" dir="1" index="0" bw="1" slack="2147483647"/>
</pin_list>
<bind>
<StgValue><ssdm name=""/></StgValue>
</bind>
</comp>

<comp id="228" class="1001" name="const_228">
<pin_list>
<pin id="229" dir="1" index="0" bw="1" slack="2147483647"/>
</pin_list>
<bind>
<StgValue><ssdm name="empty_2"/></StgValue>
</bind>
</comp>

<comp id="230" class="1001" name="const_230">
<pin_list>
<pin id="231" dir="1" index="0" bw="1" slack="2147483647"/>
</pin_list>
<bind>
<StgValue><ssdm name=""/></StgValue>
</bind>
</comp>

<comp id="232" class="1004" name="grp_convolution_fu_232">
<pin_list>
<pin id="233" dir="0" index="0" bw="0" slack="0"/>
<pin id="234" dir="0" index="1" bw="32" slack="0"/>
<pin id="235" dir="0" index="2" bw="1" slack="0"/>
<pin id="236" dir="0" index="3" bw="32" slack="0"/>
<pin id="237" dir="0" index="4" bw="32" slack="0"/>
<pin id="238" dir="0" index="5" bw="32" slack="0"/>
<pin id="239" dir="0" index="6" bw="32" slack="0"/>
<pin id="240" dir="0" index="7" bw="32" slack="0"/>
<pin id="241" dir="0" index="8" bw="32" slack="0"/>
<pin id="242" dir="0" index="9" bw="32" slack="0"/>
<pin id="243" dir="0" index="10" bw="32" slack="0"/>
<pin id="244" dir="0" index="11" bw="32" slack="0"/>
<pin id="245" dir="0" index="12" bw="32" slack="0"/>
<pin id="246" dir="0" index="13" bw="32" slack="0"/>
<pin id="247" dir="0" index="14" bw="32" slack="0"/>
<pin id="248" dir="0" index="15" bw="32" slack="0"/>
<pin id="249" dir="0" index="16" bw="32" slack="0"/>
<pin id="250" dir="0" index="17" bw="32" slack="0"/>
<pin id="251" dir="0" index="18" bw="32" slack="0"/>
<pin id="252" dir="0" index="19" bw="32" slack="0"/>
<pin id="253" dir="0" index="20" bw="32" slack="0"/>
<pin id="254" dir="0" index="21" bw="32" slack="0"/>
<pin id="255" dir="0" index="22" bw="32" slack="0"/>
<pin id="256" dir="0" index="23" bw="32" slack="0"/>
<pin id="257" dir="0" index="24" bw="32" slack="0"/>
<pin id="258" dir="0" index="25" bw="32" slack="0"/>
<pin id="259" dir="0" index="26" bw="32" slack="0"/>
<pin id="260" dir="0" index="27" bw="32" slack="0"/>
<pin id="261" dir="0" index="28" bw="32" slack="0"/>
<pin id="262" dir="0" index="29" bw="32" slack="0"/>
<pin id="263" dir="0" index="30" bw="32" slack="0"/>
<pin id="264" dir="0" index="31" bw="32" slack="0"/>
<pin id="265" dir="0" index="32" bw="32" slack="0"/>
<pin id="266" dir="0" index="33" bw="32" slack="0"/>
<pin id="267" dir="0" index="34" bw="32" slack="0"/>
<pin id="268" dir="0" index="35" bw="32" slack="0"/>
<pin id="269" dir="0" index="36" bw="32" slack="0"/>
<pin id="270" dir="0" index="37" bw="32" slack="0"/>
<pin id="271" dir="0" index="38" bw="32" slack="0"/>
<pin id="272" dir="0" index="39" bw="32" slack="0"/>
<pin id="273" dir="0" index="40" bw="32" slack="0"/>
<pin id="274" dir="0" index="41" bw="32" slack="0"/>
<pin id="275" dir="0" index="42" bw="32" slack="0"/>
<pin id="276" dir="0" index="43" bw="32" slack="0"/>
<pin id="277" dir="0" index="44" bw="32" slack="0"/>
<pin id="278" dir="0" index="45" bw="32" slack="0"/>
<pin id="279" dir="0" index="46" bw="32" slack="0"/>
<pin id="280" dir="0" index="47" bw="32" slack="0"/>
<pin id="281" dir="0" index="48" bw="32" slack="0"/>
<pin id="282" dir="0" index="49" bw="32" slack="0"/>
<pin id="283" dir="0" index="50" bw="32" slack="0"/>
<pin id="284" dir="0" index="51" bw="32" slack="0"/>
<pin id="285" dir="0" index="52" bw="32" slack="0"/>
<pin id="286" dir="0" index="53" bw="32" slack="0"/>
<pin id="287" dir="1" index="54" bw="0" slack="2147483647"/>
</pin_list>
<bind>
<opcode="call(48) " fcode="call"/>
<opset="call_ln58/1 "/>
</bind>
</comp>

<comp id="342" class="1004" name="grp_convolution_fu_342">
<pin_list>
<pin id="343" dir="0" index="0" bw="0" slack="0"/>
<pin id="344" dir="0" index="1" bw="32" slack="0"/>
<pin id="345" dir="0" index="2" bw="1" slack="0"/>
<pin id="346" dir="0" index="3" bw="32" slack="0"/>
<pin id="347" dir="0" index="4" bw="32" slack="0"/>
<pin id="348" dir="0" index="5" bw="32" slack="0"/>
<pin id="349" dir="0" index="6" bw="32" slack="0"/>
<pin id="350" dir="0" index="7" bw="32" slack="0"/>
<pin id="351" dir="0" index="8" bw="32" slack="0"/>
<pin id="352" dir="0" index="9" bw="32" slack="0"/>
<pin id="353" dir="0" index="10" bw="32" slack="0"/>
<pin id="354" dir="0" index="11" bw="32" slack="0"/>
<pin id="355" dir="0" index="12" bw="32" slack="0"/>
<pin id="356" dir="0" index="13" bw="32" slack="0"/>
<pin id="357" dir="0" index="14" bw="32" slack="0"/>
<pin id="358" dir="0" index="15" bw="32" slack="0"/>
<pin id="359" dir="0" index="16" bw="32" slack="0"/>
<pin id="360" dir="0" index="17" bw="32" slack="0"/>
<pin id="361" dir="0" index="18" bw="32" slack="0"/>
<pin id="362" dir="0" index="19" bw="32" slack="0"/>
<pin id="363" dir="0" index="20" bw="32" slack="0"/>
<pin id="364" dir="0" index="21" bw="32" slack="0"/>
<pin id="365" dir="0" index="22" bw="32" slack="0"/>
<pin id="366" dir="0" index="23" bw="32" slack="0"/>
<pin id="367" dir="0" index="24" bw="32" slack="0"/>
<pin id="368" dir="0" index="25" bw="32" slack="0"/>
<pin id="369" dir="0" index="26" bw="32" slack="0"/>
<pin id="370" dir="0" index="27" bw="32" slack="0"/>
<pin id="371" dir="0" index="28" bw="32" slack="0"/>
<pin id="372" dir="0" index="29" bw="32" slack="0"/>
<pin id="373" dir="0" index="30" bw="32" slack="0"/>
<pin id="374" dir="0" index="31" bw="32" slack="0"/>
<pin id="375" dir="0" index="32" bw="32" slack="0"/>
<pin id="376" dir="0" index="33" bw="32" slack="0"/>
<pin id="377" dir="0" index="34" bw="32" slack="0"/>
<pin id="378" dir="0" index="35" bw="32" slack="0"/>
<pin id="379" dir="0" index="36" bw="32" slack="0"/>
<pin id="380" dir="0" index="37" bw="32" slack="0"/>
<pin id="381" dir="0" index="38" bw="32" slack="0"/>
<pin id="382" dir="0" index="39" bw="32" slack="0"/>
<pin id="383" dir="0" index="40" bw="32" slack="0"/>
<pin id="384" dir="0" index="41" bw="32" slack="0"/>
<pin id="385" dir="0" index="42" bw="32" slack="0"/>
<pin id="386" dir="0" index="43" bw="32" slack="0"/>
<pin id="387" dir="0" index="44" bw="32" slack="0"/>
<pin id="388" dir="0" index="45" bw="32" slack="0"/>
<pin id="389" dir="0" index="46" bw="32" slack="0"/>
<pin id="390" dir="0" index="47" bw="32" slack="0"/>
<pin id="391" dir="0" index="48" bw="32" slack="0"/>
<pin id="392" dir="0" index="49" bw="32" slack="0"/>
<pin id="393" dir="0" index="50" bw="32" slack="0"/>
<pin id="394" dir="0" index="51" bw="32" slack="0"/>
<pin id="395" dir="0" index="52" bw="32" slack="0"/>
<pin id="396" dir="0" index="53" bw="32" slack="0"/>
<pin id="397" dir="1" index="54" bw="0" slack="2147483647"/>
</pin_list>
<bind>
<opcode="call(48) " fcode="call"/>
<opset="call_ln59/1 "/>
</bind>
</comp>

<comp id="452" class="1004" name="grp_convolution_fu_452">
<pin_list>
<pin id="453" dir="0" index="0" bw="0" slack="0"/>
<pin id="454" dir="0" index="1" bw="32" slack="0"/>
<pin id="455" dir="0" index="2" bw="2" slack="0"/>
<pin id="456" dir="0" index="3" bw="32" slack="0"/>
<pin id="457" dir="0" index="4" bw="32" slack="0"/>
<pin id="458" dir="0" index="5" bw="32" slack="0"/>
<pin id="459" dir="0" index="6" bw="32" slack="0"/>
<pin id="460" dir="0" index="7" bw="32" slack="0"/>
<pin id="461" dir="0" index="8" bw="32" slack="0"/>
<pin id="462" dir="0" index="9" bw="32" slack="0"/>
<pin id="463" dir="0" index="10" bw="32" slack="0"/>
<pin id="464" dir="0" index="11" bw="32" slack="0"/>
<pin id="465" dir="0" index="12" bw="32" slack="0"/>
<pin id="466" dir="0" index="13" bw="32" slack="0"/>
<pin id="467" dir="0" index="14" bw="32" slack="0"/>
<pin id="468" dir="0" index="15" bw="32" slack="0"/>
<pin id="469" dir="0" index="16" bw="32" slack="0"/>
<pin id="470" dir="0" index="17" bw="32" slack="0"/>
<pin id="471" dir="0" index="18" bw="32" slack="0"/>
<pin id="472" dir="0" index="19" bw="32" slack="0"/>
<pin id="473" dir="0" index="20" bw="32" slack="0"/>
<pin id="474" dir="0" index="21" bw="32" slack="0"/>
<pin id="475" dir="0" index="22" bw="32" slack="0"/>
<pin id="476" dir="0" index="23" bw="32" slack="0"/>
<pin id="477" dir="0" index="24" bw="32" slack="0"/>
<pin id="478" dir="0" index="25" bw="32" slack="0"/>
<pin id="479" dir="0" index="26" bw="32" slack="0"/>
<pin id="480" dir="0" index="27" bw="32" slack="0"/>
<pin id="481" dir="0" index="28" bw="32" slack="0"/>
<pin id="482" dir="0" index="29" bw="32" slack="0"/>
<pin id="483" dir="0" index="30" bw="32" slack="0"/>
<pin id="484" dir="0" index="31" bw="32" slack="0"/>
<pin id="485" dir="0" index="32" bw="32" slack="0"/>
<pin id="486" dir="0" index="33" bw="32" slack="0"/>
<pin id="487" dir="0" index="34" bw="32" slack="0"/>
<pin id="488" dir="0" index="35" bw="32" slack="0"/>
<pin id="489" dir="0" index="36" bw="32" slack="0"/>
<pin id="490" dir="0" index="37" bw="32" slack="0"/>
<pin id="491" dir="0" index="38" bw="32" slack="0"/>
<pin id="492" dir="0" index="39" bw="32" slack="0"/>
<pin id="493" dir="0" index="40" bw="32" slack="0"/>
<pin id="494" dir="0" index="41" bw="32" slack="0"/>
<pin id="495" dir="0" index="42" bw="32" slack="0"/>
<pin id="496" dir="0" index="43" bw="32" slack="0"/>
<pin id="497" dir="0" index="44" bw="32" slack="0"/>
<pin id="498" dir="0" index="45" bw="32" slack="0"/>
<pin id="499" dir="0" index="46" bw="32" slack="0"/>
<pin id="500" dir="0" index="47" bw="32" slack="0"/>
<pin id="501" dir="0" index="48" bw="32" slack="0"/>
<pin id="502" dir="0" index="49" bw="32" slack="0"/>
<pin id="503" dir="0" index="50" bw="32" slack="0"/>
<pin id="504" dir="0" index="51" bw="32" slack="0"/>
<pin id="505" dir="0" index="52" bw="32" slack="0"/>
<pin id="506" dir="0" index="53" bw="32" slack="0"/>
<pin id="507" dir="1" index="54" bw="0" slack="2147483647"/>
</pin_list>
<bind>
<opcode="call(48) " fcode="call"/>
<opset="call_ln60/1 "/>
</bind>
</comp>

<comp id="562" class="1004" name="grp_convolution_1_fu_562">
<pin_list>
<pin id="563" dir="0" index="0" bw="0" slack="0"/>
<pin id="564" dir="0" index="1" bw="32" slack="0"/>
<pin id="565" dir="0" index="2" bw="32" slack="0"/>
<pin id="566" dir="0" index="3" bw="32" slack="0"/>
<pin id="567" dir="0" index="4" bw="32" slack="0"/>
<pin id="568" dir="0" index="5" bw="32" slack="0"/>
<pin id="569" dir="0" index="6" bw="32" slack="0"/>
<pin id="570" dir="0" index="7" bw="32" slack="0"/>
<pin id="571" dir="0" index="8" bw="32" slack="0"/>
<pin id="572" dir="0" index="9" bw="32" slack="0"/>
<pin id="573" dir="0" index="10" bw="32" slack="0"/>
<pin id="574" dir="0" index="11" bw="32" slack="0"/>
<pin id="575" dir="0" index="12" bw="32" slack="0"/>
<pin id="576" dir="0" index="13" bw="32" slack="0"/>
<pin id="577" dir="0" index="14" bw="32" slack="0"/>
<pin id="578" dir="0" index="15" bw="32" slack="0"/>
<pin id="579" dir="0" index="16" bw="32" slack="0"/>
<pin id="580" dir="0" index="17" bw="32" slack="0"/>
<pin id="581" dir="0" index="18" bw="32" slack="0"/>
<pin id="582" dir="0" index="19" bw="32" slack="0"/>
<pin id="583" dir="0" index="20" bw="32" slack="0"/>
<pin id="584" dir="0" index="21" bw="32" slack="0"/>
<pin id="585" dir="0" index="22" bw="32" slack="0"/>
<pin id="586" dir="0" index="23" bw="32" slack="0"/>
<pin id="587" dir="0" index="24" bw="32" slack="0"/>
<pin id="588" dir="0" index="25" bw="32" slack="0"/>
<pin id="589" dir="0" index="26" bw="32" slack="0"/>
<pin id="590" dir="0" index="27" bw="32" slack="0"/>
<pin id="591" dir="0" index="28" bw="32" slack="0"/>
<pin id="592" dir="0" index="29" bw="32" slack="0"/>
<pin id="593" dir="0" index="30" bw="32" slack="0"/>
<pin id="594" dir="0" index="31" bw="32" slack="0"/>
<pin id="595" dir="0" index="32" bw="32" slack="0"/>
<pin id="596" dir="0" index="33" bw="32" slack="0"/>
<pin id="597" dir="0" index="34" bw="32" slack="0"/>
<pin id="598" dir="0" index="35" bw="32" slack="0"/>
<pin id="599" dir="0" index="36" bw="32" slack="0"/>
<pin id="600" dir="0" index="37" bw="32" slack="0"/>
<pin id="601" dir="0" index="38" bw="32" slack="0"/>
<pin id="602" dir="0" index="39" bw="32" slack="0"/>
<pin id="603" dir="0" index="40" bw="32" slack="0"/>
<pin id="604" dir="0" index="41" bw="32" slack="0"/>
<pin id="605" dir="0" index="42" bw="32" slack="0"/>
<pin id="606" dir="0" index="43" bw="32" slack="0"/>
<pin id="607" dir="0" index="44" bw="32" slack="0"/>
<pin id="608" dir="0" index="45" bw="32" slack="0"/>
<pin id="609" dir="0" index="46" bw="32" slack="0"/>
<pin id="610" dir="0" index="47" bw="32" slack="0"/>
<pin id="611" dir="0" index="48" bw="32" slack="0"/>
<pin id="612" dir="0" index="49" bw="32" slack="0"/>
<pin id="613" dir="0" index="50" bw="32" slack="0"/>
<pin id="614" dir="1" index="51" bw="0" slack="2147483647"/>
</pin_list>
<bind>
<opcode="call(48) " fcode="call"/>
<opset="call_ln61/1 "/>
</bind>
</comp>

</comp_list>

<net_list>
<net id="288"><net_src comp="212" pin="0"/><net_sink comp="232" pin=0"/></net>

<net id="289"><net_src comp="0" pin="0"/><net_sink comp="232" pin=1"/></net>

<net id="290"><net_src comp="214" pin="0"/><net_sink comp="232" pin=2"/></net>

<net id="291"><net_src comp="104" pin="0"/><net_sink comp="232" pin=3"/></net>

<net id="292"><net_src comp="112" pin="0"/><net_sink comp="232" pin=4"/></net>

<net id="293"><net_src comp="114" pin="0"/><net_sink comp="232" pin=5"/></net>

<net id="294"><net_src comp="116" pin="0"/><net_sink comp="232" pin=6"/></net>

<net id="295"><net_src comp="118" pin="0"/><net_sink comp="232" pin=7"/></net>

<net id="296"><net_src comp="120" pin="0"/><net_sink comp="232" pin=8"/></net>

<net id="297"><net_src comp="122" pin="0"/><net_sink comp="232" pin=9"/></net>

<net id="298"><net_src comp="124" pin="0"/><net_sink comp="232" pin=10"/></net>

<net id="299"><net_src comp="126" pin="0"/><net_sink comp="232" pin=11"/></net>

<net id="300"><net_src comp="128" pin="0"/><net_sink comp="232" pin=12"/></net>

<net id="301"><net_src comp="130" pin="0"/><net_sink comp="232" pin=13"/></net>

<net id="302"><net_src comp="132" pin="0"/><net_sink comp="232" pin=14"/></net>

<net id="303"><net_src comp="134" pin="0"/><net_sink comp="232" pin=15"/></net>

<net id="304"><net_src comp="136" pin="0"/><net_sink comp="232" pin=16"/></net>

<net id="305"><net_src comp="138" pin="0"/><net_sink comp="232" pin=17"/></net>

<net id="306"><net_src comp="140" pin="0"/><net_sink comp="232" pin=18"/></net>

<net id="307"><net_src comp="142" pin="0"/><net_sink comp="232" pin=19"/></net>

<net id="308"><net_src comp="144" pin="0"/><net_sink comp="232" pin=20"/></net>

<net id="309"><net_src comp="146" pin="0"/><net_sink comp="232" pin=21"/></net>

<net id="310"><net_src comp="148" pin="0"/><net_sink comp="232" pin=22"/></net>

<net id="311"><net_src comp="150" pin="0"/><net_sink comp="232" pin=23"/></net>

<net id="312"><net_src comp="152" pin="0"/><net_sink comp="232" pin=24"/></net>

<net id="313"><net_src comp="154" pin="0"/><net_sink comp="232" pin=25"/></net>

<net id="314"><net_src comp="156" pin="0"/><net_sink comp="232" pin=26"/></net>

<net id="315"><net_src comp="158" pin="0"/><net_sink comp="232" pin=27"/></net>

<net id="316"><net_src comp="160" pin="0"/><net_sink comp="232" pin=28"/></net>

<net id="317"><net_src comp="162" pin="0"/><net_sink comp="232" pin=29"/></net>

<net id="318"><net_src comp="164" pin="0"/><net_sink comp="232" pin=30"/></net>

<net id="319"><net_src comp="166" pin="0"/><net_sink comp="232" pin=31"/></net>

<net id="320"><net_src comp="168" pin="0"/><net_sink comp="232" pin=32"/></net>

<net id="321"><net_src comp="170" pin="0"/><net_sink comp="232" pin=33"/></net>

<net id="322"><net_src comp="172" pin="0"/><net_sink comp="232" pin=34"/></net>

<net id="323"><net_src comp="174" pin="0"/><net_sink comp="232" pin=35"/></net>

<net id="324"><net_src comp="176" pin="0"/><net_sink comp="232" pin=36"/></net>

<net id="325"><net_src comp="178" pin="0"/><net_sink comp="232" pin=37"/></net>

<net id="326"><net_src comp="180" pin="0"/><net_sink comp="232" pin=38"/></net>

<net id="327"><net_src comp="182" pin="0"/><net_sink comp="232" pin=39"/></net>

<net id="328"><net_src comp="184" pin="0"/><net_sink comp="232" pin=40"/></net>

<net id="329"><net_src comp="186" pin="0"/><net_sink comp="232" pin=41"/></net>

<net id="330"><net_src comp="188" pin="0"/><net_sink comp="232" pin=42"/></net>

<net id="331"><net_src comp="190" pin="0"/><net_sink comp="232" pin=43"/></net>

<net id="332"><net_src comp="192" pin="0"/><net_sink comp="232" pin=44"/></net>

<net id="333"><net_src comp="194" pin="0"/><net_sink comp="232" pin=45"/></net>

<net id="334"><net_src comp="196" pin="0"/><net_sink comp="232" pin=46"/></net>

<net id="335"><net_src comp="198" pin="0"/><net_sink comp="232" pin=47"/></net>

<net id="336"><net_src comp="200" pin="0"/><net_sink comp="232" pin=48"/></net>

<net id="337"><net_src comp="202" pin="0"/><net_sink comp="232" pin=49"/></net>

<net id="338"><net_src comp="204" pin="0"/><net_sink comp="232" pin=50"/></net>

<net id="339"><net_src comp="206" pin="0"/><net_sink comp="232" pin=51"/></net>

<net id="340"><net_src comp="208" pin="0"/><net_sink comp="232" pin=52"/></net>

<net id="341"><net_src comp="210" pin="0"/><net_sink comp="232" pin=53"/></net>

<net id="398"><net_src comp="212" pin="0"/><net_sink comp="342" pin=0"/></net>

<net id="399"><net_src comp="2" pin="0"/><net_sink comp="342" pin=1"/></net>

<net id="400"><net_src comp="216" pin="0"/><net_sink comp="342" pin=2"/></net>

<net id="401"><net_src comp="106" pin="0"/><net_sink comp="342" pin=3"/></net>

<net id="402"><net_src comp="112" pin="0"/><net_sink comp="342" pin=4"/></net>

<net id="403"><net_src comp="114" pin="0"/><net_sink comp="342" pin=5"/></net>

<net id="404"><net_src comp="116" pin="0"/><net_sink comp="342" pin=6"/></net>

<net id="405"><net_src comp="118" pin="0"/><net_sink comp="342" pin=7"/></net>

<net id="406"><net_src comp="120" pin="0"/><net_sink comp="342" pin=8"/></net>

<net id="407"><net_src comp="122" pin="0"/><net_sink comp="342" pin=9"/></net>

<net id="408"><net_src comp="124" pin="0"/><net_sink comp="342" pin=10"/></net>

<net id="409"><net_src comp="126" pin="0"/><net_sink comp="342" pin=11"/></net>

<net id="410"><net_src comp="128" pin="0"/><net_sink comp="342" pin=12"/></net>

<net id="411"><net_src comp="130" pin="0"/><net_sink comp="342" pin=13"/></net>

<net id="412"><net_src comp="132" pin="0"/><net_sink comp="342" pin=14"/></net>

<net id="413"><net_src comp="134" pin="0"/><net_sink comp="342" pin=15"/></net>

<net id="414"><net_src comp="136" pin="0"/><net_sink comp="342" pin=16"/></net>

<net id="415"><net_src comp="138" pin="0"/><net_sink comp="342" pin=17"/></net>

<net id="416"><net_src comp="140" pin="0"/><net_sink comp="342" pin=18"/></net>

<net id="417"><net_src comp="142" pin="0"/><net_sink comp="342" pin=19"/></net>

<net id="418"><net_src comp="144" pin="0"/><net_sink comp="342" pin=20"/></net>

<net id="419"><net_src comp="146" pin="0"/><net_sink comp="342" pin=21"/></net>

<net id="420"><net_src comp="148" pin="0"/><net_sink comp="342" pin=22"/></net>

<net id="421"><net_src comp="150" pin="0"/><net_sink comp="342" pin=23"/></net>

<net id="422"><net_src comp="152" pin="0"/><net_sink comp="342" pin=24"/></net>

<net id="423"><net_src comp="154" pin="0"/><net_sink comp="342" pin=25"/></net>

<net id="424"><net_src comp="156" pin="0"/><net_sink comp="342" pin=26"/></net>

<net id="425"><net_src comp="158" pin="0"/><net_sink comp="342" pin=27"/></net>

<net id="426"><net_src comp="160" pin="0"/><net_sink comp="342" pin=28"/></net>

<net id="427"><net_src comp="162" pin="0"/><net_sink comp="342" pin=29"/></net>

<net id="428"><net_src comp="164" pin="0"/><net_sink comp="342" pin=30"/></net>

<net id="429"><net_src comp="166" pin="0"/><net_sink comp="342" pin=31"/></net>

<net id="430"><net_src comp="168" pin="0"/><net_sink comp="342" pin=32"/></net>

<net id="431"><net_src comp="170" pin="0"/><net_sink comp="342" pin=33"/></net>

<net id="432"><net_src comp="172" pin="0"/><net_sink comp="342" pin=34"/></net>

<net id="433"><net_src comp="174" pin="0"/><net_sink comp="342" pin=35"/></net>

<net id="434"><net_src comp="176" pin="0"/><net_sink comp="342" pin=36"/></net>

<net id="435"><net_src comp="178" pin="0"/><net_sink comp="342" pin=37"/></net>

<net id="436"><net_src comp="180" pin="0"/><net_sink comp="342" pin=38"/></net>

<net id="437"><net_src comp="182" pin="0"/><net_sink comp="342" pin=39"/></net>

<net id="438"><net_src comp="184" pin="0"/><net_sink comp="342" pin=40"/></net>

<net id="439"><net_src comp="186" pin="0"/><net_sink comp="342" pin=41"/></net>

<net id="440"><net_src comp="188" pin="0"/><net_sink comp="342" pin=42"/></net>

<net id="441"><net_src comp="190" pin="0"/><net_sink comp="342" pin=43"/></net>

<net id="442"><net_src comp="192" pin="0"/><net_sink comp="342" pin=44"/></net>

<net id="443"><net_src comp="194" pin="0"/><net_sink comp="342" pin=45"/></net>

<net id="444"><net_src comp="196" pin="0"/><net_sink comp="342" pin=46"/></net>

<net id="445"><net_src comp="198" pin="0"/><net_sink comp="342" pin=47"/></net>

<net id="446"><net_src comp="200" pin="0"/><net_sink comp="342" pin=48"/></net>

<net id="447"><net_src comp="202" pin="0"/><net_sink comp="342" pin=49"/></net>

<net id="448"><net_src comp="204" pin="0"/><net_sink comp="342" pin=50"/></net>

<net id="449"><net_src comp="206" pin="0"/><net_sink comp="342" pin=51"/></net>

<net id="450"><net_src comp="208" pin="0"/><net_sink comp="342" pin=52"/></net>

<net id="451"><net_src comp="210" pin="0"/><net_sink comp="342" pin=53"/></net>

<net id="508"><net_src comp="212" pin="0"/><net_sink comp="452" pin=0"/></net>

<net id="509"><net_src comp="4" pin="0"/><net_sink comp="452" pin=1"/></net>

<net id="510"><net_src comp="218" pin="0"/><net_sink comp="452" pin=2"/></net>

<net id="511"><net_src comp="108" pin="0"/><net_sink comp="452" pin=3"/></net>

<net id="512"><net_src comp="112" pin="0"/><net_sink comp="452" pin=4"/></net>

<net id="513"><net_src comp="114" pin="0"/><net_sink comp="452" pin=5"/></net>

<net id="514"><net_src comp="116" pin="0"/><net_sink comp="452" pin=6"/></net>

<net id="515"><net_src comp="118" pin="0"/><net_sink comp="452" pin=7"/></net>

<net id="516"><net_src comp="120" pin="0"/><net_sink comp="452" pin=8"/></net>

<net id="517"><net_src comp="122" pin="0"/><net_sink comp="452" pin=9"/></net>

<net id="518"><net_src comp="124" pin="0"/><net_sink comp="452" pin=10"/></net>

<net id="519"><net_src comp="126" pin="0"/><net_sink comp="452" pin=11"/></net>

<net id="520"><net_src comp="128" pin="0"/><net_sink comp="452" pin=12"/></net>

<net id="521"><net_src comp="130" pin="0"/><net_sink comp="452" pin=13"/></net>

<net id="522"><net_src comp="132" pin="0"/><net_sink comp="452" pin=14"/></net>

<net id="523"><net_src comp="134" pin="0"/><net_sink comp="452" pin=15"/></net>

<net id="524"><net_src comp="136" pin="0"/><net_sink comp="452" pin=16"/></net>

<net id="525"><net_src comp="138" pin="0"/><net_sink comp="452" pin=17"/></net>

<net id="526"><net_src comp="140" pin="0"/><net_sink comp="452" pin=18"/></net>

<net id="527"><net_src comp="142" pin="0"/><net_sink comp="452" pin=19"/></net>

<net id="528"><net_src comp="144" pin="0"/><net_sink comp="452" pin=20"/></net>

<net id="529"><net_src comp="146" pin="0"/><net_sink comp="452" pin=21"/></net>

<net id="530"><net_src comp="148" pin="0"/><net_sink comp="452" pin=22"/></net>

<net id="531"><net_src comp="150" pin="0"/><net_sink comp="452" pin=23"/></net>

<net id="532"><net_src comp="152" pin="0"/><net_sink comp="452" pin=24"/></net>

<net id="533"><net_src comp="154" pin="0"/><net_sink comp="452" pin=25"/></net>

<net id="534"><net_src comp="156" pin="0"/><net_sink comp="452" pin=26"/></net>

<net id="535"><net_src comp="158" pin="0"/><net_sink comp="452" pin=27"/></net>

<net id="536"><net_src comp="160" pin="0"/><net_sink comp="452" pin=28"/></net>

<net id="537"><net_src comp="162" pin="0"/><net_sink comp="452" pin=29"/></net>

<net id="538"><net_src comp="164" pin="0"/><net_sink comp="452" pin=30"/></net>

<net id="539"><net_src comp="166" pin="0"/><net_sink comp="452" pin=31"/></net>

<net id="540"><net_src comp="168" pin="0"/><net_sink comp="452" pin=32"/></net>

<net id="541"><net_src comp="170" pin="0"/><net_sink comp="452" pin=33"/></net>

<net id="542"><net_src comp="172" pin="0"/><net_sink comp="452" pin=34"/></net>

<net id="543"><net_src comp="174" pin="0"/><net_sink comp="452" pin=35"/></net>

<net id="544"><net_src comp="176" pin="0"/><net_sink comp="452" pin=36"/></net>

<net id="545"><net_src comp="178" pin="0"/><net_sink comp="452" pin=37"/></net>

<net id="546"><net_src comp="180" pin="0"/><net_sink comp="452" pin=38"/></net>

<net id="547"><net_src comp="182" pin="0"/><net_sink comp="452" pin=39"/></net>

<net id="548"><net_src comp="184" pin="0"/><net_sink comp="452" pin=40"/></net>

<net id="549"><net_src comp="186" pin="0"/><net_sink comp="452" pin=41"/></net>

<net id="550"><net_src comp="188" pin="0"/><net_sink comp="452" pin=42"/></net>

<net id="551"><net_src comp="190" pin="0"/><net_sink comp="452" pin=43"/></net>

<net id="552"><net_src comp="192" pin="0"/><net_sink comp="452" pin=44"/></net>

<net id="553"><net_src comp="194" pin="0"/><net_sink comp="452" pin=45"/></net>

<net id="554"><net_src comp="196" pin="0"/><net_sink comp="452" pin=46"/></net>

<net id="555"><net_src comp="198" pin="0"/><net_sink comp="452" pin=47"/></net>

<net id="556"><net_src comp="200" pin="0"/><net_sink comp="452" pin=48"/></net>

<net id="557"><net_src comp="202" pin="0"/><net_sink comp="452" pin=49"/></net>

<net id="558"><net_src comp="204" pin="0"/><net_sink comp="452" pin=50"/></net>

<net id="559"><net_src comp="206" pin="0"/><net_sink comp="452" pin=51"/></net>

<net id="560"><net_src comp="208" pin="0"/><net_sink comp="452" pin=52"/></net>

<net id="561"><net_src comp="210" pin="0"/><net_sink comp="452" pin=53"/></net>

<net id="615"><net_src comp="220" pin="0"/><net_sink comp="562" pin=0"/></net>

<net id="616"><net_src comp="6" pin="0"/><net_sink comp="562" pin=1"/></net>

<net id="617"><net_src comp="8" pin="0"/><net_sink comp="562" pin=2"/></net>

<net id="618"><net_src comp="10" pin="0"/><net_sink comp="562" pin=3"/></net>

<net id="619"><net_src comp="12" pin="0"/><net_sink comp="562" pin=4"/></net>

<net id="620"><net_src comp="14" pin="0"/><net_sink comp="562" pin=5"/></net>

<net id="621"><net_src comp="16" pin="0"/><net_sink comp="562" pin=6"/></net>

<net id="622"><net_src comp="18" pin="0"/><net_sink comp="562" pin=7"/></net>

<net id="623"><net_src comp="20" pin="0"/><net_sink comp="562" pin=8"/></net>

<net id="624"><net_src comp="22" pin="0"/><net_sink comp="562" pin=9"/></net>

<net id="625"><net_src comp="24" pin="0"/><net_sink comp="562" pin=10"/></net>

<net id="626"><net_src comp="26" pin="0"/><net_sink comp="562" pin=11"/></net>

<net id="627"><net_src comp="28" pin="0"/><net_sink comp="562" pin=12"/></net>

<net id="628"><net_src comp="30" pin="0"/><net_sink comp="562" pin=13"/></net>

<net id="629"><net_src comp="32" pin="0"/><net_sink comp="562" pin=14"/></net>

<net id="630"><net_src comp="34" pin="0"/><net_sink comp="562" pin=15"/></net>

<net id="631"><net_src comp="36" pin="0"/><net_sink comp="562" pin=16"/></net>

<net id="632"><net_src comp="38" pin="0"/><net_sink comp="562" pin=17"/></net>

<net id="633"><net_src comp="40" pin="0"/><net_sink comp="562" pin=18"/></net>

<net id="634"><net_src comp="42" pin="0"/><net_sink comp="562" pin=19"/></net>

<net id="635"><net_src comp="44" pin="0"/><net_sink comp="562" pin=20"/></net>

<net id="636"><net_src comp="46" pin="0"/><net_sink comp="562" pin=21"/></net>

<net id="637"><net_src comp="48" pin="0"/><net_sink comp="562" pin=22"/></net>

<net id="638"><net_src comp="50" pin="0"/><net_sink comp="562" pin=23"/></net>

<net id="639"><net_src comp="52" pin="0"/><net_sink comp="562" pin=24"/></net>

<net id="640"><net_src comp="54" pin="0"/><net_sink comp="562" pin=25"/></net>

<net id="641"><net_src comp="56" pin="0"/><net_sink comp="562" pin=26"/></net>

<net id="642"><net_src comp="58" pin="0"/><net_sink comp="562" pin=27"/></net>

<net id="643"><net_src comp="60" pin="0"/><net_sink comp="562" pin=28"/></net>

<net id="644"><net_src comp="62" pin="0"/><net_sink comp="562" pin=29"/></net>

<net id="645"><net_src comp="64" pin="0"/><net_sink comp="562" pin=30"/></net>

<net id="646"><net_src comp="66" pin="0"/><net_sink comp="562" pin=31"/></net>

<net id="647"><net_src comp="68" pin="0"/><net_sink comp="562" pin=32"/></net>

<net id="648"><net_src comp="70" pin="0"/><net_sink comp="562" pin=33"/></net>

<net id="649"><net_src comp="72" pin="0"/><net_sink comp="562" pin=34"/></net>

<net id="650"><net_src comp="74" pin="0"/><net_sink comp="562" pin=35"/></net>

<net id="651"><net_src comp="76" pin="0"/><net_sink comp="562" pin=36"/></net>

<net id="652"><net_src comp="78" pin="0"/><net_sink comp="562" pin=37"/></net>

<net id="653"><net_src comp="80" pin="0"/><net_sink comp="562" pin=38"/></net>

<net id="654"><net_src comp="82" pin="0"/><net_sink comp="562" pin=39"/></net>

<net id="655"><net_src comp="84" pin="0"/><net_sink comp="562" pin=40"/></net>

<net id="656"><net_src comp="86" pin="0"/><net_sink comp="562" pin=41"/></net>

<net id="657"><net_src comp="88" pin="0"/><net_sink comp="562" pin=42"/></net>

<net id="658"><net_src comp="90" pin="0"/><net_sink comp="562" pin=43"/></net>

<net id="659"><net_src comp="92" pin="0"/><net_sink comp="562" pin=44"/></net>

<net id="660"><net_src comp="94" pin="0"/><net_sink comp="562" pin=45"/></net>

<net id="661"><net_src comp="96" pin="0"/><net_sink comp="562" pin=46"/></net>

<net id="662"><net_src comp="98" pin="0"/><net_sink comp="562" pin=47"/></net>

<net id="663"><net_src comp="100" pin="0"/><net_sink comp="562" pin=48"/></net>

<net id="664"><net_src comp="102" pin="0"/><net_sink comp="562" pin=49"/></net>

<net id="665"><net_src comp="110" pin="0"/><net_sink comp="562" pin=50"/></net>

</net_list>

</model> 
---------------- Datapath Model END ------------------

* FSMD analyzer results:
  - Output states:
	Port: conv_to_pool_streams_0 | {1 2 }
	Port: conv_to_pool_streams_1 | {1 2 }
	Port: conv_to_pool_streams_2 | {1 2 }
	Port: conv_to_pool_streams_3 | {1 2 }
 - Input state : 
	Port: convolutional_layer : pad_img0 | {1 2 }
	Port: convolutional_layer : pad_img1 | {1 2 }
	Port: convolutional_layer : pad_img2 | {1 2 }
	Port: convolutional_layer : pad_img3_0_0 | {1 2 }
	Port: convolutional_layer : pad_img3_0_1 | {1 2 }
	Port: convolutional_layer : pad_img3_0_2 | {1 2 }
	Port: convolutional_layer : pad_img3_0_3 | {1 2 }
	Port: convolutional_layer : pad_img3_0_4 | {1 2 }
	Port: convolutional_layer : pad_img3_0_5 | {1 2 }
	Port: convolutional_layer : pad_img3_0_6 | {1 2 }
	Port: convolutional_layer : pad_img3_1_0 | {1 2 }
	Port: convolutional_layer : pad_img3_1_1 | {1 2 }
	Port: convolutional_layer : pad_img3_1_2 | {1 2 }
	Port: convolutional_layer : pad_img3_1_3 | {1 2 }
	Port: convolutional_layer : pad_img3_1_4 | {1 2 }
	Port: convolutional_layer : pad_img3_1_5 | {1 2 }
	Port: convolutional_layer : pad_img3_1_6 | {1 2 }
	Port: convolutional_layer : pad_img3_2_0 | {1 2 }
	Port: convolutional_layer : pad_img3_2_1 | {1 2 }
	Port: convolutional_layer : pad_img3_2_2 | {1 2 }
	Port: convolutional_layer : pad_img3_2_3 | {1 2 }
	Port: convolutional_layer : pad_img3_2_4 | {1 2 }
	Port: convolutional_layer : pad_img3_2_5 | {1 2 }
	Port: convolutional_layer : pad_img3_2_6 | {1 2 }
	Port: convolutional_layer : pad_img3_3_0 | {1 2 }
	Port: convolutional_layer : pad_img3_3_1 | {1 2 }
	Port: convolutional_layer : pad_img3_3_2 | {1 2 }
	Port: convolutional_layer : pad_img3_3_3 | {1 2 }
	Port: convolutional_layer : pad_img3_3_4 | {1 2 }
	Port: convolutional_layer : pad_img3_3_5 | {1 2 }
	Port: convolutional_layer : pad_img3_3_6 | {1 2 }
	Port: convolutional_layer : pad_img3_4_0 | {1 2 }
	Port: convolutional_layer : pad_img3_4_1 | {1 2 }
	Port: convolutional_layer : pad_img3_4_2 | {1 2 }
	Port: convolutional_layer : pad_img3_4_3 | {1 2 }
	Port: convolutional_layer : pad_img3_4_4 | {1 2 }
	Port: convolutional_layer : pad_img3_4_5 | {1 2 }
	Port: convolutional_layer : pad_img3_4_6 | {1 2 }
	Port: convolutional_layer : pad_img3_5_0 | {1 2 }
	Port: convolutional_layer : pad_img3_5_1 | {1 2 }
	Port: convolutional_layer : pad_img3_5_2 | {1 2 }
	Port: convolutional_layer : pad_img3_5_3 | {1 2 }
	Port: convolutional_layer : pad_img3_5_4 | {1 2 }
	Port: convolutional_layer : pad_img3_5_5 | {1 2 }
	Port: convolutional_layer : pad_img3_5_6 | {1 2 }
	Port: convolutional_layer : pad_img3_6_0 | {1 2 }
	Port: convolutional_layer : pad_img3_6_1 | {1 2 }
	Port: convolutional_layer : pad_img3_6_2 | {1 2 }
	Port: convolutional_layer : pad_img3_6_3 | {1 2 }
	Port: convolutional_layer : pad_img3_6_4 | {1 2 }
	Port: convolutional_layer : pad_img3_6_5 | {1 2 }
	Port: convolutional_layer : pad_img3_6_6 | {1 2 }
	Port: convolutional_layer : conv_biases | {1 2 }
	Port: convolutional_layer : conv_weights_0_0 | {1 2 }
	Port: convolutional_layer : conv_weights_0_1 | {1 2 }
	Port: convolutional_layer : conv_weights_0_2 | {1 2 }
	Port: convolutional_layer : conv_weights_0_3 | {1 2 }
	Port: convolutional_layer : conv_weights_0_4 | {1 2 }
	Port: convolutional_layer : conv_weights_0_5 | {1 2 }
	Port: convolutional_layer : conv_weights_0_6 | {1 2 }
	Port: convolutional_layer : conv_weights_1_0 | {1 2 }
	Port: convolutional_layer : conv_weights_1_1 | {1 2 }
	Port: convolutional_layer : conv_weights_1_2 | {1 2 }
	Port: convolutional_layer : conv_weights_1_3 | {1 2 }
	Port: convolutional_layer : conv_weights_1_4 | {1 2 }
	Port: convolutional_layer : conv_weights_1_5 | {1 2 }
	Port: convolutional_layer : conv_weights_1_6 | {1 2 }
	Port: convolutional_layer : conv_weights_2_0 | {1 2 }
	Port: convolutional_layer : conv_weights_2_1 | {1 2 }
	Port: convolutional_layer : conv_weights_2_2 | {1 2 }
	Port: convolutional_layer : conv_weights_2_3 | {1 2 }
	Port: convolutional_layer : conv_weights_2_4 | {1 2 }
	Port: convolutional_layer : conv_weights_2_5 | {1 2 }
	Port: convolutional_layer : conv_weights_2_6 | {1 2 }
	Port: convolutional_layer : conv_weights_3_0 | {1 2 }
	Port: convolutional_layer : conv_weights_3_1 | {1 2 }
	Port: convolutional_layer : conv_weights_3_2 | {1 2 }
	Port: convolutional_layer : conv_weights_3_3 | {1 2 }
	Port: convolutional_layer : conv_weights_3_4 | {1 2 }
	Port: convolutional_layer : conv_weights_3_5 | {1 2 }
	Port: convolutional_layer : conv_weights_3_6 | {1 2 }
	Port: convolutional_layer : conv_weights_4_0 | {1 2 }
	Port: convolutional_layer : conv_weights_4_1 | {1 2 }
	Port: convolutional_layer : conv_weights_4_2 | {1 2 }
	Port: convolutional_layer : conv_weights_4_3 | {1 2 }
	Port: convolutional_layer : conv_weights_4_4 | {1 2 }
	Port: convolutional_layer : conv_weights_4_5 | {1 2 }
	Port: convolutional_layer : conv_weights_4_6 | {1 2 }
	Port: convolutional_layer : conv_weights_5_0 | {1 2 }
	Port: convolutional_layer : conv_weights_5_1 | {1 2 }
	Port: convolutional_layer : conv_weights_5_2 | {1 2 }
	Port: convolutional_layer : conv_weights_5_3 | {1 2 }
	Port: convolutional_layer : conv_weights_5_4 | {1 2 }
	Port: convolutional_layer : conv_weights_5_5 | {1 2 }
	Port: convolutional_layer : conv_weights_5_6 | {1 2 }
	Port: convolutional_layer : conv_weights_6_0 | {1 2 }
	Port: convolutional_layer : conv_weights_6_1 | {1 2 }
	Port: convolutional_layer : conv_weights_6_2 | {1 2 }
	Port: convolutional_layer : conv_weights_6_3 | {1 2 }
	Port: convolutional_layer : conv_weights_6_4 | {1 2 }
	Port: convolutional_layer : conv_weights_6_5 | {1 2 }
	Port: convolutional_layer : conv_weights_6_6 | {1 2 }
  - Chain level:
	State 1
	State 2


============================================================
+ Verbose Summary: Datapath Resource usage 
============================================================

* Functional unit list:
|----------|--------------------------|---------|---------|---------|---------|
| Operation|      Functional Unit     |   DSP   |  Delay  |    FF   |   LUT   |
|----------|--------------------------|---------|---------|---------|---------|
|          |  grp_convolution_fu_232  |    10   | 190.129 |   7118  |   4501  |
|   call   |  grp_convolution_fu_342  |    10   | 190.129 |   7118  |   4501  |
|          |  grp_convolution_fu_452  |    10   | 190.129 |   7118  |   4501  |
|          | grp_convolution_1_fu_562 |   253   | 207.324 |  34325  |  64356  |
|----------|--------------------------|---------|---------|---------|---------|
|   Total  |                          |   283   | 777.711 |  55679  |  77859  |
|----------|--------------------------|---------|---------|---------|---------|

Memories:
N/A

* Register list:
N/A

* Multiplexer (MUX) list: 
|--------|------|------|------|--------|
|  Comp  |  Pin | Size |  BW  | S x BW |
|--------|------|------|------|--------|
|  Total |      |      |      |    0   |
|--------|------|------|------|--------|



* Summary:
+-----------+--------+--------+--------+--------+
|           |   DSP  |  Delay |   FF   |   LUT  |
+-----------+--------+--------+--------+--------+
|  Function |   283  |   777  |  55679 |  77859 |
|   Memory  |    -   |    -   |    -   |    -   |
|Multiplexer|    -   |    -   |    -   |    -   |
|  Register |    -   |    -   |    -   |    -   |
+-----------+--------+--------+--------+--------+
|   Total   |   283  |   777  |  55679 |  77859 |
+-----------+--------+--------+--------+--------+
