

================================================================
== Vitis HLS Report for 'dataflow_section_Pipeline_flat_for_rows_flat_for_cols4'
================================================================
* Date:           Thu Jan 23 14:50:47 2025

* Version:        2023.2 (Build 4023990 on Oct 11 2023)
* Project:        CNN_Optimal
* Solution:       solution1 (Vivado IP Flow Target)
* Product family: zynq
* Target device:  xc7z010-clg400-1


================================================================
== Performance Estimates
================================================================
+ Timing: 
    * Summary: 
    +--------+----------+----------+------------+
    |  Clock |  Target  | Estimated| Uncertainty|
    +--------+----------+----------+------------+
    |ap_clk  |  10.00 ns|  7.254 ns|     2.70 ns|
    +--------+----------+----------+------------+

+ Latency: 
    * Summary: 
    +---------+---------+----------+----------+-----+-----+---------+
    |  Latency (cycles) |  Latency (absolute) |  Interval | Pipeline|
    |   min   |   max   |    min   |    max   | min | max |   Type  |
    +---------+---------+----------+----------+-----+-----+---------+
    |      198|      198|  1.980 us|  1.980 us|  198|  198|       no|
    +---------+---------+----------+----------+-----+-----+---------+

    + Detail: 
        * Instance: 
        N/A

        * Loop: 
        +-------------------------------+---------+---------+----------+-----------+-----------+------+----------+
        |                               |  Latency (cycles) | Iteration|  Initiation Interval  | Trip |          |
        |           Loop Name           |   min   |   max   |  Latency |  achieved |   target  | Count| Pipelined|
        +-------------------------------+---------+---------+----------+-----------+-----------+------+----------+
        |- flat_for_rows_flat_for_cols  |      196|      196|         2|          1|          1|   196|       yes|
        +-------------------------------+---------+---------+----------+-----------+-----------+------+----------+

============================================================
+ Verbose Summary: Synthesis Manager
============================================================
InlineROM: 1
ExposeGlobal: 0
============================================================
+ Verbose Summary: CDFG Model
============================================================
IsTopModel: 0
ResetActiveHigh: 1
IsCombinational: 0
IsDatapathOnly: 0
HasWiredReturn: 1
HasMFsm: 2
HasVarLatency: 1
IsPipeline: 0
IsRtlPipelined: 0
IsInstanceOverlapped: 0
IsDontTouch: 0
HasImplIP: 0
IsGatedGlobalClock: 0

+ Individual pipeline summary: 
  * Pipeline-0: initiation interval (II) = 1, depth = 2


============================================================
+ Verbose Summary: Schedule
============================================================
* Number of FSM states : 2
* Pipeline : 1
  Pipeline-0 : II = 1, D = 2, States = { 1 2 }
* Dataflow Pipeline: 0

* FSM state transitions: 
1 --> 2 
2 --> 

* FSM state operations: 

State 1 <SV = 0> <Delay = 5.09>
ST_1 : Operation 5 [1/1] (0.00ns)   --->   "%indvar_flatten6 = alloca i32 1"   --->   Operation 5 'alloca' 'indvar_flatten6' <Predicate = true> <Delay = 0.00>
ST_1 : Operation 6 [1/1] (0.00ns)   --->   "%specinterface_ln0 = specinterface void @_ssdm_op_SpecInterface, i32 %flat_to_dense_streams_1, void @empty_0, i32 0, i32 0, void @empty_1, i32 0, i32 0, void @empty_1, void @empty_1, void @empty_1, i32 0, i32 0, i32 0, i32 0, void @empty_1, void @empty_1, i32 4294967295, i32 0"   --->   Operation 6 'specinterface' 'specinterface_ln0' <Predicate = true> <Delay = 0.00>
ST_1 : Operation 7 [1/1] (0.00ns)   --->   "%specinterface_ln0 = specinterface void @_ssdm_op_SpecInterface, i32 %pool_to_flat_streams_1, void @empty_0, i32 0, i32 0, void @empty_1, i32 0, i32 0, void @empty_1, void @empty_1, void @empty_1, i32 0, i32 0, i32 0, i32 0, void @empty_1, void @empty_1, i32 4294967295, i32 0"   --->   Operation 7 'specinterface' 'specinterface_ln0' <Predicate = true> <Delay = 0.00>
ST_1 : Operation 8 [1/1] (1.58ns)   --->   "%store_ln0 = store i8 0, i8 %indvar_flatten6"   --->   Operation 8 'store' 'store_ln0' <Predicate = true> <Delay = 1.58>
ST_1 : Operation 9 [1/1] (0.00ns)   --->   "%br_ln0 = br void %for.inc.i9.i"   --->   Operation 9 'br' 'br_ln0' <Predicate = true> <Delay = 0.00>
ST_1 : Operation 10 [1/1] (0.00ns)   --->   "%indvar_flatten6_load = load i8 %indvar_flatten6" [CNN_Optimal/src/flat.cpp:6->CNN_Optimal/src/flat.cpp:19->CNN_Optimal/src/cnn.cpp:54]   --->   Operation 10 'load' 'indvar_flatten6_load' <Predicate = true> <Delay = 0.00>
ST_1 : Operation 11 [1/1] (1.91ns)   --->   "%icmp_ln6 = icmp_eq  i8 %indvar_flatten6_load, i8 196" [CNN_Optimal/src/flat.cpp:6->CNN_Optimal/src/flat.cpp:19->CNN_Optimal/src/cnn.cpp:54]   --->   Operation 11 'icmp' 'icmp_ln6' <Predicate = true> <Delay = 1.91> <CoreInst = "Cmp">   --->   Core 9 'Cmp' <Latency = 0> <II = 1> <Delay = 1.91> <FuncUnit> <Opcode : 'icmp'> <InPorts = 2> <OutPorts = 1>
ST_1 : Operation 12 [1/1] (1.91ns)   --->   "%add_ln6 = add i8 %indvar_flatten6_load, i8 1" [CNN_Optimal/src/flat.cpp:6->CNN_Optimal/src/flat.cpp:19->CNN_Optimal/src/cnn.cpp:54]   --->   Operation 12 'add' 'add_ln6' <Predicate = true> <Delay = 1.91> <CoreInst = "Adder">   --->   Core 1 'Adder' <Latency = 0> <II = 1> <Delay = 1.91> <FuncUnit> <Opcode : 'add' 'sub'> <InPorts = 2> <OutPorts = 1>
ST_1 : Operation 13 [1/1] (0.00ns)   --->   "%br_ln6 = br i1 %icmp_ln6, void %for.inc5.i12.i, void %for.inc.i19.i.preheader.exitStub" [CNN_Optimal/src/flat.cpp:6->CNN_Optimal/src/flat.cpp:19->CNN_Optimal/src/cnn.cpp:54]   --->   Operation 13 'br' 'br_ln6' <Predicate = true> <Delay = 0.00>
ST_1 : Operation 14 [1/1] (1.58ns)   --->   "%store_ln6 = store i8 %add_ln6, i8 %indvar_flatten6" [CNN_Optimal/src/flat.cpp:6->CNN_Optimal/src/flat.cpp:19->CNN_Optimal/src/cnn.cpp:54]   --->   Operation 14 'store' 'store_ln6' <Predicate = (!icmp_ln6)> <Delay = 1.58>
ST_1 : Operation 21 [1/1] (0.00ns)   --->   "%ret_ln0 = ret"   --->   Operation 21 'ret' 'ret_ln0' <Predicate = (icmp_ln6)> <Delay = 0.00>

State 2 <SV = 1> <Delay = 7.25>
ST_2 : Operation 15 [1/1] (0.00ns)   --->   "%specloopname_ln0 = specloopname void @_ssdm_op_SpecLoopName, void @flat_for_rows_flat_for_cols_str"   --->   Operation 15 'specloopname' 'specloopname_ln0' <Predicate = true> <Delay = 0.00>
ST_2 : Operation 16 [1/1] (0.00ns)   --->   "%speclooptripcount_ln0 = speclooptripcount void @_ssdm_op_SpecLoopTripCount, i64 196, i64 196, i64 196"   --->   Operation 16 'speclooptripcount' 'speclooptripcount_ln0' <Predicate = true> <Delay = 0.00>
ST_2 : Operation 17 [1/1] (0.00ns)   --->   "%specpipeline_ln9 = specpipeline void @_ssdm_op_SpecPipeline, i32 4294967295, i32 0, i32 0, i32 0, void @empty_1" [CNN_Optimal/src/flat.cpp:9->CNN_Optimal/src/flat.cpp:19->CNN_Optimal/src/cnn.cpp:54]   --->   Operation 17 'specpipeline' 'specpipeline_ln9' <Predicate = true> <Delay = 0.00>
ST_2 : Operation 18 [1/1] (3.62ns)   --->   "%pool_to_flat_streams_1_read = read i32 @_ssdm_op_Read.ap_fifo.volatile.i32P0A, i32 %pool_to_flat_streams_1" [CNN_Optimal/src/flat.cpp:11->CNN_Optimal/src/flat.cpp:19->CNN_Optimal/src/cnn.cpp:54]   --->   Operation 18 'read' 'pool_to_flat_streams_1_read' <Predicate = true> <Delay = 3.62> <CoreInst = "FIFO">   --->   Core 78 'FIFO' <Latency = 0> <II = 1> <Delay = 3.62> <Storage> <Opcode : 'read' 'write' 'nbread' 'nbwrite'> <Ports = 0> <Width = 32> <Depth = 196> <FIFO>
ST_2 : Operation 19 [1/1] (3.62ns)   --->   "%write_ln11 = write void @_ssdm_op_Write.ap_fifo.volatile.i32P0A, i32 %flat_to_dense_streams_1, i32 %pool_to_flat_streams_1_read" [CNN_Optimal/src/flat.cpp:11->CNN_Optimal/src/flat.cpp:19->CNN_Optimal/src/cnn.cpp:54]   --->   Operation 19 'write' 'write_ln11' <Predicate = true> <Delay = 3.62> <CoreInst = "FIFO">   --->   Core 78 'FIFO' <Latency = 0> <II = 1> <Delay = 3.62> <Storage> <Opcode : 'read' 'write' 'nbread' 'nbwrite'> <Ports = 0> <Width = 32> <Depth = 196> <FIFO>
ST_2 : Operation 20 [1/1] (0.00ns)   --->   "%br_ln9 = br void %for.inc.i9.i" [CNN_Optimal/src/flat.cpp:9->CNN_Optimal/src/flat.cpp:19->CNN_Optimal/src/cnn.cpp:54]   --->   Operation 20 'br' 'br_ln9' <Predicate = true> <Delay = 0.00>


============================================================
+ Verbose Summary: Timing violations
============================================================
Target clock period: 10.000ns, clock uncertainty: 2.700ns.

 <State 1>: 5.091ns
The critical path consists of the following:
	'store' operation 0 bit ('store_ln0') of constant 0 on local variable 'indvar_flatten6' [6]  (1.588 ns)
	'load' operation 8 bit ('indvar_flatten6_load', CNN_Optimal/src/flat.cpp:6->CNN_Optimal/src/flat.cpp:19->CNN_Optimal/src/cnn.cpp:54) on local variable 'indvar_flatten6' [9]  (0.000 ns)
	'icmp' operation 1 bit ('icmp_ln6', CNN_Optimal/src/flat.cpp:6->CNN_Optimal/src/flat.cpp:19->CNN_Optimal/src/cnn.cpp:54) [10]  (1.915 ns)
	'store' operation 0 bit ('store_ln6', CNN_Optimal/src/flat.cpp:6->CNN_Optimal/src/flat.cpp:19->CNN_Optimal/src/cnn.cpp:54) of variable 'add_ln6', CNN_Optimal/src/flat.cpp:6->CNN_Optimal/src/flat.cpp:19->CNN_Optimal/src/cnn.cpp:54 on local variable 'indvar_flatten6' [19]  (1.588 ns)

 <State 2>: 7.254ns
The critical path consists of the following:
	fifo read operation ('pool_to_flat_streams_1_read', CNN_Optimal/src/flat.cpp:11->CNN_Optimal/src/flat.cpp:19->CNN_Optimal/src/cnn.cpp:54) on port 'pool_to_flat_streams_1' (CNN_Optimal/src/flat.cpp:11->CNN_Optimal/src/flat.cpp:19->CNN_Optimal/src/cnn.cpp:54) [17]  (3.627 ns)
	fifo write operation ('write_ln11', CNN_Optimal/src/flat.cpp:11->CNN_Optimal/src/flat.cpp:19->CNN_Optimal/src/cnn.cpp:54) on port 'flat_to_dense_streams_1' (CNN_Optimal/src/flat.cpp:11->CNN_Optimal/src/flat.cpp:19->CNN_Optimal/src/cnn.cpp:54) [18]  (3.627 ns)


============================================================
+ Verbose Summary: Binding
============================================================
N/A
* FSMD analyzer results:
  - Output states:
 - Input state : 
  - Chain level:
	State 1
	State 2


============================================================
+ Verbose Summary: Datapath Resource usage 
============================================================
N/A
