

================================================================
== Vitis HLS Report for 'dataflow_section_Pipeline_flat_for_rows_flat_for_cols'
================================================================
* Date:           Thu Jan 23 14:50:57 2025

* Version:        2023.2 (Build 4023990 on Oct 11 2023)
* Project:        CNN_Optimal
* Solution:       solution1 (Vivado IP Flow Target)
* Product family: zynq
* Target device:  xc7z010-clg400-1


================================================================
== Performance Estimates
================================================================
+ Timing: 
    * Summary: 
    +--------+----------+----------+------------+
    |  Clock |  Target  | Estimated| Uncertainty|
    +--------+----------+----------+------------+
    |ap_clk  |  10.00 ns|  7.254 ns|     2.70 ns|
    +--------+----------+----------+------------+

+ Latency: 
    * Summary: 
    +---------+---------+----------+----------+-----+-----+---------+
    |  Latency (cycles) |  Latency (absolute) |  Interval | Pipeline|
    |   min   |   max   |    min   |    max   | min | max |   Type  |
    +---------+---------+----------+----------+-----+-----+---------+
    |      198|      198|  1.980 us|  1.980 us|  198|  198|       no|
    +---------+---------+----------+----------+-----+-----+---------+

    + Detail: 
        * Instance: 
        N/A

        * Loop: 
        +-------------------------------+---------+---------+----------+-----------+-----------+------+----------+
        |                               |  Latency (cycles) | Iteration|  Initiation Interval  | Trip |          |
        |           Loop Name           |   min   |   max   |  Latency |  achieved |   target  | Count| Pipelined|
        +-------------------------------+---------+---------+----------+-----------+-----------+------+----------+
        |- flat_for_rows_flat_for_cols  |      196|      196|         2|          1|          1|   196|       yes|
        +-------------------------------+---------+---------+----------+-----------+-----------+------+----------+



================================================================
== Utilization Estimates
================================================================
* Summary: 
+-----------------+---------+----+-------+-------+-----+
|       Name      | BRAM_18K| DSP|   FF  |  LUT  | URAM|
+-----------------+---------+----+-------+-------+-----+
|DSP              |        -|   -|      -|      -|    -|
|Expression       |        -|   -|      0|     36|    -|
|FIFO             |        -|   -|      -|      -|    -|
|Instance         |        -|   -|      -|      -|    -|
|Memory           |        -|   -|      -|      -|    -|
|Multiplexer      |        -|   -|      -|     54|    -|
|Register         |        -|   -|     11|      -|    -|
+-----------------+---------+----+-------+-------+-----+
|Total            |        0|   0|     11|     90|    0|
+-----------------+---------+----+-------+-------+-----+
|Available        |      120|  80|  35200|  17600|    0|
+-----------------+---------+----+-------+-------+-----+
|Utilization (%)  |        0|   0|     ~0|     ~0|    0|
+-----------------+---------+----+-------+-------+-----+

+ Detail: 
    * Instance: 
    N/A

    * DSP: 
    N/A

    * Memory: 
    N/A

    * FIFO: 
    N/A

    * Expression: 
    +----------------------------------+----------+----+---+----+------------+------------+
    |           Variable Name          | Operation| DSP| FF| LUT| Bitwidth P0| Bitwidth P1|
    +----------------------------------+----------+----+---+----+------------+------------+
    |add_ln6_fu_68_p2                  |         +|   0|  0|  15|           8|           1|
    |ap_block_pp0_stage0_01001         |       and|   0|  0|   2|           1|           1|
    |icmp_ln6_fu_62_p2                 |      icmp|   0|  0|  15|           8|           7|
    |ap_block_state2_pp0_stage0_iter1  |        or|   0|  0|   2|           1|           1|
    |ap_enable_pp0                     |       xor|   0|  0|   2|           1|           2|
    +----------------------------------+----------+----+---+----+------------+------------+
    |Total                             |          |   0|  0|  36|          19|          12|
    +----------------------------------+----------+----+---+----+------------+------------+

    * Multiplexer: 
    +--------------------------------------+----+-----------+-----+-----------+
    |                 Name                 | LUT| Input Size| Bits| Total Bits|
    +--------------------------------------+----+-----------+-----+-----------+
    |ap_done_int                           |   9|          2|    1|          2|
    |ap_enable_reg_pp0_iter1               |   9|          2|    1|          2|
    |ap_sig_allocacmp_indvar_flatten_load  |   9|          2|    8|         16|
    |flat_to_dense_streams_blk_n           |   9|          2|    1|          2|
    |indvar_flatten_fu_36                  |   9|          2|    8|         16|
    |pool_to_flat_streams_blk_n            |   9|          2|    1|          2|
    +--------------------------------------+----+-----------+-----+-----------+
    |Total                                 |  54|         12|   20|         40|
    +--------------------------------------+----+-----------+-----+-----------+

    * Register: 
    +-------------------------+---+----+-----+-----------+
    |           Name          | FF| LUT| Bits| Const Bits|
    +-------------------------+---+----+-----+-----------+
    |ap_CS_fsm                |  1|   0|    1|          0|
    |ap_done_reg              |  1|   0|    1|          0|
    |ap_enable_reg_pp0_iter1  |  1|   0|    1|          0|
    |indvar_flatten_fu_36     |  8|   0|    8|          0|
    +-------------------------+---+----+-----+-----------+
    |Total                    | 11|   0|   11|          0|
    +-------------------------+---+----+-----+-----------+



================================================================
== Interface
================================================================
* Summary: 
+------------------------------+-----+-----+------------+-------------------------------------------------------+--------------+
|           RTL Ports          | Dir | Bits|  Protocol  |                     Source Object                     |    C Type    |
+------------------------------+-----+-----+------------+-------------------------------------------------------+--------------+
|ap_clk                        |   in|    1|  ap_ctrl_hs|  dataflow_section_Pipeline_flat_for_rows_flat_for_cols|  return value|
|ap_rst                        |   in|    1|  ap_ctrl_hs|  dataflow_section_Pipeline_flat_for_rows_flat_for_cols|  return value|
|ap_start                      |   in|    1|  ap_ctrl_hs|  dataflow_section_Pipeline_flat_for_rows_flat_for_cols|  return value|
|ap_done                       |  out|    1|  ap_ctrl_hs|  dataflow_section_Pipeline_flat_for_rows_flat_for_cols|  return value|
|ap_idle                       |  out|    1|  ap_ctrl_hs|  dataflow_section_Pipeline_flat_for_rows_flat_for_cols|  return value|
|ap_ready                      |  out|    1|  ap_ctrl_hs|  dataflow_section_Pipeline_flat_for_rows_flat_for_cols|  return value|
|pool_to_flat_streams_dout     |   in|   32|     ap_fifo|                                   pool_to_flat_streams|       pointer|
|pool_to_flat_streams_empty_n  |   in|    1|     ap_fifo|                                   pool_to_flat_streams|       pointer|
|pool_to_flat_streams_read     |  out|    1|     ap_fifo|                                   pool_to_flat_streams|       pointer|
|flat_to_dense_streams_din     |  out|   32|     ap_fifo|                                  flat_to_dense_streams|       pointer|
|flat_to_dense_streams_full_n  |   in|    1|     ap_fifo|                                  flat_to_dense_streams|       pointer|
|flat_to_dense_streams_write   |  out|    1|     ap_fifo|                                  flat_to_dense_streams|       pointer|
+------------------------------+-----+-----+------------+-------------------------------------------------------+--------------+

============================================================
+ Verbose Summary: Synthesis Manager
============================================================
InlineROM: 1
ExposeGlobal: 0
============================================================
+ Verbose Summary: CDFG Model
============================================================
IsTopModel: 0
ResetActiveHigh: 1
IsCombinational: 2
IsDatapathOnly: 2
HasWiredReturn: 1
HasMFsm: 2
HasVarLatency: 1
IsPipeline: 0
IsRtlPipelined: 0
IsInstanceOverlapped: 0
IsDontTouch: 0
HasImplIP: 0
IsGatedGlobalClock: 0

+ Individual pipeline summary: 
  * Pipeline-0: initiation interval (II) = 1, depth = 2


============================================================
+ Verbose Summary: Schedule
============================================================
* Number of FSM states : 2
* Pipeline : 1
  Pipeline-0 : II = 1, D = 2, States = { 1 2 }
* Dataflow Pipeline: 0

* FSM state transitions: 
1 --> 2 
2 --> 

* FSM state operations: 

State 1 <SV = 0> <Delay = 5.09>
ST_1 : Operation 5 [1/1] (0.00ns)   --->   "%indvar_flatten = alloca i32 1"   --->   Operation 5 'alloca' 'indvar_flatten' <Predicate = true> <Delay = 0.00>
ST_1 : Operation 6 [1/1] (0.00ns)   --->   "%specinterface_ln0 = specinterface void @_ssdm_op_SpecInterface, i32 %flat_to_dense_streams, void @empty_0, i32 0, i32 0, void @empty_1, i32 0, i32 0, void @empty_1, void @empty_1, void @empty_1, i32 0, i32 0, i32 0, i32 0, void @empty_1, void @empty_1, i32 4294967295, i32 0"   --->   Operation 6 'specinterface' 'specinterface_ln0' <Predicate = true> <Delay = 0.00>
ST_1 : Operation 7 [1/1] (0.00ns)   --->   "%specinterface_ln0 = specinterface void @_ssdm_op_SpecInterface, i32 %pool_to_flat_streams, void @empty_0, i32 0, i32 0, void @empty_1, i32 0, i32 0, void @empty_1, void @empty_1, void @empty_1, i32 0, i32 0, i32 0, i32 0, void @empty_1, void @empty_1, i32 4294967295, i32 0"   --->   Operation 7 'specinterface' 'specinterface_ln0' <Predicate = true> <Delay = 0.00>
ST_1 : Operation 8 [1/1] (1.58ns)   --->   "%store_ln0 = store i8 0, i8 %indvar_flatten"   --->   Operation 8 'store' 'store_ln0' <Predicate = true> <Delay = 1.58>
ST_1 : Operation 9 [1/1] (0.00ns)   --->   "%br_ln0 = br void %for.inc.i.i"   --->   Operation 9 'br' 'br_ln0' <Predicate = true> <Delay = 0.00>
ST_1 : Operation 10 [1/1] (0.00ns)   --->   "%indvar_flatten_load = load i8 %indvar_flatten" [CNN_Optimal/src/flat.cpp:6->CNN_Optimal/src/flat.cpp:18->CNN_Optimal/src/cnn.cpp:54]   --->   Operation 10 'load' 'indvar_flatten_load' <Predicate = true> <Delay = 0.00>
ST_1 : Operation 11 [1/1] (1.91ns)   --->   "%icmp_ln6 = icmp_eq  i8 %indvar_flatten_load, i8 196" [CNN_Optimal/src/flat.cpp:6->CNN_Optimal/src/flat.cpp:18->CNN_Optimal/src/cnn.cpp:54]   --->   Operation 11 'icmp' 'icmp_ln6' <Predicate = true> <Delay = 1.91> <CoreInst = "Cmp">   --->   Core 9 'Cmp' <Latency = 0> <II = 1> <Delay = 1.91> <FuncUnit> <Opcode : 'icmp'> <InPorts = 2> <OutPorts = 1>
ST_1 : Operation 12 [1/1] (1.91ns)   --->   "%add_ln6 = add i8 %indvar_flatten_load, i8 1" [CNN_Optimal/src/flat.cpp:6->CNN_Optimal/src/flat.cpp:18->CNN_Optimal/src/cnn.cpp:54]   --->   Operation 12 'add' 'add_ln6' <Predicate = true> <Delay = 1.91> <CoreInst = "Adder">   --->   Core 1 'Adder' <Latency = 0> <II = 1> <Delay = 1.91> <FuncUnit> <Opcode : 'add' 'sub'> <InPorts = 2> <OutPorts = 1>
ST_1 : Operation 13 [1/1] (0.00ns)   --->   "%br_ln6 = br i1 %icmp_ln6, void %for.inc5.i.i, void %for.inc.i9.i.preheader.exitStub" [CNN_Optimal/src/flat.cpp:6->CNN_Optimal/src/flat.cpp:18->CNN_Optimal/src/cnn.cpp:54]   --->   Operation 13 'br' 'br_ln6' <Predicate = true> <Delay = 0.00>
ST_1 : Operation 14 [1/1] (1.58ns)   --->   "%store_ln6 = store i8 %add_ln6, i8 %indvar_flatten" [CNN_Optimal/src/flat.cpp:6->CNN_Optimal/src/flat.cpp:18->CNN_Optimal/src/cnn.cpp:54]   --->   Operation 14 'store' 'store_ln6' <Predicate = (!icmp_ln6)> <Delay = 1.58>
ST_1 : Operation 21 [1/1] (0.00ns)   --->   "%ret_ln0 = ret"   --->   Operation 21 'ret' 'ret_ln0' <Predicate = (icmp_ln6)> <Delay = 0.00>

State 2 <SV = 1> <Delay = 7.25>
ST_2 : Operation 15 [1/1] (0.00ns)   --->   "%specloopname_ln0 = specloopname void @_ssdm_op_SpecLoopName, void @flat_for_rows_flat_for_cols_str"   --->   Operation 15 'specloopname' 'specloopname_ln0' <Predicate = true> <Delay = 0.00>
ST_2 : Operation 16 [1/1] (0.00ns)   --->   "%speclooptripcount_ln0 = speclooptripcount void @_ssdm_op_SpecLoopTripCount, i64 196, i64 196, i64 196"   --->   Operation 16 'speclooptripcount' 'speclooptripcount_ln0' <Predicate = true> <Delay = 0.00>
ST_2 : Operation 17 [1/1] (0.00ns)   --->   "%specpipeline_ln9 = specpipeline void @_ssdm_op_SpecPipeline, i32 4294967295, i32 0, i32 0, i32 0, void @empty_1" [CNN_Optimal/src/flat.cpp:9->CNN_Optimal/src/flat.cpp:18->CNN_Optimal/src/cnn.cpp:54]   --->   Operation 17 'specpipeline' 'specpipeline_ln9' <Predicate = true> <Delay = 0.00>
ST_2 : Operation 18 [1/1] (3.62ns)   --->   "%pool_to_flat_streams_read = read i32 @_ssdm_op_Read.ap_fifo.volatile.i32P0A, i32 %pool_to_flat_streams" [CNN_Optimal/src/flat.cpp:11->CNN_Optimal/src/flat.cpp:18->CNN_Optimal/src/cnn.cpp:54]   --->   Operation 18 'read' 'pool_to_flat_streams_read' <Predicate = true> <Delay = 3.62> <CoreInst = "FIFO">   --->   Core 78 'FIFO' <Latency = 0> <II = 1> <Delay = 3.62> <Storage> <Opcode : 'read' 'write' 'nbread' 'nbwrite'> <Ports = 0> <Width = 32> <Depth = 196> <FIFO>
ST_2 : Operation 19 [1/1] (3.62ns)   --->   "%write_ln11 = write void @_ssdm_op_Write.ap_fifo.volatile.i32P0A, i32 %flat_to_dense_streams, i32 %pool_to_flat_streams_read" [CNN_Optimal/src/flat.cpp:11->CNN_Optimal/src/flat.cpp:18->CNN_Optimal/src/cnn.cpp:54]   --->   Operation 19 'write' 'write_ln11' <Predicate = true> <Delay = 3.62> <CoreInst = "FIFO">   --->   Core 78 'FIFO' <Latency = 0> <II = 1> <Delay = 3.62> <Storage> <Opcode : 'read' 'write' 'nbread' 'nbwrite'> <Ports = 0> <Width = 32> <Depth = 196> <FIFO>
ST_2 : Operation 20 [1/1] (0.00ns)   --->   "%br_ln9 = br void %for.inc.i.i" [CNN_Optimal/src/flat.cpp:9->CNN_Optimal/src/flat.cpp:18->CNN_Optimal/src/cnn.cpp:54]   --->   Operation 20 'br' 'br_ln9' <Predicate = true> <Delay = 0.00>


============================================================
+ Verbose Summary: Binding
============================================================
STG Binding: 
---------------- STG Properties BEGIN ----------------
- Is combinational: 0
- Is one-state seq: 0
- Is datapath-only: 0
- Is pipelined: 0
- Is top level: 0
Port [ Return ] is wired: 1; IO mode=ap_ctrl_hs:ce=0
Port [ pool_to_flat_streams]:  wired=1; compound=1; hidden=0; nouse=0; global=0; static=0; extern=0; dir=0; type=3; pingpong=0; private_global=0; IO mode=ap_fifo:ce=0
Port [ flat_to_dense_streams]:  wired=1; compound=1; hidden=0; nouse=0; global=0; static=0; extern=0; dir=1; type=3; pingpong=0; private_global=0; IO mode=ap_fifo:ce=0
---------------- STG Properties END ------------------

---------------- Datapath Model BEGIN ----------------

<LifeTime>
<method=bitvector/>
indvar_flatten            (alloca           ) [ 010]
specinterface_ln0         (specinterface    ) [ 000]
specinterface_ln0         (specinterface    ) [ 000]
store_ln0                 (store            ) [ 000]
br_ln0                    (br               ) [ 000]
indvar_flatten_load       (load             ) [ 000]
icmp_ln6                  (icmp             ) [ 010]
add_ln6                   (add              ) [ 000]
br_ln6                    (br               ) [ 000]
store_ln6                 (store            ) [ 000]
specloopname_ln0          (specloopname     ) [ 000]
speclooptripcount_ln0     (speclooptripcount) [ 000]
specpipeline_ln9          (specpipeline     ) [ 000]
pool_to_flat_streams_read (read             ) [ 000]
write_ln11                (write            ) [ 000]
br_ln9                    (br               ) [ 000]
ret_ln0                   (ret              ) [ 000]
</LifeTime>

<model>

<comp_list>
<comp id="0" class="1000" name="pool_to_flat_streams">
<pin_list>
<pin id="1" dir="1" index="0" bw="1" slack="0"/>
</pin_list>
<bind>
<StgValue><ssdm name="pool_to_flat_streams"/></StgValue>
</bind>
</comp>

<comp id="2" class="1000" name="flat_to_dense_streams">
<pin_list>
<pin id="3" dir="1" index="0" bw="1" slack="0"/>
</pin_list>
<bind>
<StgValue><ssdm name="flat_to_dense_streams"/></StgValue>
</bind>
</comp>

<comp id="4" class="1001" name="const_4">
<pin_list>
<pin id="5" dir="1" index="0" bw="1" slack="0"/>
</pin_list>
<bind>
<StgValue><ssdm name=""/></StgValue>
</bind>
</comp>

<comp id="6" class="1001" name="const_6">
<pin_list>
<pin id="7" dir="1" index="0" bw="1" slack="2147483647"/>
</pin_list>
<bind>
<StgValue><ssdm name="_ssdm_op_SpecInterface"/></StgValue>
</bind>
</comp>

<comp id="8" class="1001" name="const_8">
<pin_list>
<pin id="9" dir="1" index="0" bw="1" slack="2147483647"/>
</pin_list>
<bind>
<StgValue><ssdm name="empty_0"/></StgValue>
</bind>
</comp>

<comp id="10" class="1001" name="const_10">
<pin_list>
<pin id="11" dir="1" index="0" bw="1" slack="2147483647"/>
</pin_list>
<bind>
<StgValue><ssdm name=""/></StgValue>
</bind>
</comp>

<comp id="12" class="1001" name="const_12">
<pin_list>
<pin id="13" dir="1" index="0" bw="1" slack="2147483647"/>
</pin_list>
<bind>
<StgValue><ssdm name="empty_1"/></StgValue>
</bind>
</comp>

<comp id="14" class="1001" name="const_14">
<pin_list>
<pin id="15" dir="1" index="0" bw="1" slack="2147483647"/>
</pin_list>
<bind>
<StgValue><ssdm name=""/></StgValue>
</bind>
</comp>

<comp id="16" class="1001" name="const_16">
<pin_list>
<pin id="17" dir="1" index="0" bw="1" slack="0"/>
</pin_list>
<bind>
<StgValue><ssdm name=""/></StgValue>
</bind>
</comp>

<comp id="18" class="1001" name="const_18">
<pin_list>
<pin id="19" dir="1" index="0" bw="1" slack="0"/>
</pin_list>
<bind>
<StgValue><ssdm name=""/></StgValue>
</bind>
</comp>

<comp id="20" class="1001" name="const_20">
<pin_list>
<pin id="21" dir="1" index="0" bw="1" slack="0"/>
</pin_list>
<bind>
<StgValue><ssdm name=""/></StgValue>
</bind>
</comp>

<comp id="22" class="1001" name="const_22">
<pin_list>
<pin id="23" dir="1" index="0" bw="1" slack="2147483647"/>
</pin_list>
<bind>
<StgValue><ssdm name="_ssdm_op_SpecLoopName"/></StgValue>
</bind>
</comp>

<comp id="24" class="1001" name="const_24">
<pin_list>
<pin id="25" dir="1" index="0" bw="1" slack="2147483647"/>
</pin_list>
<bind>
<StgValue><ssdm name="flat_for_rows_flat_for_cols_str"/></StgValue>
</bind>
</comp>

<comp id="26" class="1001" name="const_26">
<pin_list>
<pin id="27" dir="1" index="0" bw="1" slack="2147483647"/>
</pin_list>
<bind>
<StgValue><ssdm name="_ssdm_op_SpecLoopTripCount"/></StgValue>
</bind>
</comp>

<comp id="28" class="1001" name="const_28">
<pin_list>
<pin id="29" dir="1" index="0" bw="1" slack="2147483647"/>
</pin_list>
<bind>
<StgValue><ssdm name=""/></StgValue>
</bind>
</comp>

<comp id="30" class="1001" name="const_30">
<pin_list>
<pin id="31" dir="1" index="0" bw="1" slack="2147483647"/>
</pin_list>
<bind>
<StgValue><ssdm name="_ssdm_op_SpecPipeline"/></StgValue>
</bind>
</comp>

<comp id="32" class="1001" name="const_32">
<pin_list>
<pin id="33" dir="1" index="0" bw="1" slack="0"/>
</pin_list>
<bind>
<StgValue><ssdm name="_ssdm_op_Read.ap_fifo.volatile.i32P0A"/></StgValue>
</bind>
</comp>

<comp id="34" class="1001" name="const_34">
<pin_list>
<pin id="35" dir="1" index="0" bw="1" slack="0"/>
</pin_list>
<bind>
<StgValue><ssdm name="_ssdm_op_Write.ap_fifo.volatile.i32P0A"/></StgValue>
</bind>
</comp>

<comp id="36" class="1004" name="indvar_flatten_fu_36">
<pin_list>
<pin id="37" dir="0" index="0" bw="1" slack="0"/>
<pin id="38" dir="1" index="1" bw="8" slack="0"/>
</pin_list>
<bind>
<opcode="alloca(26) " fcode="alloca"/>
<opset="indvar_flatten/1 "/>
</bind>
</comp>

<comp id="40" class="1004" name="pool_to_flat_streams_read_read_fu_40">
<pin_list>
<pin id="41" dir="0" index="0" bw="32" slack="0"/>
<pin id="42" dir="0" index="1" bw="32" slack="0"/>
<pin id="43" dir="1" index="2" bw="32" slack="0"/>
</pin_list>
<bind>
<opcode="read(1150) " fcode="read"/>
<opset="pool_to_flat_streams_read/2 "/>
</bind>
</comp>

<comp id="46" class="1004" name="write_ln11_write_fu_46">
<pin_list>
<pin id="47" dir="0" index="0" bw="0" slack="0"/>
<pin id="48" dir="0" index="1" bw="32" slack="0"/>
<pin id="49" dir="0" index="2" bw="32" slack="0"/>
<pin id="50" dir="1" index="3" bw="0" slack="2147483647"/>
</pin_list>
<bind>
<opcode="write(1151) " fcode="write"/>
<opset="write_ln11/2 "/>
</bind>
</comp>

<comp id="54" class="1004" name="store_ln0_store_fu_54">
<pin_list>
<pin id="55" dir="0" index="0" bw="1" slack="0"/>
<pin id="56" dir="0" index="1" bw="8" slack="0"/>
<pin id="57" dir="1" index="2" bw="0" slack="2147483647"/>
</pin_list>
<bind>
<opcode="store(28) " fcode="store"/>
<opset="store_ln0/1 "/>
</bind>
</comp>

<comp id="59" class="1004" name="indvar_flatten_load_load_fu_59">
<pin_list>
<pin id="60" dir="0" index="0" bw="8" slack="0"/>
<pin id="61" dir="1" index="1" bw="8" slack="0"/>
</pin_list>
<bind>
<opcode="load(27) " fcode="load"/>
<opset="indvar_flatten_load/1 "/>
</bind>
</comp>

<comp id="62" class="1004" name="icmp_ln6_fu_62">
<pin_list>
<pin id="63" dir="0" index="0" bw="8" slack="0"/>
<pin id="64" dir="0" index="1" bw="8" slack="0"/>
<pin id="65" dir="1" index="2" bw="1" slack="2147483647"/>
</pin_list>
<bind>
<opcode="icmp(45) " fcode="icmp"/>
<opset="icmp_ln6/1 "/>
</bind>
</comp>

<comp id="68" class="1004" name="add_ln6_fu_68">
<pin_list>
<pin id="69" dir="0" index="0" bw="8" slack="0"/>
<pin id="70" dir="0" index="1" bw="1" slack="0"/>
<pin id="71" dir="1" index="2" bw="8" slack="0"/>
</pin_list>
<bind>
<opcode="add(8) " fcode="add"/>
<opset="add_ln6/1 "/>
</bind>
</comp>

<comp id="74" class="1004" name="store_ln6_store_fu_74">
<pin_list>
<pin id="75" dir="0" index="0" bw="8" slack="0"/>
<pin id="76" dir="0" index="1" bw="8" slack="0"/>
<pin id="77" dir="1" index="2" bw="0" slack="2147483647"/>
</pin_list>
<bind>
<opcode="store(28) " fcode="store"/>
<opset="store_ln6/1 "/>
</bind>
</comp>

<comp id="79" class="1005" name="indvar_flatten_reg_79">
<pin_list>
<pin id="80" dir="0" index="0" bw="8" slack="0"/>
<pin id="81" dir="1" index="1" bw="8" slack="0"/>
</pin_list>
<bind>
<opset="indvar_flatten "/>
</bind>
</comp>

</comp_list>

<net_list>
<net id="39"><net_src comp="4" pin="0"/><net_sink comp="36" pin=0"/></net>

<net id="44"><net_src comp="32" pin="0"/><net_sink comp="40" pin=0"/></net>

<net id="45"><net_src comp="0" pin="0"/><net_sink comp="40" pin=1"/></net>

<net id="51"><net_src comp="34" pin="0"/><net_sink comp="46" pin=0"/></net>

<net id="52"><net_src comp="2" pin="0"/><net_sink comp="46" pin=1"/></net>

<net id="53"><net_src comp="40" pin="2"/><net_sink comp="46" pin=2"/></net>

<net id="58"><net_src comp="16" pin="0"/><net_sink comp="54" pin=0"/></net>

<net id="66"><net_src comp="59" pin="1"/><net_sink comp="62" pin=0"/></net>

<net id="67"><net_src comp="18" pin="0"/><net_sink comp="62" pin=1"/></net>

<net id="72"><net_src comp="59" pin="1"/><net_sink comp="68" pin=0"/></net>

<net id="73"><net_src comp="20" pin="0"/><net_sink comp="68" pin=1"/></net>

<net id="78"><net_src comp="68" pin="2"/><net_sink comp="74" pin=0"/></net>

<net id="82"><net_src comp="36" pin="1"/><net_sink comp="79" pin=0"/></net>

<net id="83"><net_src comp="79" pin="1"/><net_sink comp="54" pin=1"/></net>

<net id="84"><net_src comp="79" pin="1"/><net_sink comp="59" pin=0"/></net>

<net id="85"><net_src comp="79" pin="1"/><net_sink comp="74" pin=1"/></net>

</net_list>

</model> 
---------------- Datapath Model END ------------------

* FSMD analyzer results:
  - Output states:
	Port: flat_to_dense_streams | {2 }
 - Input state : 
	Port: dataflow_section_Pipeline_flat_for_rows_flat_for_cols : pool_to_flat_streams | {2 }
  - Chain level:
	State 1
		store_ln0 : 1
		indvar_flatten_load : 1
		icmp_ln6 : 2
		add_ln6 : 2
		br_ln6 : 3
		store_ln6 : 3
	State 2


============================================================
+ Verbose Summary: Datapath Resource usage 
============================================================

* Functional unit list:
|----------|--------------------------------------|---------|---------|
| Operation|            Functional Unit           |    FF   |   LUT   |
|----------|--------------------------------------|---------|---------|
|   icmp   |            icmp_ln6_fu_62            |    0    |    15   |
|----------|--------------------------------------|---------|---------|
|    add   |             add_ln6_fu_68            |    0    |    15   |
|----------|--------------------------------------|---------|---------|
|   read   | pool_to_flat_streams_read_read_fu_40 |    0    |    0    |
|----------|--------------------------------------|---------|---------|
|   write  |        write_ln11_write_fu_46        |    0    |    0    |
|----------|--------------------------------------|---------|---------|
|   Total  |                                      |    0    |    30   |
|----------|--------------------------------------|---------|---------|

Memories:
N/A

* Register list:
+---------------------+--------+
|                     |   FF   |
+---------------------+--------+
|indvar_flatten_reg_79|    8   |
+---------------------+--------+
|        Total        |    8   |
+---------------------+--------+

* Multiplexer (MUX) list: 
|--------|------|------|------|--------|
|  Comp  |  Pin | Size |  BW  | S x BW |
|--------|------|------|------|--------|
|  Total |      |      |      |    0   |
|--------|------|------|------|--------|



* Summary:
+-----------+--------+--------+
|           |   FF   |   LUT  |
+-----------+--------+--------+
|  Function |    0   |   30   |
|   Memory  |    -   |    -   |
|Multiplexer|    -   |    -   |
|  Register |    8   |    -   |
+-----------+--------+--------+
|   Total   |    8   |   30   |
+-----------+--------+--------+
