

================================================================
== Vitis HLS Report for 'dense_layer_soft_max_Pipeline_dense_soft_max_for_digits'
================================================================
* Date:           Tue Jan 28 19:05:32 2025

* Version:        2023.2 (Build 4023990 on Oct 11 2023)
* Project:        CNN_Optimal
* Solution:       solution1 (Vivado IP Flow Target)
* Product family: zynq
* Target device:  xc7z010-clg400-1


================================================================
== Performance Estimates
================================================================
+ Timing: 
    * Summary: 
    +--------+----------+----------+------------+
    |  Clock |  Target  | Estimated| Uncertainty|
    +--------+----------+----------+------------+
    |ap_clk  |  10.00 ns|  6.658 ns|     2.70 ns|
    +--------+----------+----------+------------+

+ Latency: 
    * Summary: 
    +---------+---------+----------+----------+-----+-----+---------+
    |  Latency (cycles) |  Latency (absolute) |  Interval | Pipeline|
    |   min   |   max   |    min   |    max   | min | max |   Type  |
    +---------+---------+----------+----------+-----+-----+---------+
    |       47|       47|  0.470 us|  0.470 us|   47|   47|       no|
    +---------+---------+----------+----------+-----+-----+---------+

    + Detail: 
        * Instance: 
        N/A

        * Loop: 
        +-----------------------------+---------+---------+----------+-----------+-----------+------+----------+
        |                             |  Latency (cycles) | Iteration|  Initiation Interval  | Trip |          |
        |          Loop Name          |   min   |   max   |  Latency |  achieved |   target  | Count| Pipelined|
        +-----------------------------+---------+---------+----------+-----------+-----------+------+----------+
        |- dense_soft_max_for_digits  |       45|       45|        37|          1|          1|    10|       yes|
        +-----------------------------+---------+---------+----------+-----------+-----------+------+----------+

============================================================
+ Verbose Summary: Synthesis Manager
============================================================
InlineROM: 1
ExposeGlobal: 0
============================================================
+ Verbose Summary: CDFG Model
============================================================
IsTopModel: 0
ResetActiveHigh: 1
IsCombinational: 0
IsDatapathOnly: 0
HasWiredReturn: 1
HasMFsm: 2
HasVarLatency: 1
IsPipeline: 0
IsRtlPipelined: 0
IsInstanceOverlapped: 0
IsDontTouch: 0
HasImplIP: 0
IsGatedGlobalClock: 0

+ Individual pipeline summary: 
  * Pipeline-0: initiation interval (II) = 1, depth = 37


============================================================
+ Verbose Summary: Schedule
============================================================
* Number of FSM states : 37
* Pipeline : 1
  Pipeline-0 : II = 1, D = 37, States = { 1 2 3 4 5 6 7 8 9 10 11 12 13 14 15 16 17 18 19 20 21 22 23 24 25 26 27 28 29 30 31 32 33 34 35 36 37 }
* Dataflow Pipeline: 0

* FSM state transitions: 
1 --> 2 
2 --> 3 
3 --> 4 
4 --> 5 
5 --> 6 
6 --> 7 
7 --> 8 
8 --> 9 
9 --> 10 
10 --> 11 
11 --> 12 
12 --> 13 
13 --> 14 
14 --> 15 
15 --> 16 
16 --> 17 
17 --> 18 
18 --> 19 
19 --> 20 
20 --> 21 
21 --> 22 
22 --> 23 
23 --> 24 
24 --> 25 
25 --> 26 
26 --> 27 
27 --> 28 
28 --> 29 
29 --> 30 
30 --> 31 
31 --> 32 
32 --> 33 
33 --> 34 
34 --> 35 
35 --> 36 
36 --> 37 
37 --> 

* FSM state operations: 

State 1 <SV = 0> <Delay = 4.91>
ST_1 : Operation 40 [1/1] (0.00ns)   --->   "%p = alloca i32 1" [CNN_Optimal/src/dense.cpp:25]   --->   Operation 40 'alloca' 'p' <Predicate = true> <Delay = 0.00>
ST_1 : Operation 41 [1/1] (0.00ns)   --->   "%conv_i_read = read i24 @_ssdm_op_Read.ap_auto.i24, i24 %conv_i"   --->   Operation 41 'read' 'conv_i_read' <Predicate = true> <Delay = 0.00>
ST_1 : Operation 42 [1/1] (0.00ns)   --->   "%conv_i_cast = sext i24 %conv_i_read"   --->   Operation 42 'sext' 'conv_i_cast' <Predicate = true> <Delay = 0.00>
ST_1 : Operation 43 [1/1] (0.00ns)   --->   "%specinterface_ln0 = specinterface void @_ssdm_op_SpecInterface, i24 %prediction, void @empty_4, i32 0, i32 0, void @empty_3, i32 4294967295, i32 0, void @empty_3, void @empty_3, void @empty_3, i32 0, i32 0, i32 0, i32 0, void @empty_3, void @empty_3, i32 4294967295, i32 0"   --->   Operation 43 'specinterface' 'specinterface_ln0' <Predicate = true> <Delay = 0.00>
ST_1 : Operation 44 [1/1] (1.58ns)   --->   "%store_ln25 = store i4 0, i4 %p" [CNN_Optimal/src/dense.cpp:25]   --->   Operation 44 'store' 'store_ln25' <Predicate = true> <Delay = 1.58>
ST_1 : Operation 45 [1/1] (0.00ns)   --->   "%br_ln0 = br void %for.body18"   --->   Operation 45 'br' 'br_ln0' <Predicate = true> <Delay = 0.00>
ST_1 : Operation 46 [1/1] (0.00ns)   --->   "%p_1 = load i4 %p" [CNN_Optimal/src/dense.cpp:25]   --->   Operation 46 'load' 'p_1' <Predicate = true> <Delay = 0.00>
ST_1 : Operation 47 [1/1] (1.73ns)   --->   "%icmp_ln25 = icmp_eq  i4 %p_1, i4 10" [CNN_Optimal/src/dense.cpp:25]   --->   Operation 47 'icmp' 'icmp_ln25' <Predicate = true> <Delay = 1.73> <CoreInst = "Cmp">   --->   Core 9 'Cmp' <Latency = 0> <II = 1> <Delay = 1.73> <FuncUnit> <Opcode : 'icmp'> <InPorts = 2> <OutPorts = 1>
ST_1 : Operation 48 [1/1] (1.73ns)   --->   "%add_ln25 = add i4 %p_1, i4 1" [CNN_Optimal/src/dense.cpp:25]   --->   Operation 48 'add' 'add_ln25' <Predicate = true> <Delay = 1.73> <CoreInst = "Adder">   --->   Core 1 'Adder' <Latency = 0> <II = 1> <Delay = 1.73> <FuncUnit> <Opcode : 'add' 'sub'> <InPorts = 2> <OutPorts = 1>
ST_1 : Operation 49 [1/1] (0.00ns)   --->   "%br_ln25 = br i1 %icmp_ln25, void %for.body18.split, void %for.end27.exitStub" [CNN_Optimal/src/dense.cpp:25]   --->   Operation 49 'br' 'br_ln25' <Predicate = true> <Delay = 0.00>
ST_1 : Operation 50 [1/1] (0.00ns)   --->   "%zext_ln25 = zext i4 %p_1" [CNN_Optimal/src/dense.cpp:25]   --->   Operation 50 'zext' 'zext_ln25' <Predicate = (!icmp_ln25)> <Delay = 0.00>
ST_1 : Operation 51 [1/1] (0.00ns)   --->   "%prediction_addr = getelementptr i24 %prediction, i64 0, i64 %zext_ln25" [CNN_Optimal/src/dense.cpp:27]   --->   Operation 51 'getelementptr' 'prediction_addr' <Predicate = (!icmp_ln25)> <Delay = 0.00>
ST_1 : Operation 52 [2/2] (2.32ns)   --->   "%prediction_load = load i4 %prediction_addr" [CNN_Optimal/src/dense.cpp:27]   --->   Operation 52 'load' 'prediction_load' <Predicate = (!icmp_ln25)> <Delay = 2.32> <CoreInst = "RAM">   --->   Core 82 'RAM' <Latency = 1> <II = 1> <Delay = 2.32> <Storage> <Opcode : 'load' 'store'> <Ports = 2> <Width = 24> <Depth = 10> <RAM>
ST_1 : Operation 53 [1/1] (1.58ns)   --->   "%store_ln25 = store i4 %add_ln25, i4 %p" [CNN_Optimal/src/dense.cpp:25]   --->   Operation 53 'store' 'store_ln25' <Predicate = (!icmp_ln25)> <Delay = 1.58>

State 2 <SV = 1> <Delay = 6.65>
ST_2 : Operation 54 [1/2] (2.32ns)   --->   "%prediction_load = load i4 %prediction_addr" [CNN_Optimal/src/dense.cpp:27]   --->   Operation 54 'load' 'prediction_load' <Predicate = true> <Delay = 2.32> <CoreInst = "RAM">   --->   Core 82 'RAM' <Latency = 1> <II = 1> <Delay = 2.32> <Storage> <Opcode : 'load' 'store'> <Ports = 2> <Width = 24> <Depth = 10> <RAM>
ST_2 : Operation 55 [1/1] (0.00ns)   --->   "%shl_ln = bitconcatenate i32 @_ssdm_op_BitConcatenate.i32.i24.i8, i24 %prediction_load, i8 0" [CNN_Optimal/src/dense.cpp:27]   --->   Operation 55 'bitconcatenate' 'shl_ln' <Predicate = true> <Delay = 0.00>
ST_2 : Operation 56 [36/36] (4.33ns)   --->   "%sdiv_ln27 = sdiv i32 %shl_ln, i32 %conv_i_cast" [CNN_Optimal/src/dense.cpp:27]   --->   Operation 56 'sdiv' 'sdiv_ln27' <Predicate = true> <Delay = 4.33> <CoreInst = "Divider">   --->   Core 6 'Divider' <Latency = 35> <II = 1> <Delay = 4.33> <FuncUnit> <Opcode : 'udiv' 'sdiv' 'urem' 'srem'> <InPorts = 2> <OutPorts = 1>

State 3 <SV = 2> <Delay = 4.33>
ST_3 : Operation 57 [35/36] (4.33ns)   --->   "%sdiv_ln27 = sdiv i32 %shl_ln, i32 %conv_i_cast" [CNN_Optimal/src/dense.cpp:27]   --->   Operation 57 'sdiv' 'sdiv_ln27' <Predicate = true> <Delay = 4.33> <CoreInst = "Divider">   --->   Core 6 'Divider' <Latency = 35> <II = 1> <Delay = 4.33> <FuncUnit> <Opcode : 'udiv' 'sdiv' 'urem' 'srem'> <InPorts = 2> <OutPorts = 1>

State 4 <SV = 3> <Delay = 4.33>
ST_4 : Operation 58 [34/36] (4.33ns)   --->   "%sdiv_ln27 = sdiv i32 %shl_ln, i32 %conv_i_cast" [CNN_Optimal/src/dense.cpp:27]   --->   Operation 58 'sdiv' 'sdiv_ln27' <Predicate = true> <Delay = 4.33> <CoreInst = "Divider">   --->   Core 6 'Divider' <Latency = 35> <II = 1> <Delay = 4.33> <FuncUnit> <Opcode : 'udiv' 'sdiv' 'urem' 'srem'> <InPorts = 2> <OutPorts = 1>

State 5 <SV = 4> <Delay = 4.33>
ST_5 : Operation 59 [33/36] (4.33ns)   --->   "%sdiv_ln27 = sdiv i32 %shl_ln, i32 %conv_i_cast" [CNN_Optimal/src/dense.cpp:27]   --->   Operation 59 'sdiv' 'sdiv_ln27' <Predicate = true> <Delay = 4.33> <CoreInst = "Divider">   --->   Core 6 'Divider' <Latency = 35> <II = 1> <Delay = 4.33> <FuncUnit> <Opcode : 'udiv' 'sdiv' 'urem' 'srem'> <InPorts = 2> <OutPorts = 1>

State 6 <SV = 5> <Delay = 4.33>
ST_6 : Operation 60 [32/36] (4.33ns)   --->   "%sdiv_ln27 = sdiv i32 %shl_ln, i32 %conv_i_cast" [CNN_Optimal/src/dense.cpp:27]   --->   Operation 60 'sdiv' 'sdiv_ln27' <Predicate = true> <Delay = 4.33> <CoreInst = "Divider">   --->   Core 6 'Divider' <Latency = 35> <II = 1> <Delay = 4.33> <FuncUnit> <Opcode : 'udiv' 'sdiv' 'urem' 'srem'> <InPorts = 2> <OutPorts = 1>

State 7 <SV = 6> <Delay = 4.33>
ST_7 : Operation 61 [31/36] (4.33ns)   --->   "%sdiv_ln27 = sdiv i32 %shl_ln, i32 %conv_i_cast" [CNN_Optimal/src/dense.cpp:27]   --->   Operation 61 'sdiv' 'sdiv_ln27' <Predicate = true> <Delay = 4.33> <CoreInst = "Divider">   --->   Core 6 'Divider' <Latency = 35> <II = 1> <Delay = 4.33> <FuncUnit> <Opcode : 'udiv' 'sdiv' 'urem' 'srem'> <InPorts = 2> <OutPorts = 1>

State 8 <SV = 7> <Delay = 4.33>
ST_8 : Operation 62 [30/36] (4.33ns)   --->   "%sdiv_ln27 = sdiv i32 %shl_ln, i32 %conv_i_cast" [CNN_Optimal/src/dense.cpp:27]   --->   Operation 62 'sdiv' 'sdiv_ln27' <Predicate = true> <Delay = 4.33> <CoreInst = "Divider">   --->   Core 6 'Divider' <Latency = 35> <II = 1> <Delay = 4.33> <FuncUnit> <Opcode : 'udiv' 'sdiv' 'urem' 'srem'> <InPorts = 2> <OutPorts = 1>

State 9 <SV = 8> <Delay = 4.33>
ST_9 : Operation 63 [29/36] (4.33ns)   --->   "%sdiv_ln27 = sdiv i32 %shl_ln, i32 %conv_i_cast" [CNN_Optimal/src/dense.cpp:27]   --->   Operation 63 'sdiv' 'sdiv_ln27' <Predicate = true> <Delay = 4.33> <CoreInst = "Divider">   --->   Core 6 'Divider' <Latency = 35> <II = 1> <Delay = 4.33> <FuncUnit> <Opcode : 'udiv' 'sdiv' 'urem' 'srem'> <InPorts = 2> <OutPorts = 1>

State 10 <SV = 9> <Delay = 4.33>
ST_10 : Operation 64 [28/36] (4.33ns)   --->   "%sdiv_ln27 = sdiv i32 %shl_ln, i32 %conv_i_cast" [CNN_Optimal/src/dense.cpp:27]   --->   Operation 64 'sdiv' 'sdiv_ln27' <Predicate = true> <Delay = 4.33> <CoreInst = "Divider">   --->   Core 6 'Divider' <Latency = 35> <II = 1> <Delay = 4.33> <FuncUnit> <Opcode : 'udiv' 'sdiv' 'urem' 'srem'> <InPorts = 2> <OutPorts = 1>

State 11 <SV = 10> <Delay = 4.33>
ST_11 : Operation 65 [27/36] (4.33ns)   --->   "%sdiv_ln27 = sdiv i32 %shl_ln, i32 %conv_i_cast" [CNN_Optimal/src/dense.cpp:27]   --->   Operation 65 'sdiv' 'sdiv_ln27' <Predicate = true> <Delay = 4.33> <CoreInst = "Divider">   --->   Core 6 'Divider' <Latency = 35> <II = 1> <Delay = 4.33> <FuncUnit> <Opcode : 'udiv' 'sdiv' 'urem' 'srem'> <InPorts = 2> <OutPorts = 1>

State 12 <SV = 11> <Delay = 4.33>
ST_12 : Operation 66 [26/36] (4.33ns)   --->   "%sdiv_ln27 = sdiv i32 %shl_ln, i32 %conv_i_cast" [CNN_Optimal/src/dense.cpp:27]   --->   Operation 66 'sdiv' 'sdiv_ln27' <Predicate = true> <Delay = 4.33> <CoreInst = "Divider">   --->   Core 6 'Divider' <Latency = 35> <II = 1> <Delay = 4.33> <FuncUnit> <Opcode : 'udiv' 'sdiv' 'urem' 'srem'> <InPorts = 2> <OutPorts = 1>

State 13 <SV = 12> <Delay = 4.33>
ST_13 : Operation 67 [25/36] (4.33ns)   --->   "%sdiv_ln27 = sdiv i32 %shl_ln, i32 %conv_i_cast" [CNN_Optimal/src/dense.cpp:27]   --->   Operation 67 'sdiv' 'sdiv_ln27' <Predicate = true> <Delay = 4.33> <CoreInst = "Divider">   --->   Core 6 'Divider' <Latency = 35> <II = 1> <Delay = 4.33> <FuncUnit> <Opcode : 'udiv' 'sdiv' 'urem' 'srem'> <InPorts = 2> <OutPorts = 1>

State 14 <SV = 13> <Delay = 4.33>
ST_14 : Operation 68 [24/36] (4.33ns)   --->   "%sdiv_ln27 = sdiv i32 %shl_ln, i32 %conv_i_cast" [CNN_Optimal/src/dense.cpp:27]   --->   Operation 68 'sdiv' 'sdiv_ln27' <Predicate = true> <Delay = 4.33> <CoreInst = "Divider">   --->   Core 6 'Divider' <Latency = 35> <II = 1> <Delay = 4.33> <FuncUnit> <Opcode : 'udiv' 'sdiv' 'urem' 'srem'> <InPorts = 2> <OutPorts = 1>

State 15 <SV = 14> <Delay = 4.33>
ST_15 : Operation 69 [23/36] (4.33ns)   --->   "%sdiv_ln27 = sdiv i32 %shl_ln, i32 %conv_i_cast" [CNN_Optimal/src/dense.cpp:27]   --->   Operation 69 'sdiv' 'sdiv_ln27' <Predicate = true> <Delay = 4.33> <CoreInst = "Divider">   --->   Core 6 'Divider' <Latency = 35> <II = 1> <Delay = 4.33> <FuncUnit> <Opcode : 'udiv' 'sdiv' 'urem' 'srem'> <InPorts = 2> <OutPorts = 1>

State 16 <SV = 15> <Delay = 4.33>
ST_16 : Operation 70 [22/36] (4.33ns)   --->   "%sdiv_ln27 = sdiv i32 %shl_ln, i32 %conv_i_cast" [CNN_Optimal/src/dense.cpp:27]   --->   Operation 70 'sdiv' 'sdiv_ln27' <Predicate = true> <Delay = 4.33> <CoreInst = "Divider">   --->   Core 6 'Divider' <Latency = 35> <II = 1> <Delay = 4.33> <FuncUnit> <Opcode : 'udiv' 'sdiv' 'urem' 'srem'> <InPorts = 2> <OutPorts = 1>

State 17 <SV = 16> <Delay = 4.33>
ST_17 : Operation 71 [21/36] (4.33ns)   --->   "%sdiv_ln27 = sdiv i32 %shl_ln, i32 %conv_i_cast" [CNN_Optimal/src/dense.cpp:27]   --->   Operation 71 'sdiv' 'sdiv_ln27' <Predicate = true> <Delay = 4.33> <CoreInst = "Divider">   --->   Core 6 'Divider' <Latency = 35> <II = 1> <Delay = 4.33> <FuncUnit> <Opcode : 'udiv' 'sdiv' 'urem' 'srem'> <InPorts = 2> <OutPorts = 1>

State 18 <SV = 17> <Delay = 4.33>
ST_18 : Operation 72 [20/36] (4.33ns)   --->   "%sdiv_ln27 = sdiv i32 %shl_ln, i32 %conv_i_cast" [CNN_Optimal/src/dense.cpp:27]   --->   Operation 72 'sdiv' 'sdiv_ln27' <Predicate = true> <Delay = 4.33> <CoreInst = "Divider">   --->   Core 6 'Divider' <Latency = 35> <II = 1> <Delay = 4.33> <FuncUnit> <Opcode : 'udiv' 'sdiv' 'urem' 'srem'> <InPorts = 2> <OutPorts = 1>

State 19 <SV = 18> <Delay = 4.33>
ST_19 : Operation 73 [19/36] (4.33ns)   --->   "%sdiv_ln27 = sdiv i32 %shl_ln, i32 %conv_i_cast" [CNN_Optimal/src/dense.cpp:27]   --->   Operation 73 'sdiv' 'sdiv_ln27' <Predicate = true> <Delay = 4.33> <CoreInst = "Divider">   --->   Core 6 'Divider' <Latency = 35> <II = 1> <Delay = 4.33> <FuncUnit> <Opcode : 'udiv' 'sdiv' 'urem' 'srem'> <InPorts = 2> <OutPorts = 1>

State 20 <SV = 19> <Delay = 4.33>
ST_20 : Operation 74 [18/36] (4.33ns)   --->   "%sdiv_ln27 = sdiv i32 %shl_ln, i32 %conv_i_cast" [CNN_Optimal/src/dense.cpp:27]   --->   Operation 74 'sdiv' 'sdiv_ln27' <Predicate = true> <Delay = 4.33> <CoreInst = "Divider">   --->   Core 6 'Divider' <Latency = 35> <II = 1> <Delay = 4.33> <FuncUnit> <Opcode : 'udiv' 'sdiv' 'urem' 'srem'> <InPorts = 2> <OutPorts = 1>

State 21 <SV = 20> <Delay = 4.33>
ST_21 : Operation 75 [17/36] (4.33ns)   --->   "%sdiv_ln27 = sdiv i32 %shl_ln, i32 %conv_i_cast" [CNN_Optimal/src/dense.cpp:27]   --->   Operation 75 'sdiv' 'sdiv_ln27' <Predicate = true> <Delay = 4.33> <CoreInst = "Divider">   --->   Core 6 'Divider' <Latency = 35> <II = 1> <Delay = 4.33> <FuncUnit> <Opcode : 'udiv' 'sdiv' 'urem' 'srem'> <InPorts = 2> <OutPorts = 1>

State 22 <SV = 21> <Delay = 4.33>
ST_22 : Operation 76 [16/36] (4.33ns)   --->   "%sdiv_ln27 = sdiv i32 %shl_ln, i32 %conv_i_cast" [CNN_Optimal/src/dense.cpp:27]   --->   Operation 76 'sdiv' 'sdiv_ln27' <Predicate = true> <Delay = 4.33> <CoreInst = "Divider">   --->   Core 6 'Divider' <Latency = 35> <II = 1> <Delay = 4.33> <FuncUnit> <Opcode : 'udiv' 'sdiv' 'urem' 'srem'> <InPorts = 2> <OutPorts = 1>

State 23 <SV = 22> <Delay = 4.33>
ST_23 : Operation 77 [15/36] (4.33ns)   --->   "%sdiv_ln27 = sdiv i32 %shl_ln, i32 %conv_i_cast" [CNN_Optimal/src/dense.cpp:27]   --->   Operation 77 'sdiv' 'sdiv_ln27' <Predicate = true> <Delay = 4.33> <CoreInst = "Divider">   --->   Core 6 'Divider' <Latency = 35> <II = 1> <Delay = 4.33> <FuncUnit> <Opcode : 'udiv' 'sdiv' 'urem' 'srem'> <InPorts = 2> <OutPorts = 1>

State 24 <SV = 23> <Delay = 4.33>
ST_24 : Operation 78 [14/36] (4.33ns)   --->   "%sdiv_ln27 = sdiv i32 %shl_ln, i32 %conv_i_cast" [CNN_Optimal/src/dense.cpp:27]   --->   Operation 78 'sdiv' 'sdiv_ln27' <Predicate = true> <Delay = 4.33> <CoreInst = "Divider">   --->   Core 6 'Divider' <Latency = 35> <II = 1> <Delay = 4.33> <FuncUnit> <Opcode : 'udiv' 'sdiv' 'urem' 'srem'> <InPorts = 2> <OutPorts = 1>

State 25 <SV = 24> <Delay = 4.33>
ST_25 : Operation 79 [13/36] (4.33ns)   --->   "%sdiv_ln27 = sdiv i32 %shl_ln, i32 %conv_i_cast" [CNN_Optimal/src/dense.cpp:27]   --->   Operation 79 'sdiv' 'sdiv_ln27' <Predicate = true> <Delay = 4.33> <CoreInst = "Divider">   --->   Core 6 'Divider' <Latency = 35> <II = 1> <Delay = 4.33> <FuncUnit> <Opcode : 'udiv' 'sdiv' 'urem' 'srem'> <InPorts = 2> <OutPorts = 1>

State 26 <SV = 25> <Delay = 4.33>
ST_26 : Operation 80 [12/36] (4.33ns)   --->   "%sdiv_ln27 = sdiv i32 %shl_ln, i32 %conv_i_cast" [CNN_Optimal/src/dense.cpp:27]   --->   Operation 80 'sdiv' 'sdiv_ln27' <Predicate = true> <Delay = 4.33> <CoreInst = "Divider">   --->   Core 6 'Divider' <Latency = 35> <II = 1> <Delay = 4.33> <FuncUnit> <Opcode : 'udiv' 'sdiv' 'urem' 'srem'> <InPorts = 2> <OutPorts = 1>

State 27 <SV = 26> <Delay = 4.33>
ST_27 : Operation 81 [11/36] (4.33ns)   --->   "%sdiv_ln27 = sdiv i32 %shl_ln, i32 %conv_i_cast" [CNN_Optimal/src/dense.cpp:27]   --->   Operation 81 'sdiv' 'sdiv_ln27' <Predicate = true> <Delay = 4.33> <CoreInst = "Divider">   --->   Core 6 'Divider' <Latency = 35> <II = 1> <Delay = 4.33> <FuncUnit> <Opcode : 'udiv' 'sdiv' 'urem' 'srem'> <InPorts = 2> <OutPorts = 1>

State 28 <SV = 27> <Delay = 4.33>
ST_28 : Operation 82 [10/36] (4.33ns)   --->   "%sdiv_ln27 = sdiv i32 %shl_ln, i32 %conv_i_cast" [CNN_Optimal/src/dense.cpp:27]   --->   Operation 82 'sdiv' 'sdiv_ln27' <Predicate = true> <Delay = 4.33> <CoreInst = "Divider">   --->   Core 6 'Divider' <Latency = 35> <II = 1> <Delay = 4.33> <FuncUnit> <Opcode : 'udiv' 'sdiv' 'urem' 'srem'> <InPorts = 2> <OutPorts = 1>

State 29 <SV = 28> <Delay = 4.33>
ST_29 : Operation 83 [9/36] (4.33ns)   --->   "%sdiv_ln27 = sdiv i32 %shl_ln, i32 %conv_i_cast" [CNN_Optimal/src/dense.cpp:27]   --->   Operation 83 'sdiv' 'sdiv_ln27' <Predicate = true> <Delay = 4.33> <CoreInst = "Divider">   --->   Core 6 'Divider' <Latency = 35> <II = 1> <Delay = 4.33> <FuncUnit> <Opcode : 'udiv' 'sdiv' 'urem' 'srem'> <InPorts = 2> <OutPorts = 1>

State 30 <SV = 29> <Delay = 4.33>
ST_30 : Operation 84 [8/36] (4.33ns)   --->   "%sdiv_ln27 = sdiv i32 %shl_ln, i32 %conv_i_cast" [CNN_Optimal/src/dense.cpp:27]   --->   Operation 84 'sdiv' 'sdiv_ln27' <Predicate = true> <Delay = 4.33> <CoreInst = "Divider">   --->   Core 6 'Divider' <Latency = 35> <II = 1> <Delay = 4.33> <FuncUnit> <Opcode : 'udiv' 'sdiv' 'urem' 'srem'> <InPorts = 2> <OutPorts = 1>

State 31 <SV = 30> <Delay = 4.33>
ST_31 : Operation 85 [7/36] (4.33ns)   --->   "%sdiv_ln27 = sdiv i32 %shl_ln, i32 %conv_i_cast" [CNN_Optimal/src/dense.cpp:27]   --->   Operation 85 'sdiv' 'sdiv_ln27' <Predicate = true> <Delay = 4.33> <CoreInst = "Divider">   --->   Core 6 'Divider' <Latency = 35> <II = 1> <Delay = 4.33> <FuncUnit> <Opcode : 'udiv' 'sdiv' 'urem' 'srem'> <InPorts = 2> <OutPorts = 1>

State 32 <SV = 31> <Delay = 4.33>
ST_32 : Operation 86 [6/36] (4.33ns)   --->   "%sdiv_ln27 = sdiv i32 %shl_ln, i32 %conv_i_cast" [CNN_Optimal/src/dense.cpp:27]   --->   Operation 86 'sdiv' 'sdiv_ln27' <Predicate = true> <Delay = 4.33> <CoreInst = "Divider">   --->   Core 6 'Divider' <Latency = 35> <II = 1> <Delay = 4.33> <FuncUnit> <Opcode : 'udiv' 'sdiv' 'urem' 'srem'> <InPorts = 2> <OutPorts = 1>

State 33 <SV = 32> <Delay = 4.33>
ST_33 : Operation 87 [5/36] (4.33ns)   --->   "%sdiv_ln27 = sdiv i32 %shl_ln, i32 %conv_i_cast" [CNN_Optimal/src/dense.cpp:27]   --->   Operation 87 'sdiv' 'sdiv_ln27' <Predicate = true> <Delay = 4.33> <CoreInst = "Divider">   --->   Core 6 'Divider' <Latency = 35> <II = 1> <Delay = 4.33> <FuncUnit> <Opcode : 'udiv' 'sdiv' 'urem' 'srem'> <InPorts = 2> <OutPorts = 1>

State 34 <SV = 33> <Delay = 4.33>
ST_34 : Operation 88 [4/36] (4.33ns)   --->   "%sdiv_ln27 = sdiv i32 %shl_ln, i32 %conv_i_cast" [CNN_Optimal/src/dense.cpp:27]   --->   Operation 88 'sdiv' 'sdiv_ln27' <Predicate = true> <Delay = 4.33> <CoreInst = "Divider">   --->   Core 6 'Divider' <Latency = 35> <II = 1> <Delay = 4.33> <FuncUnit> <Opcode : 'udiv' 'sdiv' 'urem' 'srem'> <InPorts = 2> <OutPorts = 1>

State 35 <SV = 34> <Delay = 4.33>
ST_35 : Operation 89 [3/36] (4.33ns)   --->   "%sdiv_ln27 = sdiv i32 %shl_ln, i32 %conv_i_cast" [CNN_Optimal/src/dense.cpp:27]   --->   Operation 89 'sdiv' 'sdiv_ln27' <Predicate = true> <Delay = 4.33> <CoreInst = "Divider">   --->   Core 6 'Divider' <Latency = 35> <II = 1> <Delay = 4.33> <FuncUnit> <Opcode : 'udiv' 'sdiv' 'urem' 'srem'> <InPorts = 2> <OutPorts = 1>

State 36 <SV = 35> <Delay = 4.33>
ST_36 : Operation 90 [2/36] (4.33ns)   --->   "%sdiv_ln27 = sdiv i32 %shl_ln, i32 %conv_i_cast" [CNN_Optimal/src/dense.cpp:27]   --->   Operation 90 'sdiv' 'sdiv_ln27' <Predicate = true> <Delay = 4.33> <CoreInst = "Divider">   --->   Core 6 'Divider' <Latency = 35> <II = 1> <Delay = 4.33> <FuncUnit> <Opcode : 'udiv' 'sdiv' 'urem' 'srem'> <InPorts = 2> <OutPorts = 1>
ST_36 : Operation 98 [1/1] (0.00ns)   --->   "%ret_ln0 = ret"   --->   Operation 98 'ret' 'ret_ln0' <Predicate = (icmp_ln25)> <Delay = 0.00>

State 37 <SV = 36> <Delay = 6.65>
ST_37 : Operation 91 [1/1] (0.00ns)   --->   "%specpipeline_ln25 = specpipeline void @_ssdm_op_SpecPipeline, i32 4294967295, i32 0, i32 0, i32 0, void @empty_3" [CNN_Optimal/src/dense.cpp:25]   --->   Operation 91 'specpipeline' 'specpipeline_ln25' <Predicate = true> <Delay = 0.00>
ST_37 : Operation 92 [1/1] (0.00ns)   --->   "%speclooptripcount_ln25 = speclooptripcount void @_ssdm_op_SpecLoopTripCount, i64 10, i64 10, i64 10" [CNN_Optimal/src/dense.cpp:25]   --->   Operation 92 'speclooptripcount' 'speclooptripcount_ln25' <Predicate = true> <Delay = 0.00>
ST_37 : Operation 93 [1/1] (0.00ns)   --->   "%specloopname_ln25 = specloopname void @_ssdm_op_SpecLoopName, void @empty_5" [CNN_Optimal/src/dense.cpp:25]   --->   Operation 93 'specloopname' 'specloopname_ln25' <Predicate = true> <Delay = 0.00>
ST_37 : Operation 94 [1/36] (4.33ns)   --->   "%sdiv_ln27 = sdiv i32 %shl_ln, i32 %conv_i_cast" [CNN_Optimal/src/dense.cpp:27]   --->   Operation 94 'sdiv' 'sdiv_ln27' <Predicate = true> <Delay = 4.33> <CoreInst = "Divider">   --->   Core 6 'Divider' <Latency = 35> <II = 1> <Delay = 4.33> <FuncUnit> <Opcode : 'udiv' 'sdiv' 'urem' 'srem'> <InPorts = 2> <OutPorts = 1>
ST_37 : Operation 95 [1/1] (0.00ns)   --->   "%trunc_ln27 = trunc i24 %sdiv_ln27" [CNN_Optimal/src/dense.cpp:27]   --->   Operation 95 'trunc' 'trunc_ln27' <Predicate = true> <Delay = 0.00>
ST_37 : Operation 96 [1/1] (2.32ns)   --->   "%store_ln27 = store i24 %trunc_ln27, i4 %prediction_addr" [CNN_Optimal/src/dense.cpp:27]   --->   Operation 96 'store' 'store_ln27' <Predicate = true> <Delay = 2.32> <CoreInst = "RAM">   --->   Core 82 'RAM' <Latency = 1> <II = 1> <Delay = 2.32> <Storage> <Opcode : 'load' 'store'> <Ports = 2> <Width = 24> <Depth = 10> <RAM>
ST_37 : Operation 97 [1/1] (0.00ns)   --->   "%br_ln25 = br void %for.body18" [CNN_Optimal/src/dense.cpp:25]   --->   Operation 97 'br' 'br_ln25' <Predicate = true> <Delay = 0.00>


============================================================
+ Verbose Summary: Timing violations
============================================================
Target clock period: 10.000ns, clock uncertainty: 2.700ns.

 <State 1>: 4.911ns
The critical path consists of the following:
	'store' operation 0 bit ('store_ln25', CNN_Optimal/src/dense.cpp:25) of constant 0 on local variable 'p', CNN_Optimal/src/dense.cpp:25 [7]  (1.588 ns)
	'load' operation 4 bit ('p', CNN_Optimal/src/dense.cpp:25) on local variable 'p', CNN_Optimal/src/dense.cpp:25 [10]  (0.000 ns)
	'icmp' operation 1 bit ('icmp_ln25', CNN_Optimal/src/dense.cpp:25) [11]  (1.735 ns)
	'store' operation 0 bit ('store_ln25', CNN_Optimal/src/dense.cpp:25) of variable 'add_ln25', CNN_Optimal/src/dense.cpp:25 on local variable 'p', CNN_Optimal/src/dense.cpp:25 [25]  (1.588 ns)

 <State 2>: 6.658ns
The critical path consists of the following:
	'load' operation 24 bit ('prediction_load', CNN_Optimal/src/dense.cpp:27) on array 'prediction' [20]  (2.322 ns)
	'sdiv' operation 24 bit ('sdiv_ln27', CNN_Optimal/src/dense.cpp:27) [22]  (4.336 ns)

 <State 3>: 4.336ns
The critical path consists of the following:
	'sdiv' operation 24 bit ('sdiv_ln27', CNN_Optimal/src/dense.cpp:27) [22]  (4.336 ns)

 <State 4>: 4.336ns
The critical path consists of the following:
	'sdiv' operation 24 bit ('sdiv_ln27', CNN_Optimal/src/dense.cpp:27) [22]  (4.336 ns)

 <State 5>: 4.336ns
The critical path consists of the following:
	'sdiv' operation 24 bit ('sdiv_ln27', CNN_Optimal/src/dense.cpp:27) [22]  (4.336 ns)

 <State 6>: 4.336ns
The critical path consists of the following:
	'sdiv' operation 24 bit ('sdiv_ln27', CNN_Optimal/src/dense.cpp:27) [22]  (4.336 ns)

 <State 7>: 4.336ns
The critical path consists of the following:
	'sdiv' operation 24 bit ('sdiv_ln27', CNN_Optimal/src/dense.cpp:27) [22]  (4.336 ns)

 <State 8>: 4.336ns
The critical path consists of the following:
	'sdiv' operation 24 bit ('sdiv_ln27', CNN_Optimal/src/dense.cpp:27) [22]  (4.336 ns)

 <State 9>: 4.336ns
The critical path consists of the following:
	'sdiv' operation 24 bit ('sdiv_ln27', CNN_Optimal/src/dense.cpp:27) [22]  (4.336 ns)

 <State 10>: 4.336ns
The critical path consists of the following:
	'sdiv' operation 24 bit ('sdiv_ln27', CNN_Optimal/src/dense.cpp:27) [22]  (4.336 ns)

 <State 11>: 4.336ns
The critical path consists of the following:
	'sdiv' operation 24 bit ('sdiv_ln27', CNN_Optimal/src/dense.cpp:27) [22]  (4.336 ns)

 <State 12>: 4.336ns
The critical path consists of the following:
	'sdiv' operation 24 bit ('sdiv_ln27', CNN_Optimal/src/dense.cpp:27) [22]  (4.336 ns)

 <State 13>: 4.336ns
The critical path consists of the following:
	'sdiv' operation 24 bit ('sdiv_ln27', CNN_Optimal/src/dense.cpp:27) [22]  (4.336 ns)

 <State 14>: 4.336ns
The critical path consists of the following:
	'sdiv' operation 24 bit ('sdiv_ln27', CNN_Optimal/src/dense.cpp:27) [22]  (4.336 ns)

 <State 15>: 4.336ns
The critical path consists of the following:
	'sdiv' operation 24 bit ('sdiv_ln27', CNN_Optimal/src/dense.cpp:27) [22]  (4.336 ns)

 <State 16>: 4.336ns
The critical path consists of the following:
	'sdiv' operation 24 bit ('sdiv_ln27', CNN_Optimal/src/dense.cpp:27) [22]  (4.336 ns)

 <State 17>: 4.336ns
The critical path consists of the following:
	'sdiv' operation 24 bit ('sdiv_ln27', CNN_Optimal/src/dense.cpp:27) [22]  (4.336 ns)

 <State 18>: 4.336ns
The critical path consists of the following:
	'sdiv' operation 24 bit ('sdiv_ln27', CNN_Optimal/src/dense.cpp:27) [22]  (4.336 ns)

 <State 19>: 4.336ns
The critical path consists of the following:
	'sdiv' operation 24 bit ('sdiv_ln27', CNN_Optimal/src/dense.cpp:27) [22]  (4.336 ns)

 <State 20>: 4.336ns
The critical path consists of the following:
	'sdiv' operation 24 bit ('sdiv_ln27', CNN_Optimal/src/dense.cpp:27) [22]  (4.336 ns)

 <State 21>: 4.336ns
The critical path consists of the following:
	'sdiv' operation 24 bit ('sdiv_ln27', CNN_Optimal/src/dense.cpp:27) [22]  (4.336 ns)

 <State 22>: 4.336ns
The critical path consists of the following:
	'sdiv' operation 24 bit ('sdiv_ln27', CNN_Optimal/src/dense.cpp:27) [22]  (4.336 ns)

 <State 23>: 4.336ns
The critical path consists of the following:
	'sdiv' operation 24 bit ('sdiv_ln27', CNN_Optimal/src/dense.cpp:27) [22]  (4.336 ns)

 <State 24>: 4.336ns
The critical path consists of the following:
	'sdiv' operation 24 bit ('sdiv_ln27', CNN_Optimal/src/dense.cpp:27) [22]  (4.336 ns)

 <State 25>: 4.336ns
The critical path consists of the following:
	'sdiv' operation 24 bit ('sdiv_ln27', CNN_Optimal/src/dense.cpp:27) [22]  (4.336 ns)

 <State 26>: 4.336ns
The critical path consists of the following:
	'sdiv' operation 24 bit ('sdiv_ln27', CNN_Optimal/src/dense.cpp:27) [22]  (4.336 ns)

 <State 27>: 4.336ns
The critical path consists of the following:
	'sdiv' operation 24 bit ('sdiv_ln27', CNN_Optimal/src/dense.cpp:27) [22]  (4.336 ns)

 <State 28>: 4.336ns
The critical path consists of the following:
	'sdiv' operation 24 bit ('sdiv_ln27', CNN_Optimal/src/dense.cpp:27) [22]  (4.336 ns)

 <State 29>: 4.336ns
The critical path consists of the following:
	'sdiv' operation 24 bit ('sdiv_ln27', CNN_Optimal/src/dense.cpp:27) [22]  (4.336 ns)

 <State 30>: 4.336ns
The critical path consists of the following:
	'sdiv' operation 24 bit ('sdiv_ln27', CNN_Optimal/src/dense.cpp:27) [22]  (4.336 ns)

 <State 31>: 4.336ns
The critical path consists of the following:
	'sdiv' operation 24 bit ('sdiv_ln27', CNN_Optimal/src/dense.cpp:27) [22]  (4.336 ns)

 <State 32>: 4.336ns
The critical path consists of the following:
	'sdiv' operation 24 bit ('sdiv_ln27', CNN_Optimal/src/dense.cpp:27) [22]  (4.336 ns)

 <State 33>: 4.336ns
The critical path consists of the following:
	'sdiv' operation 24 bit ('sdiv_ln27', CNN_Optimal/src/dense.cpp:27) [22]  (4.336 ns)

 <State 34>: 4.336ns
The critical path consists of the following:
	'sdiv' operation 24 bit ('sdiv_ln27', CNN_Optimal/src/dense.cpp:27) [22]  (4.336 ns)

 <State 35>: 4.336ns
The critical path consists of the following:
	'sdiv' operation 24 bit ('sdiv_ln27', CNN_Optimal/src/dense.cpp:27) [22]  (4.336 ns)

 <State 36>: 4.336ns
The critical path consists of the following:
	'sdiv' operation 24 bit ('sdiv_ln27', CNN_Optimal/src/dense.cpp:27) [22]  (4.336 ns)

 <State 37>: 6.658ns
The critical path consists of the following:
	'sdiv' operation 24 bit ('sdiv_ln27', CNN_Optimal/src/dense.cpp:27) [22]  (4.336 ns)
	'store' operation 0 bit ('store_ln27', CNN_Optimal/src/dense.cpp:27) of variable 'trunc_ln27', CNN_Optimal/src/dense.cpp:27 on array 'prediction' [24]  (2.322 ns)


============================================================
+ Verbose Summary: Binding
============================================================
N/A
* FSMD analyzer results:
  - Output states:
 - Input state : 
  - Chain level:
	State 1
	State 2
	State 3
	State 4
	State 5
	State 6
	State 7
	State 8
	State 9
	State 10
	State 11
	State 12
	State 13
	State 14
	State 15
	State 16
	State 17
	State 18
	State 19
	State 20
	State 21
	State 22
	State 23
	State 24
	State 25
	State 26
	State 27
	State 28
	State 29
	State 30
	State 31
	State 32
	State 33
	State 34
	State 35
	State 36
	State 37


============================================================
+ Verbose Summary: Datapath Resource usage 
============================================================
N/A
