

================================================================
== Vitis HLS Report for 'dense_layer_soft_max_Pipeline_dense_soft_max_for_dense_size'
================================================================
* Date:           Thu Jan 23 17:45:28 2025

* Version:        2023.2 (Build 4023990 on Oct 11 2023)
* Project:        CNN_Optimal
* Solution:       solution1 (Vivado IP Flow Target)
* Product family: zynq
* Target device:  xc7z010-clg400-1


================================================================
== Performance Estimates
================================================================
+ Timing: 
    * Summary: 
    +--------+----------+----------+------------+
    |  Clock |  Target  | Estimated| Uncertainty|
    +--------+----------+----------+------------+
    |ap_clk  |  10.00 ns|  8.424 ns|     2.70 ns|
    +--------+----------+----------+------------+

+ Latency: 
    * Summary: 
    +---------+---------+----------+----------+-----+-----+---------+
    |  Latency (cycles) |  Latency (absolute) |  Interval | Pipeline|
    |   min   |   max   |    min   |    max   | min | max |   Type  |
    +---------+---------+----------+----------+-----+-----+---------+
    |       88|       88|  0.880 us|  0.880 us|   88|   88|       no|
    +---------+---------+----------+----------+-----+-----+---------+

    + Detail: 
        * Instance: 
        N/A

        * Loop: 
        +---------------------------------+---------+---------+----------+-----------+-----------+------+----------+
        |                                 |  Latency (cycles) | Iteration|  Initiation Interval  | Trip |          |
        |            Loop Name            |   min   |   max   |  Latency |  achieved |   target  | Count| Pipelined|
        +---------------------------------+---------+---------+----------+-----------+-----------+------+----------+
        |- dense_soft_max_for_dense_size  |       86|       86|        42|          5|          1|    10|       yes|
        +---------------------------------+---------+---------+----------+-----------+-----------+------+----------+

============================================================
+ Verbose Summary: Synthesis Manager
============================================================
InlineROM: 1
ExposeGlobal: 0
============================================================
+ Verbose Summary: CDFG Model
============================================================
IsTopModel: 0
ResetActiveHigh: 1
IsCombinational: 0
IsDatapathOnly: 0
HasWiredReturn: 1
HasMFsm: 2
HasVarLatency: 1
IsPipeline: 0
IsRtlPipelined: 0
IsInstanceOverlapped: 0
IsDontTouch: 0
HasImplIP: 0
IsGatedGlobalClock: 0

+ Individual pipeline summary: 
  * Pipeline-0: initiation interval (II) = 5, depth = 42


============================================================
+ Verbose Summary: Schedule
============================================================
* Number of FSM states : 42
* Pipeline : 1
  Pipeline-0 : II = 5, D = 42, States = { 1 2 3 4 5 6 7 8 9 10 11 12 13 14 15 16 17 18 19 20 21 22 23 24 25 26 27 28 29 30 31 32 33 34 35 36 37 38 39 40 41 42 }
* Dataflow Pipeline: 0

* FSM state transitions: 
1 --> 2 
2 --> 3 
3 --> 4 
4 --> 5 
5 --> 6 
6 --> 7 
7 --> 8 
8 --> 9 
9 --> 10 
10 --> 11 
11 --> 12 
12 --> 13 
13 --> 14 
14 --> 15 
15 --> 16 
16 --> 17 
17 --> 18 
18 --> 19 
19 --> 20 
20 --> 21 
21 --> 22 
22 --> 23 
23 --> 24 
24 --> 25 
25 --> 26 
26 --> 27 
27 --> 28 
28 --> 29 
29 --> 30 
30 --> 31 
31 --> 32 
32 --> 33 
33 --> 34 
34 --> 35 
35 --> 36 
36 --> 37 
37 --> 38 
38 --> 39 
39 --> 40 
40 --> 41 
41 --> 42 
42 --> 

* FSM state operations: 

State 1 <SV = 0> <Delay = 4.91>
ST_1 : Operation 45 [1/1] (0.00ns)   --->   "%exp_sum = alloca i32 1" [CNN_Optimal/src/dense.cpp:11]   --->   Operation 45 'alloca' 'exp_sum' <Predicate = true> <Delay = 0.00>
ST_1 : Operation 46 [1/1] (0.00ns)   --->   "%d = alloca i32 1" [CNN_Optimal/src/dense.cpp:13]   --->   Operation 46 'alloca' 'd' <Predicate = true> <Delay = 0.00>
ST_1 : Operation 47 [1/1] (0.00ns)   --->   "%specinterface_ln0 = specinterface void @_ssdm_op_SpecInterface, i32 %prediction, void @empty_0, i32 0, i32 0, void @empty_2, i32 4294967295, i32 0, void @empty_2, void @empty_2, void @empty_2, i32 0, i32 0, i32 0, i32 0, void @empty_2, void @empty_2, i32 4294967295, i32 0"   --->   Operation 47 'specinterface' 'specinterface_ln0' <Predicate = true> <Delay = 0.00>
ST_1 : Operation 48 [1/1] (0.00ns)   --->   "%specinterface_ln0 = specinterface void @_ssdm_op_SpecInterface, i32 %dense_to_softmax_streams_0, void @empty_1, i32 0, i32 0, void @empty_2, i32 0, i32 0, void @empty_2, void @empty_2, void @empty_2, i32 0, i32 0, i32 0, i32 0, void @empty_2, void @empty_2, i32 4294967295, i32 0"   --->   Operation 48 'specinterface' 'specinterface_ln0' <Predicate = true> <Delay = 0.00>
ST_1 : Operation 49 [1/1] (0.00ns)   --->   "%specinterface_ln0 = specinterface void @_ssdm_op_SpecInterface, i32 %dense_to_softmax_streams_1, void @empty_1, i32 0, i32 0, void @empty_2, i32 0, i32 0, void @empty_2, void @empty_2, void @empty_2, i32 0, i32 0, i32 0, i32 0, void @empty_2, void @empty_2, i32 4294967295, i32 0"   --->   Operation 49 'specinterface' 'specinterface_ln0' <Predicate = true> <Delay = 0.00>
ST_1 : Operation 50 [1/1] (0.00ns)   --->   "%specinterface_ln0 = specinterface void @_ssdm_op_SpecInterface, i32 %dense_to_softmax_streams_2, void @empty_1, i32 0, i32 0, void @empty_2, i32 0, i32 0, void @empty_2, void @empty_2, void @empty_2, i32 0, i32 0, i32 0, i32 0, void @empty_2, void @empty_2, i32 4294967295, i32 0"   --->   Operation 50 'specinterface' 'specinterface_ln0' <Predicate = true> <Delay = 0.00>
ST_1 : Operation 51 [1/1] (0.00ns)   --->   "%specinterface_ln0 = specinterface void @_ssdm_op_SpecInterface, i32 %dense_to_softmax_streams_3, void @empty_1, i32 0, i32 0, void @empty_2, i32 0, i32 0, void @empty_2, void @empty_2, void @empty_2, i32 0, i32 0, i32 0, i32 0, void @empty_2, void @empty_2, i32 4294967295, i32 0"   --->   Operation 51 'specinterface' 'specinterface_ln0' <Predicate = true> <Delay = 0.00>
ST_1 : Operation 52 [1/1] (1.58ns)   --->   "%store_ln13 = store i4 0, i4 %d" [CNN_Optimal/src/dense.cpp:13]   --->   Operation 52 'store' 'store_ln13' <Predicate = true> <Delay = 1.58>
ST_1 : Operation 53 [1/1] (1.58ns)   --->   "%store_ln11 = store i32 0, i32 %exp_sum" [CNN_Optimal/src/dense.cpp:11]   --->   Operation 53 'store' 'store_ln11' <Predicate = true> <Delay = 1.58>
ST_1 : Operation 54 [1/1] (0.00ns)   --->   "%br_ln0 = br void %dense_soft_max_for_filters"   --->   Operation 54 'br' 'br_ln0' <Predicate = true> <Delay = 0.00>
ST_1 : Operation 55 [1/1] (0.00ns)   --->   "%d_1 = load i4 %d" [CNN_Optimal/src/dense.cpp:13]   --->   Operation 55 'load' 'd_1' <Predicate = true> <Delay = 0.00>
ST_1 : Operation 56 [1/1] (1.73ns)   --->   "%icmp_ln13 = icmp_eq  i4 %d_1, i4 10" [CNN_Optimal/src/dense.cpp:13]   --->   Operation 56 'icmp' 'icmp_ln13' <Predicate = true> <Delay = 1.73> <CoreInst = "Cmp">   --->   Core 9 'Cmp' <Latency = 0> <II = 1> <Delay = 1.73> <FuncUnit> <Opcode : 'icmp'> <InPorts = 2> <OutPorts = 1>
ST_1 : Operation 57 [1/1] (1.73ns)   --->   "%add_ln13 = add i4 %d_1, i4 1" [CNN_Optimal/src/dense.cpp:13]   --->   Operation 57 'add' 'add_ln13' <Predicate = true> <Delay = 1.73> <CoreInst = "Adder">   --->   Core 1 'Adder' <Latency = 0> <II = 1> <Delay = 1.73> <FuncUnit> <Opcode : 'add' 'sub'> <InPorts = 2> <OutPorts = 1>
ST_1 : Operation 58 [1/1] (0.00ns)   --->   "%br_ln13 = br i1 %icmp_ln13, void %dense_soft_max_for_filters.split, void %for.inc21.preheader.exitStub" [CNN_Optimal/src/dense.cpp:13]   --->   Operation 58 'br' 'br_ln13' <Predicate = true> <Delay = 0.00>
ST_1 : Operation 59 [1/1] (0.00ns)   --->   "%zext_ln13 = zext i4 %d_1" [CNN_Optimal/src/dense.cpp:13]   --->   Operation 59 'zext' 'zext_ln13' <Predicate = (!icmp_ln13)> <Delay = 0.00>
ST_1 : Operation 60 [1/1] (0.00ns)   --->   "%dense_biases_addr = getelementptr i32 %dense_biases, i64 0, i64 %zext_ln13" [CNN_Optimal/src/dense.cpp:15]   --->   Operation 60 'getelementptr' 'dense_biases_addr' <Predicate = (!icmp_ln13)> <Delay = 0.00>
ST_1 : Operation 61 [2/2] (2.32ns)   --->   "%sum = load i4 %dense_biases_addr" [CNN_Optimal/src/dense.cpp:15]   --->   Operation 61 'load' 'sum' <Predicate = (!icmp_ln13)> <Delay = 2.32> <CoreInst = "ROM">   --->   Core 95 'ROM' <Latency = 1> <II = 1> <Delay = 2.32> <Storage> <Opcode : 'load'> <Ports = 0> <Width = 32> <Depth = 10> <ROM>
ST_1 : Operation 62 [1/1] (1.58ns)   --->   "%store_ln13 = store i4 %add_ln13, i4 %d" [CNN_Optimal/src/dense.cpp:13]   --->   Operation 62 'store' 'store_ln13' <Predicate = (!icmp_ln13)> <Delay = 1.58>

State 2 <SV = 1> <Delay = 3.61>
ST_2 : Operation 63 [1/2] (2.32ns)   --->   "%sum = load i4 %dense_biases_addr" [CNN_Optimal/src/dense.cpp:15]   --->   Operation 63 'load' 'sum' <Predicate = (!icmp_ln13)> <Delay = 2.32> <CoreInst = "ROM">   --->   Core 95 'ROM' <Latency = 1> <II = 1> <Delay = 2.32> <Storage> <Opcode : 'load'> <Ports = 0> <Width = 32> <Depth = 10> <ROM>
ST_2 : Operation 64 [1/1] (3.61ns)   --->   "%dense_to_softmax_streams_0_read = read i32 @_ssdm_op_Read.ap_fifo.volatile.i32P0A, i32 %dense_to_softmax_streams_0" [CNN_Optimal/src/dense.cpp:19]   --->   Operation 64 'read' 'dense_to_softmax_streams_0_read' <Predicate = (!icmp_ln13)> <Delay = 3.61> <CoreInst = "FIFO_SRL">   --->   Core 81 'FIFO_SRL' <Latency = 0> <II = 1> <Delay = 3.61> <Storage> <Opcode : 'read' 'write' 'nbread' 'nbwrite'> <Ports = 0> <Width = 32> <Depth = 10> <FIFO>
ST_2 : Operation 65 [1/1] (3.61ns)   --->   "%dense_to_softmax_streams_1_read = read i32 @_ssdm_op_Read.ap_fifo.volatile.i32P0A, i32 %dense_to_softmax_streams_1" [CNN_Optimal/src/dense.cpp:19]   --->   Operation 65 'read' 'dense_to_softmax_streams_1_read' <Predicate = (!icmp_ln13)> <Delay = 3.61> <CoreInst = "FIFO_SRL">   --->   Core 81 'FIFO_SRL' <Latency = 0> <II = 1> <Delay = 3.61> <Storage> <Opcode : 'read' 'write' 'nbread' 'nbwrite'> <Ports = 0> <Width = 32> <Depth = 10> <FIFO>
ST_2 : Operation 66 [1/1] (3.61ns)   --->   "%dense_to_softmax_streams_2_read = read i32 @_ssdm_op_Read.ap_fifo.volatile.i32P0A, i32 %dense_to_softmax_streams_2" [CNN_Optimal/src/dense.cpp:19]   --->   Operation 66 'read' 'dense_to_softmax_streams_2_read' <Predicate = (!icmp_ln13)> <Delay = 3.61> <CoreInst = "FIFO_SRL">   --->   Core 81 'FIFO_SRL' <Latency = 0> <II = 1> <Delay = 3.61> <Storage> <Opcode : 'read' 'write' 'nbread' 'nbwrite'> <Ports = 0> <Width = 32> <Depth = 10> <FIFO>
ST_2 : Operation 67 [1/1] (3.61ns)   --->   "%dense_to_softmax_streams_3_read = read i32 @_ssdm_op_Read.ap_fifo.volatile.i32P0A, i32 %dense_to_softmax_streams_3" [CNN_Optimal/src/dense.cpp:19]   --->   Operation 67 'read' 'dense_to_softmax_streams_3_read' <Predicate = (!icmp_ln13)> <Delay = 3.61> <CoreInst = "FIFO_SRL">   --->   Core 81 'FIFO_SRL' <Latency = 0> <II = 1> <Delay = 3.61> <Storage> <Opcode : 'read' 'write' 'nbread' 'nbwrite'> <Ports = 0> <Width = 32> <Depth = 10> <FIFO>

State 3 <SV = 2> <Delay = 8.42>
ST_3 : Operation 68 [1/1] (0.00ns)   --->   "%bitcast_ln19 = bitcast i32 %dense_to_softmax_streams_0_read" [CNN_Optimal/src/dense.cpp:19]   --->   Operation 68 'bitcast' 'bitcast_ln19' <Predicate = (!icmp_ln13)> <Delay = 0.00>
ST_3 : Operation 69 [5/5] (8.42ns)   --->   "%sum_1 = fadd i32 %sum, i32 %bitcast_ln19" [CNN_Optimal/src/dense.cpp:19]   --->   Operation 69 'fadd' 'sum_1' <Predicate = (!icmp_ln13)> <Delay = 8.42> <CoreInst = "FAddSub_fulldsp">   --->   Core 18 'FAddSub_fulldsp' <Latency = 4> <II = 1> <Delay = 7.25> <FuncUnit> <Opcode : 'fadd' 'fsub'> <InPorts = 2> <OutPorts = 1>

State 4 <SV = 3> <Delay = 7.25>
ST_4 : Operation 70 [4/5] (7.25ns)   --->   "%sum_1 = fadd i32 %sum, i32 %bitcast_ln19" [CNN_Optimal/src/dense.cpp:19]   --->   Operation 70 'fadd' 'sum_1' <Predicate = (!icmp_ln13)> <Delay = 7.25> <CoreInst = "FAddSub_fulldsp">   --->   Core 18 'FAddSub_fulldsp' <Latency = 4> <II = 1> <Delay = 7.25> <FuncUnit> <Opcode : 'fadd' 'fsub'> <InPorts = 2> <OutPorts = 1>

State 5 <SV = 4> <Delay = 7.25>
ST_5 : Operation 71 [3/5] (7.25ns)   --->   "%sum_1 = fadd i32 %sum, i32 %bitcast_ln19" [CNN_Optimal/src/dense.cpp:19]   --->   Operation 71 'fadd' 'sum_1' <Predicate = (!icmp_ln13)> <Delay = 7.25> <CoreInst = "FAddSub_fulldsp">   --->   Core 18 'FAddSub_fulldsp' <Latency = 4> <II = 1> <Delay = 7.25> <FuncUnit> <Opcode : 'fadd' 'fsub'> <InPorts = 2> <OutPorts = 1>

State 6 <SV = 5> <Delay = 7.25>
ST_6 : Operation 72 [2/5] (7.25ns)   --->   "%sum_1 = fadd i32 %sum, i32 %bitcast_ln19" [CNN_Optimal/src/dense.cpp:19]   --->   Operation 72 'fadd' 'sum_1' <Predicate = true> <Delay = 7.25> <CoreInst = "FAddSub_fulldsp">   --->   Core 18 'FAddSub_fulldsp' <Latency = 4> <II = 1> <Delay = 7.25> <FuncUnit> <Opcode : 'fadd' 'fsub'> <InPorts = 2> <OutPorts = 1>

State 7 <SV = 6> <Delay = 7.25>
ST_7 : Operation 73 [1/5] (7.25ns)   --->   "%sum_1 = fadd i32 %sum, i32 %bitcast_ln19" [CNN_Optimal/src/dense.cpp:19]   --->   Operation 73 'fadd' 'sum_1' <Predicate = true> <Delay = 7.25> <CoreInst = "FAddSub_fulldsp">   --->   Core 18 'FAddSub_fulldsp' <Latency = 4> <II = 1> <Delay = 7.25> <FuncUnit> <Opcode : 'fadd' 'fsub'> <InPorts = 2> <OutPorts = 1>

State 8 <SV = 7> <Delay = 0.00>

State 9 <SV = 8> <Delay = 8.42>
ST_9 : Operation 74 [1/1] (0.00ns)   --->   "%bitcast_ln19_1 = bitcast i32 %dense_to_softmax_streams_1_read" [CNN_Optimal/src/dense.cpp:19]   --->   Operation 74 'bitcast' 'bitcast_ln19_1' <Predicate = true> <Delay = 0.00>
ST_9 : Operation 75 [5/5] (8.42ns)   --->   "%sum_2 = fadd i32 %sum_1, i32 %bitcast_ln19_1" [CNN_Optimal/src/dense.cpp:19]   --->   Operation 75 'fadd' 'sum_2' <Predicate = true> <Delay = 8.42> <CoreInst = "FAddSub_fulldsp">   --->   Core 18 'FAddSub_fulldsp' <Latency = 4> <II = 1> <Delay = 7.25> <FuncUnit> <Opcode : 'fadd' 'fsub'> <InPorts = 2> <OutPorts = 1>

State 10 <SV = 9> <Delay = 7.25>
ST_10 : Operation 76 [4/5] (7.25ns)   --->   "%sum_2 = fadd i32 %sum_1, i32 %bitcast_ln19_1" [CNN_Optimal/src/dense.cpp:19]   --->   Operation 76 'fadd' 'sum_2' <Predicate = true> <Delay = 7.25> <CoreInst = "FAddSub_fulldsp">   --->   Core 18 'FAddSub_fulldsp' <Latency = 4> <II = 1> <Delay = 7.25> <FuncUnit> <Opcode : 'fadd' 'fsub'> <InPorts = 2> <OutPorts = 1>

State 11 <SV = 10> <Delay = 7.25>
ST_11 : Operation 77 [3/5] (7.25ns)   --->   "%sum_2 = fadd i32 %sum_1, i32 %bitcast_ln19_1" [CNN_Optimal/src/dense.cpp:19]   --->   Operation 77 'fadd' 'sum_2' <Predicate = true> <Delay = 7.25> <CoreInst = "FAddSub_fulldsp">   --->   Core 18 'FAddSub_fulldsp' <Latency = 4> <II = 1> <Delay = 7.25> <FuncUnit> <Opcode : 'fadd' 'fsub'> <InPorts = 2> <OutPorts = 1>

State 12 <SV = 11> <Delay = 7.25>
ST_12 : Operation 78 [2/5] (7.25ns)   --->   "%sum_2 = fadd i32 %sum_1, i32 %bitcast_ln19_1" [CNN_Optimal/src/dense.cpp:19]   --->   Operation 78 'fadd' 'sum_2' <Predicate = true> <Delay = 7.25> <CoreInst = "FAddSub_fulldsp">   --->   Core 18 'FAddSub_fulldsp' <Latency = 4> <II = 1> <Delay = 7.25> <FuncUnit> <Opcode : 'fadd' 'fsub'> <InPorts = 2> <OutPorts = 1>

State 13 <SV = 12> <Delay = 7.25>
ST_13 : Operation 79 [1/5] (7.25ns)   --->   "%sum_2 = fadd i32 %sum_1, i32 %bitcast_ln19_1" [CNN_Optimal/src/dense.cpp:19]   --->   Operation 79 'fadd' 'sum_2' <Predicate = true> <Delay = 7.25> <CoreInst = "FAddSub_fulldsp">   --->   Core 18 'FAddSub_fulldsp' <Latency = 4> <II = 1> <Delay = 7.25> <FuncUnit> <Opcode : 'fadd' 'fsub'> <InPorts = 2> <OutPorts = 1>

State 14 <SV = 13> <Delay = 0.00>

State 15 <SV = 14> <Delay = 8.42>
ST_15 : Operation 80 [1/1] (0.00ns)   --->   "%bitcast_ln19_2 = bitcast i32 %dense_to_softmax_streams_2_read" [CNN_Optimal/src/dense.cpp:19]   --->   Operation 80 'bitcast' 'bitcast_ln19_2' <Predicate = true> <Delay = 0.00>
ST_15 : Operation 81 [5/5] (8.42ns)   --->   "%sum_3 = fadd i32 %sum_2, i32 %bitcast_ln19_2" [CNN_Optimal/src/dense.cpp:19]   --->   Operation 81 'fadd' 'sum_3' <Predicate = true> <Delay = 8.42> <CoreInst = "FAddSub_fulldsp">   --->   Core 18 'FAddSub_fulldsp' <Latency = 4> <II = 1> <Delay = 7.25> <FuncUnit> <Opcode : 'fadd' 'fsub'> <InPorts = 2> <OutPorts = 1>

State 16 <SV = 15> <Delay = 7.25>
ST_16 : Operation 82 [4/5] (7.25ns)   --->   "%sum_3 = fadd i32 %sum_2, i32 %bitcast_ln19_2" [CNN_Optimal/src/dense.cpp:19]   --->   Operation 82 'fadd' 'sum_3' <Predicate = true> <Delay = 7.25> <CoreInst = "FAddSub_fulldsp">   --->   Core 18 'FAddSub_fulldsp' <Latency = 4> <II = 1> <Delay = 7.25> <FuncUnit> <Opcode : 'fadd' 'fsub'> <InPorts = 2> <OutPorts = 1>

State 17 <SV = 16> <Delay = 7.25>
ST_17 : Operation 83 [3/5] (7.25ns)   --->   "%sum_3 = fadd i32 %sum_2, i32 %bitcast_ln19_2" [CNN_Optimal/src/dense.cpp:19]   --->   Operation 83 'fadd' 'sum_3' <Predicate = true> <Delay = 7.25> <CoreInst = "FAddSub_fulldsp">   --->   Core 18 'FAddSub_fulldsp' <Latency = 4> <II = 1> <Delay = 7.25> <FuncUnit> <Opcode : 'fadd' 'fsub'> <InPorts = 2> <OutPorts = 1>

State 18 <SV = 17> <Delay = 7.25>
ST_18 : Operation 84 [2/5] (7.25ns)   --->   "%sum_3 = fadd i32 %sum_2, i32 %bitcast_ln19_2" [CNN_Optimal/src/dense.cpp:19]   --->   Operation 84 'fadd' 'sum_3' <Predicate = true> <Delay = 7.25> <CoreInst = "FAddSub_fulldsp">   --->   Core 18 'FAddSub_fulldsp' <Latency = 4> <II = 1> <Delay = 7.25> <FuncUnit> <Opcode : 'fadd' 'fsub'> <InPorts = 2> <OutPorts = 1>

State 19 <SV = 18> <Delay = 7.25>
ST_19 : Operation 85 [1/5] (7.25ns)   --->   "%sum_3 = fadd i32 %sum_2, i32 %bitcast_ln19_2" [CNN_Optimal/src/dense.cpp:19]   --->   Operation 85 'fadd' 'sum_3' <Predicate = true> <Delay = 7.25> <CoreInst = "FAddSub_fulldsp">   --->   Core 18 'FAddSub_fulldsp' <Latency = 4> <II = 1> <Delay = 7.25> <FuncUnit> <Opcode : 'fadd' 'fsub'> <InPorts = 2> <OutPorts = 1>

State 20 <SV = 19> <Delay = 0.00>

State 21 <SV = 20> <Delay = 8.42>
ST_21 : Operation 86 [1/1] (0.00ns)   --->   "%bitcast_ln19_3 = bitcast i32 %dense_to_softmax_streams_3_read" [CNN_Optimal/src/dense.cpp:19]   --->   Operation 86 'bitcast' 'bitcast_ln19_3' <Predicate = true> <Delay = 0.00>
ST_21 : Operation 87 [5/5] (8.42ns)   --->   "%sum_4 = fadd i32 %sum_3, i32 %bitcast_ln19_3" [CNN_Optimal/src/dense.cpp:19]   --->   Operation 87 'fadd' 'sum_4' <Predicate = true> <Delay = 8.42> <CoreInst = "FAddSub_fulldsp">   --->   Core 18 'FAddSub_fulldsp' <Latency = 4> <II = 1> <Delay = 7.25> <FuncUnit> <Opcode : 'fadd' 'fsub'> <InPorts = 2> <OutPorts = 1>

State 22 <SV = 21> <Delay = 7.25>
ST_22 : Operation 88 [4/5] (7.25ns)   --->   "%sum_4 = fadd i32 %sum_3, i32 %bitcast_ln19_3" [CNN_Optimal/src/dense.cpp:19]   --->   Operation 88 'fadd' 'sum_4' <Predicate = true> <Delay = 7.25> <CoreInst = "FAddSub_fulldsp">   --->   Core 18 'FAddSub_fulldsp' <Latency = 4> <II = 1> <Delay = 7.25> <FuncUnit> <Opcode : 'fadd' 'fsub'> <InPorts = 2> <OutPorts = 1>

State 23 <SV = 22> <Delay = 7.25>
ST_23 : Operation 89 [3/5] (7.25ns)   --->   "%sum_4 = fadd i32 %sum_3, i32 %bitcast_ln19_3" [CNN_Optimal/src/dense.cpp:19]   --->   Operation 89 'fadd' 'sum_4' <Predicate = true> <Delay = 7.25> <CoreInst = "FAddSub_fulldsp">   --->   Core 18 'FAddSub_fulldsp' <Latency = 4> <II = 1> <Delay = 7.25> <FuncUnit> <Opcode : 'fadd' 'fsub'> <InPorts = 2> <OutPorts = 1>

State 24 <SV = 23> <Delay = 7.25>
ST_24 : Operation 90 [2/5] (7.25ns)   --->   "%sum_4 = fadd i32 %sum_3, i32 %bitcast_ln19_3" [CNN_Optimal/src/dense.cpp:19]   --->   Operation 90 'fadd' 'sum_4' <Predicate = true> <Delay = 7.25> <CoreInst = "FAddSub_fulldsp">   --->   Core 18 'FAddSub_fulldsp' <Latency = 4> <II = 1> <Delay = 7.25> <FuncUnit> <Opcode : 'fadd' 'fsub'> <InPorts = 2> <OutPorts = 1>

State 25 <SV = 24> <Delay = 7.25>
ST_25 : Operation 91 [1/5] (7.25ns)   --->   "%sum_4 = fadd i32 %sum_3, i32 %bitcast_ln19_3" [CNN_Optimal/src/dense.cpp:19]   --->   Operation 91 'fadd' 'sum_4' <Predicate = true> <Delay = 7.25> <CoreInst = "FAddSub_fulldsp">   --->   Core 18 'FAddSub_fulldsp' <Latency = 4> <II = 1> <Delay = 7.25> <FuncUnit> <Opcode : 'fadd' 'fsub'> <InPorts = 2> <OutPorts = 1>

State 26 <SV = 25> <Delay = 7.14>
ST_26 : Operation 92 [10/10] (7.14ns)   --->   "%tmp = fexp i32 @llvm.exp.f32, i32 %sum_4" [CNN_Optimal/src/dense.cpp:22]   --->   Operation 92 'fexp' 'tmp' <Predicate = true> <Delay = 7.14> <CoreInst = "FExp_fulldsp">   --->   Core 23 'FExp_fulldsp' <Latency = 9> <II = 1> <Delay = 7.14> <FuncUnit> <Opcode : 'fexp'> <InPorts = 1> <OutPorts = 1>

State 27 <SV = 26> <Delay = 7.14>
ST_27 : Operation 93 [9/10] (7.14ns)   --->   "%tmp = fexp i32 @llvm.exp.f32, i32 %sum_4" [CNN_Optimal/src/dense.cpp:22]   --->   Operation 93 'fexp' 'tmp' <Predicate = true> <Delay = 7.14> <CoreInst = "FExp_fulldsp">   --->   Core 23 'FExp_fulldsp' <Latency = 9> <II = 1> <Delay = 7.14> <FuncUnit> <Opcode : 'fexp'> <InPorts = 1> <OutPorts = 1>

State 28 <SV = 27> <Delay = 7.14>
ST_28 : Operation 94 [8/10] (7.14ns)   --->   "%tmp = fexp i32 @llvm.exp.f32, i32 %sum_4" [CNN_Optimal/src/dense.cpp:22]   --->   Operation 94 'fexp' 'tmp' <Predicate = true> <Delay = 7.14> <CoreInst = "FExp_fulldsp">   --->   Core 23 'FExp_fulldsp' <Latency = 9> <II = 1> <Delay = 7.14> <FuncUnit> <Opcode : 'fexp'> <InPorts = 1> <OutPorts = 1>

State 29 <SV = 28> <Delay = 7.14>
ST_29 : Operation 95 [7/10] (7.14ns)   --->   "%tmp = fexp i32 @llvm.exp.f32, i32 %sum_4" [CNN_Optimal/src/dense.cpp:22]   --->   Operation 95 'fexp' 'tmp' <Predicate = true> <Delay = 7.14> <CoreInst = "FExp_fulldsp">   --->   Core 23 'FExp_fulldsp' <Latency = 9> <II = 1> <Delay = 7.14> <FuncUnit> <Opcode : 'fexp'> <InPorts = 1> <OutPorts = 1>

State 30 <SV = 29> <Delay = 7.14>
ST_30 : Operation 96 [6/10] (7.14ns)   --->   "%tmp = fexp i32 @llvm.exp.f32, i32 %sum_4" [CNN_Optimal/src/dense.cpp:22]   --->   Operation 96 'fexp' 'tmp' <Predicate = true> <Delay = 7.14> <CoreInst = "FExp_fulldsp">   --->   Core 23 'FExp_fulldsp' <Latency = 9> <II = 1> <Delay = 7.14> <FuncUnit> <Opcode : 'fexp'> <InPorts = 1> <OutPorts = 1>

State 31 <SV = 30> <Delay = 7.14>
ST_31 : Operation 97 [5/10] (7.14ns)   --->   "%tmp = fexp i32 @llvm.exp.f32, i32 %sum_4" [CNN_Optimal/src/dense.cpp:22]   --->   Operation 97 'fexp' 'tmp' <Predicate = true> <Delay = 7.14> <CoreInst = "FExp_fulldsp">   --->   Core 23 'FExp_fulldsp' <Latency = 9> <II = 1> <Delay = 7.14> <FuncUnit> <Opcode : 'fexp'> <InPorts = 1> <OutPorts = 1>

State 32 <SV = 31> <Delay = 7.14>
ST_32 : Operation 98 [4/10] (7.14ns)   --->   "%tmp = fexp i32 @llvm.exp.f32, i32 %sum_4" [CNN_Optimal/src/dense.cpp:22]   --->   Operation 98 'fexp' 'tmp' <Predicate = true> <Delay = 7.14> <CoreInst = "FExp_fulldsp">   --->   Core 23 'FExp_fulldsp' <Latency = 9> <II = 1> <Delay = 7.14> <FuncUnit> <Opcode : 'fexp'> <InPorts = 1> <OutPorts = 1>

State 33 <SV = 32> <Delay = 7.14>
ST_33 : Operation 99 [3/10] (7.14ns)   --->   "%tmp = fexp i32 @llvm.exp.f32, i32 %sum_4" [CNN_Optimal/src/dense.cpp:22]   --->   Operation 99 'fexp' 'tmp' <Predicate = true> <Delay = 7.14> <CoreInst = "FExp_fulldsp">   --->   Core 23 'FExp_fulldsp' <Latency = 9> <II = 1> <Delay = 7.14> <FuncUnit> <Opcode : 'fexp'> <InPorts = 1> <OutPorts = 1>

State 34 <SV = 33> <Delay = 7.14>
ST_34 : Operation 100 [2/10] (7.14ns)   --->   "%tmp = fexp i32 @llvm.exp.f32, i32 %sum_4" [CNN_Optimal/src/dense.cpp:22]   --->   Operation 100 'fexp' 'tmp' <Predicate = true> <Delay = 7.14> <CoreInst = "FExp_fulldsp">   --->   Core 23 'FExp_fulldsp' <Latency = 9> <II = 1> <Delay = 7.14> <FuncUnit> <Opcode : 'fexp'> <InPorts = 1> <OutPorts = 1>

State 35 <SV = 34> <Delay = 7.14>
ST_35 : Operation 101 [1/10] (7.14ns)   --->   "%tmp = fexp i32 @llvm.exp.f32, i32 %sum_4" [CNN_Optimal/src/dense.cpp:22]   --->   Operation 101 'fexp' 'tmp' <Predicate = true> <Delay = 7.14> <CoreInst = "FExp_fulldsp">   --->   Core 23 'FExp_fulldsp' <Latency = 9> <II = 1> <Delay = 7.14> <FuncUnit> <Opcode : 'fexp'> <InPorts = 1> <OutPorts = 1>

State 36 <SV = 35> <Delay = 2.32>
ST_36 : Operation 102 [1/1] (0.00ns)   --->   "%bitcast_ln22 = bitcast i32 %tmp" [CNN_Optimal/src/dense.cpp:22]   --->   Operation 102 'bitcast' 'bitcast_ln22' <Predicate = true> <Delay = 0.00>
ST_36 : Operation 103 [1/1] (0.00ns)   --->   "%prediction_addr = getelementptr i32 %prediction, i64 0, i64 %zext_ln13" [CNN_Optimal/src/dense.cpp:22]   --->   Operation 103 'getelementptr' 'prediction_addr' <Predicate = true> <Delay = 0.00>
ST_36 : Operation 104 [1/1] (2.32ns)   --->   "%store_ln22 = store i32 %bitcast_ln22, i4 %prediction_addr" [CNN_Optimal/src/dense.cpp:22]   --->   Operation 104 'store' 'store_ln22' <Predicate = true> <Delay = 2.32> <CoreInst = "RAM">   --->   Core 82 'RAM' <Latency = 1> <II = 1> <Delay = 2.32> <Storage> <Opcode : 'load' 'store'> <Ports = 2> <Width = 32> <Depth = 10> <RAM>

State 37 <SV = 36> <Delay = 8.42>
ST_37 : Operation 105 [1/1] (0.00ns)   --->   "%exp_sum_load = load i32 %exp_sum" [CNN_Optimal/src/dense.cpp:22]   --->   Operation 105 'load' 'exp_sum_load' <Predicate = true> <Delay = 0.00>
ST_37 : Operation 106 [5/5] (8.42ns)   --->   "%exp_sum_1 = fadd i32 %exp_sum_load, i32 %tmp" [CNN_Optimal/src/dense.cpp:22]   --->   Operation 106 'fadd' 'exp_sum_1' <Predicate = true> <Delay = 8.42> <CoreInst = "FAddSub_fulldsp">   --->   Core 18 'FAddSub_fulldsp' <Latency = 4> <II = 1> <Delay = 7.25> <FuncUnit> <Opcode : 'fadd' 'fsub'> <InPorts = 2> <OutPorts = 1>
ST_37 : Operation 116 [1/1] (0.00ns)   --->   "%exp_sum_load_1 = load i32 %exp_sum"   --->   Operation 116 'load' 'exp_sum_load_1' <Predicate = (icmp_ln13)> <Delay = 0.00>
ST_37 : Operation 117 [1/1] (0.00ns)   --->   "%write_ln0 = write void @_ssdm_op_Write.ap_auto.floatP0A, i32 %exp_sum_out, i32 %exp_sum_load_1"   --->   Operation 117 'write' 'write_ln0' <Predicate = (icmp_ln13)> <Delay = 0.00>
ST_37 : Operation 118 [1/1] (0.00ns)   --->   "%ret_ln0 = ret"   --->   Operation 118 'ret' 'ret_ln0' <Predicate = (icmp_ln13)> <Delay = 0.00>

State 38 <SV = 37> <Delay = 7.25>
ST_38 : Operation 107 [4/5] (7.25ns)   --->   "%exp_sum_1 = fadd i32 %exp_sum_load, i32 %tmp" [CNN_Optimal/src/dense.cpp:22]   --->   Operation 107 'fadd' 'exp_sum_1' <Predicate = true> <Delay = 7.25> <CoreInst = "FAddSub_fulldsp">   --->   Core 18 'FAddSub_fulldsp' <Latency = 4> <II = 1> <Delay = 7.25> <FuncUnit> <Opcode : 'fadd' 'fsub'> <InPorts = 2> <OutPorts = 1>

State 39 <SV = 38> <Delay = 7.25>
ST_39 : Operation 108 [3/5] (7.25ns)   --->   "%exp_sum_1 = fadd i32 %exp_sum_load, i32 %tmp" [CNN_Optimal/src/dense.cpp:22]   --->   Operation 108 'fadd' 'exp_sum_1' <Predicate = true> <Delay = 7.25> <CoreInst = "FAddSub_fulldsp">   --->   Core 18 'FAddSub_fulldsp' <Latency = 4> <II = 1> <Delay = 7.25> <FuncUnit> <Opcode : 'fadd' 'fsub'> <InPorts = 2> <OutPorts = 1>

State 40 <SV = 39> <Delay = 7.25>
ST_40 : Operation 109 [2/5] (7.25ns)   --->   "%exp_sum_1 = fadd i32 %exp_sum_load, i32 %tmp" [CNN_Optimal/src/dense.cpp:22]   --->   Operation 109 'fadd' 'exp_sum_1' <Predicate = true> <Delay = 7.25> <CoreInst = "FAddSub_fulldsp">   --->   Core 18 'FAddSub_fulldsp' <Latency = 4> <II = 1> <Delay = 7.25> <FuncUnit> <Opcode : 'fadd' 'fsub'> <InPorts = 2> <OutPorts = 1>

State 41 <SV = 40> <Delay = 7.25>
ST_41 : Operation 110 [1/5] (7.25ns)   --->   "%exp_sum_1 = fadd i32 %exp_sum_load, i32 %tmp" [CNN_Optimal/src/dense.cpp:22]   --->   Operation 110 'fadd' 'exp_sum_1' <Predicate = true> <Delay = 7.25> <CoreInst = "FAddSub_fulldsp">   --->   Core 18 'FAddSub_fulldsp' <Latency = 4> <II = 1> <Delay = 7.25> <FuncUnit> <Opcode : 'fadd' 'fsub'> <InPorts = 2> <OutPorts = 1>

State 42 <SV = 41> <Delay = 1.58>
ST_42 : Operation 111 [1/1] (0.00ns)   --->   "%specpipeline_ln13 = specpipeline void @_ssdm_op_SpecPipeline, i32 4294967295, i32 0, i32 0, i32 0, void @empty_2" [CNN_Optimal/src/dense.cpp:13]   --->   Operation 111 'specpipeline' 'specpipeline_ln13' <Predicate = true> <Delay = 0.00>
ST_42 : Operation 112 [1/1] (0.00ns)   --->   "%speclooptripcount_ln13 = speclooptripcount void @_ssdm_op_SpecLoopTripCount, i64 10, i64 10, i64 10" [CNN_Optimal/src/dense.cpp:13]   --->   Operation 112 'speclooptripcount' 'speclooptripcount_ln13' <Predicate = true> <Delay = 0.00>
ST_42 : Operation 113 [1/1] (0.00ns)   --->   "%specloopname_ln13 = specloopname void @_ssdm_op_SpecLoopName, void @empty_4" [CNN_Optimal/src/dense.cpp:13]   --->   Operation 113 'specloopname' 'specloopname_ln13' <Predicate = true> <Delay = 0.00>
ST_42 : Operation 114 [1/1] (1.58ns)   --->   "%store_ln11 = store i32 %exp_sum_1, i32 %exp_sum" [CNN_Optimal/src/dense.cpp:11]   --->   Operation 114 'store' 'store_ln11' <Predicate = true> <Delay = 1.58>
ST_42 : Operation 115 [1/1] (0.00ns)   --->   "%br_ln13 = br void %dense_soft_max_for_filters" [CNN_Optimal/src/dense.cpp:13]   --->   Operation 115 'br' 'br_ln13' <Predicate = true> <Delay = 0.00>


============================================================
+ Verbose Summary: Binding
============================================================
STG Binding: 
---------------- STG Properties BEGIN ----------------
- Is combinational: 0
- Is one-state seq: 0
- Is datapath-only: 0
- Is pipelined: 0
- Is top level: 0
Port [ Return ] is wired: 1; IO mode=ap_ctrl_hs:ce=0
Port [ dense_to_softmax_streams_0]:  wired=1; compound=1; hidden=0; nouse=0; global=0; static=0; extern=0; dir=0; type=3; pingpong=0; private_global=0; IO mode=ap_fifo:ce=0
Port [ dense_to_softmax_streams_1]:  wired=1; compound=1; hidden=0; nouse=0; global=0; static=0; extern=0; dir=0; type=3; pingpong=0; private_global=0; IO mode=ap_fifo:ce=0
Port [ dense_to_softmax_streams_2]:  wired=1; compound=1; hidden=0; nouse=0; global=0; static=0; extern=0; dir=0; type=3; pingpong=0; private_global=0; IO mode=ap_fifo:ce=0
Port [ dense_to_softmax_streams_3]:  wired=1; compound=1; hidden=0; nouse=0; global=0; static=0; extern=0; dir=0; type=3; pingpong=0; private_global=0; IO mode=ap_fifo:ce=0
Port [ prediction]:  wired=1; compound=1; hidden=0; nouse=0; global=0; static=0; extern=0; dir=1; type=1; pingpong=0; private_global=0; MemPort=[03]; IO mode=ap_memory:ce=0
Port [ exp_sum_out]:  wired=1; compound=0; hidden=0; nouse=0; global=0; static=0; extern=0; dir=1; type=0; pingpong=0; private_global=0; IO mode=ap_vld:ce=0
Port [ dense_biases]:  wired=0; compound=1; hidden=1; nouse=0; global=1; static=1; extern=0; dir=0; type=1; pingpong=0; private_global=1; MemPort=[1]; IO mode=ap_memory:ce=0
---------------- STG Properties END ------------------

---------------- Datapath Model BEGIN ----------------

<LifeTime>
<method=bitvector/>
exp_sum                         (alloca           ) [ 0111111111111111111111111111111111111111111]
d                               (alloca           ) [ 0100000000000000000000000000000000000000000]
specinterface_ln0               (specinterface    ) [ 0000000000000000000000000000000000000000000]
specinterface_ln0               (specinterface    ) [ 0000000000000000000000000000000000000000000]
specinterface_ln0               (specinterface    ) [ 0000000000000000000000000000000000000000000]
specinterface_ln0               (specinterface    ) [ 0000000000000000000000000000000000000000000]
specinterface_ln0               (specinterface    ) [ 0000000000000000000000000000000000000000000]
store_ln13                      (store            ) [ 0000000000000000000000000000000000000000000]
store_ln11                      (store            ) [ 0000000000000000000000000000000000000000000]
br_ln0                          (br               ) [ 0000000000000000000000000000000000000000000]
d_1                             (load             ) [ 0000000000000000000000000000000000000000000]
icmp_ln13                       (icmp             ) [ 0111111111111111111111111111111111111100000]
add_ln13                        (add              ) [ 0000000000000000000000000000000000000000000]
br_ln13                         (br               ) [ 0000000000000000000000000000000000000000000]
zext_ln13                       (zext             ) [ 0111111111111111111111111111111111111000000]
dense_biases_addr               (getelementptr    ) [ 0010000000000000000000000000000000000000000]
store_ln13                      (store            ) [ 0000000000000000000000000000000000000000000]
sum                             (load             ) [ 0111111100000000000000000000000000000000000]
dense_to_softmax_streams_0_read (read             ) [ 0001000000000000000000000000000000000000000]
dense_to_softmax_streams_1_read (read             ) [ 0111111111000000000000000000000000000000000]
dense_to_softmax_streams_2_read (read             ) [ 0111111111111111000000000000000000000000000]
dense_to_softmax_streams_3_read (read             ) [ 0111111111111111111111000000000000000000000]
bitcast_ln19                    (bitcast          ) [ 0110111100000000000000000000000000000000000]
sum_1                           (fadd             ) [ 0111110011111100000000000000000000000000000]
bitcast_ln19_1                  (bitcast          ) [ 0111010000111100000000000000000000000000000]
sum_2                           (fadd             ) [ 0111110000000011111100000000000000000000000]
bitcast_ln19_2                  (bitcast          ) [ 0111100000000000111100000000000000000000000]
sum_3                           (fadd             ) [ 0111110000000000000011111100000000000000000]
bitcast_ln19_3                  (bitcast          ) [ 0011110000000000000000111100000000000000000]
sum_4                           (fadd             ) [ 0111110000000000000000000011111111110000000]
tmp                             (fexp             ) [ 0111110000000000000000000000000000001111110]
bitcast_ln22                    (bitcast          ) [ 0000000000000000000000000000000000000000000]
prediction_addr                 (getelementptr    ) [ 0000000000000000000000000000000000000000000]
store_ln22                      (store            ) [ 0000000000000000000000000000000000000000000]
exp_sum_load                    (load             ) [ 0101110000000000000000000000000000000011110]
exp_sum_1                       (fadd             ) [ 0010000000000000000000000000000000000000001]
specpipeline_ln13               (specpipeline     ) [ 0000000000000000000000000000000000000000000]
speclooptripcount_ln13          (speclooptripcount) [ 0000000000000000000000000000000000000000000]
specloopname_ln13               (specloopname     ) [ 0000000000000000000000000000000000000000000]
store_ln11                      (store            ) [ 0000000000000000000000000000000000000000000]
br_ln13                         (br               ) [ 0000000000000000000000000000000000000000000]
exp_sum_load_1                  (load             ) [ 0000000000000000000000000000000000000000000]
write_ln0                       (write            ) [ 0000000000000000000000000000000000000000000]
ret_ln0                         (ret              ) [ 0000000000000000000000000000000000000000000]
</LifeTime>

<model>

<comp_list>
<comp id="0" class="1000" name="dense_to_softmax_streams_0">
<pin_list>
<pin id="1" dir="1" index="0" bw="1" slack="0"/>
</pin_list>
<bind>
<StgValue><ssdm name="dense_to_softmax_streams_0"/></StgValue>
</bind>
</comp>

<comp id="2" class="1000" name="dense_to_softmax_streams_1">
<pin_list>
<pin id="3" dir="1" index="0" bw="1" slack="0"/>
</pin_list>
<bind>
<StgValue><ssdm name="dense_to_softmax_streams_1"/></StgValue>
</bind>
</comp>

<comp id="4" class="1000" name="dense_to_softmax_streams_2">
<pin_list>
<pin id="5" dir="1" index="0" bw="1" slack="0"/>
</pin_list>
<bind>
<StgValue><ssdm name="dense_to_softmax_streams_2"/></StgValue>
</bind>
</comp>

<comp id="6" class="1000" name="dense_to_softmax_streams_3">
<pin_list>
<pin id="7" dir="1" index="0" bw="1" slack="0"/>
</pin_list>
<bind>
<StgValue><ssdm name="dense_to_softmax_streams_3"/></StgValue>
</bind>
</comp>

<comp id="8" class="1000" name="prediction">
<pin_list>
<pin id="9" dir="1" index="0" bw="1" slack="0"/>
</pin_list>
<bind>
<StgValue><ssdm name="prediction"/><MemPortTyVec>0 3 </MemPortTyVec>
</StgValue>
</bind>
</comp>

<comp id="10" class="1000" name="exp_sum_out">
<pin_list>
<pin id="11" dir="1" index="0" bw="1" slack="0"/>
</pin_list>
<bind>
<StgValue><ssdm name="exp_sum_out"/></StgValue>
</bind>
</comp>

<comp id="12" class="1000" name="dense_biases">
<pin_list>
<pin id="13" dir="1" index="0" bw="1" slack="0"/>
</pin_list>
<bind>
<StgValue><ssdm name="dense_biases"/><MemPortTyVec>1 </MemPortTyVec>
</StgValue>
</bind>
</comp>

<comp id="14" class="1001" name="const_14">
<pin_list>
<pin id="15" dir="1" index="0" bw="1" slack="0"/>
</pin_list>
<bind>
<StgValue><ssdm name=""/></StgValue>
</bind>
</comp>

<comp id="16" class="1001" name="const_16">
<pin_list>
<pin id="17" dir="1" index="0" bw="1" slack="2147483647"/>
</pin_list>
<bind>
<StgValue><ssdm name="_ssdm_op_SpecInterface"/></StgValue>
</bind>
</comp>

<comp id="18" class="1001" name="const_18">
<pin_list>
<pin id="19" dir="1" index="0" bw="1" slack="2147483647"/>
</pin_list>
<bind>
<StgValue><ssdm name="empty_0"/></StgValue>
</bind>
</comp>

<comp id="20" class="1001" name="const_20">
<pin_list>
<pin id="21" dir="1" index="0" bw="1" slack="2147483647"/>
</pin_list>
<bind>
<StgValue><ssdm name=""/></StgValue>
</bind>
</comp>

<comp id="22" class="1001" name="const_22">
<pin_list>
<pin id="23" dir="1" index="0" bw="1" slack="2147483647"/>
</pin_list>
<bind>
<StgValue><ssdm name="empty_2"/></StgValue>
</bind>
</comp>

<comp id="24" class="1001" name="const_24">
<pin_list>
<pin id="25" dir="1" index="0" bw="1" slack="2147483647"/>
</pin_list>
<bind>
<StgValue><ssdm name=""/></StgValue>
</bind>
</comp>

<comp id="26" class="1001" name="const_26">
<pin_list>
<pin id="27" dir="1" index="0" bw="1" slack="2147483647"/>
</pin_list>
<bind>
<StgValue><ssdm name="empty_1"/></StgValue>
</bind>
</comp>

<comp id="28" class="1001" name="const_28">
<pin_list>
<pin id="29" dir="1" index="0" bw="1" slack="0"/>
</pin_list>
<bind>
<StgValue><ssdm name=""/></StgValue>
</bind>
</comp>

<comp id="30" class="1001" name="const_30">
<pin_list>
<pin id="31" dir="1" index="0" bw="1" slack="0"/>
</pin_list>
<bind>
<StgValue><ssdm name=""/></StgValue>
</bind>
</comp>

<comp id="32" class="1001" name="const_32">
<pin_list>
<pin id="33" dir="1" index="0" bw="1" slack="0"/>
</pin_list>
<bind>
<StgValue><ssdm name=""/></StgValue>
</bind>
</comp>

<comp id="34" class="1001" name="const_34">
<pin_list>
<pin id="35" dir="1" index="0" bw="1" slack="0"/>
</pin_list>
<bind>
<StgValue><ssdm name=""/></StgValue>
</bind>
</comp>

<comp id="36" class="1001" name="const_36">
<pin_list>
<pin id="37" dir="1" index="0" bw="1" slack="0"/>
</pin_list>
<bind>
<StgValue><ssdm name=""/></StgValue>
</bind>
</comp>

<comp id="38" class="1001" name="const_38">
<pin_list>
<pin id="39" dir="1" index="0" bw="1" slack="0"/>
</pin_list>
<bind>
<StgValue><ssdm name="_ssdm_op_Read.ap_fifo.volatile.i32P0A"/></StgValue>
</bind>
</comp>

<comp id="40" class="1001" name="const_40">
<pin_list>
<pin id="41" dir="1" index="0" bw="1" slack="0"/>
</pin_list>
<bind>
<StgValue><ssdm name="llvm.exp.f32"/></StgValue>
</bind>
</comp>

<comp id="42" class="1001" name="const_42">
<pin_list>
<pin id="43" dir="1" index="0" bw="1" slack="2147483647"/>
</pin_list>
<bind>
<StgValue><ssdm name="_ssdm_op_SpecPipeline"/></StgValue>
</bind>
</comp>

<comp id="44" class="1001" name="const_44">
<pin_list>
<pin id="45" dir="1" index="0" bw="1" slack="2147483647"/>
</pin_list>
<bind>
<StgValue><ssdm name="_ssdm_op_SpecLoopTripCount"/></StgValue>
</bind>
</comp>

<comp id="46" class="1001" name="const_46">
<pin_list>
<pin id="47" dir="1" index="0" bw="1" slack="2147483647"/>
</pin_list>
<bind>
<StgValue><ssdm name=""/></StgValue>
</bind>
</comp>

<comp id="48" class="1001" name="const_48">
<pin_list>
<pin id="49" dir="1" index="0" bw="1" slack="2147483647"/>
</pin_list>
<bind>
<StgValue><ssdm name="_ssdm_op_SpecLoopName"/></StgValue>
</bind>
</comp>

<comp id="50" class="1001" name="const_50">
<pin_list>
<pin id="51" dir="1" index="0" bw="1" slack="2147483647"/>
</pin_list>
<bind>
<StgValue><ssdm name="empty_4"/></StgValue>
</bind>
</comp>

<comp id="52" class="1001" name="const_52">
<pin_list>
<pin id="53" dir="1" index="0" bw="1" slack="0"/>
</pin_list>
<bind>
<StgValue><ssdm name="_ssdm_op_Write.ap_auto.floatP0A"/></StgValue>
</bind>
</comp>

<comp id="54" class="1004" name="exp_sum_fu_54">
<pin_list>
<pin id="55" dir="0" index="0" bw="1" slack="0"/>
<pin id="56" dir="1" index="1" bw="32" slack="0"/>
</pin_list>
<bind>
<opcode="alloca(26) " fcode="alloca"/>
<opset="exp_sum/1 "/>
</bind>
</comp>

<comp id="58" class="1004" name="d_fu_58">
<pin_list>
<pin id="59" dir="0" index="0" bw="1" slack="0"/>
<pin id="60" dir="1" index="1" bw="4" slack="0"/>
</pin_list>
<bind>
<opcode="alloca(26) " fcode="alloca"/>
<opset="d/1 "/>
</bind>
</comp>

<comp id="62" class="1004" name="dense_to_softmax_streams_0_read_read_fu_62">
<pin_list>
<pin id="63" dir="0" index="0" bw="32" slack="0"/>
<pin id="64" dir="0" index="1" bw="32" slack="0"/>
<pin id="65" dir="1" index="2" bw="32" slack="1"/>
</pin_list>
<bind>
<opcode="read(1150) " fcode="read"/>
<opset="dense_to_softmax_streams_0_read/2 "/>
</bind>
</comp>

<comp id="68" class="1004" name="dense_to_softmax_streams_1_read_read_fu_68">
<pin_list>
<pin id="69" dir="0" index="0" bw="32" slack="0"/>
<pin id="70" dir="0" index="1" bw="32" slack="0"/>
<pin id="71" dir="1" index="2" bw="32" slack="7"/>
</pin_list>
<bind>
<opcode="read(1150) " fcode="read"/>
<opset="dense_to_softmax_streams_1_read/2 "/>
</bind>
</comp>

<comp id="74" class="1004" name="dense_to_softmax_streams_2_read_read_fu_74">
<pin_list>
<pin id="75" dir="0" index="0" bw="32" slack="0"/>
<pin id="76" dir="0" index="1" bw="32" slack="0"/>
<pin id="77" dir="1" index="2" bw="32" slack="13"/>
</pin_list>
<bind>
<opcode="read(1150) " fcode="read"/>
<opset="dense_to_softmax_streams_2_read/2 "/>
</bind>
</comp>

<comp id="80" class="1004" name="dense_to_softmax_streams_3_read_read_fu_80">
<pin_list>
<pin id="81" dir="0" index="0" bw="32" slack="0"/>
<pin id="82" dir="0" index="1" bw="32" slack="0"/>
<pin id="83" dir="1" index="2" bw="32" slack="19"/>
</pin_list>
<bind>
<opcode="read(1150) " fcode="read"/>
<opset="dense_to_softmax_streams_3_read/2 "/>
</bind>
</comp>

<comp id="86" class="1004" name="write_ln0_write_fu_86">
<pin_list>
<pin id="87" dir="0" index="0" bw="0" slack="0"/>
<pin id="88" dir="0" index="1" bw="32" slack="0"/>
<pin id="89" dir="0" index="2" bw="32" slack="0"/>
<pin id="90" dir="1" index="3" bw="0" slack="2147483647"/>
</pin_list>
<bind>
<opcode="write(1151) " fcode="write"/>
<opset="write_ln0/37 "/>
</bind>
</comp>

<comp id="93" class="1004" name="dense_biases_addr_gep_fu_93">
<pin_list>
<pin id="94" dir="0" index="0" bw="32" slack="0"/>
<pin id="95" dir="0" index="1" bw="1" slack="0"/>
<pin id="96" dir="0" index="2" bw="4" slack="0"/>
<pin id="97" dir="1" index="3" bw="4" slack="0"/>
</pin_list>
<bind>
<opcode="getelementptr(29) " fcode="getelementptr"/>
<opset="dense_biases_addr/1 "/>
</bind>
</comp>

<comp id="100" class="1004" name="grp_access_fu_100">
<pin_list>
<pin id="101" dir="0" index="0" bw="4" slack="0"/>
<pin id="102" dir="0" index="1" bw="32" slack="2147483647"/>
<pin id="103" dir="0" index="2" bw="0" slack="2147483647"/>
<pin id="104" dir="1" index="3" bw="32" slack="1"/>
</pin_list>
<bind>
<opcode="load(27) " fcode="load"/>
<opset="sum/1 "/>
</bind>
</comp>

<comp id="106" class="1004" name="prediction_addr_gep_fu_106">
<pin_list>
<pin id="107" dir="0" index="0" bw="32" slack="0"/>
<pin id="108" dir="0" index="1" bw="1" slack="0"/>
<pin id="109" dir="0" index="2" bw="4" slack="35"/>
<pin id="110" dir="1" index="3" bw="4" slack="0"/>
</pin_list>
<bind>
<opcode="getelementptr(29) " fcode="getelementptr"/>
<opset="prediction_addr/36 "/>
</bind>
</comp>

<comp id="113" class="1004" name="store_ln22_access_fu_113">
<pin_list>
<pin id="114" dir="0" index="0" bw="4" slack="0"/>
<pin id="115" dir="0" index="1" bw="32" slack="0"/>
<pin id="116" dir="0" index="2" bw="0" slack="2147483647"/>
<pin id="117" dir="1" index="3" bw="32" slack="2147483647"/>
</pin_list>
<bind>
<opcode="store(28) " fcode="store"/>
<opset="store_ln22/36 "/>
</bind>
</comp>

<comp id="119" class="1004" name="grp_fu_119">
<pin_list>
<pin id="120" dir="0" index="0" bw="32" slack="0"/>
<pin id="121" dir="0" index="1" bw="32" slack="0"/>
<pin id="122" dir="1" index="2" bw="32" slack="1"/>
</pin_list>
<bind>
<opcode="fadd(9) " fcode="fadd"/>
<opset="sum_1/3 sum_2/9 sum_3/15 sum_4/21 exp_sum_1/37 "/>
</bind>
</comp>

<comp id="123" class="1004" name="grp_fu_123">
<pin_list>
<pin id="124" dir="0" index="0" bw="32" slack="0"/>
<pin id="125" dir="0" index="1" bw="32" slack="1"/>
<pin id="126" dir="1" index="2" bw="32" slack="1"/>
</pin_list>
<bind>
<opcode="fexp(507) " fcode="fexp"/>
<opset="tmp/26 "/>
</bind>
</comp>

<comp id="128" class="1004" name="store_ln13_store_fu_128">
<pin_list>
<pin id="129" dir="0" index="0" bw="1" slack="0"/>
<pin id="130" dir="0" index="1" bw="4" slack="0"/>
<pin id="131" dir="1" index="2" bw="0" slack="2147483647"/>
</pin_list>
<bind>
<opcode="store(28) " fcode="store"/>
<opset="store_ln13/1 "/>
</bind>
</comp>

<comp id="133" class="1004" name="store_ln11_store_fu_133">
<pin_list>
<pin id="134" dir="0" index="0" bw="32" slack="0"/>
<pin id="135" dir="0" index="1" bw="32" slack="0"/>
<pin id="136" dir="1" index="2" bw="0" slack="2147483647"/>
</pin_list>
<bind>
<opcode="store(28) " fcode="store"/>
<opset="store_ln11/1 "/>
</bind>
</comp>

<comp id="138" class="1004" name="d_1_load_fu_138">
<pin_list>
<pin id="139" dir="0" index="0" bw="4" slack="0"/>
<pin id="140" dir="1" index="1" bw="4" slack="0"/>
</pin_list>
<bind>
<opcode="load(27) " fcode="load"/>
<opset="d_1/1 "/>
</bind>
</comp>

<comp id="141" class="1004" name="icmp_ln13_fu_141">
<pin_list>
<pin id="142" dir="0" index="0" bw="4" slack="0"/>
<pin id="143" dir="0" index="1" bw="4" slack="0"/>
<pin id="144" dir="1" index="2" bw="1" slack="1"/>
</pin_list>
<bind>
<opcode="icmp(45) " fcode="icmp"/>
<opset="icmp_ln13/1 "/>
</bind>
</comp>

<comp id="147" class="1004" name="add_ln13_fu_147">
<pin_list>
<pin id="148" dir="0" index="0" bw="4" slack="0"/>
<pin id="149" dir="0" index="1" bw="1" slack="0"/>
<pin id="150" dir="1" index="2" bw="4" slack="0"/>
</pin_list>
<bind>
<opcode="add(8) " fcode="add"/>
<opset="add_ln13/1 "/>
</bind>
</comp>

<comp id="153" class="1004" name="zext_ln13_fu_153">
<pin_list>
<pin id="154" dir="0" index="0" bw="4" slack="0"/>
<pin id="155" dir="1" index="1" bw="64" slack="0"/>
</pin_list>
<bind>
<opcode="zext(34) " fcode="zext"/>
<opset="zext_ln13/1 "/>
</bind>
</comp>

<comp id="158" class="1004" name="store_ln13_store_fu_158">
<pin_list>
<pin id="159" dir="0" index="0" bw="4" slack="0"/>
<pin id="160" dir="0" index="1" bw="4" slack="0"/>
<pin id="161" dir="1" index="2" bw="0" slack="2147483647"/>
</pin_list>
<bind>
<opcode="store(28) " fcode="store"/>
<opset="store_ln13/1 "/>
</bind>
</comp>

<comp id="163" class="1004" name="bitcast_ln19_fu_163">
<pin_list>
<pin id="164" dir="0" index="0" bw="32" slack="1"/>
<pin id="165" dir="1" index="1" bw="32" slack="0"/>
</pin_list>
<bind>
<opcode="bitcast(44) " fcode="bitcast"/>
<opset="bitcast_ln19/3 "/>
</bind>
</comp>

<comp id="167" class="1004" name="bitcast_ln19_1_fu_167">
<pin_list>
<pin id="168" dir="0" index="0" bw="32" slack="7"/>
<pin id="169" dir="1" index="1" bw="32" slack="0"/>
</pin_list>
<bind>
<opcode="bitcast(44) " fcode="bitcast"/>
<opset="bitcast_ln19_1/9 "/>
</bind>
</comp>

<comp id="171" class="1004" name="bitcast_ln19_2_fu_171">
<pin_list>
<pin id="172" dir="0" index="0" bw="32" slack="13"/>
<pin id="173" dir="1" index="1" bw="32" slack="0"/>
</pin_list>
<bind>
<opcode="bitcast(44) " fcode="bitcast"/>
<opset="bitcast_ln19_2/15 "/>
</bind>
</comp>

<comp id="175" class="1004" name="bitcast_ln19_3_fu_175">
<pin_list>
<pin id="176" dir="0" index="0" bw="32" slack="19"/>
<pin id="177" dir="1" index="1" bw="32" slack="0"/>
</pin_list>
<bind>
<opcode="bitcast(44) " fcode="bitcast"/>
<opset="bitcast_ln19_3/21 "/>
</bind>
</comp>

<comp id="179" class="1004" name="bitcast_ln22_fu_179">
<pin_list>
<pin id="180" dir="0" index="0" bw="32" slack="1"/>
<pin id="181" dir="1" index="1" bw="32" slack="0"/>
</pin_list>
<bind>
<opcode="bitcast(44) " fcode="bitcast"/>
<opset="bitcast_ln22/36 "/>
</bind>
</comp>

<comp id="183" class="1004" name="exp_sum_load_load_fu_183">
<pin_list>
<pin id="184" dir="0" index="0" bw="32" slack="36"/>
<pin id="185" dir="1" index="1" bw="32" slack="0"/>
</pin_list>
<bind>
<opcode="load(27) " fcode="load"/>
<opset="exp_sum_load/37 "/>
</bind>
</comp>

<comp id="187" class="1004" name="store_ln11_store_fu_187">
<pin_list>
<pin id="188" dir="0" index="0" bw="32" slack="1"/>
<pin id="189" dir="0" index="1" bw="32" slack="41"/>
<pin id="190" dir="1" index="2" bw="0" slack="2147483647"/>
</pin_list>
<bind>
<opcode="store(28) " fcode="store"/>
<opset="store_ln11/42 "/>
</bind>
</comp>

<comp id="191" class="1004" name="exp_sum_load_1_load_fu_191">
<pin_list>
<pin id="192" dir="0" index="0" bw="32" slack="36"/>
<pin id="193" dir="1" index="1" bw="32" slack="0"/>
</pin_list>
<bind>
<opcode="load(27) " fcode="load"/>
<opset="exp_sum_load_1/37 "/>
</bind>
</comp>

<comp id="195" class="1005" name="exp_sum_reg_195">
<pin_list>
<pin id="196" dir="0" index="0" bw="32" slack="0"/>
<pin id="197" dir="1" index="1" bw="32" slack="0"/>
</pin_list>
<bind>
<opset="exp_sum "/>
</bind>
</comp>

<comp id="203" class="1005" name="d_reg_203">
<pin_list>
<pin id="204" dir="0" index="0" bw="4" slack="0"/>
<pin id="205" dir="1" index="1" bw="4" slack="0"/>
</pin_list>
<bind>
<opset="d "/>
</bind>
</comp>

<comp id="210" class="1005" name="icmp_ln13_reg_210">
<pin_list>
<pin id="211" dir="0" index="0" bw="1" slack="1"/>
<pin id="212" dir="1" index="1" bw="1" slack="2147483647"/>
</pin_list>
<bind>
<opset="icmp_ln13 "/>
</bind>
</comp>

<comp id="214" class="1005" name="zext_ln13_reg_214">
<pin_list>
<pin id="215" dir="0" index="0" bw="64" slack="35"/>
<pin id="216" dir="1" index="1" bw="64" slack="35"/>
</pin_list>
<bind>
<opset="zext_ln13 "/>
</bind>
</comp>

<comp id="219" class="1005" name="dense_biases_addr_reg_219">
<pin_list>
<pin id="220" dir="0" index="0" bw="4" slack="1"/>
<pin id="221" dir="1" index="1" bw="4" slack="1"/>
</pin_list>
<bind>
<opset="dense_biases_addr "/>
</bind>
</comp>

<comp id="224" class="1005" name="sum_reg_224">
<pin_list>
<pin id="225" dir="0" index="0" bw="32" slack="1"/>
<pin id="226" dir="1" index="1" bw="32" slack="1"/>
</pin_list>
<bind>
<opset="sum "/>
</bind>
</comp>

<comp id="229" class="1005" name="dense_to_softmax_streams_0_read_reg_229">
<pin_list>
<pin id="230" dir="0" index="0" bw="32" slack="1"/>
<pin id="231" dir="1" index="1" bw="32" slack="1"/>
</pin_list>
<bind>
<opset="dense_to_softmax_streams_0_read "/>
</bind>
</comp>

<comp id="234" class="1005" name="dense_to_softmax_streams_1_read_reg_234">
<pin_list>
<pin id="235" dir="0" index="0" bw="32" slack="7"/>
<pin id="236" dir="1" index="1" bw="32" slack="7"/>
</pin_list>
<bind>
<opset="dense_to_softmax_streams_1_read "/>
</bind>
</comp>

<comp id="239" class="1005" name="dense_to_softmax_streams_2_read_reg_239">
<pin_list>
<pin id="240" dir="0" index="0" bw="32" slack="13"/>
<pin id="241" dir="1" index="1" bw="32" slack="13"/>
</pin_list>
<bind>
<opset="dense_to_softmax_streams_2_read "/>
</bind>
</comp>

<comp id="244" class="1005" name="dense_to_softmax_streams_3_read_reg_244">
<pin_list>
<pin id="245" dir="0" index="0" bw="32" slack="19"/>
<pin id="246" dir="1" index="1" bw="32" slack="19"/>
</pin_list>
<bind>
<opset="dense_to_softmax_streams_3_read "/>
</bind>
</comp>

<comp id="249" class="1005" name="bitcast_ln19_reg_249">
<pin_list>
<pin id="250" dir="0" index="0" bw="32" slack="1"/>
<pin id="251" dir="1" index="1" bw="32" slack="1"/>
</pin_list>
<bind>
<opset="bitcast_ln19 "/>
</bind>
</comp>

<comp id="254" class="1005" name="sum_1_reg_254">
<pin_list>
<pin id="255" dir="0" index="0" bw="32" slack="2"/>
<pin id="256" dir="1" index="1" bw="32" slack="2"/>
</pin_list>
<bind>
<opset="sum_1 "/>
</bind>
</comp>

<comp id="259" class="1005" name="bitcast_ln19_1_reg_259">
<pin_list>
<pin id="260" dir="0" index="0" bw="32" slack="1"/>
<pin id="261" dir="1" index="1" bw="32" slack="1"/>
</pin_list>
<bind>
<opset="bitcast_ln19_1 "/>
</bind>
</comp>

<comp id="264" class="1005" name="sum_2_reg_264">
<pin_list>
<pin id="265" dir="0" index="0" bw="32" slack="2"/>
<pin id="266" dir="1" index="1" bw="32" slack="2"/>
</pin_list>
<bind>
<opset="sum_2 "/>
</bind>
</comp>

<comp id="269" class="1005" name="bitcast_ln19_2_reg_269">
<pin_list>
<pin id="270" dir="0" index="0" bw="32" slack="1"/>
<pin id="271" dir="1" index="1" bw="32" slack="1"/>
</pin_list>
<bind>
<opset="bitcast_ln19_2 "/>
</bind>
</comp>

<comp id="274" class="1005" name="sum_3_reg_274">
<pin_list>
<pin id="275" dir="0" index="0" bw="32" slack="2"/>
<pin id="276" dir="1" index="1" bw="32" slack="2"/>
</pin_list>
<bind>
<opset="sum_3 "/>
</bind>
</comp>

<comp id="279" class="1005" name="bitcast_ln19_3_reg_279">
<pin_list>
<pin id="280" dir="0" index="0" bw="32" slack="1"/>
<pin id="281" dir="1" index="1" bw="32" slack="1"/>
</pin_list>
<bind>
<opset="bitcast_ln19_3 "/>
</bind>
</comp>

<comp id="284" class="1005" name="sum_4_reg_284">
<pin_list>
<pin id="285" dir="0" index="0" bw="32" slack="1"/>
<pin id="286" dir="1" index="1" bw="32" slack="1"/>
</pin_list>
<bind>
<opset="sum_4 "/>
</bind>
</comp>

<comp id="289" class="1005" name="tmp_reg_289">
<pin_list>
<pin id="290" dir="0" index="0" bw="32" slack="1"/>
<pin id="291" dir="1" index="1" bw="32" slack="1"/>
</pin_list>
<bind>
<opset="tmp "/>
</bind>
</comp>

<comp id="295" class="1005" name="exp_sum_load_reg_295">
<pin_list>
<pin id="296" dir="0" index="0" bw="32" slack="1"/>
<pin id="297" dir="1" index="1" bw="32" slack="1"/>
</pin_list>
<bind>
<opset="exp_sum_load "/>
</bind>
</comp>

<comp id="300" class="1005" name="exp_sum_1_reg_300">
<pin_list>
<pin id="301" dir="0" index="0" bw="32" slack="1"/>
<pin id="302" dir="1" index="1" bw="32" slack="1"/>
</pin_list>
<bind>
<opset="exp_sum_1 "/>
</bind>
</comp>

</comp_list>

<net_list>
<net id="57"><net_src comp="14" pin="0"/><net_sink comp="54" pin=0"/></net>

<net id="61"><net_src comp="14" pin="0"/><net_sink comp="58" pin=0"/></net>

<net id="66"><net_src comp="38" pin="0"/><net_sink comp="62" pin=0"/></net>

<net id="67"><net_src comp="0" pin="0"/><net_sink comp="62" pin=1"/></net>

<net id="72"><net_src comp="38" pin="0"/><net_sink comp="68" pin=0"/></net>

<net id="73"><net_src comp="2" pin="0"/><net_sink comp="68" pin=1"/></net>

<net id="78"><net_src comp="38" pin="0"/><net_sink comp="74" pin=0"/></net>

<net id="79"><net_src comp="4" pin="0"/><net_sink comp="74" pin=1"/></net>

<net id="84"><net_src comp="38" pin="0"/><net_sink comp="80" pin=0"/></net>

<net id="85"><net_src comp="6" pin="0"/><net_sink comp="80" pin=1"/></net>

<net id="91"><net_src comp="52" pin="0"/><net_sink comp="86" pin=0"/></net>

<net id="92"><net_src comp="10" pin="0"/><net_sink comp="86" pin=1"/></net>

<net id="98"><net_src comp="12" pin="0"/><net_sink comp="93" pin=0"/></net>

<net id="99"><net_src comp="36" pin="0"/><net_sink comp="93" pin=1"/></net>

<net id="105"><net_src comp="93" pin="3"/><net_sink comp="100" pin=0"/></net>

<net id="111"><net_src comp="8" pin="0"/><net_sink comp="106" pin=0"/></net>

<net id="112"><net_src comp="36" pin="0"/><net_sink comp="106" pin=1"/></net>

<net id="118"><net_src comp="106" pin="3"/><net_sink comp="113" pin=0"/></net>

<net id="127"><net_src comp="40" pin="0"/><net_sink comp="123" pin=0"/></net>

<net id="132"><net_src comp="28" pin="0"/><net_sink comp="128" pin=0"/></net>

<net id="137"><net_src comp="30" pin="0"/><net_sink comp="133" pin=0"/></net>

<net id="145"><net_src comp="138" pin="1"/><net_sink comp="141" pin=0"/></net>

<net id="146"><net_src comp="32" pin="0"/><net_sink comp="141" pin=1"/></net>

<net id="151"><net_src comp="138" pin="1"/><net_sink comp="147" pin=0"/></net>

<net id="152"><net_src comp="34" pin="0"/><net_sink comp="147" pin=1"/></net>

<net id="156"><net_src comp="138" pin="1"/><net_sink comp="153" pin=0"/></net>

<net id="157"><net_src comp="153" pin="1"/><net_sink comp="93" pin=2"/></net>

<net id="162"><net_src comp="147" pin="2"/><net_sink comp="158" pin=0"/></net>

<net id="166"><net_src comp="163" pin="1"/><net_sink comp="119" pin=1"/></net>

<net id="170"><net_src comp="167" pin="1"/><net_sink comp="119" pin=1"/></net>

<net id="174"><net_src comp="171" pin="1"/><net_sink comp="119" pin=1"/></net>

<net id="178"><net_src comp="175" pin="1"/><net_sink comp="119" pin=1"/></net>

<net id="182"><net_src comp="179" pin="1"/><net_sink comp="113" pin=1"/></net>

<net id="186"><net_src comp="183" pin="1"/><net_sink comp="119" pin=0"/></net>

<net id="194"><net_src comp="191" pin="1"/><net_sink comp="86" pin=2"/></net>

<net id="198"><net_src comp="54" pin="1"/><net_sink comp="195" pin=0"/></net>

<net id="199"><net_src comp="195" pin="1"/><net_sink comp="133" pin=1"/></net>

<net id="200"><net_src comp="195" pin="1"/><net_sink comp="183" pin=0"/></net>

<net id="201"><net_src comp="195" pin="1"/><net_sink comp="187" pin=1"/></net>

<net id="202"><net_src comp="195" pin="1"/><net_sink comp="191" pin=0"/></net>

<net id="206"><net_src comp="58" pin="1"/><net_sink comp="203" pin=0"/></net>

<net id="207"><net_src comp="203" pin="1"/><net_sink comp="128" pin=1"/></net>

<net id="208"><net_src comp="203" pin="1"/><net_sink comp="138" pin=0"/></net>

<net id="209"><net_src comp="203" pin="1"/><net_sink comp="158" pin=1"/></net>

<net id="213"><net_src comp="141" pin="2"/><net_sink comp="210" pin=0"/></net>

<net id="217"><net_src comp="153" pin="1"/><net_sink comp="214" pin=0"/></net>

<net id="218"><net_src comp="214" pin="1"/><net_sink comp="106" pin=2"/></net>

<net id="222"><net_src comp="93" pin="3"/><net_sink comp="219" pin=0"/></net>

<net id="223"><net_src comp="219" pin="1"/><net_sink comp="100" pin=0"/></net>

<net id="227"><net_src comp="100" pin="3"/><net_sink comp="224" pin=0"/></net>

<net id="228"><net_src comp="224" pin="1"/><net_sink comp="119" pin=0"/></net>

<net id="232"><net_src comp="62" pin="2"/><net_sink comp="229" pin=0"/></net>

<net id="233"><net_src comp="229" pin="1"/><net_sink comp="163" pin=0"/></net>

<net id="237"><net_src comp="68" pin="2"/><net_sink comp="234" pin=0"/></net>

<net id="238"><net_src comp="234" pin="1"/><net_sink comp="167" pin=0"/></net>

<net id="242"><net_src comp="74" pin="2"/><net_sink comp="239" pin=0"/></net>

<net id="243"><net_src comp="239" pin="1"/><net_sink comp="171" pin=0"/></net>

<net id="247"><net_src comp="80" pin="2"/><net_sink comp="244" pin=0"/></net>

<net id="248"><net_src comp="244" pin="1"/><net_sink comp="175" pin=0"/></net>

<net id="252"><net_src comp="163" pin="1"/><net_sink comp="249" pin=0"/></net>

<net id="253"><net_src comp="249" pin="1"/><net_sink comp="119" pin=1"/></net>

<net id="257"><net_src comp="119" pin="2"/><net_sink comp="254" pin=0"/></net>

<net id="258"><net_src comp="254" pin="1"/><net_sink comp="119" pin=0"/></net>

<net id="262"><net_src comp="167" pin="1"/><net_sink comp="259" pin=0"/></net>

<net id="263"><net_src comp="259" pin="1"/><net_sink comp="119" pin=1"/></net>

<net id="267"><net_src comp="119" pin="2"/><net_sink comp="264" pin=0"/></net>

<net id="268"><net_src comp="264" pin="1"/><net_sink comp="119" pin=0"/></net>

<net id="272"><net_src comp="171" pin="1"/><net_sink comp="269" pin=0"/></net>

<net id="273"><net_src comp="269" pin="1"/><net_sink comp="119" pin=1"/></net>

<net id="277"><net_src comp="119" pin="2"/><net_sink comp="274" pin=0"/></net>

<net id="278"><net_src comp="274" pin="1"/><net_sink comp="119" pin=0"/></net>

<net id="282"><net_src comp="175" pin="1"/><net_sink comp="279" pin=0"/></net>

<net id="283"><net_src comp="279" pin="1"/><net_sink comp="119" pin=1"/></net>

<net id="287"><net_src comp="119" pin="2"/><net_sink comp="284" pin=0"/></net>

<net id="288"><net_src comp="284" pin="1"/><net_sink comp="123" pin=1"/></net>

<net id="292"><net_src comp="123" pin="2"/><net_sink comp="289" pin=0"/></net>

<net id="293"><net_src comp="289" pin="1"/><net_sink comp="179" pin=0"/></net>

<net id="294"><net_src comp="289" pin="1"/><net_sink comp="119" pin=1"/></net>

<net id="298"><net_src comp="183" pin="1"/><net_sink comp="295" pin=0"/></net>

<net id="299"><net_src comp="295" pin="1"/><net_sink comp="119" pin=0"/></net>

<net id="303"><net_src comp="119" pin="2"/><net_sink comp="300" pin=0"/></net>

<net id="304"><net_src comp="300" pin="1"/><net_sink comp="187" pin=0"/></net>

</net_list>

</model> 
---------------- Datapath Model END ------------------

* FSMD analyzer results:
  - Output states:
	Port: prediction | {36 }
	Port: exp_sum_out | {37 }
 - Input state : 
	Port: dense_layer_soft_max_Pipeline_dense_soft_max_for_dense_size : dense_to_softmax_streams_0 | {2 }
	Port: dense_layer_soft_max_Pipeline_dense_soft_max_for_dense_size : dense_to_softmax_streams_1 | {2 }
	Port: dense_layer_soft_max_Pipeline_dense_soft_max_for_dense_size : dense_to_softmax_streams_2 | {2 }
	Port: dense_layer_soft_max_Pipeline_dense_soft_max_for_dense_size : dense_to_softmax_streams_3 | {2 }
	Port: dense_layer_soft_max_Pipeline_dense_soft_max_for_dense_size : dense_biases | {1 2 }
  - Chain level:
	State 1
		store_ln13 : 1
		store_ln11 : 1
		d_1 : 1
		icmp_ln13 : 2
		add_ln13 : 2
		br_ln13 : 3
		zext_ln13 : 2
		dense_biases_addr : 3
		sum : 4
		store_ln13 : 3
	State 2
	State 3
		sum_1 : 1
	State 4
	State 5
	State 6
	State 7
	State 8
	State 9
		sum_2 : 1
	State 10
	State 11
	State 12
	State 13
	State 14
	State 15
		sum_3 : 1
	State 16
	State 17
	State 18
	State 19
	State 20
	State 21
		sum_4 : 1
	State 22
	State 23
	State 24
	State 25
	State 26
	State 27
	State 28
	State 29
	State 30
	State 31
	State 32
	State 33
	State 34
	State 35
	State 36
		store_ln22 : 1
	State 37
		exp_sum_1 : 1
		write_ln0 : 1
	State 38
	State 39
	State 40
	State 41
	State 42


============================================================
+ Verbose Summary: Datapath Resource usage 
============================================================

* Functional unit list:
|----------|--------------------------------------------|---------|---------|---------|
| Operation|               Functional Unit              |   DSP   |    FF   |   LUT   |
|----------|--------------------------------------------|---------|---------|---------|
|   fexp   |                 grp_fu_123                 |    7    |   317   |   918   |
|----------|--------------------------------------------|---------|---------|---------|
|   fadd   |                 grp_fu_119                 |    2    |   205   |   390   |
|----------|--------------------------------------------|---------|---------|---------|
|   icmp   |              icmp_ln13_fu_141              |    0    |    0    |    13   |
|----------|--------------------------------------------|---------|---------|---------|
|    add   |               add_ln13_fu_147              |    0    |    0    |    13   |
|----------|--------------------------------------------|---------|---------|---------|
|          | dense_to_softmax_streams_0_read_read_fu_62 |    0    |    0    |    0    |
|   read   | dense_to_softmax_streams_1_read_read_fu_68 |    0    |    0    |    0    |
|          | dense_to_softmax_streams_2_read_read_fu_74 |    0    |    0    |    0    |
|          | dense_to_softmax_streams_3_read_read_fu_80 |    0    |    0    |    0    |
|----------|--------------------------------------------|---------|---------|---------|
|   write  |            write_ln0_write_fu_86           |    0    |    0    |    0    |
|----------|--------------------------------------------|---------|---------|---------|
|   zext   |              zext_ln13_fu_153              |    0    |    0    |    0    |
|----------|--------------------------------------------|---------|---------|---------|
|   Total  |                                            |    9    |   522   |   1334  |
|----------|--------------------------------------------|---------|---------|---------|

Memories:
N/A

* Register list:
+---------------------------------------+--------+
|                                       |   FF   |
+---------------------------------------+--------+
|         bitcast_ln19_1_reg_259        |   32   |
|         bitcast_ln19_2_reg_269        |   32   |
|         bitcast_ln19_3_reg_279        |   32   |
|          bitcast_ln19_reg_249         |   32   |
|               d_reg_203               |    4   |
|       dense_biases_addr_reg_219       |    4   |
|dense_to_softmax_streams_0_read_reg_229|   32   |
|dense_to_softmax_streams_1_read_reg_234|   32   |
|dense_to_softmax_streams_2_read_reg_239|   32   |
|dense_to_softmax_streams_3_read_reg_244|   32   |
|           exp_sum_1_reg_300           |   32   |
|          exp_sum_load_reg_295         |   32   |
|            exp_sum_reg_195            |   32   |
|           icmp_ln13_reg_210           |    1   |
|             sum_1_reg_254             |   32   |
|             sum_2_reg_264             |   32   |
|             sum_3_reg_274             |   32   |
|             sum_4_reg_284             |   32   |
|              sum_reg_224              |   32   |
|              tmp_reg_289              |   32   |
|           zext_ln13_reg_214           |   64   |
+---------------------------------------+--------+
|                 Total                 |   617  |
+---------------------------------------+--------+

* Multiplexer (MUX) list: 
|-------------------|------|------|------|--------||---------||---------|
|        Comp       |  Pin | Size |  BW  | S x BW ||  Delay  ||   LUT   |
|-------------------|------|------|------|--------||---------||---------|
| grp_access_fu_100 |  p0  |   2  |   4  |    8   ||    9    |
|     grp_fu_119    |  p0  |   6  |  32  |   192  ||    31   |
|     grp_fu_119    |  p1  |   9  |  32  |   288  ||    48   |
|-------------------|------|------|------|--------||---------||---------|
|       Total       |      |      |      |   488  ||  6.0763 ||    88   |
|-------------------|------|------|------|--------||---------||---------|



* Summary:
+-----------+--------+--------+--------+--------+
|           |   DSP  |  Delay |   FF   |   LUT  |
+-----------+--------+--------+--------+--------+
|  Function |    9   |    -   |   522  |  1334  |
|   Memory  |    -   |    -   |    -   |    -   |
|Multiplexer|    -   |    6   |    -   |   88   |
|  Register |    -   |    -   |   617  |    -   |
+-----------+--------+--------+--------+--------+
|   Total   |    9   |    6   |  1139  |  1422  |
+-----------+--------+--------+--------+--------+
