

================================================================
== Vitis HLS Report for 'cnn_Pipeline_1'
================================================================
* Date:           Thu Jan 16 18:30:01 2025

* Version:        2023.2 (Build 4023990 on Oct 11 2023)
* Project:        CNN_Non_Optimal
* Solution:       solution1 (Vivado IP Flow Target)
* Product family: zynq
* Target device:  xc7z010-clg400-3


================================================================
== Performance Estimates
================================================================
+ Timing: 
    * Summary: 
    +--------+----------+----------+------------+
    |  Clock |  Target  | Estimated| Uncertainty|
    +--------+----------+----------+------------+
    |ap_clk  |  10.00 ns|  5.193 ns|     2.70 ns|
    +--------+----------+----------+------------+

+ Latency: 
    * Summary: 
    +---------+---------+-----------+-----------+------+------+---------+
    |  Latency (cycles) |   Latency (absolute)  |   Interval  | Pipeline|
    |   min   |   max   |    min    |    max    |  min |  max |   Type  |
    +---------+---------+-----------+-----------+------+------+---------+
    |     1158|     1158|  11.580 us|  11.580 us|  1158|  1158|       no|
    +---------+---------+-----------+-----------+------+------+---------+

    + Detail: 
        * Instance: 
        N/A

        * Loop: 
        +----------+---------+---------+----------+-----------+-----------+------+----------+
        |          |  Latency (cycles) | Iteration|  Initiation Interval  | Trip |          |
        | Loop Name|   min   |   max   |  Latency |  achieved |   target  | Count| Pipelined|
        +----------+---------+---------+----------+-----------+-----------+------+----------+
        |- Loop 1  |     1156|     1156|         1|          1|          1|  1156|       yes|
        +----------+---------+---------+----------+-----------+-----------+------+----------+



================================================================
== Utilization Estimates
================================================================
* Summary: 
+-----------------+---------+----+-------+-------+-----+
|       Name      | BRAM_18K| DSP|   FF  |  LUT  | URAM|
+-----------------+---------+----+-------+-------+-----+
|DSP              |        -|   -|      -|      -|    -|
|Expression       |        -|   -|      0|     36|    -|
|FIFO             |        -|   -|      -|      -|    -|
|Instance         |        -|   -|      -|      -|    -|
|Memory           |        -|   -|      -|      -|    -|
|Multiplexer      |        -|   -|      -|     27|    -|
|Register         |        -|   -|     13|      -|    -|
+-----------------+---------+----+-------+-------+-----+
|Total            |        0|   0|     13|     63|    0|
+-----------------+---------+----+-------+-------+-----+
|Available        |      120|  80|  35200|  17600|    0|
+-----------------+---------+----+-------+-------+-----+
|Utilization (%)  |        0|   0|     ~0|     ~0|    0|
+-----------------+---------+----+-------+-------+-----+

+ Detail: 
    * Instance: 
    N/A

    * DSP: 
    N/A

    * Memory: 
    N/A

    * FIFO: 
    N/A

    * Expression: 
    +----------------------+----------+----+---+----+------------+------------+
    |     Variable Name    | Operation| DSP| FF| LUT| Bitwidth P0| Bitwidth P1|
    +----------------------+----------+----+---+----+------------+------------+
    |empty_52_fu_58_p2     |         +|   0|  0|  18|          11|           1|
    |exitcond125_fu_52_p2  |      icmp|   0|  0|  18|          11|          11|
    +----------------------+----------+----+---+----+------------+------------+
    |Total                 |          |   0|  0|  36|          22|          12|
    +----------------------+----------+----+---+----+------------+------------+

    * Multiplexer: 
    +-------------------------+----+-----------+-----+-----------+
    |           Name          | LUT| Input Size| Bits| Total Bits|
    +-------------------------+----+-----------+-----+-----------+
    |ap_done_int              |   9|          2|    1|          2|
    |ap_sig_allocacmp_p_load  |   9|          2|   11|         22|
    |empty_fu_26              |   9|          2|   11|         22|
    +-------------------------+----+-----------+-----+-----------+
    |Total                    |  27|          6|   23|         46|
    +-------------------------+----+-----------+-----+-----------+

    * Register: 
    +-------------+----+----+-----+-----------+
    |     Name    | FF | LUT| Bits| Const Bits|
    +-------------+----+----+-----+-----------+
    |ap_CS_fsm    |   1|   0|    1|          0|
    |ap_done_reg  |   1|   0|    1|          0|
    |empty_fu_26  |  11|   0|   11|          0|
    +-------------+----+----+-----+-----------+
    |Total        |  13|   0|   13|          0|
    +-------------+----+----+-----+-----------+



================================================================
== Interface
================================================================
* Summary: 
+-------------------+-----+-----+------------+----------------+--------------+
|     RTL Ports     | Dir | Bits|  Protocol  |  Source Object |    C Type    |
+-------------------+-----+-----+------------+----------------+--------------+
|ap_clk             |   in|    1|  ap_ctrl_hs|  cnn_Pipeline_1|  return value|
|ap_rst             |   in|    1|  ap_ctrl_hs|  cnn_Pipeline_1|  return value|
|ap_start           |   in|    1|  ap_ctrl_hs|  cnn_Pipeline_1|  return value|
|ap_done            |  out|    1|  ap_ctrl_hs|  cnn_Pipeline_1|  return value|
|ap_idle            |  out|    1|  ap_ctrl_hs|  cnn_Pipeline_1|  return value|
|ap_ready           |  out|    1|  ap_ctrl_hs|  cnn_Pipeline_1|  return value|
|pad_img0_address0  |  out|   11|   ap_memory|        pad_img0|         array|
|pad_img0_ce0       |  out|    1|   ap_memory|        pad_img0|         array|
|pad_img0_we0       |  out|    1|   ap_memory|        pad_img0|         array|
|pad_img0_d0        |  out|   32|   ap_memory|        pad_img0|         array|
+-------------------+-----+-----+------------+----------------+--------------+

