\BOOKMARK [0][-]{chapter.1}{\376\377\006\105\006\102\006\057\006\105\006\107}{}% 1
\BOOKMARK [1][-]{section.1.1}{\376\377\006\052\006\071\006\061\006\314\006\101\000\040\006\105\006\063\006\046\006\104\006\107}{chapter.1}% 2
\BOOKMARK [1][-]{section.1.2}{\376\377\006\047\006\107\006\105\006\314\006\052\000\040\006\105\006\110\006\066\006\110\006\071}{chapter.1}% 3
\BOOKMARK [1][-]{section.1.3}{\376\377\006\047\006\107\006\057\006\047\006\101\000\040\006\176\006\230\006\110\006\107\006\064}{chapter.1}% 4
\BOOKMARK [0][-]{chapter.2}{\376\377\006\105\006\102\006\047\006\104\006\107\000\040\000a\000r\000t\000i\000c\000l\000e\0001}{}% 5
\BOOKMARK [1][-]{section.2.1}{\376\377\006\047\006\314\006\057\006\107\000\040\006\047\006\065\006\104\006\314\000\040\006\105\006\102\006\047\006\104\006\107}{chapter.2}% 6
\BOOKMARK [1][-]{section.2.2}{\376\377\006\251\006\047\006\061\040\014\006\107\006\047\006\314\000\040\006\176\006\314\006\064\006\314\006\106}{chapter.2}% 7
\BOOKMARK [1][-]{section.2.3}{\376\377\006\105\006\061\006\047\006\055\006\104\000\040\006\047\006\106\006\054\006\047\006\105\000\040\006\047\006\104\006\257\006\110\006\061\006\314\006\052\006\105}{chapter.2}% 8
\BOOKMARK [1][-]{section.2.4}{\376\377\006\105\006\062\006\047\006\314\006\047\000\040\006\110\000\040\006\105\006\071\006\047\006\314\006\050}{chapter.2}% 9
\BOOKMARK [1][-]{section.2.5}{\376\377\006\047\006\054\006\061\006\047\006\314\000\040\006\071\006\105\006\104\006\314\000\040\006\047\006\104\006\257\006\110\006\061\006\314\006\052\006\105}{chapter.2}% 10
\BOOKMARK [2][-]{subsection.2.5.1}{\376\377\006\106\006\065\006\050\000\040\000G\000i\000t}{section.2.5}% 11
\BOOKMARK [2][-]{subsection.2.5.2}{\376\377\006\057\006\047\006\106\006\104\006\110\006\057\000\040\006\105\006\056\006\062\006\106\000\040\006\047\006\104\006\257\006\110\006\061\006\314\006\052\006\105}{section.2.5}% 12
\BOOKMARK [2][-]{subsection.2.5.3}{\376\377\006\106\006\065\006\050\000\040\006\176\006\314\006\064\040\014\006\106\006\314\006\047\006\062\000\040\006\107\006\047}{section.2.5}% 13
\BOOKMARK [2][-]{subsection.2.5.4}{\376\377\006\050\006\314\006\104\006\057\000\040\006\106\006\061\006\105\040\014\006\047\006\101\006\062\006\047\006\061}{section.2.5}% 14
\BOOKMARK [2][-]{subsection.2.5.5}{\376\377\006\047\006\106\006\052\006\056\006\047\006\050\000\040\006\050\006\106\006\206\040\014\006\105\006\047\006\061\006\251}{section.2.5}% 15
\BOOKMARK [2][-]{subsection.2.5.6}{\376\377\006\047\006\054\006\061\006\047\006\314\000\040\006\064\006\050\006\314\006\107\040\014\006\063\006\047\006\062\006\314}{section.2.5}% 16
\BOOKMARK [0][-]{chapter.3}{\376\377\006\105\006\102\006\047\006\104\006\107\000\040\000a\000r\000t\000i\000c\000l\000e\0002}{}% 17
\BOOKMARK [1][-]{section.3.1}{\376\377\006\047\006\314\006\057\006\107\000\040\006\047\006\065\006\104\006\314\000\040\006\105\006\102\006\047\006\104\006\107}{chapter.3}% 18
\BOOKMARK [1][-]{section.3.2}{\376\377\006\251\006\047\006\061\040\014\006\107\006\047\006\314\000\040\006\176\006\314\006\064\006\314\006\106}{chapter.3}% 19
\BOOKMARK [1][-]{section.3.3}{\376\377\006\105\006\061\006\047\006\055\006\104\000\040\006\047\006\106\006\054\006\047\006\105\000\040\006\047\006\104\006\257\006\110\006\061\006\314\006\052\006\105}{chapter.3}% 20
\BOOKMARK [1][-]{section.3.4}{\376\377\006\105\006\062\006\047\006\314\006\047\000\040\006\110\000\040\006\105\006\071\006\047\006\314\006\050}{chapter.3}% 21
\BOOKMARK [1][-]{section.3.5}{\376\377\006\047\006\054\006\061\006\047\006\314\000\040\006\071\006\105\006\104\006\314\000\040\006\047\006\104\006\257\006\110\006\061\006\314\006\052\006\105}{chapter.3}% 22
\BOOKMARK [2][-]{subsection.3.5.1}{\376\377\006\057\006\047\006\106\006\104\006\110\006\057\000\040\006\105\006\056\006\062\006\106\000\040\006\047\006\104\006\257\006\110\006\061\006\314\006\052\006\105}{section.3.5}% 23
\BOOKMARK [2][-]{subsection.3.5.2}{\376\377\006\106\006\065\006\050\000\040\006\110\006\047\006\050\006\063\006\052\006\257\006\314\040\014\006\107\006\047\000\040\006\176\006\314\006\064\006\106\006\314\006\047\006\062\040\014\006\107\006\047}{section.3.5}% 24
\BOOKMARK [1][-]{section.3.6}{\376\377\006\050\006\314\006\104\006\057\000\040\006\106\006\061\006\105\040\014\006\047\006\101\006\062\006\047\006\061}{chapter.3}% 25
\BOOKMARK [1][-]{section.3.7}{\376\377\006\057\006\047\006\106\006\104\006\110\006\057\000\040\006\050\006\106\006\206\040\014\006\105\006\047\006\061\006\251\000\040\006\107\006\047}{chapter.3}% 26
\BOOKMARK [1][-]{section.3.8}{\376\377\006\104\006\314\006\106\006\251\000\040\006\251\006\061\006\057\006\106\000\040\006\050\006\106\006\206\040\014\006\105\006\047\006\061\006\251\000\040\006\107\006\047}{chapter.3}% 27
\BOOKMARK [1][-]{section.3.9}{\376\377\006\047\006\054\006\061\006\047\000\040\006\251\006\061\006\057\006\106\000\040\006\050\006\106\006\206\040\014\006\105\006\047\006\061\006\251\000\040\006\107\006\047}{chapter.3}% 28
\BOOKMARK [0][-]{chapter.4}{\376\377\006\105\006\102\006\047\006\314\006\063\006\107\000\040\006\105\006\102\006\047\006\104\006\107\000\040\006\107\006\047\006\314\000\040\000a\000r\000t\000i\000c\000l\000e\0001\000,\000\040\000a\000r\000t\000i\000c\000l\000e\0002\000\040\006\110\000\040\006\106\006\052\006\314\006\054\006\107\000\040\006\257\006\314\006\061\006\314}{}% 29
\BOOKMARK [0][-]{section*.14}{\376\377\006\105\006\061\006\047\006\054\006\071}{}% 30
