Copyright 1986-2022 Xilinx, Inc. All Rights Reserved. Copyright 2022-2023 Advanced Micro Devices, Inc. All Rights Reserved.
-----------------------------------------------------------------------------------------------------------------------------------------------------------
| Tool Version : Vivado v.2023.2 (win64) Build 4029153 Fri Oct 13 20:14:34 MDT 2023
| Date         : Wed Nov 13 23:54:46 2024
| Host         : DESKTOP-A2LG1N2 running 64-bit major release  (build 9200)
| Command      : report_utilization -file design_1_sobel_edge_detector_0_2_utilization_synth.rpt -pb design_1_sobel_edge_detector_0_2_utilization_synth.pb
| Design       : design_1_sobel_edge_detector_0_2
| Device       : xc7z010clg400-1
| Speed File   : -1
| Design State : Synthesized
-----------------------------------------------------------------------------------------------------------------------------------------------------------

Utilization Design Information

Table of Contents
-----------------
1. Slice Logic
1.1 Summary of Registers by Type
2. Memory
3. DSP
4. IO and GT Specific
5. Clocking
6. Specific Feature
7. Primitives
8. Black Boxes
9. Instantiated Netlists

1. Slice Logic
--------------

+----------------------------+------+-------+------------+-----------+-------+
|          Site Type         | Used | Fixed | Prohibited | Available | Util% |
+----------------------------+------+-------+------------+-----------+-------+
| Slice LUTs*                | 1821 |     0 |          0 |     17600 | 10.35 |
|   LUT as Logic             | 1809 |     0 |          0 |     17600 | 10.28 |
|   LUT as Memory            |   12 |     0 |          0 |      6000 |  0.20 |
|     LUT as Distributed RAM |    0 |     0 |            |           |       |
|     LUT as Shift Register  |   12 |     0 |            |           |       |
| Slice Registers            |  586 |     0 |          0 |     35200 |  1.66 |
|   Register as Flip Flop    |  586 |     0 |          0 |     35200 |  1.66 |
|   Register as Latch        |    0 |     0 |          0 |     35200 |  0.00 |
| F7 Muxes                   |  480 |     0 |          0 |      8800 |  5.45 |
| F8 Muxes                   |  224 |     0 |          0 |      4400 |  5.09 |
+----------------------------+------+-------+------------+-----------+-------+
* Warning! The Final LUT count, after physical optimizations and full implementation, is typically lower. Run opt_design after synthesis, if not already completed, for a more realistic count.
Warning! LUT value is adjusted to account for LUT combining.


1.1 Summary of Registers by Type
--------------------------------

+-------+--------------+-------------+--------------+
| Total | Clock Enable | Synchronous | Asynchronous |
+-------+--------------+-------------+--------------+
| 0     |            _ |           - |            - |
| 0     |            _ |           - |          Set |
| 0     |            _ |           - |        Reset |
| 0     |            _ |         Set |            - |
| 0     |            _ |       Reset |            - |
| 0     |          Yes |           - |            - |
| 0     |          Yes |           - |          Set |
| 0     |          Yes |           - |        Reset |
| 21    |          Yes |         Set |            - |
| 565   |          Yes |       Reset |            - |
+-------+--------------+-------------+--------------+


2. Memory
---------

+-------------------+------+-------+------------+-----------+--------+
|     Site Type     | Used | Fixed | Prohibited | Available |  Util% |
+-------------------+------+-------+------------+-----------+--------+
| Block RAM Tile    |   60 |     0 |          0 |        60 | 100.00 |
|   RAMB36/FIFO*    |    0 |     0 |          0 |        60 |   0.00 |
|   RAMB18          |  120 |     0 |          0 |       120 | 100.00 |
|     RAMB18E1 only |  120 |       |            |           |        |
+-------------------+------+-------+------------+-----------+--------+
* Note: Each Block RAM Tile only has one FIFO logic available and therefore can accommodate only one FIFO36E1 or one FIFO18E1. However, if a FIFO18E1 occupies a Block RAM Tile, that tile can still accommodate a RAMB18E1


3. DSP
------

+----------------+------+-------+------------+-----------+-------+
|    Site Type   | Used | Fixed | Prohibited | Available | Util% |
+----------------+------+-------+------------+-----------+-------+
| DSPs           |    5 |     0 |          0 |        80 |  6.25 |
|   DSP48E1 only |    5 |       |            |           |       |
+----------------+------+-------+------------+-----------+-------+


4. IO and GT Specific
---------------------

+-----------------------------+------+-------+------------+-----------+-------+
|          Site Type          | Used | Fixed | Prohibited | Available | Util% |
+-----------------------------+------+-------+------------+-----------+-------+
| Bonded IOB                  |    0 |     0 |          0 |       100 |  0.00 |
| Bonded IPADs                |    0 |     0 |          0 |         2 |  0.00 |
| Bonded IOPADs               |    0 |     0 |          0 |       130 |  0.00 |
| PHY_CONTROL                 |    0 |     0 |          0 |         2 |  0.00 |
| PHASER_REF                  |    0 |     0 |          0 |         2 |  0.00 |
| OUT_FIFO                    |    0 |     0 |          0 |         8 |  0.00 |
| IN_FIFO                     |    0 |     0 |          0 |         8 |  0.00 |
| IDELAYCTRL                  |    0 |     0 |          0 |         2 |  0.00 |
| IBUFDS                      |    0 |     0 |          0 |        96 |  0.00 |
| PHASER_OUT/PHASER_OUT_PHY   |    0 |     0 |          0 |         8 |  0.00 |
| PHASER_IN/PHASER_IN_PHY     |    0 |     0 |          0 |         8 |  0.00 |
| IDELAYE2/IDELAYE2_FINEDELAY |    0 |     0 |          0 |       100 |  0.00 |
| ILOGIC                      |    0 |     0 |          0 |       100 |  0.00 |
| OLOGIC                      |    0 |     0 |          0 |       100 |  0.00 |
+-----------------------------+------+-------+------------+-----------+-------+


5. Clocking
-----------

+------------+------+-------+------------+-----------+-------+
|  Site Type | Used | Fixed | Prohibited | Available | Util% |
+------------+------+-------+------------+-----------+-------+
| BUFGCTRL   |    0 |     0 |          0 |        32 |  0.00 |
| BUFIO      |    0 |     0 |          0 |         8 |  0.00 |
| MMCME2_ADV |    0 |     0 |          0 |         2 |  0.00 |
| PLLE2_ADV  |    0 |     0 |          0 |         2 |  0.00 |
| BUFMRCE    |    0 |     0 |          0 |         4 |  0.00 |
| BUFHCE     |    0 |     0 |          0 |        48 |  0.00 |
| BUFR       |    0 |     0 |          0 |         8 |  0.00 |
+------------+------+-------+------------+-----------+-------+


6. Specific Feature
-------------------

+-------------+------+-------+------------+-----------+-------+
|  Site Type  | Used | Fixed | Prohibited | Available | Util% |
+-------------+------+-------+------------+-----------+-------+
| BSCANE2     |    0 |     0 |          0 |         4 |  0.00 |
| CAPTUREE2   |    0 |     0 |          0 |         1 |  0.00 |
| DNA_PORT    |    0 |     0 |          0 |         1 |  0.00 |
| EFUSE_USR   |    0 |     0 |          0 |         1 |  0.00 |
| FRAME_ECCE2 |    0 |     0 |          0 |         1 |  0.00 |
| ICAPE2      |    0 |     0 |          0 |         2 |  0.00 |
| STARTUPE2   |    0 |     0 |          0 |         1 |  0.00 |
| XADC        |    0 |     0 |          0 |         1 |  0.00 |
+-------------+------+-------+------------+-----------+-------+


7. Primitives
-------------

+----------+------+---------------------+
| Ref Name | Used | Functional Category |
+----------+------+---------------------+
| LUT6     | 1333 |                 LUT |
| FDRE     |  565 |        Flop & Latch |
| MUXF7    |  480 |               MuxFx |
| MUXF8    |  224 |               MuxFx |
| LUT5     |  177 |                 LUT |
| LUT3     |  158 |                 LUT |
| LUT2     |  153 |                 LUT |
| RAMB18E1 |  120 |        Block Memory |
| LUT4     |   82 |                 LUT |
| CARRY4   |   44 |          CarryLogic |
| FDSE     |   21 |        Flop & Latch |
| LUT1     |   20 |                 LUT |
| SRLC32E  |   10 |  Distributed Memory |
| DSP48E1  |    5 |    Block Arithmetic |
| SRL16E   |    2 |  Distributed Memory |
+----------+------+---------------------+


8. Black Boxes
--------------

+----------+------+
| Ref Name | Used |
+----------+------+


9. Instantiated Netlists
------------------------

+----------+------+
| Ref Name | Used |
+----------+------+


