

================================================================
== Vitis HLS Report for 'cnn'
================================================================
* Date:           Tue Dec 17 23:49:08 2024

* Version:        2023.2 (Build 4023990 on Oct 11 2023)
* Project:        CNN
* Solution:       solution1 (Vivado IP Flow Target)
* Product family: zynq
* Target device:  xc7z010-clg400-3


================================================================
== Performance Estimates
================================================================
+ Timing: 
    * Summary: 
    +--------+----------+----------+------------+
    |  Clock |  Target  | Estimated| Uncertainty|
    +--------+----------+----------+------------+
    |ap_clk  |  10.00 ns|  7.983 ns|     2.70 ns|
    +--------+----------+----------+------------+

+ Latency: 
    * Summary: 
    +---------+---------+----------+----------+-------+-------+---------+
    |  Latency (cycles) |  Latency (absolute) |    Interval   | Pipeline|
    |   min   |   max   |    min   |    max   |  min  |  max  |   Type  |
    +---------+---------+----------+----------+-------+-------+---------+
    |    46403|    46403|  0.464 ms|  0.464 ms|  46404|  46404|       no|
    +---------+---------+----------+----------+-------+-------+---------+

    + Detail: 
        * Instance: 
        N/A

        * Loop: 
        N/A

============================================================
+ Verbose Summary: Synthesis Manager
============================================================
InlineROM: 1
ExposeGlobal: 0
============================================================
+ Verbose Summary: CDFG Model
============================================================
IsTopModel: 1
ResetActiveHigh: 1
IsCombinational: 0
IsDatapathOnly: 0
HasWiredReturn: 1
HasMFsm: 0
HasVarLatency: 1
IsPipeline: 0
IsRtlPipelined: 0
IsInstanceOverlapped: 0
IsDontTouch: 0
HasImplIP: 0
IsGatedGlobalClock: 0


============================================================
+ Verbose Summary: Schedule
============================================================
* Number of FSM states : 8
* Pipeline : 0
* Dataflow Pipeline: 0

* FSM state transitions: 
1 --> 2 
2 --> 3 
3 --> 4 
4 --> 5 
5 --> 6 
6 --> 7 
7 --> 8 
8 --> 

* FSM state operations: 

State 1 <SV = 0> <Delay = 0.00>
ST_1 : Operation 9 [1/1] (0.00ns)   --->   "%pad_img0 = alloca i64 1" [CNN/src/cnn.cpp:68]   --->   Operation 9 'alloca' 'pad_img0' <Predicate = true> <Delay = 0.00>
ST_1 : Operation 10 [1/1] (0.00ns)   --->   "%pad_img1 = alloca i64 1" [CNN/src/cnn.cpp:79]   --->   Operation 10 'alloca' 'pad_img1' <Predicate = true> <Delay = 0.00>
ST_1 : Operation 11 [1/1] (0.00ns)   --->   "%pad_img2 = alloca i64 1" [CNN/src/cnn.cpp:80]   --->   Operation 11 'alloca' 'pad_img2' <Predicate = true> <Delay = 0.00>
ST_1 : Operation 12 [1/1] (0.00ns)   --->   "%pad_img3 = alloca i64 1" [CNN/src/cnn.cpp:81]   --->   Operation 12 'alloca' 'pad_img3' <Predicate = true> <Delay = 0.00>
ST_1 : Operation 13 [1/1] (0.00ns)   --->   "%pad_img3_1 = alloca i64 1" [CNN/src/cnn.cpp:81]   --->   Operation 13 'alloca' 'pad_img3_1' <Predicate = true> <Delay = 0.00>
ST_1 : Operation 14 [1/1] (0.00ns)   --->   "%pad_img3_2 = alloca i64 1" [CNN/src/cnn.cpp:81]   --->   Operation 14 'alloca' 'pad_img3_2' <Predicate = true> <Delay = 0.00>
ST_1 : Operation 15 [1/1] (0.00ns)   --->   "%pad_img3_3 = alloca i64 1" [CNN/src/cnn.cpp:81]   --->   Operation 15 'alloca' 'pad_img3_3' <Predicate = true> <Delay = 0.00>
ST_1 : Operation 16 [1/1] (0.00ns)   --->   "%pad_img3_4 = alloca i64 1" [CNN/src/cnn.cpp:81]   --->   Operation 16 'alloca' 'pad_img3_4' <Predicate = true> <Delay = 0.00>
ST_1 : Operation 17 [1/1] (0.00ns)   --->   "%pad_img3_5 = alloca i64 1" [CNN/src/cnn.cpp:81]   --->   Operation 17 'alloca' 'pad_img3_5' <Predicate = true> <Delay = 0.00>
ST_1 : Operation 18 [1/1] (0.00ns)   --->   "%pad_img3_6 = alloca i64 1" [CNN/src/cnn.cpp:81]   --->   Operation 18 'alloca' 'pad_img3_6' <Predicate = true> <Delay = 0.00>
ST_1 : Operation 19 [1/1] (0.00ns)   --->   "%pad_img3_7 = alloca i64 1" [CNN/src/cnn.cpp:81]   --->   Operation 19 'alloca' 'pad_img3_7' <Predicate = true> <Delay = 0.00>
ST_1 : Operation 20 [1/1] (0.00ns)   --->   "%pad_img3_8 = alloca i64 1" [CNN/src/cnn.cpp:81]   --->   Operation 20 'alloca' 'pad_img3_8' <Predicate = true> <Delay = 0.00>
ST_1 : Operation 21 [1/1] (0.00ns)   --->   "%pad_img3_9 = alloca i64 1" [CNN/src/cnn.cpp:81]   --->   Operation 21 'alloca' 'pad_img3_9' <Predicate = true> <Delay = 0.00>
ST_1 : Operation 22 [1/1] (0.00ns)   --->   "%pad_img3_10 = alloca i64 1" [CNN/src/cnn.cpp:81]   --->   Operation 22 'alloca' 'pad_img3_10' <Predicate = true> <Delay = 0.00>
ST_1 : Operation 23 [1/1] (0.00ns)   --->   "%pad_img3_11 = alloca i64 1" [CNN/src/cnn.cpp:81]   --->   Operation 23 'alloca' 'pad_img3_11' <Predicate = true> <Delay = 0.00>
ST_1 : Operation 24 [1/1] (0.00ns)   --->   "%pad_img3_12 = alloca i64 1" [CNN/src/cnn.cpp:81]   --->   Operation 24 'alloca' 'pad_img3_12' <Predicate = true> <Delay = 0.00>
ST_1 : Operation 25 [1/1] (0.00ns)   --->   "%pad_img3_13 = alloca i64 1" [CNN/src/cnn.cpp:81]   --->   Operation 25 'alloca' 'pad_img3_13' <Predicate = true> <Delay = 0.00>
ST_1 : Operation 26 [1/1] (0.00ns)   --->   "%pad_img3_14 = alloca i64 1" [CNN/src/cnn.cpp:81]   --->   Operation 26 'alloca' 'pad_img3_14' <Predicate = true> <Delay = 0.00>
ST_1 : Operation 27 [1/1] (0.00ns)   --->   "%pad_img3_15 = alloca i64 1" [CNN/src/cnn.cpp:81]   --->   Operation 27 'alloca' 'pad_img3_15' <Predicate = true> <Delay = 0.00>
ST_1 : Operation 28 [1/1] (0.00ns)   --->   "%pad_img3_16 = alloca i64 1" [CNN/src/cnn.cpp:81]   --->   Operation 28 'alloca' 'pad_img3_16' <Predicate = true> <Delay = 0.00>
ST_1 : Operation 29 [1/1] (0.00ns)   --->   "%pad_img3_17 = alloca i64 1" [CNN/src/cnn.cpp:81]   --->   Operation 29 'alloca' 'pad_img3_17' <Predicate = true> <Delay = 0.00>
ST_1 : Operation 30 [1/1] (0.00ns)   --->   "%pad_img3_18 = alloca i64 1" [CNN/src/cnn.cpp:81]   --->   Operation 30 'alloca' 'pad_img3_18' <Predicate = true> <Delay = 0.00>
ST_1 : Operation 31 [1/1] (0.00ns)   --->   "%pad_img3_19 = alloca i64 1" [CNN/src/cnn.cpp:81]   --->   Operation 31 'alloca' 'pad_img3_19' <Predicate = true> <Delay = 0.00>
ST_1 : Operation 32 [1/1] (0.00ns)   --->   "%pad_img3_20 = alloca i64 1" [CNN/src/cnn.cpp:81]   --->   Operation 32 'alloca' 'pad_img3_20' <Predicate = true> <Delay = 0.00>
ST_1 : Operation 33 [1/1] (0.00ns)   --->   "%pad_img3_21 = alloca i64 1" [CNN/src/cnn.cpp:81]   --->   Operation 33 'alloca' 'pad_img3_21' <Predicate = true> <Delay = 0.00>
ST_1 : Operation 34 [1/1] (0.00ns)   --->   "%pad_img3_22 = alloca i64 1" [CNN/src/cnn.cpp:81]   --->   Operation 34 'alloca' 'pad_img3_22' <Predicate = true> <Delay = 0.00>
ST_1 : Operation 35 [1/1] (0.00ns)   --->   "%pad_img3_23 = alloca i64 1" [CNN/src/cnn.cpp:81]   --->   Operation 35 'alloca' 'pad_img3_23' <Predicate = true> <Delay = 0.00>
ST_1 : Operation 36 [1/1] (0.00ns)   --->   "%pad_img3_24 = alloca i64 1" [CNN/src/cnn.cpp:81]   --->   Operation 36 'alloca' 'pad_img3_24' <Predicate = true> <Delay = 0.00>
ST_1 : Operation 37 [1/1] (0.00ns)   --->   "%pad_img3_25 = alloca i64 1" [CNN/src/cnn.cpp:81]   --->   Operation 37 'alloca' 'pad_img3_25' <Predicate = true> <Delay = 0.00>
ST_1 : Operation 38 [1/1] (0.00ns)   --->   "%pad_img3_26 = alloca i64 1" [CNN/src/cnn.cpp:81]   --->   Operation 38 'alloca' 'pad_img3_26' <Predicate = true> <Delay = 0.00>
ST_1 : Operation 39 [1/1] (0.00ns)   --->   "%pad_img3_27 = alloca i64 1" [CNN/src/cnn.cpp:81]   --->   Operation 39 'alloca' 'pad_img3_27' <Predicate = true> <Delay = 0.00>
ST_1 : Operation 40 [1/1] (0.00ns)   --->   "%pad_img3_28 = alloca i64 1" [CNN/src/cnn.cpp:81]   --->   Operation 40 'alloca' 'pad_img3_28' <Predicate = true> <Delay = 0.00>
ST_1 : Operation 41 [1/1] (0.00ns)   --->   "%pad_img3_29 = alloca i64 1" [CNN/src/cnn.cpp:81]   --->   Operation 41 'alloca' 'pad_img3_29' <Predicate = true> <Delay = 0.00>
ST_1 : Operation 42 [1/1] (0.00ns)   --->   "%pad_img3_30 = alloca i64 1" [CNN/src/cnn.cpp:81]   --->   Operation 42 'alloca' 'pad_img3_30' <Predicate = true> <Delay = 0.00>
ST_1 : Operation 43 [1/1] (0.00ns)   --->   "%pad_img3_31 = alloca i64 1" [CNN/src/cnn.cpp:81]   --->   Operation 43 'alloca' 'pad_img3_31' <Predicate = true> <Delay = 0.00>
ST_1 : Operation 44 [1/1] (0.00ns)   --->   "%pad_img3_32 = alloca i64 1" [CNN/src/cnn.cpp:81]   --->   Operation 44 'alloca' 'pad_img3_32' <Predicate = true> <Delay = 0.00>
ST_1 : Operation 45 [1/1] (0.00ns)   --->   "%pad_img3_33 = alloca i64 1" [CNN/src/cnn.cpp:81]   --->   Operation 45 'alloca' 'pad_img3_33' <Predicate = true> <Delay = 0.00>
ST_1 : Operation 46 [1/1] (0.00ns)   --->   "%pad_img3_34 = alloca i64 1" [CNN/src/cnn.cpp:81]   --->   Operation 46 'alloca' 'pad_img3_34' <Predicate = true> <Delay = 0.00>
ST_1 : Operation 47 [1/1] (0.00ns)   --->   "%pad_img3_35 = alloca i64 1" [CNN/src/cnn.cpp:81]   --->   Operation 47 'alloca' 'pad_img3_35' <Predicate = true> <Delay = 0.00>
ST_1 : Operation 48 [1/1] (0.00ns)   --->   "%pad_img3_36 = alloca i64 1" [CNN/src/cnn.cpp:81]   --->   Operation 48 'alloca' 'pad_img3_36' <Predicate = true> <Delay = 0.00>
ST_1 : Operation 49 [1/1] (0.00ns)   --->   "%pad_img3_37 = alloca i64 1" [CNN/src/cnn.cpp:81]   --->   Operation 49 'alloca' 'pad_img3_37' <Predicate = true> <Delay = 0.00>
ST_1 : Operation 50 [1/1] (0.00ns)   --->   "%pad_img3_38 = alloca i64 1" [CNN/src/cnn.cpp:81]   --->   Operation 50 'alloca' 'pad_img3_38' <Predicate = true> <Delay = 0.00>
ST_1 : Operation 51 [1/1] (0.00ns)   --->   "%pad_img3_39 = alloca i64 1" [CNN/src/cnn.cpp:81]   --->   Operation 51 'alloca' 'pad_img3_39' <Predicate = true> <Delay = 0.00>
ST_1 : Operation 52 [1/1] (0.00ns)   --->   "%pad_img3_40 = alloca i64 1" [CNN/src/cnn.cpp:81]   --->   Operation 52 'alloca' 'pad_img3_40' <Predicate = true> <Delay = 0.00>
ST_1 : Operation 53 [1/1] (0.00ns)   --->   "%pad_img3_41 = alloca i64 1" [CNN/src/cnn.cpp:81]   --->   Operation 53 'alloca' 'pad_img3_41' <Predicate = true> <Delay = 0.00>
ST_1 : Operation 54 [1/1] (0.00ns)   --->   "%pad_img3_42 = alloca i64 1" [CNN/src/cnn.cpp:81]   --->   Operation 54 'alloca' 'pad_img3_42' <Predicate = true> <Delay = 0.00>
ST_1 : Operation 55 [1/1] (0.00ns)   --->   "%pad_img3_43 = alloca i64 1" [CNN/src/cnn.cpp:81]   --->   Operation 55 'alloca' 'pad_img3_43' <Predicate = true> <Delay = 0.00>
ST_1 : Operation 56 [1/1] (0.00ns)   --->   "%pad_img3_44 = alloca i64 1" [CNN/src/cnn.cpp:81]   --->   Operation 56 'alloca' 'pad_img3_44' <Predicate = true> <Delay = 0.00>
ST_1 : Operation 57 [1/1] (0.00ns)   --->   "%pad_img3_45 = alloca i64 1" [CNN/src/cnn.cpp:81]   --->   Operation 57 'alloca' 'pad_img3_45' <Predicate = true> <Delay = 0.00>
ST_1 : Operation 58 [1/1] (0.00ns)   --->   "%pad_img3_46 = alloca i64 1" [CNN/src/cnn.cpp:81]   --->   Operation 58 'alloca' 'pad_img3_46' <Predicate = true> <Delay = 0.00>
ST_1 : Operation 59 [1/1] (0.00ns)   --->   "%pad_img3_47 = alloca i64 1" [CNN/src/cnn.cpp:81]   --->   Operation 59 'alloca' 'pad_img3_47' <Predicate = true> <Delay = 0.00>
ST_1 : Operation 60 [1/1] (0.00ns)   --->   "%pad_img3_48 = alloca i64 1" [CNN/src/cnn.cpp:81]   --->   Operation 60 'alloca' 'pad_img3_48' <Predicate = true> <Delay = 0.00>
ST_1 : Operation 61 [2/2] (0.00ns)   --->   "%call_ln0 = call void @cnn_Pipeline_1, i32 %pad_img0"   --->   Operation 61 'call' 'call_ln0' <Predicate = true> <Delay = 0.00> <CoreType = "Generic">   --->   Core 0 '' <Latency = 0> <II = 1> <Delay = 1.00> <Generic> <Opcode : >

State 2 <SV = 1> <Delay = 0.00>
ST_2 : Operation 62 [1/2] (0.00ns)   --->   "%call_ln0 = call void @cnn_Pipeline_1, i32 %pad_img0"   --->   Operation 62 'call' 'call_ln0' <Predicate = true> <Delay = 0.00> <CoreType = "Generic">   --->   Core 0 '' <Latency = 0> <II = 1> <Delay = 1.00> <Generic> <Opcode : >

State 3 <SV = 2> <Delay = 0.00>
ST_3 : Operation 63 [2/2] (0.00ns)   --->   "%call_ln0 = call void @cnn_Pipeline_pad_for_rows_pad_for_cols, i32 %img_in, i32 %pad_img0"   --->   Operation 63 'call' 'call_ln0' <Predicate = true> <Delay = 0.00> <CoreType = "Generic">   --->   Core 0 '' <Latency = 0> <II = 1> <Delay = 1.00> <Generic> <Opcode : >

State 4 <SV = 3> <Delay = 0.00>
ST_4 : Operation 64 [1/2] (0.00ns)   --->   "%call_ln0 = call void @cnn_Pipeline_pad_for_rows_pad_for_cols, i32 %img_in, i32 %pad_img0"   --->   Operation 64 'call' 'call_ln0' <Predicate = true> <Delay = 0.00> <CoreType = "Generic">   --->   Core 0 '' <Latency = 0> <II = 1> <Delay = 1.00> <Generic> <Opcode : >

State 5 <SV = 4> <Delay = 0.00>
ST_5 : Operation 65 [2/2] (0.00ns)   --->   "%call_ln0 = call void @cnn_Pipeline_clone_for_rows_clone_for_cols, i32 %pad_img0, i32 %pad_img1, i32 %pad_img2, i32 %pad_img3, i32 %pad_img3_1, i32 %pad_img3_2, i32 %pad_img3_3, i32 %pad_img3_4, i32 %pad_img3_5, i32 %pad_img3_6, i32 %pad_img3_7, i32 %pad_img3_8, i32 %pad_img3_9, i32 %pad_img3_10, i32 %pad_img3_11, i32 %pad_img3_12, i32 %pad_img3_13, i32 %pad_img3_14, i32 %pad_img3_15, i32 %pad_img3_16, i32 %pad_img3_17, i32 %pad_img3_18, i32 %pad_img3_19, i32 %pad_img3_20, i32 %pad_img3_21, i32 %pad_img3_22, i32 %pad_img3_23, i32 %pad_img3_24, i32 %pad_img3_25, i32 %pad_img3_26, i32 %pad_img3_27, i32 %pad_img3_28, i32 %pad_img3_29, i32 %pad_img3_30, i32 %pad_img3_31, i32 %pad_img3_32, i32 %pad_img3_33, i32 %pad_img3_34, i32 %pad_img3_35, i32 %pad_img3_36, i32 %pad_img3_37, i32 %pad_img3_38, i32 %pad_img3_39, i32 %pad_img3_40, i32 %pad_img3_41, i32 %pad_img3_42, i32 %pad_img3_43, i32 %pad_img3_44, i32 %pad_img3_45, i32 %pad_img3_46, i32 %pad_img3_47, i32 %pad_img3_48"   --->   Operation 65 'call' 'call_ln0' <Predicate = true> <Delay = 0.00> <CoreType = "Generic">   --->   Core 0 '' <Latency = 0> <II = 1> <Delay = 1.00> <Generic> <Opcode : >

State 6 <SV = 5> <Delay = 0.00>
ST_6 : Operation 66 [1/2] (0.00ns)   --->   "%call_ln0 = call void @cnn_Pipeline_clone_for_rows_clone_for_cols, i32 %pad_img0, i32 %pad_img1, i32 %pad_img2, i32 %pad_img3, i32 %pad_img3_1, i32 %pad_img3_2, i32 %pad_img3_3, i32 %pad_img3_4, i32 %pad_img3_5, i32 %pad_img3_6, i32 %pad_img3_7, i32 %pad_img3_8, i32 %pad_img3_9, i32 %pad_img3_10, i32 %pad_img3_11, i32 %pad_img3_12, i32 %pad_img3_13, i32 %pad_img3_14, i32 %pad_img3_15, i32 %pad_img3_16, i32 %pad_img3_17, i32 %pad_img3_18, i32 %pad_img3_19, i32 %pad_img3_20, i32 %pad_img3_21, i32 %pad_img3_22, i32 %pad_img3_23, i32 %pad_img3_24, i32 %pad_img3_25, i32 %pad_img3_26, i32 %pad_img3_27, i32 %pad_img3_28, i32 %pad_img3_29, i32 %pad_img3_30, i32 %pad_img3_31, i32 %pad_img3_32, i32 %pad_img3_33, i32 %pad_img3_34, i32 %pad_img3_35, i32 %pad_img3_36, i32 %pad_img3_37, i32 %pad_img3_38, i32 %pad_img3_39, i32 %pad_img3_40, i32 %pad_img3_41, i32 %pad_img3_42, i32 %pad_img3_43, i32 %pad_img3_44, i32 %pad_img3_45, i32 %pad_img3_46, i32 %pad_img3_47, i32 %pad_img3_48"   --->   Operation 66 'call' 'call_ln0' <Predicate = true> <Delay = 0.00> <CoreType = "Generic">   --->   Core 0 '' <Latency = 0> <II = 1> <Delay = 1.00> <Generic> <Opcode : >

State 7 <SV = 6> <Delay = 0.00>
ST_7 : Operation 67 [2/2] (0.00ns)   --->   "%call_ln96 = call void @dataflow_section, i32 %pad_img0, i32 %pad_img1, i32 %pad_img2, i32 %pad_img3, i32 %pad_img3_1, i32 %pad_img3_2, i32 %pad_img3_3, i32 %pad_img3_4, i32 %pad_img3_5, i32 %pad_img3_6, i32 %pad_img3_7, i32 %pad_img3_8, i32 %pad_img3_9, i32 %pad_img3_10, i32 %pad_img3_11, i32 %pad_img3_12, i32 %pad_img3_13, i32 %pad_img3_14, i32 %pad_img3_15, i32 %pad_img3_16, i32 %pad_img3_17, i32 %pad_img3_18, i32 %pad_img3_19, i32 %pad_img3_20, i32 %pad_img3_21, i32 %pad_img3_22, i32 %pad_img3_23, i32 %pad_img3_24, i32 %pad_img3_25, i32 %pad_img3_26, i32 %pad_img3_27, i32 %pad_img3_28, i32 %pad_img3_29, i32 %pad_img3_30, i32 %pad_img3_31, i32 %pad_img3_32, i32 %pad_img3_33, i32 %pad_img3_34, i32 %pad_img3_35, i32 %pad_img3_36, i32 %pad_img3_37, i32 %pad_img3_38, i32 %pad_img3_39, i32 %pad_img3_40, i32 %pad_img3_41, i32 %pad_img3_42, i32 %pad_img3_43, i32 %pad_img3_44, i32 %pad_img3_45, i32 %pad_img3_46, i32 %pad_img3_47, i32 %pad_img3_48, i32 %prediction, i32 %dense_weights_0, i32 %dense_weights_1, i32 %dense_weights_2, i32 %dense_weights_3, i32 %dense_weights_4, i32 %dense_weights_5, i32 %dense_weights_6, i32 %dense_weights_7, i32 %dense_weights_8, i32 %dense_weights_9, i32 %dense_biases" [CNN/src/cnn.cpp:96]   --->   Operation 67 'call' 'call_ln96' <Predicate = true> <Delay = 0.00> <CoreType = "Generic">   --->   Core 0 '' <Latency = 0> <II = 1> <Delay = 1.00> <Generic> <Opcode : >

State 8 <SV = 7> <Delay = 0.00>
ST_8 : Operation 68 [1/1] (0.00ns)   --->   "%spectopmodule_ln64 = spectopmodule void @_ssdm_op_SpecTopModule, void @empty" [CNN/src/cnn.cpp:64]   --->   Operation 68 'spectopmodule' 'spectopmodule_ln64' <Predicate = true> <Delay = 0.00>
ST_8 : Operation 69 [1/1] (0.00ns)   --->   "%specinterface_ln0 = specinterface void @_ssdm_op_SpecInterface, i32 %img_in, void @empty_3, i32 0, i32 0, void @empty_1, i32 4294967295, i32 0, void @empty_1, void @empty_1, void @empty_1, i32 0, i32 0, i32 0, i32 0, void @empty_1, void @empty_1, i32 4294967295, i32 0"   --->   Operation 69 'specinterface' 'specinterface_ln0' <Predicate = true> <Delay = 0.00>
ST_8 : Operation 70 [1/1] (0.00ns)   --->   "%specbitsmap_ln0 = specbitsmap void @_ssdm_op_SpecBitsMap, i32 %img_in"   --->   Operation 70 'specbitsmap' 'specbitsmap_ln0' <Predicate = true> <Delay = 0.00>
ST_8 : Operation 71 [1/1] (0.00ns)   --->   "%specinterface_ln0 = specinterface void @_ssdm_op_SpecInterface, i32 %prediction, void @empty_3, i32 0, i32 0, void @empty_1, i32 4294967295, i32 0, void @empty_1, void @empty_1, void @empty_1, i32 0, i32 0, i32 0, i32 0, void @empty_1, void @empty_1, i32 4294967295, i32 0"   --->   Operation 71 'specinterface' 'specinterface_ln0' <Predicate = true> <Delay = 0.00>
ST_8 : Operation 72 [1/1] (0.00ns)   --->   "%specbitsmap_ln0 = specbitsmap void @_ssdm_op_SpecBitsMap, i32 %prediction"   --->   Operation 72 'specbitsmap' 'specbitsmap_ln0' <Predicate = true> <Delay = 0.00>
ST_8 : Operation 73 [1/2] (0.00ns)   --->   "%call_ln96 = call void @dataflow_section, i32 %pad_img0, i32 %pad_img1, i32 %pad_img2, i32 %pad_img3, i32 %pad_img3_1, i32 %pad_img3_2, i32 %pad_img3_3, i32 %pad_img3_4, i32 %pad_img3_5, i32 %pad_img3_6, i32 %pad_img3_7, i32 %pad_img3_8, i32 %pad_img3_9, i32 %pad_img3_10, i32 %pad_img3_11, i32 %pad_img3_12, i32 %pad_img3_13, i32 %pad_img3_14, i32 %pad_img3_15, i32 %pad_img3_16, i32 %pad_img3_17, i32 %pad_img3_18, i32 %pad_img3_19, i32 %pad_img3_20, i32 %pad_img3_21, i32 %pad_img3_22, i32 %pad_img3_23, i32 %pad_img3_24, i32 %pad_img3_25, i32 %pad_img3_26, i32 %pad_img3_27, i32 %pad_img3_28, i32 %pad_img3_29, i32 %pad_img3_30, i32 %pad_img3_31, i32 %pad_img3_32, i32 %pad_img3_33, i32 %pad_img3_34, i32 %pad_img3_35, i32 %pad_img3_36, i32 %pad_img3_37, i32 %pad_img3_38, i32 %pad_img3_39, i32 %pad_img3_40, i32 %pad_img3_41, i32 %pad_img3_42, i32 %pad_img3_43, i32 %pad_img3_44, i32 %pad_img3_45, i32 %pad_img3_46, i32 %pad_img3_47, i32 %pad_img3_48, i32 %prediction, i32 %dense_weights_0, i32 %dense_weights_1, i32 %dense_weights_2, i32 %dense_weights_3, i32 %dense_weights_4, i32 %dense_weights_5, i32 %dense_weights_6, i32 %dense_weights_7, i32 %dense_weights_8, i32 %dense_weights_9, i32 %dense_biases" [CNN/src/cnn.cpp:96]   --->   Operation 73 'call' 'call_ln96' <Predicate = true> <Delay = 0.00> <CoreType = "Generic">   --->   Core 0 '' <Latency = 0> <II = 1> <Delay = 1.00> <Generic> <Opcode : >
ST_8 : Operation 74 [1/1] (0.00ns)   --->   "%ret_ln97 = ret" [CNN/src/cnn.cpp:97]   --->   Operation 74 'ret' 'ret_ln97' <Predicate = true> <Delay = 0.00>


============================================================
+ Verbose Summary: Timing violations
============================================================
Target clock period: 10.000ns, clock uncertainty: 2.700ns.

 <State 1>: 0.000ns
The critical path consists of the following:

 <State 2>: 0.000ns
The critical path consists of the following:

 <State 3>: 0.000ns
The critical path consists of the following:

 <State 4>: 0.000ns
The critical path consists of the following:

 <State 5>: 0.000ns
The critical path consists of the following:

 <State 6>: 0.000ns
The critical path consists of the following:

 <State 7>: 0.000ns
The critical path consists of the following:

 <State 8>: 0.000ns
The critical path consists of the following:


============================================================
+ Verbose Summary: Binding
============================================================
N/A
* FSMD analyzer results:
  - Output states:
 - Input state : 
  - Chain level:
	State 1
	State 2
	State 3
	State 4
	State 5
	State 6
	State 7
	State 8


============================================================
+ Verbose Summary: Datapath Resource usage 
============================================================
N/A
