

================================================================
== Vitis HLS Report for 'cnn'
================================================================
* Date:           Sun Dec 15 21:44:56 2024

* Version:        2023.2 (Build 4023990 on Oct 11 2023)
* Project:        CNN
* Solution:       solution1 (Vivado IP Flow Target)
* Product family: zynq
* Target device:  xc7z010-clg400-3


================================================================
== Performance Estimates
================================================================
+ Timing: 
    * Summary: 
    +--------+----------+----------+------------+
    |  Clock |  Target  | Estimated| Uncertainty|
    +--------+----------+----------+------------+
    |ap_clk  |  10.00 ns|  7.983 ns|     2.70 ns|
    +--------+----------+----------+------------+

+ Latency: 
    * Summary: 
    +---------+---------+----------+----------+-------+-------+---------+
    |  Latency (cycles) |  Latency (absolute) |    Interval   | Pipeline|
    |   min   |   max   |    min   |    max   |  min  |  max  |   Type  |
    +---------+---------+----------+----------+-------+-------+---------+
    |    46403|    46403|  0.464 ms|  0.464 ms|  46404|  46404|       no|
    +---------+---------+----------+----------+-------+-------+---------+

    + Detail: 
        * Instance: 
        +-------------------------------------------------------+--------------------------------------------+---------+---------+-----------+-----------+-------+-------+---------+
        |                                                       |                                            |  Latency (cycles) |   Latency (absolute)  |    Interval   | Pipeline|
        |                        Instance                       |                   Module                   |   min   |   max   |    min    |    max    |  min  |  max  |   Type  |
        +-------------------------------------------------------+--------------------------------------------+---------+---------+-----------+-----------+-------+-------+---------+
        |grp_cnn_Pipeline_1_fu_260                              |cnn_Pipeline_1                              |     1158|     1158|  11.580 us|  11.580 us|   1158|   1158|       no|
        |grp_cnn_Pipeline_pad_for_rows_pad_for_cols_fu_266      |cnn_Pipeline_pad_for_rows_pad_for_cols      |      800|      800|   8.000 us|   8.000 us|    800|    800|       no|
        |grp_cnn_Pipeline_clone_for_rows_clone_for_cols_fu_273  |cnn_Pipeline_clone_for_rows_clone_for_cols  |     1166|     1166|  11.660 us|  11.660 us|   1166|   1166|       no|
        |grp_dataflow_section_fu_329                            |dataflow_section                            |    43272|    43272|   0.433 ms|   0.433 ms|  43272|  43272|       no|
        +-------------------------------------------------------+--------------------------------------------+---------+---------+-----------+-----------+-------+-------+---------+

        * Loop: 
        N/A

============================================================
+ Verbose Summary: Synthesis Manager
============================================================
InlineROM: 1
ExposeGlobal: 0
============================================================
+ Verbose Summary: CDFG Model
============================================================
IsTopModel: 1
ResetActiveHigh: 1
IsCombinational: 0
IsDatapathOnly: 0
HasWiredReturn: 1
HasMFsm: 0
HasVarLatency: 1
IsPipeline: 0
IsRtlPipelined: 0
IsInstanceOverlapped: 0
IsDontTouch: 0
HasImplIP: 0
IsGatedGlobalClock: 0


============================================================
+ Verbose Summary: Schedule
============================================================
* Number of FSM states : 8
* Pipeline : 0
* Dataflow Pipeline: 0

* FSM state transitions: 
1 --> 2 
2 --> 3 
3 --> 4 
4 --> 5 
5 --> 6 
6 --> 7 
7 --> 8 
8 --> 

* FSM state operations: 

State 1 <SV = 0> <Delay = 2.41>
ST_1 : Operation 9 [1/1] (2.41ns)   --->   "%pad_img0 = alloca i64 1" [CNN/src/cnn.cpp:68]   --->   Operation 9 'alloca' 'pad_img0' <Predicate = true> <Delay = 2.41>
ST_1 : Operation 10 [1/1] (2.41ns)   --->   "%pad_img1 = alloca i64 1" [CNN/src/cnn.cpp:79]   --->   Operation 10 'alloca' 'pad_img1' <Predicate = true> <Delay = 2.41>
ST_1 : Operation 11 [1/1] (2.41ns)   --->   "%pad_img2 = alloca i64 1" [CNN/src/cnn.cpp:80]   --->   Operation 11 'alloca' 'pad_img2' <Predicate = true> <Delay = 2.41>
ST_1 : Operation 12 [1/1] (1.56ns)   --->   "%pad_img3 = alloca i64 1" [CNN/src/cnn.cpp:81]   --->   Operation 12 'alloca' 'pad_img3' <Predicate = true> <Delay = 1.56>
ST_1 : Operation 13 [1/1] (1.56ns)   --->   "%pad_img3_1 = alloca i64 1" [CNN/src/cnn.cpp:81]   --->   Operation 13 'alloca' 'pad_img3_1' <Predicate = true> <Delay = 1.56>
ST_1 : Operation 14 [1/1] (1.56ns)   --->   "%pad_img3_2 = alloca i64 1" [CNN/src/cnn.cpp:81]   --->   Operation 14 'alloca' 'pad_img3_2' <Predicate = true> <Delay = 1.56>
ST_1 : Operation 15 [1/1] (1.56ns)   --->   "%pad_img3_3 = alloca i64 1" [CNN/src/cnn.cpp:81]   --->   Operation 15 'alloca' 'pad_img3_3' <Predicate = true> <Delay = 1.56>
ST_1 : Operation 16 [1/1] (1.56ns)   --->   "%pad_img3_4 = alloca i64 1" [CNN/src/cnn.cpp:81]   --->   Operation 16 'alloca' 'pad_img3_4' <Predicate = true> <Delay = 1.56>
ST_1 : Operation 17 [1/1] (1.56ns)   --->   "%pad_img3_5 = alloca i64 1" [CNN/src/cnn.cpp:81]   --->   Operation 17 'alloca' 'pad_img3_5' <Predicate = true> <Delay = 1.56>
ST_1 : Operation 18 [1/1] (1.56ns)   --->   "%pad_img3_6 = alloca i64 1" [CNN/src/cnn.cpp:81]   --->   Operation 18 'alloca' 'pad_img3_6' <Predicate = true> <Delay = 1.56>
ST_1 : Operation 19 [1/1] (1.56ns)   --->   "%pad_img3_7 = alloca i64 1" [CNN/src/cnn.cpp:81]   --->   Operation 19 'alloca' 'pad_img3_7' <Predicate = true> <Delay = 1.56>
ST_1 : Operation 20 [1/1] (1.56ns)   --->   "%pad_img3_8 = alloca i64 1" [CNN/src/cnn.cpp:81]   --->   Operation 20 'alloca' 'pad_img3_8' <Predicate = true> <Delay = 1.56>
ST_1 : Operation 21 [1/1] (1.56ns)   --->   "%pad_img3_9 = alloca i64 1" [CNN/src/cnn.cpp:81]   --->   Operation 21 'alloca' 'pad_img3_9' <Predicate = true> <Delay = 1.56>
ST_1 : Operation 22 [1/1] (1.56ns)   --->   "%pad_img3_10 = alloca i64 1" [CNN/src/cnn.cpp:81]   --->   Operation 22 'alloca' 'pad_img3_10' <Predicate = true> <Delay = 1.56>
ST_1 : Operation 23 [1/1] (1.56ns)   --->   "%pad_img3_11 = alloca i64 1" [CNN/src/cnn.cpp:81]   --->   Operation 23 'alloca' 'pad_img3_11' <Predicate = true> <Delay = 1.56>
ST_1 : Operation 24 [1/1] (1.56ns)   --->   "%pad_img3_12 = alloca i64 1" [CNN/src/cnn.cpp:81]   --->   Operation 24 'alloca' 'pad_img3_12' <Predicate = true> <Delay = 1.56>
ST_1 : Operation 25 [1/1] (1.56ns)   --->   "%pad_img3_13 = alloca i64 1" [CNN/src/cnn.cpp:81]   --->   Operation 25 'alloca' 'pad_img3_13' <Predicate = true> <Delay = 1.56>
ST_1 : Operation 26 [1/1] (1.56ns)   --->   "%pad_img3_14 = alloca i64 1" [CNN/src/cnn.cpp:81]   --->   Operation 26 'alloca' 'pad_img3_14' <Predicate = true> <Delay = 1.56>
ST_1 : Operation 27 [1/1] (1.56ns)   --->   "%pad_img3_15 = alloca i64 1" [CNN/src/cnn.cpp:81]   --->   Operation 27 'alloca' 'pad_img3_15' <Predicate = true> <Delay = 1.56>
ST_1 : Operation 28 [1/1] (1.56ns)   --->   "%pad_img3_16 = alloca i64 1" [CNN/src/cnn.cpp:81]   --->   Operation 28 'alloca' 'pad_img3_16' <Predicate = true> <Delay = 1.56>
ST_1 : Operation 29 [1/1] (1.56ns)   --->   "%pad_img3_17 = alloca i64 1" [CNN/src/cnn.cpp:81]   --->   Operation 29 'alloca' 'pad_img3_17' <Predicate = true> <Delay = 1.56>
ST_1 : Operation 30 [1/1] (1.56ns)   --->   "%pad_img3_18 = alloca i64 1" [CNN/src/cnn.cpp:81]   --->   Operation 30 'alloca' 'pad_img3_18' <Predicate = true> <Delay = 1.56>
ST_1 : Operation 31 [1/1] (1.56ns)   --->   "%pad_img3_19 = alloca i64 1" [CNN/src/cnn.cpp:81]   --->   Operation 31 'alloca' 'pad_img3_19' <Predicate = true> <Delay = 1.56>
ST_1 : Operation 32 [1/1] (1.56ns)   --->   "%pad_img3_20 = alloca i64 1" [CNN/src/cnn.cpp:81]   --->   Operation 32 'alloca' 'pad_img3_20' <Predicate = true> <Delay = 1.56>
ST_1 : Operation 33 [1/1] (1.56ns)   --->   "%pad_img3_21 = alloca i64 1" [CNN/src/cnn.cpp:81]   --->   Operation 33 'alloca' 'pad_img3_21' <Predicate = true> <Delay = 1.56>
ST_1 : Operation 34 [1/1] (1.56ns)   --->   "%pad_img3_22 = alloca i64 1" [CNN/src/cnn.cpp:81]   --->   Operation 34 'alloca' 'pad_img3_22' <Predicate = true> <Delay = 1.56>
ST_1 : Operation 35 [1/1] (1.56ns)   --->   "%pad_img3_23 = alloca i64 1" [CNN/src/cnn.cpp:81]   --->   Operation 35 'alloca' 'pad_img3_23' <Predicate = true> <Delay = 1.56>
ST_1 : Operation 36 [1/1] (1.56ns)   --->   "%pad_img3_24 = alloca i64 1" [CNN/src/cnn.cpp:81]   --->   Operation 36 'alloca' 'pad_img3_24' <Predicate = true> <Delay = 1.56>
ST_1 : Operation 37 [1/1] (1.56ns)   --->   "%pad_img3_25 = alloca i64 1" [CNN/src/cnn.cpp:81]   --->   Operation 37 'alloca' 'pad_img3_25' <Predicate = true> <Delay = 1.56>
ST_1 : Operation 38 [1/1] (1.56ns)   --->   "%pad_img3_26 = alloca i64 1" [CNN/src/cnn.cpp:81]   --->   Operation 38 'alloca' 'pad_img3_26' <Predicate = true> <Delay = 1.56>
ST_1 : Operation 39 [1/1] (1.56ns)   --->   "%pad_img3_27 = alloca i64 1" [CNN/src/cnn.cpp:81]   --->   Operation 39 'alloca' 'pad_img3_27' <Predicate = true> <Delay = 1.56>
ST_1 : Operation 40 [1/1] (1.56ns)   --->   "%pad_img3_28 = alloca i64 1" [CNN/src/cnn.cpp:81]   --->   Operation 40 'alloca' 'pad_img3_28' <Predicate = true> <Delay = 1.56>
ST_1 : Operation 41 [1/1] (1.56ns)   --->   "%pad_img3_29 = alloca i64 1" [CNN/src/cnn.cpp:81]   --->   Operation 41 'alloca' 'pad_img3_29' <Predicate = true> <Delay = 1.56>
ST_1 : Operation 42 [1/1] (1.56ns)   --->   "%pad_img3_30 = alloca i64 1" [CNN/src/cnn.cpp:81]   --->   Operation 42 'alloca' 'pad_img3_30' <Predicate = true> <Delay = 1.56>
ST_1 : Operation 43 [1/1] (1.56ns)   --->   "%pad_img3_31 = alloca i64 1" [CNN/src/cnn.cpp:81]   --->   Operation 43 'alloca' 'pad_img3_31' <Predicate = true> <Delay = 1.56>
ST_1 : Operation 44 [1/1] (1.56ns)   --->   "%pad_img3_32 = alloca i64 1" [CNN/src/cnn.cpp:81]   --->   Operation 44 'alloca' 'pad_img3_32' <Predicate = true> <Delay = 1.56>
ST_1 : Operation 45 [1/1] (1.56ns)   --->   "%pad_img3_33 = alloca i64 1" [CNN/src/cnn.cpp:81]   --->   Operation 45 'alloca' 'pad_img3_33' <Predicate = true> <Delay = 1.56>
ST_1 : Operation 46 [1/1] (1.56ns)   --->   "%pad_img3_34 = alloca i64 1" [CNN/src/cnn.cpp:81]   --->   Operation 46 'alloca' 'pad_img3_34' <Predicate = true> <Delay = 1.56>
ST_1 : Operation 47 [1/1] (1.56ns)   --->   "%pad_img3_35 = alloca i64 1" [CNN/src/cnn.cpp:81]   --->   Operation 47 'alloca' 'pad_img3_35' <Predicate = true> <Delay = 1.56>
ST_1 : Operation 48 [1/1] (1.56ns)   --->   "%pad_img3_36 = alloca i64 1" [CNN/src/cnn.cpp:81]   --->   Operation 48 'alloca' 'pad_img3_36' <Predicate = true> <Delay = 1.56>
ST_1 : Operation 49 [1/1] (1.56ns)   --->   "%pad_img3_37 = alloca i64 1" [CNN/src/cnn.cpp:81]   --->   Operation 49 'alloca' 'pad_img3_37' <Predicate = true> <Delay = 1.56>
ST_1 : Operation 50 [1/1] (1.56ns)   --->   "%pad_img3_38 = alloca i64 1" [CNN/src/cnn.cpp:81]   --->   Operation 50 'alloca' 'pad_img3_38' <Predicate = true> <Delay = 1.56>
ST_1 : Operation 51 [1/1] (1.56ns)   --->   "%pad_img3_39 = alloca i64 1" [CNN/src/cnn.cpp:81]   --->   Operation 51 'alloca' 'pad_img3_39' <Predicate = true> <Delay = 1.56>
ST_1 : Operation 52 [1/1] (1.56ns)   --->   "%pad_img3_40 = alloca i64 1" [CNN/src/cnn.cpp:81]   --->   Operation 52 'alloca' 'pad_img3_40' <Predicate = true> <Delay = 1.56>
ST_1 : Operation 53 [1/1] (1.56ns)   --->   "%pad_img3_41 = alloca i64 1" [CNN/src/cnn.cpp:81]   --->   Operation 53 'alloca' 'pad_img3_41' <Predicate = true> <Delay = 1.56>
ST_1 : Operation 54 [1/1] (1.56ns)   --->   "%pad_img3_42 = alloca i64 1" [CNN/src/cnn.cpp:81]   --->   Operation 54 'alloca' 'pad_img3_42' <Predicate = true> <Delay = 1.56>
ST_1 : Operation 55 [1/1] (1.56ns)   --->   "%pad_img3_43 = alloca i64 1" [CNN/src/cnn.cpp:81]   --->   Operation 55 'alloca' 'pad_img3_43' <Predicate = true> <Delay = 1.56>
ST_1 : Operation 56 [1/1] (1.56ns)   --->   "%pad_img3_44 = alloca i64 1" [CNN/src/cnn.cpp:81]   --->   Operation 56 'alloca' 'pad_img3_44' <Predicate = true> <Delay = 1.56>
ST_1 : Operation 57 [1/1] (1.56ns)   --->   "%pad_img3_45 = alloca i64 1" [CNN/src/cnn.cpp:81]   --->   Operation 57 'alloca' 'pad_img3_45' <Predicate = true> <Delay = 1.56>
ST_1 : Operation 58 [1/1] (1.56ns)   --->   "%pad_img3_46 = alloca i64 1" [CNN/src/cnn.cpp:81]   --->   Operation 58 'alloca' 'pad_img3_46' <Predicate = true> <Delay = 1.56>
ST_1 : Operation 59 [1/1] (1.56ns)   --->   "%pad_img3_47 = alloca i64 1" [CNN/src/cnn.cpp:81]   --->   Operation 59 'alloca' 'pad_img3_47' <Predicate = true> <Delay = 1.56>
ST_1 : Operation 60 [1/1] (1.56ns)   --->   "%pad_img3_48 = alloca i64 1" [CNN/src/cnn.cpp:81]   --->   Operation 60 'alloca' 'pad_img3_48' <Predicate = true> <Delay = 1.56>
ST_1 : Operation 61 [2/2] (0.00ns)   --->   "%call_ln0 = call void @cnn_Pipeline_1, i32 %pad_img0"   --->   Operation 61 'call' 'call_ln0' <Predicate = true> <Delay = 0.00> <CoreType = "Generic">   --->   Core 0 '' <Latency = 0> <II = 1> <Delay = 1.00> <Generic> <Opcode : >

State 2 <SV = 1> <Delay = 0.00>
ST_2 : Operation 62 [1/2] (0.00ns)   --->   "%call_ln0 = call void @cnn_Pipeline_1, i32 %pad_img0"   --->   Operation 62 'call' 'call_ln0' <Predicate = true> <Delay = 0.00> <CoreType = "Generic">   --->   Core 0 '' <Latency = 0> <II = 1> <Delay = 1.00> <Generic> <Opcode : >

State 3 <SV = 2> <Delay = 0.00>
ST_3 : Operation 63 [2/2] (0.00ns)   --->   "%call_ln0 = call void @cnn_Pipeline_pad_for_rows_pad_for_cols, i32 %img_in, i32 %pad_img0"   --->   Operation 63 'call' 'call_ln0' <Predicate = true> <Delay = 0.00> <CoreType = "Generic">   --->   Core 0 '' <Latency = 0> <II = 1> <Delay = 1.00> <Generic> <Opcode : >

State 4 <SV = 3> <Delay = 0.00>
ST_4 : Operation 64 [1/2] (0.00ns)   --->   "%call_ln0 = call void @cnn_Pipeline_pad_for_rows_pad_for_cols, i32 %img_in, i32 %pad_img0"   --->   Operation 64 'call' 'call_ln0' <Predicate = true> <Delay = 0.00> <CoreType = "Generic">   --->   Core 0 '' <Latency = 0> <II = 1> <Delay = 1.00> <Generic> <Opcode : >

State 5 <SV = 4> <Delay = 0.00>
ST_5 : Operation 65 [2/2] (0.00ns)   --->   "%call_ln0 = call void @cnn_Pipeline_clone_for_rows_clone_for_cols, i32 %pad_img0, i32 %pad_img1, i32 %pad_img2, i32 %pad_img3, i32 %pad_img3_1, i32 %pad_img3_2, i32 %pad_img3_3, i32 %pad_img3_4, i32 %pad_img3_5, i32 %pad_img3_6, i32 %pad_img3_7, i32 %pad_img3_8, i32 %pad_img3_9, i32 %pad_img3_10, i32 %pad_img3_11, i32 %pad_img3_12, i32 %pad_img3_13, i32 %pad_img3_14, i32 %pad_img3_15, i32 %pad_img3_16, i32 %pad_img3_17, i32 %pad_img3_18, i32 %pad_img3_19, i32 %pad_img3_20, i32 %pad_img3_21, i32 %pad_img3_22, i32 %pad_img3_23, i32 %pad_img3_24, i32 %pad_img3_25, i32 %pad_img3_26, i32 %pad_img3_27, i32 %pad_img3_28, i32 %pad_img3_29, i32 %pad_img3_30, i32 %pad_img3_31, i32 %pad_img3_32, i32 %pad_img3_33, i32 %pad_img3_34, i32 %pad_img3_35, i32 %pad_img3_36, i32 %pad_img3_37, i32 %pad_img3_38, i32 %pad_img3_39, i32 %pad_img3_40, i32 %pad_img3_41, i32 %pad_img3_42, i32 %pad_img3_43, i32 %pad_img3_44, i32 %pad_img3_45, i32 %pad_img3_46, i32 %pad_img3_47, i32 %pad_img3_48"   --->   Operation 65 'call' 'call_ln0' <Predicate = true> <Delay = 0.00> <CoreType = "Generic">   --->   Core 0 '' <Latency = 0> <II = 1> <Delay = 1.00> <Generic> <Opcode : >

State 6 <SV = 5> <Delay = 0.00>
ST_6 : Operation 66 [1/2] (0.00ns)   --->   "%call_ln0 = call void @cnn_Pipeline_clone_for_rows_clone_for_cols, i32 %pad_img0, i32 %pad_img1, i32 %pad_img2, i32 %pad_img3, i32 %pad_img3_1, i32 %pad_img3_2, i32 %pad_img3_3, i32 %pad_img3_4, i32 %pad_img3_5, i32 %pad_img3_6, i32 %pad_img3_7, i32 %pad_img3_8, i32 %pad_img3_9, i32 %pad_img3_10, i32 %pad_img3_11, i32 %pad_img3_12, i32 %pad_img3_13, i32 %pad_img3_14, i32 %pad_img3_15, i32 %pad_img3_16, i32 %pad_img3_17, i32 %pad_img3_18, i32 %pad_img3_19, i32 %pad_img3_20, i32 %pad_img3_21, i32 %pad_img3_22, i32 %pad_img3_23, i32 %pad_img3_24, i32 %pad_img3_25, i32 %pad_img3_26, i32 %pad_img3_27, i32 %pad_img3_28, i32 %pad_img3_29, i32 %pad_img3_30, i32 %pad_img3_31, i32 %pad_img3_32, i32 %pad_img3_33, i32 %pad_img3_34, i32 %pad_img3_35, i32 %pad_img3_36, i32 %pad_img3_37, i32 %pad_img3_38, i32 %pad_img3_39, i32 %pad_img3_40, i32 %pad_img3_41, i32 %pad_img3_42, i32 %pad_img3_43, i32 %pad_img3_44, i32 %pad_img3_45, i32 %pad_img3_46, i32 %pad_img3_47, i32 %pad_img3_48"   --->   Operation 66 'call' 'call_ln0' <Predicate = true> <Delay = 0.00> <CoreType = "Generic">   --->   Core 0 '' <Latency = 0> <II = 1> <Delay = 1.00> <Generic> <Opcode : >

State 7 <SV = 6> <Delay = 0.00>
ST_7 : Operation 67 [2/2] (0.00ns)   --->   "%call_ln96 = call void @dataflow_section, i32 %pad_img0, i32 %pad_img1, i32 %pad_img2, i32 %pad_img3, i32 %pad_img3_1, i32 %pad_img3_2, i32 %pad_img3_3, i32 %pad_img3_4, i32 %pad_img3_5, i32 %pad_img3_6, i32 %pad_img3_7, i32 %pad_img3_8, i32 %pad_img3_9, i32 %pad_img3_10, i32 %pad_img3_11, i32 %pad_img3_12, i32 %pad_img3_13, i32 %pad_img3_14, i32 %pad_img3_15, i32 %pad_img3_16, i32 %pad_img3_17, i32 %pad_img3_18, i32 %pad_img3_19, i32 %pad_img3_20, i32 %pad_img3_21, i32 %pad_img3_22, i32 %pad_img3_23, i32 %pad_img3_24, i32 %pad_img3_25, i32 %pad_img3_26, i32 %pad_img3_27, i32 %pad_img3_28, i32 %pad_img3_29, i32 %pad_img3_30, i32 %pad_img3_31, i32 %pad_img3_32, i32 %pad_img3_33, i32 %pad_img3_34, i32 %pad_img3_35, i32 %pad_img3_36, i32 %pad_img3_37, i32 %pad_img3_38, i32 %pad_img3_39, i32 %pad_img3_40, i32 %pad_img3_41, i32 %pad_img3_42, i32 %pad_img3_43, i32 %pad_img3_44, i32 %pad_img3_45, i32 %pad_img3_46, i32 %pad_img3_47, i32 %pad_img3_48, i32 %prediction, i32 %dense_weights_0, i32 %dense_weights_1, i32 %dense_weights_2, i32 %dense_weights_3, i32 %dense_weights_4, i32 %dense_weights_5, i32 %dense_weights_6, i32 %dense_weights_7, i32 %dense_weights_8, i32 %dense_weights_9, i32 %dense_biases" [CNN/src/cnn.cpp:96]   --->   Operation 67 'call' 'call_ln96' <Predicate = true> <Delay = 0.00> <CoreType = "Generic">   --->   Core 0 '' <Latency = 0> <II = 1> <Delay = 1.00> <Generic> <Opcode : >

State 8 <SV = 7> <Delay = 0.00>
ST_8 : Operation 68 [1/1] (0.00ns)   --->   "%spectopmodule_ln64 = spectopmodule void @_ssdm_op_SpecTopModule, void @empty" [CNN/src/cnn.cpp:64]   --->   Operation 68 'spectopmodule' 'spectopmodule_ln64' <Predicate = true> <Delay = 0.00>
ST_8 : Operation 69 [1/1] (0.00ns)   --->   "%specinterface_ln0 = specinterface void @_ssdm_op_SpecInterface, i32 %img_in, void @empty_3, i32 0, i32 0, void @empty_1, i32 4294967295, i32 0, void @empty_1, void @empty_1, void @empty_1, i32 0, i32 0, i32 0, i32 0, void @empty_1, void @empty_1, i32 4294967295, i32 0"   --->   Operation 69 'specinterface' 'specinterface_ln0' <Predicate = true> <Delay = 0.00>
ST_8 : Operation 70 [1/1] (0.00ns)   --->   "%specbitsmap_ln0 = specbitsmap void @_ssdm_op_SpecBitsMap, i32 %img_in"   --->   Operation 70 'specbitsmap' 'specbitsmap_ln0' <Predicate = true> <Delay = 0.00>
ST_8 : Operation 71 [1/1] (0.00ns)   --->   "%specinterface_ln0 = specinterface void @_ssdm_op_SpecInterface, i32 %prediction, void @empty_3, i32 0, i32 0, void @empty_1, i32 4294967295, i32 0, void @empty_1, void @empty_1, void @empty_1, i32 0, i32 0, i32 0, i32 0, void @empty_1, void @empty_1, i32 4294967295, i32 0"   --->   Operation 71 'specinterface' 'specinterface_ln0' <Predicate = true> <Delay = 0.00>
ST_8 : Operation 72 [1/1] (0.00ns)   --->   "%specbitsmap_ln0 = specbitsmap void @_ssdm_op_SpecBitsMap, i32 %prediction"   --->   Operation 72 'specbitsmap' 'specbitsmap_ln0' <Predicate = true> <Delay = 0.00>
ST_8 : Operation 73 [1/2] (0.00ns)   --->   "%call_ln96 = call void @dataflow_section, i32 %pad_img0, i32 %pad_img1, i32 %pad_img2, i32 %pad_img3, i32 %pad_img3_1, i32 %pad_img3_2, i32 %pad_img3_3, i32 %pad_img3_4, i32 %pad_img3_5, i32 %pad_img3_6, i32 %pad_img3_7, i32 %pad_img3_8, i32 %pad_img3_9, i32 %pad_img3_10, i32 %pad_img3_11, i32 %pad_img3_12, i32 %pad_img3_13, i32 %pad_img3_14, i32 %pad_img3_15, i32 %pad_img3_16, i32 %pad_img3_17, i32 %pad_img3_18, i32 %pad_img3_19, i32 %pad_img3_20, i32 %pad_img3_21, i32 %pad_img3_22, i32 %pad_img3_23, i32 %pad_img3_24, i32 %pad_img3_25, i32 %pad_img3_26, i32 %pad_img3_27, i32 %pad_img3_28, i32 %pad_img3_29, i32 %pad_img3_30, i32 %pad_img3_31, i32 %pad_img3_32, i32 %pad_img3_33, i32 %pad_img3_34, i32 %pad_img3_35, i32 %pad_img3_36, i32 %pad_img3_37, i32 %pad_img3_38, i32 %pad_img3_39, i32 %pad_img3_40, i32 %pad_img3_41, i32 %pad_img3_42, i32 %pad_img3_43, i32 %pad_img3_44, i32 %pad_img3_45, i32 %pad_img3_46, i32 %pad_img3_47, i32 %pad_img3_48, i32 %prediction, i32 %dense_weights_0, i32 %dense_weights_1, i32 %dense_weights_2, i32 %dense_weights_3, i32 %dense_weights_4, i32 %dense_weights_5, i32 %dense_weights_6, i32 %dense_weights_7, i32 %dense_weights_8, i32 %dense_weights_9, i32 %dense_biases" [CNN/src/cnn.cpp:96]   --->   Operation 73 'call' 'call_ln96' <Predicate = true> <Delay = 0.00> <CoreType = "Generic">   --->   Core 0 '' <Latency = 0> <II = 1> <Delay = 1.00> <Generic> <Opcode : >
ST_8 : Operation 74 [1/1] (0.00ns)   --->   "%ret_ln97 = ret" [CNN/src/cnn.cpp:97]   --->   Operation 74 'ret' 'ret_ln97' <Predicate = true> <Delay = 0.00>


============================================================
+ Verbose Summary: Binding
============================================================
STG Binding: 
---------------- STG Properties BEGIN ----------------
- Is combinational: 0
- Is one-state seq: 0
- Is datapath-only: 0
- Is pipelined: 0
- Is top level: 1
Port [ Return ] is wired: 1; IO mode=ap_ctrl_hs:ce=0
Port [ img_in]:  wired=1; compound=1; hidden=0; nouse=0; global=0; static=0; extern=0; dir=0; type=1; pingpong=0; private_global=0; MemPort=[13]; IO mode=ap_memory:ce=0
Port [ prediction]:  wired=1; compound=1; hidden=0; nouse=0; global=0; static=0; extern=0; dir=2; type=1; pingpong=0; private_global=0; MemPort=[01]; IO mode=ap_memory:ce=0
Port [ dense_weights_0]:  wired=0; compound=1; hidden=1; nouse=1; global=1; static=1; extern=0; dir=0; type=1; pingpong=0; private_global=0; MemPort=[1]; IO mode=ap_memory:ce=0
Port [ dense_weights_1]:  wired=0; compound=1; hidden=1; nouse=1; global=1; static=1; extern=0; dir=0; type=1; pingpong=0; private_global=0; MemPort=[1]; IO mode=ap_memory:ce=0
Port [ dense_weights_2]:  wired=0; compound=1; hidden=1; nouse=1; global=1; static=1; extern=0; dir=0; type=1; pingpong=0; private_global=0; MemPort=[1]; IO mode=ap_memory:ce=0
Port [ dense_weights_3]:  wired=0; compound=1; hidden=1; nouse=1; global=1; static=1; extern=0; dir=0; type=1; pingpong=0; private_global=0; MemPort=[1]; IO mode=ap_memory:ce=0
Port [ dense_weights_4]:  wired=0; compound=1; hidden=1; nouse=1; global=1; static=1; extern=0; dir=0; type=1; pingpong=0; private_global=0; MemPort=[1]; IO mode=ap_memory:ce=0
Port [ dense_weights_5]:  wired=0; compound=1; hidden=1; nouse=1; global=1; static=1; extern=0; dir=0; type=1; pingpong=0; private_global=0; MemPort=[1]; IO mode=ap_memory:ce=0
Port [ dense_weights_6]:  wired=0; compound=1; hidden=1; nouse=1; global=1; static=1; extern=0; dir=0; type=1; pingpong=0; private_global=0; MemPort=[1]; IO mode=ap_memory:ce=0
Port [ dense_weights_7]:  wired=0; compound=1; hidden=1; nouse=1; global=1; static=1; extern=0; dir=0; type=1; pingpong=0; private_global=0; MemPort=[1]; IO mode=ap_memory:ce=0
Port [ dense_weights_8]:  wired=0; compound=1; hidden=1; nouse=1; global=1; static=1; extern=0; dir=0; type=1; pingpong=0; private_global=0; MemPort=[1]; IO mode=ap_memory:ce=0
Port [ dense_weights_9]:  wired=0; compound=1; hidden=1; nouse=1; global=1; static=1; extern=0; dir=0; type=1; pingpong=0; private_global=0; MemPort=[1]; IO mode=ap_memory:ce=0
Port [ dense_biases]:  wired=0; compound=1; hidden=1; nouse=1; global=1; static=1; extern=0; dir=0; type=1; pingpong=0; private_global=0; MemPort=[1]; IO mode=ap_memory:ce=0
---------------- STG Properties END ------------------

---------------- Datapath Model BEGIN ----------------

<LifeTime>
<method=bitvector/>
pad_img0           (alloca       ) [ 001111111]
pad_img1           (alloca       ) [ 001111111]
pad_img2           (alloca       ) [ 001111111]
pad_img3           (alloca       ) [ 001111111]
pad_img3_1         (alloca       ) [ 001111111]
pad_img3_2         (alloca       ) [ 001111111]
pad_img3_3         (alloca       ) [ 001111111]
pad_img3_4         (alloca       ) [ 001111111]
pad_img3_5         (alloca       ) [ 001111111]
pad_img3_6         (alloca       ) [ 001111111]
pad_img3_7         (alloca       ) [ 001111111]
pad_img3_8         (alloca       ) [ 001111111]
pad_img3_9         (alloca       ) [ 001111111]
pad_img3_10        (alloca       ) [ 001111111]
pad_img3_11        (alloca       ) [ 001111111]
pad_img3_12        (alloca       ) [ 001111111]
pad_img3_13        (alloca       ) [ 001111111]
pad_img3_14        (alloca       ) [ 001111111]
pad_img3_15        (alloca       ) [ 001111111]
pad_img3_16        (alloca       ) [ 001111111]
pad_img3_17        (alloca       ) [ 001111111]
pad_img3_18        (alloca       ) [ 001111111]
pad_img3_19        (alloca       ) [ 001111111]
pad_img3_20        (alloca       ) [ 001111111]
pad_img3_21        (alloca       ) [ 001111111]
pad_img3_22        (alloca       ) [ 001111111]
pad_img3_23        (alloca       ) [ 001111111]
pad_img3_24        (alloca       ) [ 001111111]
pad_img3_25        (alloca       ) [ 001111111]
pad_img3_26        (alloca       ) [ 001111111]
pad_img3_27        (alloca       ) [ 001111111]
pad_img3_28        (alloca       ) [ 001111111]
pad_img3_29        (alloca       ) [ 001111111]
pad_img3_30        (alloca       ) [ 001111111]
pad_img3_31        (alloca       ) [ 001111111]
pad_img3_32        (alloca       ) [ 001111111]
pad_img3_33        (alloca       ) [ 001111111]
pad_img3_34        (alloca       ) [ 001111111]
pad_img3_35        (alloca       ) [ 001111111]
pad_img3_36        (alloca       ) [ 001111111]
pad_img3_37        (alloca       ) [ 001111111]
pad_img3_38        (alloca       ) [ 001111111]
pad_img3_39        (alloca       ) [ 001111111]
pad_img3_40        (alloca       ) [ 001111111]
pad_img3_41        (alloca       ) [ 001111111]
pad_img3_42        (alloca       ) [ 001111111]
pad_img3_43        (alloca       ) [ 001111111]
pad_img3_44        (alloca       ) [ 001111111]
pad_img3_45        (alloca       ) [ 001111111]
pad_img3_46        (alloca       ) [ 001111111]
pad_img3_47        (alloca       ) [ 001111111]
pad_img3_48        (alloca       ) [ 001111111]
call_ln0           (call         ) [ 000000000]
call_ln0           (call         ) [ 000000000]
call_ln0           (call         ) [ 000000000]
spectopmodule_ln64 (spectopmodule) [ 000000000]
specinterface_ln0  (specinterface) [ 000000000]
specbitsmap_ln0    (specbitsmap  ) [ 000000000]
specinterface_ln0  (specinterface) [ 000000000]
specbitsmap_ln0    (specbitsmap  ) [ 000000000]
call_ln96          (call         ) [ 000000000]
ret_ln97           (ret          ) [ 000000000]
</LifeTime>

<model>

<comp_list>
<comp id="0" class="1000" name="img_in">
<pin_list>
<pin id="1" dir="1" index="0" bw="1" slack="0"/>
</pin_list>
<bind>
<StgValue><ssdm name="img_in"/><MemPortTyVec>1 3 </MemPortTyVec>
</StgValue>
</bind>
</comp>

<comp id="2" class="1000" name="prediction">
<pin_list>
<pin id="3" dir="1" index="0" bw="1" slack="0"/>
</pin_list>
<bind>
<StgValue><ssdm name="prediction"/><MemPortTyVec>0 1 </MemPortTyVec>
</StgValue>
</bind>
</comp>

<comp id="4" class="1000" name="dense_weights_0">
<pin_list>
<pin id="5" dir="1" index="0" bw="1" slack="0"/>
</pin_list>
<bind>
<StgValue><ssdm name="dense_weights_0"/><MemPortTyVec>1 </MemPortTyVec>
</StgValue>
</bind>
</comp>

<comp id="6" class="1000" name="dense_weights_1">
<pin_list>
<pin id="7" dir="1" index="0" bw="1" slack="0"/>
</pin_list>
<bind>
<StgValue><ssdm name="dense_weights_1"/><MemPortTyVec>1 </MemPortTyVec>
</StgValue>
</bind>
</comp>

<comp id="8" class="1000" name="dense_weights_2">
<pin_list>
<pin id="9" dir="1" index="0" bw="1" slack="0"/>
</pin_list>
<bind>
<StgValue><ssdm name="dense_weights_2"/><MemPortTyVec>1 </MemPortTyVec>
</StgValue>
</bind>
</comp>

<comp id="10" class="1000" name="dense_weights_3">
<pin_list>
<pin id="11" dir="1" index="0" bw="1" slack="0"/>
</pin_list>
<bind>
<StgValue><ssdm name="dense_weights_3"/><MemPortTyVec>1 </MemPortTyVec>
</StgValue>
</bind>
</comp>

<comp id="12" class="1000" name="dense_weights_4">
<pin_list>
<pin id="13" dir="1" index="0" bw="1" slack="0"/>
</pin_list>
<bind>
<StgValue><ssdm name="dense_weights_4"/><MemPortTyVec>1 </MemPortTyVec>
</StgValue>
</bind>
</comp>

<comp id="14" class="1000" name="dense_weights_5">
<pin_list>
<pin id="15" dir="1" index="0" bw="1" slack="0"/>
</pin_list>
<bind>
<StgValue><ssdm name="dense_weights_5"/><MemPortTyVec>1 </MemPortTyVec>
</StgValue>
</bind>
</comp>

<comp id="16" class="1000" name="dense_weights_6">
<pin_list>
<pin id="17" dir="1" index="0" bw="1" slack="0"/>
</pin_list>
<bind>
<StgValue><ssdm name="dense_weights_6"/><MemPortTyVec>1 </MemPortTyVec>
</StgValue>
</bind>
</comp>

<comp id="18" class="1000" name="dense_weights_7">
<pin_list>
<pin id="19" dir="1" index="0" bw="1" slack="0"/>
</pin_list>
<bind>
<StgValue><ssdm name="dense_weights_7"/><MemPortTyVec>1 </MemPortTyVec>
</StgValue>
</bind>
</comp>

<comp id="20" class="1000" name="dense_weights_8">
<pin_list>
<pin id="21" dir="1" index="0" bw="1" slack="0"/>
</pin_list>
<bind>
<StgValue><ssdm name="dense_weights_8"/><MemPortTyVec>1 </MemPortTyVec>
</StgValue>
</bind>
</comp>

<comp id="22" class="1000" name="dense_weights_9">
<pin_list>
<pin id="23" dir="1" index="0" bw="1" slack="0"/>
</pin_list>
<bind>
<StgValue><ssdm name="dense_weights_9"/><MemPortTyVec>1 </MemPortTyVec>
</StgValue>
</bind>
</comp>

<comp id="24" class="1000" name="dense_biases">
<pin_list>
<pin id="25" dir="1" index="0" bw="1" slack="0"/>
</pin_list>
<bind>
<StgValue><ssdm name="dense_biases"/><MemPortTyVec>1 </MemPortTyVec>
</StgValue>
</bind>
</comp>

<comp id="26" class="1001" name="const_26">
<pin_list>
<pin id="27" dir="1" index="0" bw="1" slack="0"/>
</pin_list>
<bind>
<StgValue><ssdm name=""/></StgValue>
</bind>
</comp>

<comp id="28" class="1001" name="const_28">
<pin_list>
<pin id="29" dir="1" index="0" bw="1" slack="0"/>
</pin_list>
<bind>
<StgValue><ssdm name="cnn_Pipeline_1"/></StgValue>
</bind>
</comp>

<comp id="30" class="1001" name="const_30">
<pin_list>
<pin id="31" dir="1" index="0" bw="1" slack="0"/>
</pin_list>
<bind>
<StgValue><ssdm name="cnn_Pipeline_pad_for_rows_pad_for_cols"/></StgValue>
</bind>
</comp>

<comp id="32" class="1001" name="const_32">
<pin_list>
<pin id="33" dir="1" index="0" bw="1" slack="0"/>
</pin_list>
<bind>
<StgValue><ssdm name="cnn_Pipeline_clone_for_rows_clone_for_cols"/></StgValue>
</bind>
</comp>

<comp id="34" class="1001" name="const_34">
<pin_list>
<pin id="35" dir="1" index="0" bw="1" slack="0"/>
</pin_list>
<bind>
<StgValue><ssdm name="dataflow_section"/></StgValue>
</bind>
</comp>

<comp id="36" class="1001" name="const_36">
<pin_list>
<pin id="37" dir="1" index="0" bw="1" slack="2147483647"/>
</pin_list>
<bind>
<StgValue><ssdm name="_ssdm_op_SpecTopModule"/></StgValue>
</bind>
</comp>

<comp id="38" class="1001" name="const_38">
<pin_list>
<pin id="39" dir="1" index="0" bw="1" slack="2147483647"/>
</pin_list>
<bind>
<StgValue><ssdm name="empty"/></StgValue>
</bind>
</comp>

<comp id="40" class="1001" name="const_40">
<pin_list>
<pin id="41" dir="1" index="0" bw="1" slack="2147483647"/>
</pin_list>
<bind>
<StgValue><ssdm name="_ssdm_op_SpecInterface"/></StgValue>
</bind>
</comp>

<comp id="42" class="1001" name="const_42">
<pin_list>
<pin id="43" dir="1" index="0" bw="1" slack="2147483647"/>
</pin_list>
<bind>
<StgValue><ssdm name="empty_3"/></StgValue>
</bind>
</comp>

<comp id="44" class="1001" name="const_44">
<pin_list>
<pin id="45" dir="1" index="0" bw="1" slack="2147483647"/>
</pin_list>
<bind>
<StgValue><ssdm name=""/></StgValue>
</bind>
</comp>

<comp id="46" class="1001" name="const_46">
<pin_list>
<pin id="47" dir="1" index="0" bw="1" slack="2147483647"/>
</pin_list>
<bind>
<StgValue><ssdm name="empty_1"/></StgValue>
</bind>
</comp>

<comp id="48" class="1001" name="const_48">
<pin_list>
<pin id="49" dir="1" index="0" bw="1" slack="2147483647"/>
</pin_list>
<bind>
<StgValue><ssdm name=""/></StgValue>
</bind>
</comp>

<comp id="50" class="1001" name="const_50">
<pin_list>
<pin id="51" dir="1" index="0" bw="1" slack="2147483647"/>
</pin_list>
<bind>
<StgValue><ssdm name="_ssdm_op_SpecBitsMap"/></StgValue>
</bind>
</comp>

<comp id="52" class="1004" name="pad_img0_alloca_fu_52">
<pin_list>
<pin id="53" dir="0" index="0" bw="1" slack="0"/>
<pin id="54" dir="1" index="1" bw="32" slack="0"/>
</pin_list>
<bind>
<opcode="alloca(26) " fcode="alloca"/>
<opset="pad_img0/1 "/>
</bind>
</comp>

<comp id="56" class="1004" name="pad_img1_alloca_fu_56">
<pin_list>
<pin id="57" dir="0" index="0" bw="1" slack="0"/>
<pin id="58" dir="1" index="1" bw="32" slack="2147483647"/>
</pin_list>
<bind>
<opcode="alloca(26) " fcode="alloca"/>
<opset="pad_img1/1 "/>
</bind>
</comp>

<comp id="60" class="1004" name="pad_img2_alloca_fu_60">
<pin_list>
<pin id="61" dir="0" index="0" bw="1" slack="0"/>
<pin id="62" dir="1" index="1" bw="32" slack="2147483647"/>
</pin_list>
<bind>
<opcode="alloca(26) " fcode="alloca"/>
<opset="pad_img2/1 "/>
</bind>
</comp>

<comp id="64" class="1004" name="pad_img3_alloca_fu_64">
<pin_list>
<pin id="65" dir="0" index="0" bw="1" slack="0"/>
<pin id="66" dir="1" index="1" bw="32" slack="2147483647"/>
</pin_list>
<bind>
<opcode="alloca(26) " fcode="alloca"/>
<opset="pad_img3/1 "/>
</bind>
</comp>

<comp id="68" class="1004" name="pad_img3_1_alloca_fu_68">
<pin_list>
<pin id="69" dir="0" index="0" bw="1" slack="0"/>
<pin id="70" dir="1" index="1" bw="32" slack="2147483647"/>
</pin_list>
<bind>
<opcode="alloca(26) " fcode="alloca"/>
<opset="pad_img3_1/1 "/>
</bind>
</comp>

<comp id="72" class="1004" name="pad_img3_2_alloca_fu_72">
<pin_list>
<pin id="73" dir="0" index="0" bw="1" slack="0"/>
<pin id="74" dir="1" index="1" bw="32" slack="2147483647"/>
</pin_list>
<bind>
<opcode="alloca(26) " fcode="alloca"/>
<opset="pad_img3_2/1 "/>
</bind>
</comp>

<comp id="76" class="1004" name="pad_img3_3_alloca_fu_76">
<pin_list>
<pin id="77" dir="0" index="0" bw="1" slack="0"/>
<pin id="78" dir="1" index="1" bw="32" slack="2147483647"/>
</pin_list>
<bind>
<opcode="alloca(26) " fcode="alloca"/>
<opset="pad_img3_3/1 "/>
</bind>
</comp>

<comp id="80" class="1004" name="pad_img3_4_alloca_fu_80">
<pin_list>
<pin id="81" dir="0" index="0" bw="1" slack="0"/>
<pin id="82" dir="1" index="1" bw="32" slack="2147483647"/>
</pin_list>
<bind>
<opcode="alloca(26) " fcode="alloca"/>
<opset="pad_img3_4/1 "/>
</bind>
</comp>

<comp id="84" class="1004" name="pad_img3_5_alloca_fu_84">
<pin_list>
<pin id="85" dir="0" index="0" bw="1" slack="0"/>
<pin id="86" dir="1" index="1" bw="32" slack="2147483647"/>
</pin_list>
<bind>
<opcode="alloca(26) " fcode="alloca"/>
<opset="pad_img3_5/1 "/>
</bind>
</comp>

<comp id="88" class="1004" name="pad_img3_6_alloca_fu_88">
<pin_list>
<pin id="89" dir="0" index="0" bw="1" slack="0"/>
<pin id="90" dir="1" index="1" bw="32" slack="2147483647"/>
</pin_list>
<bind>
<opcode="alloca(26) " fcode="alloca"/>
<opset="pad_img3_6/1 "/>
</bind>
</comp>

<comp id="92" class="1004" name="pad_img3_7_alloca_fu_92">
<pin_list>
<pin id="93" dir="0" index="0" bw="1" slack="0"/>
<pin id="94" dir="1" index="1" bw="32" slack="2147483647"/>
</pin_list>
<bind>
<opcode="alloca(26) " fcode="alloca"/>
<opset="pad_img3_7/1 "/>
</bind>
</comp>

<comp id="96" class="1004" name="pad_img3_8_alloca_fu_96">
<pin_list>
<pin id="97" dir="0" index="0" bw="1" slack="0"/>
<pin id="98" dir="1" index="1" bw="32" slack="2147483647"/>
</pin_list>
<bind>
<opcode="alloca(26) " fcode="alloca"/>
<opset="pad_img3_8/1 "/>
</bind>
</comp>

<comp id="100" class="1004" name="pad_img3_9_alloca_fu_100">
<pin_list>
<pin id="101" dir="0" index="0" bw="1" slack="0"/>
<pin id="102" dir="1" index="1" bw="32" slack="2147483647"/>
</pin_list>
<bind>
<opcode="alloca(26) " fcode="alloca"/>
<opset="pad_img3_9/1 "/>
</bind>
</comp>

<comp id="104" class="1004" name="pad_img3_10_alloca_fu_104">
<pin_list>
<pin id="105" dir="0" index="0" bw="1" slack="0"/>
<pin id="106" dir="1" index="1" bw="32" slack="2147483647"/>
</pin_list>
<bind>
<opcode="alloca(26) " fcode="alloca"/>
<opset="pad_img3_10/1 "/>
</bind>
</comp>

<comp id="108" class="1004" name="pad_img3_11_alloca_fu_108">
<pin_list>
<pin id="109" dir="0" index="0" bw="1" slack="0"/>
<pin id="110" dir="1" index="1" bw="32" slack="2147483647"/>
</pin_list>
<bind>
<opcode="alloca(26) " fcode="alloca"/>
<opset="pad_img3_11/1 "/>
</bind>
</comp>

<comp id="112" class="1004" name="pad_img3_12_alloca_fu_112">
<pin_list>
<pin id="113" dir="0" index="0" bw="1" slack="0"/>
<pin id="114" dir="1" index="1" bw="32" slack="2147483647"/>
</pin_list>
<bind>
<opcode="alloca(26) " fcode="alloca"/>
<opset="pad_img3_12/1 "/>
</bind>
</comp>

<comp id="116" class="1004" name="pad_img3_13_alloca_fu_116">
<pin_list>
<pin id="117" dir="0" index="0" bw="1" slack="0"/>
<pin id="118" dir="1" index="1" bw="32" slack="2147483647"/>
</pin_list>
<bind>
<opcode="alloca(26) " fcode="alloca"/>
<opset="pad_img3_13/1 "/>
</bind>
</comp>

<comp id="120" class="1004" name="pad_img3_14_alloca_fu_120">
<pin_list>
<pin id="121" dir="0" index="0" bw="1" slack="0"/>
<pin id="122" dir="1" index="1" bw="32" slack="2147483647"/>
</pin_list>
<bind>
<opcode="alloca(26) " fcode="alloca"/>
<opset="pad_img3_14/1 "/>
</bind>
</comp>

<comp id="124" class="1004" name="pad_img3_15_alloca_fu_124">
<pin_list>
<pin id="125" dir="0" index="0" bw="1" slack="0"/>
<pin id="126" dir="1" index="1" bw="32" slack="2147483647"/>
</pin_list>
<bind>
<opcode="alloca(26) " fcode="alloca"/>
<opset="pad_img3_15/1 "/>
</bind>
</comp>

<comp id="128" class="1004" name="pad_img3_16_alloca_fu_128">
<pin_list>
<pin id="129" dir="0" index="0" bw="1" slack="0"/>
<pin id="130" dir="1" index="1" bw="32" slack="2147483647"/>
</pin_list>
<bind>
<opcode="alloca(26) " fcode="alloca"/>
<opset="pad_img3_16/1 "/>
</bind>
</comp>

<comp id="132" class="1004" name="pad_img3_17_alloca_fu_132">
<pin_list>
<pin id="133" dir="0" index="0" bw="1" slack="0"/>
<pin id="134" dir="1" index="1" bw="32" slack="2147483647"/>
</pin_list>
<bind>
<opcode="alloca(26) " fcode="alloca"/>
<opset="pad_img3_17/1 "/>
</bind>
</comp>

<comp id="136" class="1004" name="pad_img3_18_alloca_fu_136">
<pin_list>
<pin id="137" dir="0" index="0" bw="1" slack="0"/>
<pin id="138" dir="1" index="1" bw="32" slack="2147483647"/>
</pin_list>
<bind>
<opcode="alloca(26) " fcode="alloca"/>
<opset="pad_img3_18/1 "/>
</bind>
</comp>

<comp id="140" class="1004" name="pad_img3_19_alloca_fu_140">
<pin_list>
<pin id="141" dir="0" index="0" bw="1" slack="0"/>
<pin id="142" dir="1" index="1" bw="32" slack="2147483647"/>
</pin_list>
<bind>
<opcode="alloca(26) " fcode="alloca"/>
<opset="pad_img3_19/1 "/>
</bind>
</comp>

<comp id="144" class="1004" name="pad_img3_20_alloca_fu_144">
<pin_list>
<pin id="145" dir="0" index="0" bw="1" slack="0"/>
<pin id="146" dir="1" index="1" bw="32" slack="2147483647"/>
</pin_list>
<bind>
<opcode="alloca(26) " fcode="alloca"/>
<opset="pad_img3_20/1 "/>
</bind>
</comp>

<comp id="148" class="1004" name="pad_img3_21_alloca_fu_148">
<pin_list>
<pin id="149" dir="0" index="0" bw="1" slack="0"/>
<pin id="150" dir="1" index="1" bw="32" slack="2147483647"/>
</pin_list>
<bind>
<opcode="alloca(26) " fcode="alloca"/>
<opset="pad_img3_21/1 "/>
</bind>
</comp>

<comp id="152" class="1004" name="pad_img3_22_alloca_fu_152">
<pin_list>
<pin id="153" dir="0" index="0" bw="1" slack="0"/>
<pin id="154" dir="1" index="1" bw="32" slack="2147483647"/>
</pin_list>
<bind>
<opcode="alloca(26) " fcode="alloca"/>
<opset="pad_img3_22/1 "/>
</bind>
</comp>

<comp id="156" class="1004" name="pad_img3_23_alloca_fu_156">
<pin_list>
<pin id="157" dir="0" index="0" bw="1" slack="0"/>
<pin id="158" dir="1" index="1" bw="32" slack="2147483647"/>
</pin_list>
<bind>
<opcode="alloca(26) " fcode="alloca"/>
<opset="pad_img3_23/1 "/>
</bind>
</comp>

<comp id="160" class="1004" name="pad_img3_24_alloca_fu_160">
<pin_list>
<pin id="161" dir="0" index="0" bw="1" slack="0"/>
<pin id="162" dir="1" index="1" bw="32" slack="2147483647"/>
</pin_list>
<bind>
<opcode="alloca(26) " fcode="alloca"/>
<opset="pad_img3_24/1 "/>
</bind>
</comp>

<comp id="164" class="1004" name="pad_img3_25_alloca_fu_164">
<pin_list>
<pin id="165" dir="0" index="0" bw="1" slack="0"/>
<pin id="166" dir="1" index="1" bw="32" slack="2147483647"/>
</pin_list>
<bind>
<opcode="alloca(26) " fcode="alloca"/>
<opset="pad_img3_25/1 "/>
</bind>
</comp>

<comp id="168" class="1004" name="pad_img3_26_alloca_fu_168">
<pin_list>
<pin id="169" dir="0" index="0" bw="1" slack="0"/>
<pin id="170" dir="1" index="1" bw="32" slack="2147483647"/>
</pin_list>
<bind>
<opcode="alloca(26) " fcode="alloca"/>
<opset="pad_img3_26/1 "/>
</bind>
</comp>

<comp id="172" class="1004" name="pad_img3_27_alloca_fu_172">
<pin_list>
<pin id="173" dir="0" index="0" bw="1" slack="0"/>
<pin id="174" dir="1" index="1" bw="32" slack="2147483647"/>
</pin_list>
<bind>
<opcode="alloca(26) " fcode="alloca"/>
<opset="pad_img3_27/1 "/>
</bind>
</comp>

<comp id="176" class="1004" name="pad_img3_28_alloca_fu_176">
<pin_list>
<pin id="177" dir="0" index="0" bw="1" slack="0"/>
<pin id="178" dir="1" index="1" bw="32" slack="2147483647"/>
</pin_list>
<bind>
<opcode="alloca(26) " fcode="alloca"/>
<opset="pad_img3_28/1 "/>
</bind>
</comp>

<comp id="180" class="1004" name="pad_img3_29_alloca_fu_180">
<pin_list>
<pin id="181" dir="0" index="0" bw="1" slack="0"/>
<pin id="182" dir="1" index="1" bw="32" slack="2147483647"/>
</pin_list>
<bind>
<opcode="alloca(26) " fcode="alloca"/>
<opset="pad_img3_29/1 "/>
</bind>
</comp>

<comp id="184" class="1004" name="pad_img3_30_alloca_fu_184">
<pin_list>
<pin id="185" dir="0" index="0" bw="1" slack="0"/>
<pin id="186" dir="1" index="1" bw="32" slack="2147483647"/>
</pin_list>
<bind>
<opcode="alloca(26) " fcode="alloca"/>
<opset="pad_img3_30/1 "/>
</bind>
</comp>

<comp id="188" class="1004" name="pad_img3_31_alloca_fu_188">
<pin_list>
<pin id="189" dir="0" index="0" bw="1" slack="0"/>
<pin id="190" dir="1" index="1" bw="32" slack="2147483647"/>
</pin_list>
<bind>
<opcode="alloca(26) " fcode="alloca"/>
<opset="pad_img3_31/1 "/>
</bind>
</comp>

<comp id="192" class="1004" name="pad_img3_32_alloca_fu_192">
<pin_list>
<pin id="193" dir="0" index="0" bw="1" slack="0"/>
<pin id="194" dir="1" index="1" bw="32" slack="2147483647"/>
</pin_list>
<bind>
<opcode="alloca(26) " fcode="alloca"/>
<opset="pad_img3_32/1 "/>
</bind>
</comp>

<comp id="196" class="1004" name="pad_img3_33_alloca_fu_196">
<pin_list>
<pin id="197" dir="0" index="0" bw="1" slack="0"/>
<pin id="198" dir="1" index="1" bw="32" slack="2147483647"/>
</pin_list>
<bind>
<opcode="alloca(26) " fcode="alloca"/>
<opset="pad_img3_33/1 "/>
</bind>
</comp>

<comp id="200" class="1004" name="pad_img3_34_alloca_fu_200">
<pin_list>
<pin id="201" dir="0" index="0" bw="1" slack="0"/>
<pin id="202" dir="1" index="1" bw="32" slack="2147483647"/>
</pin_list>
<bind>
<opcode="alloca(26) " fcode="alloca"/>
<opset="pad_img3_34/1 "/>
</bind>
</comp>

<comp id="204" class="1004" name="pad_img3_35_alloca_fu_204">
<pin_list>
<pin id="205" dir="0" index="0" bw="1" slack="0"/>
<pin id="206" dir="1" index="1" bw="32" slack="2147483647"/>
</pin_list>
<bind>
<opcode="alloca(26) " fcode="alloca"/>
<opset="pad_img3_35/1 "/>
</bind>
</comp>

<comp id="208" class="1004" name="pad_img3_36_alloca_fu_208">
<pin_list>
<pin id="209" dir="0" index="0" bw="1" slack="0"/>
<pin id="210" dir="1" index="1" bw="32" slack="2147483647"/>
</pin_list>
<bind>
<opcode="alloca(26) " fcode="alloca"/>
<opset="pad_img3_36/1 "/>
</bind>
</comp>

<comp id="212" class="1004" name="pad_img3_37_alloca_fu_212">
<pin_list>
<pin id="213" dir="0" index="0" bw="1" slack="0"/>
<pin id="214" dir="1" index="1" bw="32" slack="2147483647"/>
</pin_list>
<bind>
<opcode="alloca(26) " fcode="alloca"/>
<opset="pad_img3_37/1 "/>
</bind>
</comp>

<comp id="216" class="1004" name="pad_img3_38_alloca_fu_216">
<pin_list>
<pin id="217" dir="0" index="0" bw="1" slack="0"/>
<pin id="218" dir="1" index="1" bw="32" slack="2147483647"/>
</pin_list>
<bind>
<opcode="alloca(26) " fcode="alloca"/>
<opset="pad_img3_38/1 "/>
</bind>
</comp>

<comp id="220" class="1004" name="pad_img3_39_alloca_fu_220">
<pin_list>
<pin id="221" dir="0" index="0" bw="1" slack="0"/>
<pin id="222" dir="1" index="1" bw="32" slack="2147483647"/>
</pin_list>
<bind>
<opcode="alloca(26) " fcode="alloca"/>
<opset="pad_img3_39/1 "/>
</bind>
</comp>

<comp id="224" class="1004" name="pad_img3_40_alloca_fu_224">
<pin_list>
<pin id="225" dir="0" index="0" bw="1" slack="0"/>
<pin id="226" dir="1" index="1" bw="32" slack="2147483647"/>
</pin_list>
<bind>
<opcode="alloca(26) " fcode="alloca"/>
<opset="pad_img3_40/1 "/>
</bind>
</comp>

<comp id="228" class="1004" name="pad_img3_41_alloca_fu_228">
<pin_list>
<pin id="229" dir="0" index="0" bw="1" slack="0"/>
<pin id="230" dir="1" index="1" bw="32" slack="2147483647"/>
</pin_list>
<bind>
<opcode="alloca(26) " fcode="alloca"/>
<opset="pad_img3_41/1 "/>
</bind>
</comp>

<comp id="232" class="1004" name="pad_img3_42_alloca_fu_232">
<pin_list>
<pin id="233" dir="0" index="0" bw="1" slack="0"/>
<pin id="234" dir="1" index="1" bw="32" slack="2147483647"/>
</pin_list>
<bind>
<opcode="alloca(26) " fcode="alloca"/>
<opset="pad_img3_42/1 "/>
</bind>
</comp>

<comp id="236" class="1004" name="pad_img3_43_alloca_fu_236">
<pin_list>
<pin id="237" dir="0" index="0" bw="1" slack="0"/>
<pin id="238" dir="1" index="1" bw="32" slack="2147483647"/>
</pin_list>
<bind>
<opcode="alloca(26) " fcode="alloca"/>
<opset="pad_img3_43/1 "/>
</bind>
</comp>

<comp id="240" class="1004" name="pad_img3_44_alloca_fu_240">
<pin_list>
<pin id="241" dir="0" index="0" bw="1" slack="0"/>
<pin id="242" dir="1" index="1" bw="32" slack="2147483647"/>
</pin_list>
<bind>
<opcode="alloca(26) " fcode="alloca"/>
<opset="pad_img3_44/1 "/>
</bind>
</comp>

<comp id="244" class="1004" name="pad_img3_45_alloca_fu_244">
<pin_list>
<pin id="245" dir="0" index="0" bw="1" slack="0"/>
<pin id="246" dir="1" index="1" bw="32" slack="2147483647"/>
</pin_list>
<bind>
<opcode="alloca(26) " fcode="alloca"/>
<opset="pad_img3_45/1 "/>
</bind>
</comp>

<comp id="248" class="1004" name="pad_img3_46_alloca_fu_248">
<pin_list>
<pin id="249" dir="0" index="0" bw="1" slack="0"/>
<pin id="250" dir="1" index="1" bw="32" slack="2147483647"/>
</pin_list>
<bind>
<opcode="alloca(26) " fcode="alloca"/>
<opset="pad_img3_46/1 "/>
</bind>
</comp>

<comp id="252" class="1004" name="pad_img3_47_alloca_fu_252">
<pin_list>
<pin id="253" dir="0" index="0" bw="1" slack="0"/>
<pin id="254" dir="1" index="1" bw="32" slack="2147483647"/>
</pin_list>
<bind>
<opcode="alloca(26) " fcode="alloca"/>
<opset="pad_img3_47/1 "/>
</bind>
</comp>

<comp id="256" class="1004" name="pad_img3_48_alloca_fu_256">
<pin_list>
<pin id="257" dir="0" index="0" bw="1" slack="0"/>
<pin id="258" dir="1" index="1" bw="32" slack="2147483647"/>
</pin_list>
<bind>
<opcode="alloca(26) " fcode="alloca"/>
<opset="pad_img3_48/1 "/>
</bind>
</comp>

<comp id="260" class="1004" name="grp_cnn_Pipeline_1_fu_260">
<pin_list>
<pin id="261" dir="0" index="0" bw="0" slack="0"/>
<pin id="262" dir="0" index="1" bw="32" slack="0"/>
<pin id="263" dir="1" index="2" bw="0" slack="2147483647"/>
</pin_list>
<bind>
<opcode="call(48) " fcode="call"/>
<opset="call_ln0/1 "/>
</bind>
</comp>

<comp id="266" class="1004" name="grp_cnn_Pipeline_pad_for_rows_pad_for_cols_fu_266">
<pin_list>
<pin id="267" dir="0" index="0" bw="0" slack="0"/>
<pin id="268" dir="0" index="1" bw="32" slack="0"/>
<pin id="269" dir="0" index="2" bw="32" slack="2147483647"/>
<pin id="270" dir="1" index="3" bw="0" slack="2147483647"/>
</pin_list>
<bind>
<opcode="call(48) " fcode="call"/>
<opset="call_ln0/3 "/>
</bind>
</comp>

<comp id="273" class="1004" name="grp_cnn_Pipeline_clone_for_rows_clone_for_cols_fu_273">
<pin_list>
<pin id="274" dir="0" index="0" bw="0" slack="0"/>
<pin id="275" dir="0" index="1" bw="32" slack="2147483647"/>
<pin id="276" dir="0" index="2" bw="32" slack="2147483647"/>
<pin id="277" dir="0" index="3" bw="32" slack="2147483647"/>
<pin id="278" dir="0" index="4" bw="32" slack="2147483647"/>
<pin id="279" dir="0" index="5" bw="32" slack="2147483647"/>
<pin id="280" dir="0" index="6" bw="32" slack="2147483647"/>
<pin id="281" dir="0" index="7" bw="32" slack="2147483647"/>
<pin id="282" dir="0" index="8" bw="32" slack="2147483647"/>
<pin id="283" dir="0" index="9" bw="32" slack="2147483647"/>
<pin id="284" dir="0" index="10" bw="32" slack="2147483647"/>
<pin id="285" dir="0" index="11" bw="32" slack="2147483647"/>
<pin id="286" dir="0" index="12" bw="32" slack="2147483647"/>
<pin id="287" dir="0" index="13" bw="32" slack="2147483647"/>
<pin id="288" dir="0" index="14" bw="32" slack="2147483647"/>
<pin id="289" dir="0" index="15" bw="32" slack="2147483647"/>
<pin id="290" dir="0" index="16" bw="32" slack="2147483647"/>
<pin id="291" dir="0" index="17" bw="32" slack="2147483647"/>
<pin id="292" dir="0" index="18" bw="32" slack="2147483647"/>
<pin id="293" dir="0" index="19" bw="32" slack="2147483647"/>
<pin id="294" dir="0" index="20" bw="32" slack="2147483647"/>
<pin id="295" dir="0" index="21" bw="32" slack="2147483647"/>
<pin id="296" dir="0" index="22" bw="32" slack="2147483647"/>
<pin id="297" dir="0" index="23" bw="32" slack="2147483647"/>
<pin id="298" dir="0" index="24" bw="32" slack="2147483647"/>
<pin id="299" dir="0" index="25" bw="32" slack="2147483647"/>
<pin id="300" dir="0" index="26" bw="32" slack="2147483647"/>
<pin id="301" dir="0" index="27" bw="32" slack="2147483647"/>
<pin id="302" dir="0" index="28" bw="32" slack="2147483647"/>
<pin id="303" dir="0" index="29" bw="32" slack="2147483647"/>
<pin id="304" dir="0" index="30" bw="32" slack="2147483647"/>
<pin id="305" dir="0" index="31" bw="32" slack="2147483647"/>
<pin id="306" dir="0" index="32" bw="32" slack="2147483647"/>
<pin id="307" dir="0" index="33" bw="32" slack="2147483647"/>
<pin id="308" dir="0" index="34" bw="32" slack="2147483647"/>
<pin id="309" dir="0" index="35" bw="32" slack="2147483647"/>
<pin id="310" dir="0" index="36" bw="32" slack="2147483647"/>
<pin id="311" dir="0" index="37" bw="32" slack="2147483647"/>
<pin id="312" dir="0" index="38" bw="32" slack="2147483647"/>
<pin id="313" dir="0" index="39" bw="32" slack="2147483647"/>
<pin id="314" dir="0" index="40" bw="32" slack="2147483647"/>
<pin id="315" dir="0" index="41" bw="32" slack="2147483647"/>
<pin id="316" dir="0" index="42" bw="32" slack="2147483647"/>
<pin id="317" dir="0" index="43" bw="32" slack="2147483647"/>
<pin id="318" dir="0" index="44" bw="32" slack="2147483647"/>
<pin id="319" dir="0" index="45" bw="32" slack="2147483647"/>
<pin id="320" dir="0" index="46" bw="32" slack="2147483647"/>
<pin id="321" dir="0" index="47" bw="32" slack="2147483647"/>
<pin id="322" dir="0" index="48" bw="32" slack="2147483647"/>
<pin id="323" dir="0" index="49" bw="32" slack="2147483647"/>
<pin id="324" dir="0" index="50" bw="32" slack="2147483647"/>
<pin id="325" dir="0" index="51" bw="32" slack="2147483647"/>
<pin id="326" dir="0" index="52" bw="32" slack="2147483647"/>
<pin id="327" dir="1" index="53" bw="0" slack="2147483647"/>
</pin_list>
<bind>
<opcode="call(48) " fcode="call"/>
<opset="call_ln0/5 "/>
</bind>
</comp>

<comp id="329" class="1004" name="grp_dataflow_section_fu_329">
<pin_list>
<pin id="330" dir="0" index="0" bw="0" slack="0"/>
<pin id="331" dir="0" index="1" bw="32" slack="2147483647"/>
<pin id="332" dir="0" index="2" bw="32" slack="2147483647"/>
<pin id="333" dir="0" index="3" bw="32" slack="2147483647"/>
<pin id="334" dir="0" index="4" bw="32" slack="2147483647"/>
<pin id="335" dir="0" index="5" bw="32" slack="2147483647"/>
<pin id="336" dir="0" index="6" bw="32" slack="2147483647"/>
<pin id="337" dir="0" index="7" bw="32" slack="2147483647"/>
<pin id="338" dir="0" index="8" bw="32" slack="2147483647"/>
<pin id="339" dir="0" index="9" bw="32" slack="2147483647"/>
<pin id="340" dir="0" index="10" bw="32" slack="2147483647"/>
<pin id="341" dir="0" index="11" bw="32" slack="2147483647"/>
<pin id="342" dir="0" index="12" bw="32" slack="2147483647"/>
<pin id="343" dir="0" index="13" bw="32" slack="2147483647"/>
<pin id="344" dir="0" index="14" bw="32" slack="2147483647"/>
<pin id="345" dir="0" index="15" bw="32" slack="2147483647"/>
<pin id="346" dir="0" index="16" bw="32" slack="2147483647"/>
<pin id="347" dir="0" index="17" bw="32" slack="2147483647"/>
<pin id="348" dir="0" index="18" bw="32" slack="2147483647"/>
<pin id="349" dir="0" index="19" bw="32" slack="2147483647"/>
<pin id="350" dir="0" index="20" bw="32" slack="2147483647"/>
<pin id="351" dir="0" index="21" bw="32" slack="2147483647"/>
<pin id="352" dir="0" index="22" bw="32" slack="2147483647"/>
<pin id="353" dir="0" index="23" bw="32" slack="2147483647"/>
<pin id="354" dir="0" index="24" bw="32" slack="2147483647"/>
<pin id="355" dir="0" index="25" bw="32" slack="2147483647"/>
<pin id="356" dir="0" index="26" bw="32" slack="2147483647"/>
<pin id="357" dir="0" index="27" bw="32" slack="2147483647"/>
<pin id="358" dir="0" index="28" bw="32" slack="2147483647"/>
<pin id="359" dir="0" index="29" bw="32" slack="2147483647"/>
<pin id="360" dir="0" index="30" bw="32" slack="2147483647"/>
<pin id="361" dir="0" index="31" bw="32" slack="2147483647"/>
<pin id="362" dir="0" index="32" bw="32" slack="2147483647"/>
<pin id="363" dir="0" index="33" bw="32" slack="2147483647"/>
<pin id="364" dir="0" index="34" bw="32" slack="2147483647"/>
<pin id="365" dir="0" index="35" bw="32" slack="2147483647"/>
<pin id="366" dir="0" index="36" bw="32" slack="2147483647"/>
<pin id="367" dir="0" index="37" bw="32" slack="2147483647"/>
<pin id="368" dir="0" index="38" bw="32" slack="2147483647"/>
<pin id="369" dir="0" index="39" bw="32" slack="2147483647"/>
<pin id="370" dir="0" index="40" bw="32" slack="2147483647"/>
<pin id="371" dir="0" index="41" bw="32" slack="2147483647"/>
<pin id="372" dir="0" index="42" bw="32" slack="2147483647"/>
<pin id="373" dir="0" index="43" bw="32" slack="2147483647"/>
<pin id="374" dir="0" index="44" bw="32" slack="2147483647"/>
<pin id="375" dir="0" index="45" bw="32" slack="2147483647"/>
<pin id="376" dir="0" index="46" bw="32" slack="2147483647"/>
<pin id="377" dir="0" index="47" bw="32" slack="2147483647"/>
<pin id="378" dir="0" index="48" bw="32" slack="2147483647"/>
<pin id="379" dir="0" index="49" bw="32" slack="2147483647"/>
<pin id="380" dir="0" index="50" bw="32" slack="2147483647"/>
<pin id="381" dir="0" index="51" bw="32" slack="2147483647"/>
<pin id="382" dir="0" index="52" bw="32" slack="2147483647"/>
<pin id="383" dir="0" index="53" bw="32" slack="0"/>
<pin id="384" dir="0" index="54" bw="32" slack="0"/>
<pin id="385" dir="0" index="55" bw="32" slack="0"/>
<pin id="386" dir="0" index="56" bw="32" slack="0"/>
<pin id="387" dir="0" index="57" bw="32" slack="0"/>
<pin id="388" dir="0" index="58" bw="32" slack="0"/>
<pin id="389" dir="0" index="59" bw="32" slack="0"/>
<pin id="390" dir="0" index="60" bw="32" slack="0"/>
<pin id="391" dir="0" index="61" bw="32" slack="0"/>
<pin id="392" dir="0" index="62" bw="32" slack="0"/>
<pin id="393" dir="0" index="63" bw="32" slack="0"/>
<pin id="394" dir="0" index="64" bw="32" slack="0"/>
<pin id="395" dir="1" index="65" bw="0" slack="2147483647"/>
</pin_list>
<bind>
<opcode="call(48) " fcode="call"/>
<opset="call_ln96/7 "/>
</bind>
</comp>

</comp_list>

<net_list>
<net id="55"><net_src comp="26" pin="0"/><net_sink comp="52" pin=0"/></net>

<net id="59"><net_src comp="26" pin="0"/><net_sink comp="56" pin=0"/></net>

<net id="63"><net_src comp="26" pin="0"/><net_sink comp="60" pin=0"/></net>

<net id="67"><net_src comp="26" pin="0"/><net_sink comp="64" pin=0"/></net>

<net id="71"><net_src comp="26" pin="0"/><net_sink comp="68" pin=0"/></net>

<net id="75"><net_src comp="26" pin="0"/><net_sink comp="72" pin=0"/></net>

<net id="79"><net_src comp="26" pin="0"/><net_sink comp="76" pin=0"/></net>

<net id="83"><net_src comp="26" pin="0"/><net_sink comp="80" pin=0"/></net>

<net id="87"><net_src comp="26" pin="0"/><net_sink comp="84" pin=0"/></net>

<net id="91"><net_src comp="26" pin="0"/><net_sink comp="88" pin=0"/></net>

<net id="95"><net_src comp="26" pin="0"/><net_sink comp="92" pin=0"/></net>

<net id="99"><net_src comp="26" pin="0"/><net_sink comp="96" pin=0"/></net>

<net id="103"><net_src comp="26" pin="0"/><net_sink comp="100" pin=0"/></net>

<net id="107"><net_src comp="26" pin="0"/><net_sink comp="104" pin=0"/></net>

<net id="111"><net_src comp="26" pin="0"/><net_sink comp="108" pin=0"/></net>

<net id="115"><net_src comp="26" pin="0"/><net_sink comp="112" pin=0"/></net>

<net id="119"><net_src comp="26" pin="0"/><net_sink comp="116" pin=0"/></net>

<net id="123"><net_src comp="26" pin="0"/><net_sink comp="120" pin=0"/></net>

<net id="127"><net_src comp="26" pin="0"/><net_sink comp="124" pin=0"/></net>

<net id="131"><net_src comp="26" pin="0"/><net_sink comp="128" pin=0"/></net>

<net id="135"><net_src comp="26" pin="0"/><net_sink comp="132" pin=0"/></net>

<net id="139"><net_src comp="26" pin="0"/><net_sink comp="136" pin=0"/></net>

<net id="143"><net_src comp="26" pin="0"/><net_sink comp="140" pin=0"/></net>

<net id="147"><net_src comp="26" pin="0"/><net_sink comp="144" pin=0"/></net>

<net id="151"><net_src comp="26" pin="0"/><net_sink comp="148" pin=0"/></net>

<net id="155"><net_src comp="26" pin="0"/><net_sink comp="152" pin=0"/></net>

<net id="159"><net_src comp="26" pin="0"/><net_sink comp="156" pin=0"/></net>

<net id="163"><net_src comp="26" pin="0"/><net_sink comp="160" pin=0"/></net>

<net id="167"><net_src comp="26" pin="0"/><net_sink comp="164" pin=0"/></net>

<net id="171"><net_src comp="26" pin="0"/><net_sink comp="168" pin=0"/></net>

<net id="175"><net_src comp="26" pin="0"/><net_sink comp="172" pin=0"/></net>

<net id="179"><net_src comp="26" pin="0"/><net_sink comp="176" pin=0"/></net>

<net id="183"><net_src comp="26" pin="0"/><net_sink comp="180" pin=0"/></net>

<net id="187"><net_src comp="26" pin="0"/><net_sink comp="184" pin=0"/></net>

<net id="191"><net_src comp="26" pin="0"/><net_sink comp="188" pin=0"/></net>

<net id="195"><net_src comp="26" pin="0"/><net_sink comp="192" pin=0"/></net>

<net id="199"><net_src comp="26" pin="0"/><net_sink comp="196" pin=0"/></net>

<net id="203"><net_src comp="26" pin="0"/><net_sink comp="200" pin=0"/></net>

<net id="207"><net_src comp="26" pin="0"/><net_sink comp="204" pin=0"/></net>

<net id="211"><net_src comp="26" pin="0"/><net_sink comp="208" pin=0"/></net>

<net id="215"><net_src comp="26" pin="0"/><net_sink comp="212" pin=0"/></net>

<net id="219"><net_src comp="26" pin="0"/><net_sink comp="216" pin=0"/></net>

<net id="223"><net_src comp="26" pin="0"/><net_sink comp="220" pin=0"/></net>

<net id="227"><net_src comp="26" pin="0"/><net_sink comp="224" pin=0"/></net>

<net id="231"><net_src comp="26" pin="0"/><net_sink comp="228" pin=0"/></net>

<net id="235"><net_src comp="26" pin="0"/><net_sink comp="232" pin=0"/></net>

<net id="239"><net_src comp="26" pin="0"/><net_sink comp="236" pin=0"/></net>

<net id="243"><net_src comp="26" pin="0"/><net_sink comp="240" pin=0"/></net>

<net id="247"><net_src comp="26" pin="0"/><net_sink comp="244" pin=0"/></net>

<net id="251"><net_src comp="26" pin="0"/><net_sink comp="248" pin=0"/></net>

<net id="255"><net_src comp="26" pin="0"/><net_sink comp="252" pin=0"/></net>

<net id="259"><net_src comp="26" pin="0"/><net_sink comp="256" pin=0"/></net>

<net id="264"><net_src comp="28" pin="0"/><net_sink comp="260" pin=0"/></net>

<net id="265"><net_src comp="52" pin="1"/><net_sink comp="260" pin=1"/></net>

<net id="271"><net_src comp="30" pin="0"/><net_sink comp="266" pin=0"/></net>

<net id="272"><net_src comp="0" pin="0"/><net_sink comp="266" pin=1"/></net>

<net id="328"><net_src comp="32" pin="0"/><net_sink comp="273" pin=0"/></net>

<net id="396"><net_src comp="34" pin="0"/><net_sink comp="329" pin=0"/></net>

<net id="397"><net_src comp="2" pin="0"/><net_sink comp="329" pin=53"/></net>

<net id="398"><net_src comp="4" pin="0"/><net_sink comp="329" pin=54"/></net>

<net id="399"><net_src comp="6" pin="0"/><net_sink comp="329" pin=55"/></net>

<net id="400"><net_src comp="8" pin="0"/><net_sink comp="329" pin=56"/></net>

<net id="401"><net_src comp="10" pin="0"/><net_sink comp="329" pin=57"/></net>

<net id="402"><net_src comp="12" pin="0"/><net_sink comp="329" pin=58"/></net>

<net id="403"><net_src comp="14" pin="0"/><net_sink comp="329" pin=59"/></net>

<net id="404"><net_src comp="16" pin="0"/><net_sink comp="329" pin=60"/></net>

<net id="405"><net_src comp="18" pin="0"/><net_sink comp="329" pin=61"/></net>

<net id="406"><net_src comp="20" pin="0"/><net_sink comp="329" pin=62"/></net>

<net id="407"><net_src comp="22" pin="0"/><net_sink comp="329" pin=63"/></net>

<net id="408"><net_src comp="24" pin="0"/><net_sink comp="329" pin=64"/></net>

</net_list>

</model> 
---------------- Datapath Model END ------------------

* FSMD analyzer results:
  - Output states:
	Port: prediction | {7 8 }
 - Input state : 
	Port: cnn : img_in | {3 4 }
	Port: cnn : prediction | {7 8 }
	Port: cnn : dense_weights_0 | {7 8 }
	Port: cnn : dense_weights_1 | {7 8 }
	Port: cnn : dense_weights_2 | {7 8 }
	Port: cnn : dense_weights_3 | {7 8 }
	Port: cnn : dense_weights_4 | {7 8 }
	Port: cnn : dense_weights_5 | {7 8 }
	Port: cnn : dense_weights_6 | {7 8 }
	Port: cnn : dense_weights_7 | {7 8 }
	Port: cnn : dense_weights_8 | {7 8 }
	Port: cnn : dense_weights_9 | {7 8 }
	Port: cnn : dense_biases | {7 8 }
  - Chain level:
	State 1
		call_ln0 : 1
	State 2
	State 3
	State 4
	State 5
	State 6
	State 7
	State 8


============================================================
+ Verbose Summary: Datapath Resource usage 
============================================================

* Functional unit list:
|----------|-------------------------------------------------------|---------|---------|---------|---------|---------|---------|
| Operation|                    Functional Unit                    |   BRAM  |   DSP   |  Delay  |    FF   |   LUT   |   URAM  |
|----------|-------------------------------------------------------|---------|---------|---------|---------|---------|---------|
|          |               grp_cnn_Pipeline_1_fu_260               |    0    |    0    |    0    |    11   |    36   |    0    |
|   call   |   grp_cnn_Pipeline_pad_for_rows_pad_for_cols_fu_266   |    0    |    0    |  2.292  |   137   |   168   |    0    |
|          | grp_cnn_Pipeline_clone_for_rows_clone_for_cols_fu_273 |    0    |    0    |  3.438  |   408   |   391   |    0    |
|          |              grp_dataflow_section_fu_329              |    0    |   304   | 283.965 |  55297  |  81928  |    0    |
|----------|-------------------------------------------------------|---------|---------|---------|---------|---------|---------|
|   Total  |                                                       |    0    |   304   | 289.695 |  55853  |  82523  |    0    |
|----------|-------------------------------------------------------|---------|---------|---------|---------|---------|---------|

Memories:
+---------------+--------+--------+--------+--------+
|               |  BRAM  |   FF   |   LUT  |  URAM  |
+---------------+--------+--------+--------+--------+
|  dense_biases |    0   |   32   |    5   |    -   |
|dense_weights_0|    2   |    0   |    0   |    -   |
|dense_weights_1|    2   |    0   |    0   |    -   |
|dense_weights_2|    2   |    0   |    0   |    -   |
|dense_weights_3|    2   |    0   |    0   |    -   |
|dense_weights_4|    2   |    0   |    0   |    -   |
|dense_weights_5|    2   |    0   |    0   |    -   |
|dense_weights_6|    2   |    0   |    0   |    -   |
|dense_weights_7|    2   |    0   |    0   |    -   |
|dense_weights_8|    2   |    0   |    0   |    -   |
|dense_weights_9|    2   |    0   |    0   |    -   |
|    pad_img0   |    4   |    0   |    0   |    0   |
|    pad_img1   |    4   |    0   |    0   |    0   |
|    pad_img2   |    4   |    0   |    0   |    0   |
|    pad_img3   |    0   |   32   |   13   |    0   |
|   pad_img3_1  |    0   |   32   |   13   |    0   |
|  pad_img3_10  |    0   |   32   |   13   |    0   |
|  pad_img3_11  |    0   |   32   |   13   |    0   |
|  pad_img3_12  |    0   |   32   |   13   |    0   |
|  pad_img3_13  |    0   |   32   |   13   |    0   |
|  pad_img3_14  |    0   |   32   |   13   |    0   |
|  pad_img3_15  |    0   |   32   |   13   |    0   |
|  pad_img3_16  |    0   |   32   |   13   |    0   |
|  pad_img3_17  |    0   |   32   |   13   |    0   |
|  pad_img3_18  |    0   |   32   |   13   |    0   |
|  pad_img3_19  |    0   |   32   |   13   |    0   |
|   pad_img3_2  |    0   |   32   |   13   |    0   |
|  pad_img3_20  |    0   |   32   |   13   |    0   |
|  pad_img3_21  |    0   |   32   |   13   |    0   |
|  pad_img3_22  |    0   |   32   |   13   |    0   |
|  pad_img3_23  |    0   |   32   |   13   |    0   |
|  pad_img3_24  |    0   |   32   |   13   |    0   |
|  pad_img3_25  |    0   |   32   |   13   |    0   |
|  pad_img3_26  |    0   |   32   |   13   |    0   |
|  pad_img3_27  |    0   |   32   |   13   |    0   |
|  pad_img3_28  |    0   |   32   |   13   |    0   |
|  pad_img3_29  |    0   |   32   |   13   |    0   |
|   pad_img3_3  |    0   |   32   |   13   |    0   |
|  pad_img3_30  |    0   |   32   |   13   |    0   |
|  pad_img3_31  |    0   |   32   |   13   |    0   |
|  pad_img3_32  |    0   |   32   |   13   |    0   |
|  pad_img3_33  |    0   |   32   |   13   |    0   |
|  pad_img3_34  |    0   |   32   |   13   |    0   |
|  pad_img3_35  |    0   |   32   |   13   |    0   |
|  pad_img3_36  |    0   |   32   |   13   |    0   |
|  pad_img3_37  |    0   |   32   |   13   |    0   |
|  pad_img3_38  |    0   |   32   |   13   |    0   |
|  pad_img3_39  |    0   |   32   |   13   |    0   |
|   pad_img3_4  |    0   |   32   |   13   |    0   |
|  pad_img3_40  |    0   |   32   |   13   |    0   |
|  pad_img3_41  |    0   |   32   |   13   |    0   |
|  pad_img3_42  |    0   |   32   |   13   |    0   |
|  pad_img3_43  |    0   |   32   |   13   |    0   |
|  pad_img3_44  |    0   |   32   |   13   |    0   |
|  pad_img3_45  |    0   |   32   |   13   |    0   |
|  pad_img3_46  |    0   |   32   |   13   |    0   |
|  pad_img3_47  |    0   |   32   |   13   |    0   |
|  pad_img3_48  |    0   |   32   |   13   |    0   |
|   pad_img3_5  |    0   |   32   |   13   |    0   |
|   pad_img3_6  |    0   |   32   |   13   |    0   |
|   pad_img3_7  |    0   |   32   |   13   |    0   |
|   pad_img3_8  |    0   |   32   |   13   |    0   |
|   pad_img3_9  |    0   |   32   |   13   |    0   |
+---------------+--------+--------+--------+--------+
|     Total     |   32   |  1600  |   642  |    0   |
+---------------+--------+--------+--------+--------+

* Register list:
N/A

* Multiplexer (MUX) list: 
|--------|------|------|------|--------|
|  Comp  |  Pin | Size |  BW  | S x BW |
|--------|------|------|------|--------|
|  Total |      |      |      |    0   |
|--------|------|------|------|--------|



* Summary:
+-----------+--------+--------+--------+--------+--------+--------+
|           |  BRAM  |   DSP  |  Delay |   FF   |   LUT  |  URAM  |
+-----------+--------+--------+--------+--------+--------+--------+
|  Function |    0   |   304  |   289  |  55853 |  82523 |    0   |
|   Memory  |   32   |    -   |    -   |  1600  |   642  |    0   |
|Multiplexer|    -   |    -   |    -   |    -   |    -   |    -   |
|  Register |    -   |    -   |    -   |    -   |    -   |    -   |
+-----------+--------+--------+--------+--------+--------+--------+
|   Total   |   32   |   304  |   289  |  57453 |  83165 |    0   |
+-----------+--------+--------+--------+--------+--------+--------+
