

================================================================
== Vitis HLS Report for 'cnn_Pipeline_pad_for_rows_pad_for_cols'
================================================================
* Date:           Sun Dec 15 21:44:56 2024

* Version:        2023.2 (Build 4023990 on Oct 11 2023)
* Project:        CNN
* Solution:       solution1 (Vivado IP Flow Target)
* Product family: zynq
* Target device:  xc7z010-clg400-3


================================================================
== Performance Estimates
================================================================
+ Timing: 
    * Summary: 
    +--------+----------+----------+------------+
    |  Clock |  Target  | Estimated| Uncertainty|
    +--------+----------+----------+------------+
    |ap_clk  |  10.00 ns|  6.597 ns|     2.70 ns|
    +--------+----------+----------+------------+

+ Latency: 
    * Summary: 
    +---------+---------+----------+----------+-----+-----+---------+
    |  Latency (cycles) |  Latency (absolute) |  Interval | Pipeline|
    |   min   |   max   |    min   |    max   | min | max |   Type  |
    +---------+---------+----------+----------+-----+-----+---------+
    |      800|      800|  8.000 us|  8.000 us|  800|  800|       no|
    +---------+---------+----------+----------+-----+-----+---------+

    + Detail: 
        * Instance: 
        N/A

        * Loop: 
        +-----------------------------+---------+---------+----------+-----------+-----------+------+----------+
        |                             |  Latency (cycles) | Iteration|  Initiation Interval  | Trip |          |
        |          Loop Name          |   min   |   max   |  Latency |  achieved |   target  | Count| Pipelined|
        +-----------------------------+---------+---------+----------+-----------+-----------+------+----------+
        |- pad_for_rows_pad_for_cols  |      798|      798|        16|          1|          1|   784|       yes|
        +-----------------------------+---------+---------+----------+-----------+-----------+------+----------+



================================================================
== Utilization Estimates
================================================================
* Summary: 
+-----------------+---------+----+-------+-------+-----+
|       Name      | BRAM_18K| DSP|   FF  |  LUT  | URAM|
+-----------------+---------+----+-------+-------+-----+
|DSP              |        -|   -|      -|      -|    -|
|Expression       |        -|   -|      0|    153|    -|
|FIFO             |        -|   -|      -|      -|    -|
|Instance         |        -|   -|      -|      -|    -|
|Memory           |        -|   -|      -|      -|    -|
|Multiplexer      |        -|   -|      -|     72|    -|
|Register         |        -|   -|    253|     64|    -|
+-----------------+---------+----+-------+-------+-----+
|Total            |        0|   0|    253|    289|    0|
+-----------------+---------+----+-------+-------+-----+
|Available        |      120|  80|  35200|  17600|    0|
+-----------------+---------+----+-------+-------+-----+
|Utilization (%)  |        0|   0|     ~0|      1|    0|
+-----------------+---------+----+-------+-------+-----+

+ Detail: 
    * Instance: 
    N/A

    * DSP: 
    N/A

    * Memory: 
    N/A

    * FIFO: 
    N/A

    * Expression: 
    +-------------------------+----------+----+---+----+------------+------------+
    |      Variable Name      | Operation| DSP| FF| LUT| Bitwidth P0| Bitwidth P1|
    +-------------------------+----------+----+---+----+------------+------------+
    |add_ln11_1_fu_121_p2     |         +|   0|  0|  17|          10|           1|
    |add_ln11_fu_133_p2       |         +|   0|  0|  13|           5|           1|
    |add_ln13_fu_161_p2       |         +|   0|  0|  13|           5|           1|
    |add_ln17_1_fu_253_p2     |         +|   0|  0|  11|          11|          11|
    |add_ln17_2_fu_209_p2     |         +|   0|  0|  10|          10|          10|
    |add_ln17_3_fu_268_p2     |         +|   0|  0|  11|          11|          11|
    |add_ln17_fu_259_p2       |         +|   0|  0|  13|           5|           2|
    |empty_fu_224_p2          |         +|   0|  0|  13|           5|           2|
    |sub_ln17_fu_200_p2       |         -|   0|  0|  10|          10|          10|
    |icmp_ln11_fu_115_p2      |      icmp|   0|  0|  17|          10|           9|
    |icmp_ln13_fu_139_p2      |      icmp|   0|  0|  13|           5|           4|
    |select_ln11_1_fu_153_p3  |    select|   0|  0|   5|           1|           5|
    |select_ln11_fu_145_p3    |    select|   0|  0|   5|           1|           1|
    |ap_enable_pp0            |       xor|   0|  0|   2|           1|           2|
    +-------------------------+----------+----+---+----+------------+------------+
    |Total                    |          |   0|  0| 153|          90|          70|
    +-------------------------+----------+----+---+----+------------+------------+

    * Multiplexer: 
    +--------------------------------------+----+-----------+-----+-----------+
    |                 Name                 | LUT| Input Size| Bits| Total Bits|
    +--------------------------------------+----+-----------+-----+-----------+
    |ap_done_int                           |   9|          2|    1|          2|
    |ap_enable_reg_pp0_iter1               |   9|          2|    1|          2|
    |ap_sig_allocacmp_c_load               |   9|          2|    5|         10|
    |ap_sig_allocacmp_indvar_flatten_load  |   9|          2|   10|         20|
    |ap_sig_allocacmp_r_load               |   9|          2|    5|         10|
    |c_fu_54                               |   9|          2|    5|         10|
    |indvar_flatten_fu_62                  |   9|          2|   10|         20|
    |r_fu_58                               |   9|          2|    5|         10|
    +--------------------------------------+----+-----------+-----+-----------+
    |Total                                 |  72|         16|   42|         84|
    +--------------------------------------+----+-----------+-----+-----------+

    * Register: 
    +-----------------------------------+----+----+-----+-----------+
    |                Name               | FF | LUT| Bits| Const Bits|
    +-----------------------------------+----+----+-----+-----------+
    |ap_CS_fsm                          |   1|   0|    1|          0|
    |ap_done_reg                        |   1|   0|    1|          0|
    |ap_enable_reg_pp0_iter1            |   1|   0|    1|          0|
    |ap_enable_reg_pp0_iter10           |   1|   0|    1|          0|
    |ap_enable_reg_pp0_iter11           |   1|   0|    1|          0|
    |ap_enable_reg_pp0_iter12           |   1|   0|    1|          0|
    |ap_enable_reg_pp0_iter13           |   1|   0|    1|          0|
    |ap_enable_reg_pp0_iter14           |   1|   0|    1|          0|
    |ap_enable_reg_pp0_iter15           |   1|   0|    1|          0|
    |ap_enable_reg_pp0_iter2            |   1|   0|    1|          0|
    |ap_enable_reg_pp0_iter3            |   1|   0|    1|          0|
    |ap_enable_reg_pp0_iter4            |   1|   0|    1|          0|
    |ap_enable_reg_pp0_iter5            |   1|   0|    1|          0|
    |ap_enable_reg_pp0_iter6            |   1|   0|    1|          0|
    |ap_enable_reg_pp0_iter7            |   1|   0|    1|          0|
    |ap_enable_reg_pp0_iter8            |   1|   0|    1|          0|
    |ap_enable_reg_pp0_iter9            |   1|   0|    1|          0|
    |ap_loop_exit_ready_pp0_iter10_reg  |   1|   0|    1|          0|
    |ap_loop_exit_ready_pp0_iter11_reg  |   1|   0|    1|          0|
    |ap_loop_exit_ready_pp0_iter12_reg  |   1|   0|    1|          0|
    |ap_loop_exit_ready_pp0_iter13_reg  |   1|   0|    1|          0|
    |ap_loop_exit_ready_pp0_iter14_reg  |   1|   0|    1|          0|
    |ap_loop_exit_ready_pp0_iter1_reg   |   1|   0|    1|          0|
    |ap_loop_exit_ready_pp0_iter2_reg   |   1|   0|    1|          0|
    |ap_loop_exit_ready_pp0_iter3_reg   |   1|   0|    1|          0|
    |ap_loop_exit_ready_pp0_iter4_reg   |   1|   0|    1|          0|
    |ap_loop_exit_ready_pp0_iter5_reg   |   1|   0|    1|          0|
    |ap_loop_exit_ready_pp0_iter6_reg   |   1|   0|    1|          0|
    |ap_loop_exit_ready_pp0_iter7_reg   |   1|   0|    1|          0|
    |ap_loop_exit_ready_pp0_iter8_reg   |   1|   0|    1|          0|
    |ap_loop_exit_ready_pp0_iter9_reg   |   1|   0|    1|          0|
    |c_fu_54                            |   5|   0|    5|          0|
    |conv7_i_reg_332                    |  32|   0|   32|          0|
    |img_in_load_reg_322                |  32|   0|   32|          0|
    |indvar_flatten_fu_62               |  10|   0|   10|          0|
    |r_fu_58                            |   5|   0|    5|          0|
    |select_ln11_1_reg_310              |   5|   0|    5|          0|
    |select_ln11_reg_304                |   5|   0|    5|          0|
    |select_ln11_1_reg_310              |  64|  32|    5|          0|
    |select_ln11_reg_304                |  64|  32|    5|          0|
    +-----------------------------------+----+----+-----+-----------+
    |Total                              | 253|  64|  135|          0|
    +-----------------------------------+----+----+-----+-----------+



================================================================
== Interface
================================================================
* Summary: 
+--------------------+-----+-----+------------+----------------------------------------+--------------+
|      RTL Ports     | Dir | Bits|  Protocol  |              Source Object             |    C Type    |
+--------------------+-----+-----+------------+----------------------------------------+--------------+
|ap_clk              |   in|    1|  ap_ctrl_hs|  cnn_Pipeline_pad_for_rows_pad_for_cols|  return value|
|ap_rst              |   in|    1|  ap_ctrl_hs|  cnn_Pipeline_pad_for_rows_pad_for_cols|  return value|
|ap_start            |   in|    1|  ap_ctrl_hs|  cnn_Pipeline_pad_for_rows_pad_for_cols|  return value|
|ap_done             |  out|    1|  ap_ctrl_hs|  cnn_Pipeline_pad_for_rows_pad_for_cols|  return value|
|ap_idle             |  out|    1|  ap_ctrl_hs|  cnn_Pipeline_pad_for_rows_pad_for_cols|  return value|
|ap_ready            |  out|    1|  ap_ctrl_hs|  cnn_Pipeline_pad_for_rows_pad_for_cols|  return value|
|grp_fu_409_p_din0   |  out|   32|  ap_ctrl_hs|  cnn_Pipeline_pad_for_rows_pad_for_cols|  return value|
|grp_fu_409_p_din1   |  out|   32|  ap_ctrl_hs|  cnn_Pipeline_pad_for_rows_pad_for_cols|  return value|
|grp_fu_409_p_dout0  |   in|   32|  ap_ctrl_hs|  cnn_Pipeline_pad_for_rows_pad_for_cols|  return value|
|grp_fu_409_p_ce     |  out|    1|  ap_ctrl_hs|  cnn_Pipeline_pad_for_rows_pad_for_cols|  return value|
|img_in_address0     |  out|   10|   ap_memory|                                  img_in|         array|
|img_in_ce0          |  out|    1|   ap_memory|                                  img_in|         array|
|img_in_q0           |   in|   32|   ap_memory|                                  img_in|         array|
|pad_img0_address0   |  out|   11|   ap_memory|                                pad_img0|         array|
|pad_img0_ce0        |  out|    1|   ap_memory|                                pad_img0|         array|
|pad_img0_we0        |  out|    1|   ap_memory|                                pad_img0|         array|
|pad_img0_d0         |  out|   32|   ap_memory|                                pad_img0|         array|
+--------------------+-----+-----+------------+----------------------------------------+--------------+

============================================================
+ Verbose Summary: Synthesis Manager
============================================================
InlineROM: 1
ExposeGlobal: 0
============================================================
+ Verbose Summary: CDFG Model
============================================================
IsTopModel: 0
ResetActiveHigh: 1
IsCombinational: 2
IsDatapathOnly: 2
HasWiredReturn: 1
HasMFsm: 2
HasVarLatency: 1
IsPipeline: 0
IsRtlPipelined: 0
IsInstanceOverlapped: 0
IsDontTouch: 0
HasImplIP: 0
IsGatedGlobalClock: 0

+ Individual pipeline summary: 
  * Pipeline-0: initiation interval (II) = 1, depth = 16


============================================================
+ Verbose Summary: Schedule
============================================================
* Number of FSM states : 16
* Pipeline : 1
  Pipeline-0 : II = 1, D = 16, States = { 1 2 3 4 5 6 7 8 9 10 11 12 13 14 15 16 }
* Dataflow Pipeline: 0

* FSM state transitions: 
1 --> 2 
2 --> 3 
3 --> 4 
4 --> 5 
5 --> 6 
6 --> 7 
7 --> 8 
8 --> 9 
9 --> 10 
10 --> 11 
11 --> 12 
12 --> 13 
13 --> 14 
14 --> 15 
15 --> 16 
16 --> 

* FSM state operations: 

State 1 <SV = 0> <Delay = 6.06>
ST_1 : Operation 19 [1/1] (0.00ns)   --->   "%c = alloca i32 1" [CNN/src/utils.cpp:13->CNN/src/cnn.cpp:69]   --->   Operation 19 'alloca' 'c' <Predicate = true> <Delay = 0.00>
ST_1 : Operation 20 [1/1] (0.00ns)   --->   "%r = alloca i32 1" [CNN/src/utils.cpp:11->CNN/src/cnn.cpp:69]   --->   Operation 20 'alloca' 'r' <Predicate = true> <Delay = 0.00>
ST_1 : Operation 21 [1/1] (0.00ns)   --->   "%indvar_flatten = alloca i32 1"   --->   Operation 21 'alloca' 'indvar_flatten' <Predicate = true> <Delay = 0.00>
ST_1 : Operation 22 [1/1] (0.00ns)   --->   "%specinterface_ln0 = specinterface void @_ssdm_op_SpecInterface, i32 %img_in, void @empty_3, i32 0, i32 0, void @empty_1, i32 4294967295, i32 0, void @empty_1, void @empty_1, void @empty_1, i32 0, i32 0, i32 0, i32 0, void @empty_1, void @empty_1, i32 4294967295, i32 0"   --->   Operation 22 'specinterface' 'specinterface_ln0' <Predicate = true> <Delay = 0.00>
ST_1 : Operation 23 [1/1] (1.14ns)   --->   "%store_ln0 = store i10 0, i10 %indvar_flatten"   --->   Operation 23 'store' 'store_ln0' <Predicate = true> <Delay = 1.14>
ST_1 : Operation 24 [1/1] (1.14ns)   --->   "%store_ln11 = store i5 0, i5 %r" [CNN/src/utils.cpp:11->CNN/src/cnn.cpp:69]   --->   Operation 24 'store' 'store_ln11' <Predicate = true> <Delay = 1.14>
ST_1 : Operation 25 [1/1] (1.14ns)   --->   "%store_ln13 = store i5 0, i5 %c" [CNN/src/utils.cpp:13->CNN/src/cnn.cpp:69]   --->   Operation 25 'store' 'store_ln13' <Predicate = true> <Delay = 1.14>
ST_1 : Operation 26 [1/1] (0.00ns)   --->   "%br_ln0 = br void %for.inc.i"   --->   Operation 26 'br' 'br_ln0' <Predicate = true> <Delay = 0.00>
ST_1 : Operation 27 [1/1] (0.00ns)   --->   "%indvar_flatten_load = load i10 %indvar_flatten" [CNN/src/utils.cpp:11->CNN/src/cnn.cpp:69]   --->   Operation 27 'load' 'indvar_flatten_load' <Predicate = true> <Delay = 0.00>
ST_1 : Operation 28 [1/1] (1.62ns)   --->   "%icmp_ln11 = icmp_eq  i10 %indvar_flatten_load, i10 784" [CNN/src/utils.cpp:11->CNN/src/cnn.cpp:69]   --->   Operation 28 'icmp' 'icmp_ln11' <Predicate = true> <Delay = 1.62> <CoreInst = "Cmp">   --->   Core 9 'Cmp' <Latency = 0> <II = 1> <Delay = 1.62> <FuncUnit> <Opcode : 'icmp'> <InPorts = 2> <OutPorts = 1>
ST_1 : Operation 29 [1/1] (1.62ns)   --->   "%add_ln11_1 = add i10 %indvar_flatten_load, i10 1" [CNN/src/utils.cpp:11->CNN/src/cnn.cpp:69]   --->   Operation 29 'add' 'add_ln11_1' <Predicate = true> <Delay = 1.62> <CoreInst = "Adder">   --->   Core 1 'Adder' <Latency = 0> <II = 1> <Delay = 1.62> <FuncUnit> <Opcode : 'add' 'sub'> <InPorts = 2> <OutPorts = 1>
ST_1 : Operation 30 [1/1] (0.00ns)   --->   "%br_ln11 = br i1 %icmp_ln11, void %for.inc13.i, void %for.inc.preheader.exitStub" [CNN/src/utils.cpp:11->CNN/src/cnn.cpp:69]   --->   Operation 30 'br' 'br_ln11' <Predicate = true> <Delay = 0.00>
ST_1 : Operation 31 [1/1] (0.00ns)   --->   "%c_load = load i5 %c" [CNN/src/utils.cpp:13->CNN/src/cnn.cpp:69]   --->   Operation 31 'load' 'c_load' <Predicate = (!icmp_ln11)> <Delay = 0.00>
ST_1 : Operation 32 [1/1] (0.00ns)   --->   "%r_load = load i5 %r" [CNN/src/utils.cpp:11->CNN/src/cnn.cpp:69]   --->   Operation 32 'load' 'r_load' <Predicate = (!icmp_ln11)> <Delay = 0.00>
ST_1 : Operation 33 [1/1] (1.46ns)   --->   "%add_ln11 = add i5 %r_load, i5 1" [CNN/src/utils.cpp:11->CNN/src/cnn.cpp:69]   --->   Operation 33 'add' 'add_ln11' <Predicate = (!icmp_ln11)> <Delay = 1.46> <CoreInst = "Adder">   --->   Core 1 'Adder' <Latency = 0> <II = 1> <Delay = 1.46> <FuncUnit> <Opcode : 'add' 'sub'> <InPorts = 2> <OutPorts = 1>
ST_1 : Operation 34 [1/1] (1.46ns)   --->   "%icmp_ln13 = icmp_eq  i5 %c_load, i5 28" [CNN/src/utils.cpp:13->CNN/src/cnn.cpp:69]   --->   Operation 34 'icmp' 'icmp_ln13' <Predicate = (!icmp_ln11)> <Delay = 1.46> <CoreInst = "Cmp">   --->   Core 9 'Cmp' <Latency = 0> <II = 1> <Delay = 1.46> <FuncUnit> <Opcode : 'icmp'> <InPorts = 2> <OutPorts = 1>
ST_1 : Operation 35 [1/1] (0.85ns)   --->   "%select_ln11 = select i1 %icmp_ln13, i5 0, i5 %c_load" [CNN/src/utils.cpp:11->CNN/src/cnn.cpp:69]   --->   Operation 35 'select' 'select_ln11' <Predicate = (!icmp_ln11)> <Delay = 0.85> <CoreInst = "Sel">   --->   Core 73 'Sel' <Latency = 0> <II = 1> <Delay = 0.85> <FuncUnit> <Opcode : 'select'> <InPorts = 3> <OutPorts = 1>
ST_1 : Operation 36 [1/1] (0.85ns)   --->   "%select_ln11_1 = select i1 %icmp_ln13, i5 %add_ln11, i5 %r_load" [CNN/src/utils.cpp:11->CNN/src/cnn.cpp:69]   --->   Operation 36 'select' 'select_ln11_1' <Predicate = (!icmp_ln11)> <Delay = 0.85> <CoreInst = "Sel">   --->   Core 73 'Sel' <Latency = 0> <II = 1> <Delay = 0.85> <FuncUnit> <Opcode : 'select'> <InPorts = 3> <OutPorts = 1>
ST_1 : Operation 37 [1/1] (1.46ns)   --->   "%add_ln13 = add i5 %select_ln11, i5 1" [CNN/src/utils.cpp:13->CNN/src/cnn.cpp:69]   --->   Operation 37 'add' 'add_ln13' <Predicate = (!icmp_ln11)> <Delay = 1.46> <CoreInst = "Adder">   --->   Core 1 'Adder' <Latency = 0> <II = 1> <Delay = 1.46> <FuncUnit> <Opcode : 'add' 'sub'> <InPorts = 2> <OutPorts = 1>
ST_1 : Operation 38 [1/1] (1.14ns)   --->   "%store_ln11 = store i10 %add_ln11_1, i10 %indvar_flatten" [CNN/src/utils.cpp:11->CNN/src/cnn.cpp:69]   --->   Operation 38 'store' 'store_ln11' <Predicate = (!icmp_ln11)> <Delay = 1.14>
ST_1 : Operation 39 [1/1] (1.14ns)   --->   "%store_ln11 = store i5 %select_ln11_1, i5 %r" [CNN/src/utils.cpp:11->CNN/src/cnn.cpp:69]   --->   Operation 39 'store' 'store_ln11' <Predicate = (!icmp_ln11)> <Delay = 1.14>
ST_1 : Operation 40 [1/1] (1.14ns)   --->   "%store_ln13 = store i5 %add_ln13, i5 %c" [CNN/src/utils.cpp:13->CNN/src/cnn.cpp:69]   --->   Operation 40 'store' 'store_ln13' <Predicate = (!icmp_ln11)> <Delay = 1.14>

State 2 <SV = 1> <Delay = 5.11>
ST_2 : Operation 41 [1/1] (0.00ns)   --->   "%tmp = bitconcatenate i10 @_ssdm_op_BitConcatenate.i10.i5.i5, i5 %select_ln11_1, i5 0" [CNN/src/utils.cpp:17->CNN/src/cnn.cpp:69]   --->   Operation 41 'bitconcatenate' 'tmp' <Predicate = true> <Delay = 0.00>
ST_2 : Operation 42 [1/1] (0.00ns)   --->   "%tmp_s = bitconcatenate i7 @_ssdm_op_BitConcatenate.i7.i5.i2, i5 %select_ln11_1, i2 0" [CNN/src/utils.cpp:17->CNN/src/cnn.cpp:69]   --->   Operation 42 'bitconcatenate' 'tmp_s' <Predicate = true> <Delay = 0.00>
ST_2 : Operation 43 [1/1] (0.00ns)   --->   "%zext_ln17 = zext i7 %tmp_s" [CNN/src/utils.cpp:17->CNN/src/cnn.cpp:69]   --->   Operation 43 'zext' 'zext_ln17' <Predicate = true> <Delay = 0.00>
ST_2 : Operation 44 [1/1] (0.00ns) (grouped into TernaryAdder)   --->   "%sub_ln17 = sub i10 %tmp, i10 %zext_ln17" [CNN/src/utils.cpp:17->CNN/src/cnn.cpp:69]   --->   Operation 44 'sub' 'sub_ln17' <Predicate = true> <Delay = 0.00> <CoreInst = "TAddSub">   --->   Core 10 'TAddSub' <Latency = 0> <II = 1> <Delay = 1.34> <IPBlock> <Opcode : '' 'add' 'sub'> <InPorts = 3> <OutPorts = 1> <Sync> <CReg>
ST_2 : Operation 45 [1/1] (0.00ns)   --->   "%zext_ln17_3 = zext i5 %select_ln11" [CNN/src/utils.cpp:17->CNN/src/cnn.cpp:69]   --->   Operation 45 'zext' 'zext_ln17_3' <Predicate = true> <Delay = 0.00>
ST_2 : Operation 46 [1/1] (2.69ns) (root node of TernaryAdder)   --->   "%add_ln17_2 = add i10 %sub_ln17, i10 %zext_ln17_3" [CNN/src/utils.cpp:17->CNN/src/cnn.cpp:69]   --->   Operation 46 'add' 'add_ln17_2' <Predicate = true> <Delay = 2.69> <CoreInst = "TAddSub">   --->   Core 10 'TAddSub' <Latency = 0> <II = 1> <Delay = 1.34> <IPBlock> <Opcode : '' 'add' 'sub'> <InPorts = 3> <OutPorts = 1> <Sync> <CReg>
ST_2 : Operation 47 [1/1] (0.00ns)   --->   "%zext_ln17_4 = zext i10 %add_ln17_2" [CNN/src/utils.cpp:17->CNN/src/cnn.cpp:69]   --->   Operation 47 'zext' 'zext_ln17_4' <Predicate = true> <Delay = 0.00>
ST_2 : Operation 48 [1/1] (0.00ns)   --->   "%img_in_addr = getelementptr i32 %img_in, i64 0, i64 %zext_ln17_4" [CNN/src/utils.cpp:17->CNN/src/cnn.cpp:69]   --->   Operation 48 'getelementptr' 'img_in_addr' <Predicate = true> <Delay = 0.00>
ST_2 : Operation 49 [2/2] (2.41ns)   --->   "%img_in_load = load i10 %img_in_addr" [CNN/src/utils.cpp:17->CNN/src/cnn.cpp:69]   --->   Operation 49 'load' 'img_in_load' <Predicate = true> <Delay = 2.41> <CoreInst = "RAM">   --->   Core 82 'RAM' <Latency = 1> <II = 1> <Delay = 2.41> <Storage> <Opcode : 'load' 'store'> <Ports = 2> <Width = 32> <Depth = 784> <RAM>

State 3 <SV = 2> <Delay = 2.41>
ST_3 : Operation 50 [1/2] (2.41ns)   --->   "%img_in_load = load i10 %img_in_addr" [CNN/src/utils.cpp:17->CNN/src/cnn.cpp:69]   --->   Operation 50 'load' 'img_in_load' <Predicate = true> <Delay = 2.41> <CoreInst = "RAM">   --->   Core 82 'RAM' <Latency = 1> <II = 1> <Delay = 2.41> <Storage> <Opcode : 'load' 'store'> <Ports = 2> <Width = 32> <Depth = 784> <RAM>

State 4 <SV = 3> <Delay = 5.95>
ST_4 : Operation 51 [1/1] (0.00ns)   --->   "%bitcast_ln17 = bitcast i32 %img_in_load" [CNN/src/utils.cpp:17->CNN/src/cnn.cpp:69]   --->   Operation 51 'bitcast' 'bitcast_ln17' <Predicate = true> <Delay = 0.00>
ST_4 : Operation 52 [12/12] (5.95ns)   --->   "%conv7_i = fdiv i32 %bitcast_ln17, i32 255" [CNN/src/utils.cpp:17->CNN/src/cnn.cpp:69]   --->   Operation 52 'fdiv' 'conv7_i' <Predicate = true> <Delay = 5.95> <CoreInst = "FDiv">   --->   Core 20 'FDiv' <Latency = 11> <II = 1> <Delay = 5.95> <FuncUnit> <Opcode : 'fdiv' 'frem'> <InPorts = 2> <OutPorts = 1>

State 5 <SV = 4> <Delay = 5.95>
ST_5 : Operation 53 [11/12] (5.95ns)   --->   "%conv7_i = fdiv i32 %bitcast_ln17, i32 255" [CNN/src/utils.cpp:17->CNN/src/cnn.cpp:69]   --->   Operation 53 'fdiv' 'conv7_i' <Predicate = true> <Delay = 5.95> <CoreInst = "FDiv">   --->   Core 20 'FDiv' <Latency = 11> <II = 1> <Delay = 5.95> <FuncUnit> <Opcode : 'fdiv' 'frem'> <InPorts = 2> <OutPorts = 1>

State 6 <SV = 5> <Delay = 5.95>
ST_6 : Operation 54 [10/12] (5.95ns)   --->   "%conv7_i = fdiv i32 %bitcast_ln17, i32 255" [CNN/src/utils.cpp:17->CNN/src/cnn.cpp:69]   --->   Operation 54 'fdiv' 'conv7_i' <Predicate = true> <Delay = 5.95> <CoreInst = "FDiv">   --->   Core 20 'FDiv' <Latency = 11> <II = 1> <Delay = 5.95> <FuncUnit> <Opcode : 'fdiv' 'frem'> <InPorts = 2> <OutPorts = 1>

State 7 <SV = 6> <Delay = 5.95>
ST_7 : Operation 55 [9/12] (5.95ns)   --->   "%conv7_i = fdiv i32 %bitcast_ln17, i32 255" [CNN/src/utils.cpp:17->CNN/src/cnn.cpp:69]   --->   Operation 55 'fdiv' 'conv7_i' <Predicate = true> <Delay = 5.95> <CoreInst = "FDiv">   --->   Core 20 'FDiv' <Latency = 11> <II = 1> <Delay = 5.95> <FuncUnit> <Opcode : 'fdiv' 'frem'> <InPorts = 2> <OutPorts = 1>

State 8 <SV = 7> <Delay = 5.95>
ST_8 : Operation 56 [8/12] (5.95ns)   --->   "%conv7_i = fdiv i32 %bitcast_ln17, i32 255" [CNN/src/utils.cpp:17->CNN/src/cnn.cpp:69]   --->   Operation 56 'fdiv' 'conv7_i' <Predicate = true> <Delay = 5.95> <CoreInst = "FDiv">   --->   Core 20 'FDiv' <Latency = 11> <II = 1> <Delay = 5.95> <FuncUnit> <Opcode : 'fdiv' 'frem'> <InPorts = 2> <OutPorts = 1>

State 9 <SV = 8> <Delay = 5.95>
ST_9 : Operation 57 [7/12] (5.95ns)   --->   "%conv7_i = fdiv i32 %bitcast_ln17, i32 255" [CNN/src/utils.cpp:17->CNN/src/cnn.cpp:69]   --->   Operation 57 'fdiv' 'conv7_i' <Predicate = true> <Delay = 5.95> <CoreInst = "FDiv">   --->   Core 20 'FDiv' <Latency = 11> <II = 1> <Delay = 5.95> <FuncUnit> <Opcode : 'fdiv' 'frem'> <InPorts = 2> <OutPorts = 1>

State 10 <SV = 9> <Delay = 5.95>
ST_10 : Operation 58 [6/12] (5.95ns)   --->   "%conv7_i = fdiv i32 %bitcast_ln17, i32 255" [CNN/src/utils.cpp:17->CNN/src/cnn.cpp:69]   --->   Operation 58 'fdiv' 'conv7_i' <Predicate = true> <Delay = 5.95> <CoreInst = "FDiv">   --->   Core 20 'FDiv' <Latency = 11> <II = 1> <Delay = 5.95> <FuncUnit> <Opcode : 'fdiv' 'frem'> <InPorts = 2> <OutPorts = 1>

State 11 <SV = 10> <Delay = 5.95>
ST_11 : Operation 59 [5/12] (5.95ns)   --->   "%conv7_i = fdiv i32 %bitcast_ln17, i32 255" [CNN/src/utils.cpp:17->CNN/src/cnn.cpp:69]   --->   Operation 59 'fdiv' 'conv7_i' <Predicate = true> <Delay = 5.95> <CoreInst = "FDiv">   --->   Core 20 'FDiv' <Latency = 11> <II = 1> <Delay = 5.95> <FuncUnit> <Opcode : 'fdiv' 'frem'> <InPorts = 2> <OutPorts = 1>

State 12 <SV = 11> <Delay = 5.95>
ST_12 : Operation 60 [4/12] (5.95ns)   --->   "%conv7_i = fdiv i32 %bitcast_ln17, i32 255" [CNN/src/utils.cpp:17->CNN/src/cnn.cpp:69]   --->   Operation 60 'fdiv' 'conv7_i' <Predicate = true> <Delay = 5.95> <CoreInst = "FDiv">   --->   Core 20 'FDiv' <Latency = 11> <II = 1> <Delay = 5.95> <FuncUnit> <Opcode : 'fdiv' 'frem'> <InPorts = 2> <OutPorts = 1>

State 13 <SV = 12> <Delay = 5.95>
ST_13 : Operation 61 [3/12] (5.95ns)   --->   "%conv7_i = fdiv i32 %bitcast_ln17, i32 255" [CNN/src/utils.cpp:17->CNN/src/cnn.cpp:69]   --->   Operation 61 'fdiv' 'conv7_i' <Predicate = true> <Delay = 5.95> <CoreInst = "FDiv">   --->   Core 20 'FDiv' <Latency = 11> <II = 1> <Delay = 5.95> <FuncUnit> <Opcode : 'fdiv' 'frem'> <InPorts = 2> <OutPorts = 1>

State 14 <SV = 13> <Delay = 5.95>
ST_14 : Operation 62 [2/12] (5.95ns)   --->   "%conv7_i = fdiv i32 %bitcast_ln17, i32 255" [CNN/src/utils.cpp:17->CNN/src/cnn.cpp:69]   --->   Operation 62 'fdiv' 'conv7_i' <Predicate = true> <Delay = 5.95> <CoreInst = "FDiv">   --->   Core 20 'FDiv' <Latency = 11> <II = 1> <Delay = 5.95> <FuncUnit> <Opcode : 'fdiv' 'frem'> <InPorts = 2> <OutPorts = 1>

State 15 <SV = 14> <Delay = 5.95>
ST_15 : Operation 63 [1/12] (5.95ns)   --->   "%conv7_i = fdiv i32 %bitcast_ln17, i32 255" [CNN/src/utils.cpp:17->CNN/src/cnn.cpp:69]   --->   Operation 63 'fdiv' 'conv7_i' <Predicate = true> <Delay = 5.95> <CoreInst = "FDiv">   --->   Core 20 'FDiv' <Latency = 11> <II = 1> <Delay = 5.95> <FuncUnit> <Opcode : 'fdiv' 'frem'> <InPorts = 2> <OutPorts = 1>
ST_15 : Operation 80 [1/1] (0.00ns)   --->   "%ret_ln0 = ret"   --->   Operation 80 'ret' 'ret_ln0' <Predicate = (icmp_ln11)> <Delay = 0.00>

State 16 <SV = 15> <Delay = 6.59>
ST_16 : Operation 64 [1/1] (0.00ns)   --->   "%specloopname_ln0 = specloopname void @_ssdm_op_SpecLoopName, void @pad_for_rows_pad_for_cols_str"   --->   Operation 64 'specloopname' 'specloopname_ln0' <Predicate = true> <Delay = 0.00>
ST_16 : Operation 65 [1/1] (0.00ns)   --->   "%speclooptripcount_ln0 = speclooptripcount void @_ssdm_op_SpecLoopTripCount, i64 784, i64 784, i64 784"   --->   Operation 65 'speclooptripcount' 'speclooptripcount_ln0' <Predicate = true> <Delay = 0.00>
ST_16 : Operation 66 [1/1] (1.46ns)   --->   "%empty = add i5 %select_ln11_1, i5 3" [CNN/src/utils.cpp:11->CNN/src/cnn.cpp:69]   --->   Operation 66 'add' 'empty' <Predicate = true> <Delay = 1.46> <CoreInst = "Adder">   --->   Core 1 'Adder' <Latency = 0> <II = 1> <Delay = 1.46> <FuncUnit> <Opcode : 'add' 'sub'> <InPorts = 2> <OutPorts = 1>
ST_16 : Operation 67 [1/1] (0.00ns)   --->   "%tmp_372 = bitconcatenate i10 @_ssdm_op_BitConcatenate.i10.i5.i5, i5 %empty, i5 0" [CNN/src/utils.cpp:17->CNN/src/cnn.cpp:69]   --->   Operation 67 'bitconcatenate' 'tmp_372' <Predicate = true> <Delay = 0.00>
ST_16 : Operation 68 [1/1] (0.00ns)   --->   "%zext_ln17_1 = zext i10 %tmp_372" [CNN/src/utils.cpp:17->CNN/src/cnn.cpp:69]   --->   Operation 68 'zext' 'zext_ln17_1' <Predicate = true> <Delay = 0.00>
ST_16 : Operation 69 [1/1] (0.00ns)   --->   "%tmp_373 = bitconcatenate i6 @_ssdm_op_BitConcatenate.i6.i5.i1, i5 %empty, i1 0" [CNN/src/utils.cpp:17->CNN/src/cnn.cpp:69]   --->   Operation 69 'bitconcatenate' 'tmp_373' <Predicate = true> <Delay = 0.00>
ST_16 : Operation 70 [1/1] (0.00ns)   --->   "%zext_ln17_2 = zext i6 %tmp_373" [CNN/src/utils.cpp:17->CNN/src/cnn.cpp:69]   --->   Operation 70 'zext' 'zext_ln17_2' <Predicate = true> <Delay = 0.00>
ST_16 : Operation 71 [1/1] (0.00ns) (grouped into TernaryAdder)   --->   "%add_ln17_1 = add i11 %zext_ln17_1, i11 %zext_ln17_2" [CNN/src/utils.cpp:17->CNN/src/cnn.cpp:69]   --->   Operation 71 'add' 'add_ln17_1' <Predicate = true> <Delay = 0.00> <CoreInst = "TAddSub">   --->   Core 10 'TAddSub' <Latency = 0> <II = 1> <Delay = 1.34> <IPBlock> <Opcode : '' 'add' 'sub'> <InPorts = 3> <OutPorts = 1> <Sync> <CReg>
ST_16 : Operation 72 [1/1] (0.00ns)   --->   "%specpipeline_ln13 = specpipeline void @_ssdm_op_SpecPipeline, i32 4294967295, i32 0, i32 0, i32 0, void @empty_1" [CNN/src/utils.cpp:13->CNN/src/cnn.cpp:69]   --->   Operation 72 'specpipeline' 'specpipeline_ln13' <Predicate = true> <Delay = 0.00>
ST_16 : Operation 73 [1/1] (1.46ns)   --->   "%add_ln17 = add i5 %select_ln11, i5 3" [CNN/src/utils.cpp:17->CNN/src/cnn.cpp:69]   --->   Operation 73 'add' 'add_ln17' <Predicate = true> <Delay = 1.46> <CoreInst = "Adder">   --->   Core 1 'Adder' <Latency = 0> <II = 1> <Delay = 1.46> <FuncUnit> <Opcode : 'add' 'sub'> <InPorts = 2> <OutPorts = 1>
ST_16 : Operation 74 [1/1] (0.00ns)   --->   "%zext_ln17_5 = zext i5 %add_ln17" [CNN/src/utils.cpp:17->CNN/src/cnn.cpp:69]   --->   Operation 74 'zext' 'zext_ln17_5' <Predicate = true> <Delay = 0.00>
ST_16 : Operation 75 [1/1] (2.71ns) (root node of TernaryAdder)   --->   "%add_ln17_3 = add i11 %add_ln17_1, i11 %zext_ln17_5" [CNN/src/utils.cpp:17->CNN/src/cnn.cpp:69]   --->   Operation 75 'add' 'add_ln17_3' <Predicate = true> <Delay = 2.71> <CoreInst = "TAddSub">   --->   Core 10 'TAddSub' <Latency = 0> <II = 1> <Delay = 1.34> <IPBlock> <Opcode : '' 'add' 'sub'> <InPorts = 3> <OutPorts = 1> <Sync> <CReg>
ST_16 : Operation 76 [1/1] (0.00ns)   --->   "%zext_ln17_6 = zext i11 %add_ln17_3" [CNN/src/utils.cpp:17->CNN/src/cnn.cpp:69]   --->   Operation 76 'zext' 'zext_ln17_6' <Predicate = true> <Delay = 0.00>
ST_16 : Operation 77 [1/1] (0.00ns)   --->   "%pad_img0_addr = getelementptr i32 %pad_img0, i64 0, i64 %zext_ln17_6" [CNN/src/utils.cpp:17->CNN/src/cnn.cpp:69]   --->   Operation 77 'getelementptr' 'pad_img0_addr' <Predicate = true> <Delay = 0.00>
ST_16 : Operation 78 [1/1] (2.41ns)   --->   "%store_ln17 = store i32 %conv7_i, i11 %pad_img0_addr" [CNN/src/utils.cpp:17->CNN/src/cnn.cpp:69]   --->   Operation 78 'store' 'store_ln17' <Predicate = true> <Delay = 2.41> <CoreInst = "RAM">   --->   Core 82 'RAM' <Latency = 1> <II = 1> <Delay = 2.41> <Storage> <Opcode : 'load' 'store'> <Ports = 2> <Width = 32> <Depth = 1156> <RAM>
ST_16 : Operation 79 [1/1] (0.00ns)   --->   "%br_ln13 = br void %for.inc.i" [CNN/src/utils.cpp:13->CNN/src/cnn.cpp:69]   --->   Operation 79 'br' 'br_ln13' <Predicate = true> <Delay = 0.00>


============================================================
+ Verbose Summary: Binding
============================================================
STG Binding: 
---------------- STG Properties BEGIN ----------------
- Is combinational: 0
- Is one-state seq: 0
- Is datapath-only: 0
- Is pipelined: 0
- Is top level: 0
Port [ Return ] is wired: 1; IO mode=ap_ctrl_hs:ce=0
Port [ img_in]:  wired=1; compound=1; hidden=0; nouse=0; global=0; static=0; extern=0; dir=0; type=1; pingpong=0; private_global=0; MemPort=[13]; IO mode=ap_memory:ce=0
Port [ pad_img0]:  wired=1; compound=1; hidden=0; nouse=0; global=0; static=0; extern=0; dir=1; type=1; pingpong=0; private_global=0; MemPort=[03]; IO mode=ap_memory:ce=0
---------------- STG Properties END ------------------

---------------- Datapath Model BEGIN ----------------

<LifeTime>
<method=bitvector/>
c                     (alloca           ) [ 01000000000000000]
r                     (alloca           ) [ 01000000000000000]
indvar_flatten        (alloca           ) [ 01000000000000000]
specinterface_ln0     (specinterface    ) [ 00000000000000000]
store_ln0             (store            ) [ 00000000000000000]
store_ln11            (store            ) [ 00000000000000000]
store_ln13            (store            ) [ 00000000000000000]
br_ln0                (br               ) [ 00000000000000000]
indvar_flatten_load   (load             ) [ 00000000000000000]
icmp_ln11             (icmp             ) [ 01111111111111110]
add_ln11_1            (add              ) [ 00000000000000000]
br_ln11               (br               ) [ 00000000000000000]
c_load                (load             ) [ 00000000000000000]
r_load                (load             ) [ 00000000000000000]
add_ln11              (add              ) [ 00000000000000000]
icmp_ln13             (icmp             ) [ 00000000000000000]
select_ln11           (select           ) [ 01111111111111111]
select_ln11_1         (select           ) [ 01111111111111111]
add_ln13              (add              ) [ 00000000000000000]
store_ln11            (store            ) [ 00000000000000000]
store_ln11            (store            ) [ 00000000000000000]
store_ln13            (store            ) [ 00000000000000000]
tmp                   (bitconcatenate   ) [ 00000000000000000]
tmp_s                 (bitconcatenate   ) [ 00000000000000000]
zext_ln17             (zext             ) [ 00000000000000000]
sub_ln17              (sub              ) [ 00000000000000000]
zext_ln17_3           (zext             ) [ 00000000000000000]
add_ln17_2            (add              ) [ 00000000000000000]
zext_ln17_4           (zext             ) [ 00000000000000000]
img_in_addr           (getelementptr    ) [ 01010000000000000]
img_in_load           (load             ) [ 01001000000000000]
bitcast_ln17          (bitcast          ) [ 01000111111111110]
conv7_i               (fdiv             ) [ 01000000000000001]
specloopname_ln0      (specloopname     ) [ 00000000000000000]
speclooptripcount_ln0 (speclooptripcount) [ 00000000000000000]
empty                 (add              ) [ 00000000000000000]
tmp_372               (bitconcatenate   ) [ 00000000000000000]
zext_ln17_1           (zext             ) [ 00000000000000000]
tmp_373               (bitconcatenate   ) [ 00000000000000000]
zext_ln17_2           (zext             ) [ 00000000000000000]
add_ln17_1            (add              ) [ 00000000000000000]
specpipeline_ln13     (specpipeline     ) [ 00000000000000000]
add_ln17              (add              ) [ 00000000000000000]
zext_ln17_5           (zext             ) [ 00000000000000000]
add_ln17_3            (add              ) [ 00000000000000000]
zext_ln17_6           (zext             ) [ 00000000000000000]
pad_img0_addr         (getelementptr    ) [ 00000000000000000]
store_ln17            (store            ) [ 00000000000000000]
br_ln13               (br               ) [ 00000000000000000]
ret_ln0               (ret              ) [ 00000000000000000]
</LifeTime>

<model>

<comp_list>
<comp id="0" class="1000" name="img_in">
<pin_list>
<pin id="1" dir="1" index="0" bw="1" slack="0"/>
</pin_list>
<bind>
<StgValue><ssdm name="img_in"/><MemPortTyVec>1 3 </MemPortTyVec>
</StgValue>
</bind>
</comp>

<comp id="2" class="1000" name="pad_img0">
<pin_list>
<pin id="3" dir="1" index="0" bw="1" slack="0"/>
</pin_list>
<bind>
<StgValue><ssdm name="pad_img0"/><MemPortTyVec>0 3 </MemPortTyVec>
</StgValue>
</bind>
</comp>

<comp id="4" class="1001" name="const_4">
<pin_list>
<pin id="5" dir="1" index="0" bw="1" slack="0"/>
</pin_list>
<bind>
<StgValue><ssdm name=""/></StgValue>
</bind>
</comp>

<comp id="6" class="1001" name="const_6">
<pin_list>
<pin id="7" dir="1" index="0" bw="1" slack="2147483647"/>
</pin_list>
<bind>
<StgValue><ssdm name="_ssdm_op_SpecInterface"/></StgValue>
</bind>
</comp>

<comp id="8" class="1001" name="const_8">
<pin_list>
<pin id="9" dir="1" index="0" bw="1" slack="2147483647"/>
</pin_list>
<bind>
<StgValue><ssdm name="empty_3"/></StgValue>
</bind>
</comp>

<comp id="10" class="1001" name="const_10">
<pin_list>
<pin id="11" dir="1" index="0" bw="1" slack="2147483647"/>
</pin_list>
<bind>
<StgValue><ssdm name=""/></StgValue>
</bind>
</comp>

<comp id="12" class="1001" name="const_12">
<pin_list>
<pin id="13" dir="1" index="0" bw="1" slack="2147483647"/>
</pin_list>
<bind>
<StgValue><ssdm name="empty_1"/></StgValue>
</bind>
</comp>

<comp id="14" class="1001" name="const_14">
<pin_list>
<pin id="15" dir="1" index="0" bw="1" slack="2147483647"/>
</pin_list>
<bind>
<StgValue><ssdm name=""/></StgValue>
</bind>
</comp>

<comp id="16" class="1001" name="const_16">
<pin_list>
<pin id="17" dir="1" index="0" bw="1" slack="0"/>
</pin_list>
<bind>
<StgValue><ssdm name=""/></StgValue>
</bind>
</comp>

<comp id="18" class="1001" name="const_18">
<pin_list>
<pin id="19" dir="1" index="0" bw="1" slack="0"/>
</pin_list>
<bind>
<StgValue><ssdm name=""/></StgValue>
</bind>
</comp>

<comp id="20" class="1001" name="const_20">
<pin_list>
<pin id="21" dir="1" index="0" bw="1" slack="0"/>
</pin_list>
<bind>
<StgValue><ssdm name=""/></StgValue>
</bind>
</comp>

<comp id="22" class="1001" name="const_22">
<pin_list>
<pin id="23" dir="1" index="0" bw="1" slack="0"/>
</pin_list>
<bind>
<StgValue><ssdm name=""/></StgValue>
</bind>
</comp>

<comp id="24" class="1001" name="const_24">
<pin_list>
<pin id="25" dir="1" index="0" bw="1" slack="0"/>
</pin_list>
<bind>
<StgValue><ssdm name=""/></StgValue>
</bind>
</comp>

<comp id="26" class="1001" name="const_26">
<pin_list>
<pin id="27" dir="1" index="0" bw="1" slack="0"/>
</pin_list>
<bind>
<StgValue><ssdm name=""/></StgValue>
</bind>
</comp>

<comp id="28" class="1001" name="const_28">
<pin_list>
<pin id="29" dir="1" index="0" bw="1" slack="0"/>
</pin_list>
<bind>
<StgValue><ssdm name="_ssdm_op_BitConcatenate.i10.i5.i5"/></StgValue>
</bind>
</comp>

<comp id="30" class="1001" name="const_30">
<pin_list>
<pin id="31" dir="1" index="0" bw="1" slack="0"/>
</pin_list>
<bind>
<StgValue><ssdm name="_ssdm_op_BitConcatenate.i7.i5.i2"/></StgValue>
</bind>
</comp>

<comp id="32" class="1001" name="const_32">
<pin_list>
<pin id="33" dir="1" index="0" bw="1" slack="0"/>
</pin_list>
<bind>
<StgValue><ssdm name=""/></StgValue>
</bind>
</comp>

<comp id="34" class="1001" name="const_34">
<pin_list>
<pin id="35" dir="1" index="0" bw="1" slack="0"/>
</pin_list>
<bind>
<StgValue><ssdm name=""/></StgValue>
</bind>
</comp>

<comp id="36" class="1001" name="const_36">
<pin_list>
<pin id="37" dir="1" index="0" bw="1" slack="0"/>
</pin_list>
<bind>
<StgValue><ssdm name=""/></StgValue>
</bind>
</comp>

<comp id="38" class="1001" name="const_38">
<pin_list>
<pin id="39" dir="1" index="0" bw="1" slack="2147483647"/>
</pin_list>
<bind>
<StgValue><ssdm name="_ssdm_op_SpecLoopName"/></StgValue>
</bind>
</comp>

<comp id="40" class="1001" name="const_40">
<pin_list>
<pin id="41" dir="1" index="0" bw="1" slack="2147483647"/>
</pin_list>
<bind>
<StgValue><ssdm name="pad_for_rows_pad_for_cols_str"/></StgValue>
</bind>
</comp>

<comp id="42" class="1001" name="const_42">
<pin_list>
<pin id="43" dir="1" index="0" bw="1" slack="2147483647"/>
</pin_list>
<bind>
<StgValue><ssdm name="_ssdm_op_SpecLoopTripCount"/></StgValue>
</bind>
</comp>

<comp id="44" class="1001" name="const_44">
<pin_list>
<pin id="45" dir="1" index="0" bw="1" slack="2147483647"/>
</pin_list>
<bind>
<StgValue><ssdm name=""/></StgValue>
</bind>
</comp>

<comp id="46" class="1001" name="const_46">
<pin_list>
<pin id="47" dir="1" index="0" bw="1" slack="0"/>
</pin_list>
<bind>
<StgValue><ssdm name=""/></StgValue>
</bind>
</comp>

<comp id="48" class="1001" name="const_48">
<pin_list>
<pin id="49" dir="1" index="0" bw="1" slack="0"/>
</pin_list>
<bind>
<StgValue><ssdm name="_ssdm_op_BitConcatenate.i6.i5.i1"/></StgValue>
</bind>
</comp>

<comp id="50" class="1001" name="const_50">
<pin_list>
<pin id="51" dir="1" index="0" bw="1" slack="0"/>
</pin_list>
<bind>
<StgValue><ssdm name=""/></StgValue>
</bind>
</comp>

<comp id="52" class="1001" name="const_52">
<pin_list>
<pin id="53" dir="1" index="0" bw="1" slack="2147483647"/>
</pin_list>
<bind>
<StgValue><ssdm name="_ssdm_op_SpecPipeline"/></StgValue>
</bind>
</comp>

<comp id="54" class="1004" name="c_fu_54">
<pin_list>
<pin id="55" dir="0" index="0" bw="1" slack="0"/>
<pin id="56" dir="1" index="1" bw="5" slack="0"/>
</pin_list>
<bind>
<opcode="alloca(26) " fcode="alloca"/>
<opset="c/1 "/>
</bind>
</comp>

<comp id="58" class="1004" name="r_fu_58">
<pin_list>
<pin id="59" dir="0" index="0" bw="1" slack="0"/>
<pin id="60" dir="1" index="1" bw="5" slack="0"/>
</pin_list>
<bind>
<opcode="alloca(26) " fcode="alloca"/>
<opset="r/1 "/>
</bind>
</comp>

<comp id="62" class="1004" name="indvar_flatten_fu_62">
<pin_list>
<pin id="63" dir="0" index="0" bw="1" slack="0"/>
<pin id="64" dir="1" index="1" bw="10" slack="0"/>
</pin_list>
<bind>
<opcode="alloca(26) " fcode="alloca"/>
<opset="indvar_flatten/1 "/>
</bind>
</comp>

<comp id="66" class="1004" name="img_in_addr_gep_fu_66">
<pin_list>
<pin id="67" dir="0" index="0" bw="32" slack="0"/>
<pin id="68" dir="0" index="1" bw="1" slack="0"/>
<pin id="69" dir="0" index="2" bw="10" slack="0"/>
<pin id="70" dir="1" index="3" bw="10" slack="0"/>
</pin_list>
<bind>
<opcode="getelementptr(29) " fcode="getelementptr"/>
<opset="img_in_addr/2 "/>
</bind>
</comp>

<comp id="73" class="1004" name="grp_access_fu_73">
<pin_list>
<pin id="74" dir="0" index="0" bw="10" slack="0"/>
<pin id="75" dir="0" index="1" bw="32" slack="2147483647"/>
<pin id="76" dir="0" index="2" bw="0" slack="2147483647"/>
<pin id="77" dir="1" index="3" bw="32" slack="1"/>
</pin_list>
<bind>
<opcode="load(27) " fcode="load"/>
<opset="img_in_load/2 "/>
</bind>
</comp>

<comp id="79" class="1004" name="pad_img0_addr_gep_fu_79">
<pin_list>
<pin id="80" dir="0" index="0" bw="32" slack="0"/>
<pin id="81" dir="0" index="1" bw="1" slack="0"/>
<pin id="82" dir="0" index="2" bw="11" slack="0"/>
<pin id="83" dir="1" index="3" bw="11" slack="0"/>
</pin_list>
<bind>
<opcode="getelementptr(29) " fcode="getelementptr"/>
<opset="pad_img0_addr/16 "/>
</bind>
</comp>

<comp id="86" class="1004" name="store_ln17_access_fu_86">
<pin_list>
<pin id="87" dir="0" index="0" bw="11" slack="0"/>
<pin id="88" dir="0" index="1" bw="32" slack="1"/>
<pin id="89" dir="0" index="2" bw="0" slack="2147483647"/>
<pin id="90" dir="1" index="3" bw="32" slack="2147483647"/>
</pin_list>
<bind>
<opcode="store(28) " fcode="store"/>
<opset="store_ln17/16 "/>
</bind>
</comp>

<comp id="92" class="1004" name="grp_fu_92">
<pin_list>
<pin id="93" dir="0" index="0" bw="32" slack="0"/>
<pin id="94" dir="0" index="1" bw="32" slack="0"/>
<pin id="95" dir="1" index="2" bw="32" slack="1"/>
</pin_list>
<bind>
<opcode="fdiv(16) " fcode="fdiv"/>
<opset="conv7_i/4 "/>
</bind>
</comp>

<comp id="97" class="1004" name="store_ln0_store_fu_97">
<pin_list>
<pin id="98" dir="0" index="0" bw="1" slack="0"/>
<pin id="99" dir="0" index="1" bw="10" slack="0"/>
<pin id="100" dir="1" index="2" bw="0" slack="2147483647"/>
</pin_list>
<bind>
<opcode="store(28) " fcode="store"/>
<opset="store_ln0/1 "/>
</bind>
</comp>

<comp id="102" class="1004" name="store_ln11_store_fu_102">
<pin_list>
<pin id="103" dir="0" index="0" bw="1" slack="0"/>
<pin id="104" dir="0" index="1" bw="5" slack="0"/>
<pin id="105" dir="1" index="2" bw="0" slack="2147483647"/>
</pin_list>
<bind>
<opcode="store(28) " fcode="store"/>
<opset="store_ln11/1 "/>
</bind>
</comp>

<comp id="107" class="1004" name="store_ln13_store_fu_107">
<pin_list>
<pin id="108" dir="0" index="0" bw="1" slack="0"/>
<pin id="109" dir="0" index="1" bw="5" slack="0"/>
<pin id="110" dir="1" index="2" bw="0" slack="2147483647"/>
</pin_list>
<bind>
<opcode="store(28) " fcode="store"/>
<opset="store_ln13/1 "/>
</bind>
</comp>

<comp id="112" class="1004" name="indvar_flatten_load_load_fu_112">
<pin_list>
<pin id="113" dir="0" index="0" bw="10" slack="0"/>
<pin id="114" dir="1" index="1" bw="10" slack="0"/>
</pin_list>
<bind>
<opcode="load(27) " fcode="load"/>
<opset="indvar_flatten_load/1 "/>
</bind>
</comp>

<comp id="115" class="1004" name="icmp_ln11_fu_115">
<pin_list>
<pin id="116" dir="0" index="0" bw="10" slack="0"/>
<pin id="117" dir="0" index="1" bw="10" slack="0"/>
<pin id="118" dir="1" index="2" bw="1" slack="14"/>
</pin_list>
<bind>
<opcode="icmp(45) " fcode="icmp"/>
<opset="icmp_ln11/1 "/>
</bind>
</comp>

<comp id="121" class="1004" name="add_ln11_1_fu_121">
<pin_list>
<pin id="122" dir="0" index="0" bw="10" slack="0"/>
<pin id="123" dir="0" index="1" bw="1" slack="0"/>
<pin id="124" dir="1" index="2" bw="10" slack="0"/>
</pin_list>
<bind>
<opcode="add(8) " fcode="add"/>
<opset="add_ln11_1/1 "/>
</bind>
</comp>

<comp id="127" class="1004" name="c_load_load_fu_127">
<pin_list>
<pin id="128" dir="0" index="0" bw="5" slack="0"/>
<pin id="129" dir="1" index="1" bw="5" slack="0"/>
</pin_list>
<bind>
<opcode="load(27) " fcode="load"/>
<opset="c_load/1 "/>
</bind>
</comp>

<comp id="130" class="1004" name="r_load_load_fu_130">
<pin_list>
<pin id="131" dir="0" index="0" bw="5" slack="0"/>
<pin id="132" dir="1" index="1" bw="5" slack="0"/>
</pin_list>
<bind>
<opcode="load(27) " fcode="load"/>
<opset="r_load/1 "/>
</bind>
</comp>

<comp id="133" class="1004" name="add_ln11_fu_133">
<pin_list>
<pin id="134" dir="0" index="0" bw="5" slack="0"/>
<pin id="135" dir="0" index="1" bw="1" slack="0"/>
<pin id="136" dir="1" index="2" bw="5" slack="0"/>
</pin_list>
<bind>
<opcode="add(8) " fcode="add"/>
<opset="add_ln11/1 "/>
</bind>
</comp>

<comp id="139" class="1004" name="icmp_ln13_fu_139">
<pin_list>
<pin id="140" dir="0" index="0" bw="5" slack="0"/>
<pin id="141" dir="0" index="1" bw="5" slack="0"/>
<pin id="142" dir="1" index="2" bw="1" slack="0"/>
</pin_list>
<bind>
<opcode="icmp(45) " fcode="icmp"/>
<opset="icmp_ln13/1 "/>
</bind>
</comp>

<comp id="145" class="1004" name="select_ln11_fu_145">
<pin_list>
<pin id="146" dir="0" index="0" bw="1" slack="0"/>
<pin id="147" dir="0" index="1" bw="5" slack="0"/>
<pin id="148" dir="0" index="2" bw="5" slack="0"/>
<pin id="149" dir="1" index="3" bw="5" slack="0"/>
</pin_list>
<bind>
<opcode="select(49) " fcode="select"/>
<opset="select_ln11/1 "/>
</bind>
</comp>

<comp id="153" class="1004" name="select_ln11_1_fu_153">
<pin_list>
<pin id="154" dir="0" index="0" bw="1" slack="0"/>
<pin id="155" dir="0" index="1" bw="5" slack="0"/>
<pin id="156" dir="0" index="2" bw="5" slack="0"/>
<pin id="157" dir="1" index="3" bw="5" slack="0"/>
</pin_list>
<bind>
<opcode="select(49) " fcode="select"/>
<opset="select_ln11_1/1 "/>
</bind>
</comp>

<comp id="161" class="1004" name="add_ln13_fu_161">
<pin_list>
<pin id="162" dir="0" index="0" bw="5" slack="0"/>
<pin id="163" dir="0" index="1" bw="1" slack="0"/>
<pin id="164" dir="1" index="2" bw="5" slack="0"/>
</pin_list>
<bind>
<opcode="add(8) " fcode="add"/>
<opset="add_ln13/1 "/>
</bind>
</comp>

<comp id="167" class="1004" name="store_ln11_store_fu_167">
<pin_list>
<pin id="168" dir="0" index="0" bw="10" slack="0"/>
<pin id="169" dir="0" index="1" bw="10" slack="0"/>
<pin id="170" dir="1" index="2" bw="0" slack="2147483647"/>
</pin_list>
<bind>
<opcode="store(28) " fcode="store"/>
<opset="store_ln11/1 "/>
</bind>
</comp>

<comp id="172" class="1004" name="store_ln11_store_fu_172">
<pin_list>
<pin id="173" dir="0" index="0" bw="5" slack="0"/>
<pin id="174" dir="0" index="1" bw="5" slack="0"/>
<pin id="175" dir="1" index="2" bw="0" slack="2147483647"/>
</pin_list>
<bind>
<opcode="store(28) " fcode="store"/>
<opset="store_ln11/1 "/>
</bind>
</comp>

<comp id="177" class="1004" name="store_ln13_store_fu_177">
<pin_list>
<pin id="178" dir="0" index="0" bw="5" slack="0"/>
<pin id="179" dir="0" index="1" bw="5" slack="0"/>
<pin id="180" dir="1" index="2" bw="0" slack="2147483647"/>
</pin_list>
<bind>
<opcode="store(28) " fcode="store"/>
<opset="store_ln13/1 "/>
</bind>
</comp>

<comp id="182" class="1004" name="tmp_fu_182">
<pin_list>
<pin id="183" dir="0" index="0" bw="10" slack="0"/>
<pin id="184" dir="0" index="1" bw="5" slack="1"/>
<pin id="185" dir="0" index="2" bw="1" slack="0"/>
<pin id="186" dir="1" index="3" bw="10" slack="0"/>
</pin_list>
<bind>
<opcode="bitconcatenate(1004) " fcode="bitconcatenate"/>
<opset="tmp/2 "/>
</bind>
</comp>

<comp id="189" class="1004" name="tmp_s_fu_189">
<pin_list>
<pin id="190" dir="0" index="0" bw="7" slack="0"/>
<pin id="191" dir="0" index="1" bw="5" slack="1"/>
<pin id="192" dir="0" index="2" bw="1" slack="0"/>
<pin id="193" dir="1" index="3" bw="7" slack="0"/>
</pin_list>
<bind>
<opcode="bitconcatenate(1004) " fcode="bitconcatenate"/>
<opset="tmp_s/2 "/>
</bind>
</comp>

<comp id="196" class="1004" name="zext_ln17_fu_196">
<pin_list>
<pin id="197" dir="0" index="0" bw="7" slack="0"/>
<pin id="198" dir="1" index="1" bw="10" slack="0"/>
</pin_list>
<bind>
<opcode="zext(34) " fcode="zext"/>
<opset="zext_ln17/2 "/>
</bind>
</comp>

<comp id="200" class="1004" name="sub_ln17_fu_200">
<pin_list>
<pin id="201" dir="0" index="0" bw="10" slack="0"/>
<pin id="202" dir="0" index="1" bw="7" slack="0"/>
<pin id="203" dir="1" index="2" bw="10" slack="0"/>
</pin_list>
<bind>
<opcode="sub(10) " fcode="sub"/>
<opset="sub_ln17/2 "/>
</bind>
</comp>

<comp id="206" class="1004" name="zext_ln17_3_fu_206">
<pin_list>
<pin id="207" dir="0" index="0" bw="5" slack="1"/>
<pin id="208" dir="1" index="1" bw="10" slack="0"/>
</pin_list>
<bind>
<opcode="zext(34) " fcode="zext"/>
<opset="zext_ln17_3/2 "/>
</bind>
</comp>

<comp id="209" class="1004" name="add_ln17_2_fu_209">
<pin_list>
<pin id="210" dir="0" index="0" bw="10" slack="0"/>
<pin id="211" dir="0" index="1" bw="5" slack="0"/>
<pin id="212" dir="1" index="2" bw="10" slack="0"/>
</pin_list>
<bind>
<opcode="add(8) " fcode="add"/>
<opset="add_ln17_2/2 "/>
</bind>
</comp>

<comp id="215" class="1004" name="zext_ln17_4_fu_215">
<pin_list>
<pin id="216" dir="0" index="0" bw="10" slack="0"/>
<pin id="217" dir="1" index="1" bw="64" slack="0"/>
</pin_list>
<bind>
<opcode="zext(34) " fcode="zext"/>
<opset="zext_ln17_4/2 "/>
</bind>
</comp>

<comp id="220" class="1004" name="bitcast_ln17_fu_220">
<pin_list>
<pin id="221" dir="0" index="0" bw="32" slack="1"/>
<pin id="222" dir="1" index="1" bw="32" slack="0"/>
</pin_list>
<bind>
<opcode="bitcast(44) " fcode="bitcast"/>
<opset="bitcast_ln17/4 "/>
</bind>
</comp>

<comp id="224" class="1004" name="empty_fu_224">
<pin_list>
<pin id="225" dir="0" index="0" bw="5" slack="15"/>
<pin id="226" dir="0" index="1" bw="3" slack="0"/>
<pin id="227" dir="1" index="2" bw="5" slack="0"/>
</pin_list>
<bind>
<opcode="add(8) " fcode="add"/>
<opset="empty/16 "/>
</bind>
</comp>

<comp id="229" class="1004" name="tmp_372_fu_229">
<pin_list>
<pin id="230" dir="0" index="0" bw="10" slack="0"/>
<pin id="231" dir="0" index="1" bw="5" slack="0"/>
<pin id="232" dir="0" index="2" bw="1" slack="0"/>
<pin id="233" dir="1" index="3" bw="10" slack="0"/>
</pin_list>
<bind>
<opcode="bitconcatenate(1004) " fcode="bitconcatenate"/>
<opset="tmp_372/16 "/>
</bind>
</comp>

<comp id="237" class="1004" name="zext_ln17_1_fu_237">
<pin_list>
<pin id="238" dir="0" index="0" bw="10" slack="0"/>
<pin id="239" dir="1" index="1" bw="11" slack="0"/>
</pin_list>
<bind>
<opcode="zext(34) " fcode="zext"/>
<opset="zext_ln17_1/16 "/>
</bind>
</comp>

<comp id="241" class="1004" name="tmp_373_fu_241">
<pin_list>
<pin id="242" dir="0" index="0" bw="6" slack="0"/>
<pin id="243" dir="0" index="1" bw="5" slack="0"/>
<pin id="244" dir="0" index="2" bw="1" slack="0"/>
<pin id="245" dir="1" index="3" bw="6" slack="0"/>
</pin_list>
<bind>
<opcode="bitconcatenate(1004) " fcode="bitconcatenate"/>
<opset="tmp_373/16 "/>
</bind>
</comp>

<comp id="249" class="1004" name="zext_ln17_2_fu_249">
<pin_list>
<pin id="250" dir="0" index="0" bw="6" slack="0"/>
<pin id="251" dir="1" index="1" bw="11" slack="0"/>
</pin_list>
<bind>
<opcode="zext(34) " fcode="zext"/>
<opset="zext_ln17_2/16 "/>
</bind>
</comp>

<comp id="253" class="1004" name="add_ln17_1_fu_253">
<pin_list>
<pin id="254" dir="0" index="0" bw="10" slack="0"/>
<pin id="255" dir="0" index="1" bw="6" slack="0"/>
<pin id="256" dir="1" index="2" bw="11" slack="0"/>
</pin_list>
<bind>
<opcode="add(8) " fcode="add"/>
<opset="add_ln17_1/16 "/>
</bind>
</comp>

<comp id="259" class="1004" name="add_ln17_fu_259">
<pin_list>
<pin id="260" dir="0" index="0" bw="5" slack="15"/>
<pin id="261" dir="0" index="1" bw="3" slack="0"/>
<pin id="262" dir="1" index="2" bw="5" slack="0"/>
</pin_list>
<bind>
<opcode="add(8) " fcode="add"/>
<opset="add_ln17/16 "/>
</bind>
</comp>

<comp id="264" class="1004" name="zext_ln17_5_fu_264">
<pin_list>
<pin id="265" dir="0" index="0" bw="5" slack="0"/>
<pin id="266" dir="1" index="1" bw="11" slack="0"/>
</pin_list>
<bind>
<opcode="zext(34) " fcode="zext"/>
<opset="zext_ln17_5/16 "/>
</bind>
</comp>

<comp id="268" class="1004" name="add_ln17_3_fu_268">
<pin_list>
<pin id="269" dir="0" index="0" bw="11" slack="0"/>
<pin id="270" dir="0" index="1" bw="5" slack="0"/>
<pin id="271" dir="1" index="2" bw="11" slack="0"/>
</pin_list>
<bind>
<opcode="add(8) " fcode="add"/>
<opset="add_ln17_3/16 "/>
</bind>
</comp>

<comp id="274" class="1004" name="zext_ln17_6_fu_274">
<pin_list>
<pin id="275" dir="0" index="0" bw="11" slack="0"/>
<pin id="276" dir="1" index="1" bw="64" slack="0"/>
</pin_list>
<bind>
<opcode="zext(34) " fcode="zext"/>
<opset="zext_ln17_6/16 "/>
</bind>
</comp>

<comp id="279" class="1005" name="c_reg_279">
<pin_list>
<pin id="280" dir="0" index="0" bw="5" slack="0"/>
<pin id="281" dir="1" index="1" bw="5" slack="0"/>
</pin_list>
<bind>
<opset="c "/>
</bind>
</comp>

<comp id="286" class="1005" name="r_reg_286">
<pin_list>
<pin id="287" dir="0" index="0" bw="5" slack="0"/>
<pin id="288" dir="1" index="1" bw="5" slack="0"/>
</pin_list>
<bind>
<opset="r "/>
</bind>
</comp>

<comp id="293" class="1005" name="indvar_flatten_reg_293">
<pin_list>
<pin id="294" dir="0" index="0" bw="10" slack="0"/>
<pin id="295" dir="1" index="1" bw="10" slack="0"/>
</pin_list>
<bind>
<opset="indvar_flatten "/>
</bind>
</comp>

<comp id="300" class="1005" name="icmp_ln11_reg_300">
<pin_list>
<pin id="301" dir="0" index="0" bw="1" slack="14"/>
<pin id="302" dir="1" index="1" bw="1" slack="2147483647"/>
</pin_list>
<bind>
<opset="icmp_ln11 "/>
</bind>
</comp>

<comp id="304" class="1005" name="select_ln11_reg_304">
<pin_list>
<pin id="305" dir="0" index="0" bw="5" slack="1"/>
<pin id="306" dir="1" index="1" bw="5" slack="1"/>
</pin_list>
<bind>
<opset="select_ln11 "/>
</bind>
</comp>

<comp id="310" class="1005" name="select_ln11_1_reg_310">
<pin_list>
<pin id="311" dir="0" index="0" bw="5" slack="1"/>
<pin id="312" dir="1" index="1" bw="5" slack="1"/>
</pin_list>
<bind>
<opset="select_ln11_1 "/>
</bind>
</comp>

<comp id="317" class="1005" name="img_in_addr_reg_317">
<pin_list>
<pin id="318" dir="0" index="0" bw="10" slack="1"/>
<pin id="319" dir="1" index="1" bw="10" slack="1"/>
</pin_list>
<bind>
<opset="img_in_addr "/>
</bind>
</comp>

<comp id="322" class="1005" name="img_in_load_reg_322">
<pin_list>
<pin id="323" dir="0" index="0" bw="32" slack="1"/>
<pin id="324" dir="1" index="1" bw="32" slack="1"/>
</pin_list>
<bind>
<opset="img_in_load "/>
</bind>
</comp>

<comp id="327" class="1005" name="bitcast_ln17_reg_327">
<pin_list>
<pin id="328" dir="0" index="0" bw="32" slack="1"/>
<pin id="329" dir="1" index="1" bw="32" slack="1"/>
</pin_list>
<bind>
<opset="bitcast_ln17 "/>
</bind>
</comp>

<comp id="332" class="1005" name="conv7_i_reg_332">
<pin_list>
<pin id="333" dir="0" index="0" bw="32" slack="1"/>
<pin id="334" dir="1" index="1" bw="32" slack="1"/>
</pin_list>
<bind>
<opset="conv7_i "/>
</bind>
</comp>

</comp_list>

<net_list>
<net id="57"><net_src comp="4" pin="0"/><net_sink comp="54" pin=0"/></net>

<net id="61"><net_src comp="4" pin="0"/><net_sink comp="58" pin=0"/></net>

<net id="65"><net_src comp="4" pin="0"/><net_sink comp="62" pin=0"/></net>

<net id="71"><net_src comp="0" pin="0"/><net_sink comp="66" pin=0"/></net>

<net id="72"><net_src comp="34" pin="0"/><net_sink comp="66" pin=1"/></net>

<net id="78"><net_src comp="66" pin="3"/><net_sink comp="73" pin=0"/></net>

<net id="84"><net_src comp="2" pin="0"/><net_sink comp="79" pin=0"/></net>

<net id="85"><net_src comp="34" pin="0"/><net_sink comp="79" pin=1"/></net>

<net id="91"><net_src comp="79" pin="3"/><net_sink comp="86" pin=0"/></net>

<net id="96"><net_src comp="36" pin="0"/><net_sink comp="92" pin=1"/></net>

<net id="101"><net_src comp="16" pin="0"/><net_sink comp="97" pin=0"/></net>

<net id="106"><net_src comp="18" pin="0"/><net_sink comp="102" pin=0"/></net>

<net id="111"><net_src comp="18" pin="0"/><net_sink comp="107" pin=0"/></net>

<net id="119"><net_src comp="112" pin="1"/><net_sink comp="115" pin=0"/></net>

<net id="120"><net_src comp="20" pin="0"/><net_sink comp="115" pin=1"/></net>

<net id="125"><net_src comp="112" pin="1"/><net_sink comp="121" pin=0"/></net>

<net id="126"><net_src comp="22" pin="0"/><net_sink comp="121" pin=1"/></net>

<net id="137"><net_src comp="130" pin="1"/><net_sink comp="133" pin=0"/></net>

<net id="138"><net_src comp="24" pin="0"/><net_sink comp="133" pin=1"/></net>

<net id="143"><net_src comp="127" pin="1"/><net_sink comp="139" pin=0"/></net>

<net id="144"><net_src comp="26" pin="0"/><net_sink comp="139" pin=1"/></net>

<net id="150"><net_src comp="139" pin="2"/><net_sink comp="145" pin=0"/></net>

<net id="151"><net_src comp="18" pin="0"/><net_sink comp="145" pin=1"/></net>

<net id="152"><net_src comp="127" pin="1"/><net_sink comp="145" pin=2"/></net>

<net id="158"><net_src comp="139" pin="2"/><net_sink comp="153" pin=0"/></net>

<net id="159"><net_src comp="133" pin="2"/><net_sink comp="153" pin=1"/></net>

<net id="160"><net_src comp="130" pin="1"/><net_sink comp="153" pin=2"/></net>

<net id="165"><net_src comp="145" pin="3"/><net_sink comp="161" pin=0"/></net>

<net id="166"><net_src comp="24" pin="0"/><net_sink comp="161" pin=1"/></net>

<net id="171"><net_src comp="121" pin="2"/><net_sink comp="167" pin=0"/></net>

<net id="176"><net_src comp="153" pin="3"/><net_sink comp="172" pin=0"/></net>

<net id="181"><net_src comp="161" pin="2"/><net_sink comp="177" pin=0"/></net>

<net id="187"><net_src comp="28" pin="0"/><net_sink comp="182" pin=0"/></net>

<net id="188"><net_src comp="18" pin="0"/><net_sink comp="182" pin=2"/></net>

<net id="194"><net_src comp="30" pin="0"/><net_sink comp="189" pin=0"/></net>

<net id="195"><net_src comp="32" pin="0"/><net_sink comp="189" pin=2"/></net>

<net id="199"><net_src comp="189" pin="3"/><net_sink comp="196" pin=0"/></net>

<net id="204"><net_src comp="182" pin="3"/><net_sink comp="200" pin=0"/></net>

<net id="205"><net_src comp="196" pin="1"/><net_sink comp="200" pin=1"/></net>

<net id="213"><net_src comp="200" pin="2"/><net_sink comp="209" pin=0"/></net>

<net id="214"><net_src comp="206" pin="1"/><net_sink comp="209" pin=1"/></net>

<net id="218"><net_src comp="209" pin="2"/><net_sink comp="215" pin=0"/></net>

<net id="219"><net_src comp="215" pin="1"/><net_sink comp="66" pin=2"/></net>

<net id="223"><net_src comp="220" pin="1"/><net_sink comp="92" pin=0"/></net>

<net id="228"><net_src comp="46" pin="0"/><net_sink comp="224" pin=1"/></net>

<net id="234"><net_src comp="28" pin="0"/><net_sink comp="229" pin=0"/></net>

<net id="235"><net_src comp="224" pin="2"/><net_sink comp="229" pin=1"/></net>

<net id="236"><net_src comp="18" pin="0"/><net_sink comp="229" pin=2"/></net>

<net id="240"><net_src comp="229" pin="3"/><net_sink comp="237" pin=0"/></net>

<net id="246"><net_src comp="48" pin="0"/><net_sink comp="241" pin=0"/></net>

<net id="247"><net_src comp="224" pin="2"/><net_sink comp="241" pin=1"/></net>

<net id="248"><net_src comp="50" pin="0"/><net_sink comp="241" pin=2"/></net>

<net id="252"><net_src comp="241" pin="3"/><net_sink comp="249" pin=0"/></net>

<net id="257"><net_src comp="237" pin="1"/><net_sink comp="253" pin=0"/></net>

<net id="258"><net_src comp="249" pin="1"/><net_sink comp="253" pin=1"/></net>

<net id="263"><net_src comp="46" pin="0"/><net_sink comp="259" pin=1"/></net>

<net id="267"><net_src comp="259" pin="2"/><net_sink comp="264" pin=0"/></net>

<net id="272"><net_src comp="253" pin="2"/><net_sink comp="268" pin=0"/></net>

<net id="273"><net_src comp="264" pin="1"/><net_sink comp="268" pin=1"/></net>

<net id="277"><net_src comp="268" pin="2"/><net_sink comp="274" pin=0"/></net>

<net id="278"><net_src comp="274" pin="1"/><net_sink comp="79" pin=2"/></net>

<net id="282"><net_src comp="54" pin="1"/><net_sink comp="279" pin=0"/></net>

<net id="283"><net_src comp="279" pin="1"/><net_sink comp="107" pin=1"/></net>

<net id="284"><net_src comp="279" pin="1"/><net_sink comp="127" pin=0"/></net>

<net id="285"><net_src comp="279" pin="1"/><net_sink comp="177" pin=1"/></net>

<net id="289"><net_src comp="58" pin="1"/><net_sink comp="286" pin=0"/></net>

<net id="290"><net_src comp="286" pin="1"/><net_sink comp="102" pin=1"/></net>

<net id="291"><net_src comp="286" pin="1"/><net_sink comp="130" pin=0"/></net>

<net id="292"><net_src comp="286" pin="1"/><net_sink comp="172" pin=1"/></net>

<net id="296"><net_src comp="62" pin="1"/><net_sink comp="293" pin=0"/></net>

<net id="297"><net_src comp="293" pin="1"/><net_sink comp="97" pin=1"/></net>

<net id="298"><net_src comp="293" pin="1"/><net_sink comp="112" pin=0"/></net>

<net id="299"><net_src comp="293" pin="1"/><net_sink comp="167" pin=1"/></net>

<net id="303"><net_src comp="115" pin="2"/><net_sink comp="300" pin=0"/></net>

<net id="307"><net_src comp="145" pin="3"/><net_sink comp="304" pin=0"/></net>

<net id="308"><net_src comp="304" pin="1"/><net_sink comp="206" pin=0"/></net>

<net id="309"><net_src comp="304" pin="1"/><net_sink comp="259" pin=0"/></net>

<net id="313"><net_src comp="153" pin="3"/><net_sink comp="310" pin=0"/></net>

<net id="314"><net_src comp="310" pin="1"/><net_sink comp="182" pin=1"/></net>

<net id="315"><net_src comp="310" pin="1"/><net_sink comp="189" pin=1"/></net>

<net id="316"><net_src comp="310" pin="1"/><net_sink comp="224" pin=0"/></net>

<net id="320"><net_src comp="66" pin="3"/><net_sink comp="317" pin=0"/></net>

<net id="321"><net_src comp="317" pin="1"/><net_sink comp="73" pin=0"/></net>

<net id="325"><net_src comp="73" pin="3"/><net_sink comp="322" pin=0"/></net>

<net id="326"><net_src comp="322" pin="1"/><net_sink comp="220" pin=0"/></net>

<net id="330"><net_src comp="220" pin="1"/><net_sink comp="327" pin=0"/></net>

<net id="331"><net_src comp="327" pin="1"/><net_sink comp="92" pin=0"/></net>

<net id="335"><net_src comp="92" pin="2"/><net_sink comp="332" pin=0"/></net>

<net id="336"><net_src comp="332" pin="1"/><net_sink comp="86" pin=1"/></net>

</net_list>

</model> 
---------------- Datapath Model END ------------------

* FSMD analyzer results:
  - Output states:
	Port: img_in | {}
	Port: pad_img0 | {16 }
 - Input state : 
	Port: cnn_Pipeline_pad_for_rows_pad_for_cols : img_in | {2 3 }
  - Chain level:
	State 1
		store_ln0 : 1
		store_ln11 : 1
		store_ln13 : 1
		indvar_flatten_load : 1
		icmp_ln11 : 2
		add_ln11_1 : 2
		br_ln11 : 3
		c_load : 1
		r_load : 1
		add_ln11 : 2
		icmp_ln13 : 2
		select_ln11 : 3
		select_ln11_1 : 3
		add_ln13 : 4
		store_ln11 : 3
		store_ln11 : 4
		store_ln13 : 5
	State 2
		zext_ln17 : 1
		sub_ln17 : 2
		add_ln17_2 : 3
		zext_ln17_4 : 4
		img_in_addr : 5
		img_in_load : 6
	State 3
	State 4
		conv7_i : 1
	State 5
	State 6
	State 7
	State 8
	State 9
	State 10
	State 11
	State 12
	State 13
	State 14
	State 15
	State 16
		tmp_372 : 1
		zext_ln17_1 : 2
		tmp_373 : 1
		zext_ln17_2 : 2
		add_ln17_1 : 3
		zext_ln17_5 : 1
		add_ln17_3 : 4
		zext_ln17_6 : 5
		pad_img0_addr : 6
		store_ln17 : 7


============================================================
+ Verbose Summary: Datapath Resource usage 
============================================================

* Functional unit list:
|----------|----------------------|---------|---------|
| Operation|    Functional Unit   |    FF   |   LUT   |
|----------|----------------------|---------|---------|
|          |   add_ln11_1_fu_121  |    0    |    17   |
|          |    add_ln11_fu_133   |    0    |    13   |
|          |    add_ln13_fu_161   |    0    |    13   |
|    add   |   add_ln17_2_fu_209  |    0    |    10   |
|          |     empty_fu_224     |    0    |    13   |
|          |   add_ln17_1_fu_253  |    0    |    10   |
|          |    add_ln17_fu_259   |    0    |    13   |
|          |   add_ln17_3_fu_268  |    0    |    11   |
|----------|----------------------|---------|---------|
|   icmp   |   icmp_ln11_fu_115   |    0    |    17   |
|          |   icmp_ln13_fu_139   |    0    |    13   |
|----------|----------------------|---------|---------|
|  select  |  select_ln11_fu_145  |    0    |    5    |
|          | select_ln11_1_fu_153 |    0    |    5    |
|----------|----------------------|---------|---------|
|    sub   |    sub_ln17_fu_200   |    0    |    10   |
|----------|----------------------|---------|---------|
|   fdiv   |       grp_fu_92      |    0    |    0    |
|----------|----------------------|---------|---------|
|          |      tmp_fu_182      |    0    |    0    |
|bitconcatenate|     tmp_s_fu_189     |    0    |    0    |
|          |    tmp_372_fu_229    |    0    |    0    |
|          |    tmp_373_fu_241    |    0    |    0    |
|----------|----------------------|---------|---------|
|          |   zext_ln17_fu_196   |    0    |    0    |
|          |  zext_ln17_3_fu_206  |    0    |    0    |
|          |  zext_ln17_4_fu_215  |    0    |    0    |
|   zext   |  zext_ln17_1_fu_237  |    0    |    0    |
|          |  zext_ln17_2_fu_249  |    0    |    0    |
|          |  zext_ln17_5_fu_264  |    0    |    0    |
|          |  zext_ln17_6_fu_274  |    0    |    0    |
|----------|----------------------|---------|---------|
|   Total  |                      |    0    |   150   |
|----------|----------------------|---------|---------|

Memories:
N/A

* Register list:
+----------------------+--------+
|                      |   FF   |
+----------------------+--------+
| bitcast_ln17_reg_327 |   32   |
|       c_reg_279      |    5   |
|    conv7_i_reg_332   |   32   |
|   icmp_ln11_reg_300  |    1   |
|  img_in_addr_reg_317 |   10   |
|  img_in_load_reg_322 |   32   |
|indvar_flatten_reg_293|   10   |
|       r_reg_286      |    5   |
| select_ln11_1_reg_310|    5   |
|  select_ln11_reg_304 |    5   |
+----------------------+--------+
|         Total        |   137  |
+----------------------+--------+

* Multiplexer (MUX) list: 
|------------------|------|------|------|--------||---------||---------|
|       Comp       |  Pin | Size |  BW  | S x BW ||  Delay  ||   LUT   |
|------------------|------|------|------|--------||---------||---------|
| grp_access_fu_73 |  p0  |   2  |  10  |   20   ||    9    |
|     grp_fu_92    |  p0  |   2  |  32  |   64   ||    9    |
|------------------|------|------|------|--------||---------||---------|
|       Total      |      |      |      |   84   ||  2.292  ||    18   |
|------------------|------|------|------|--------||---------||---------|



* Summary:
+-----------+--------+--------+--------+
|           |  Delay |   FF   |   LUT  |
+-----------+--------+--------+--------+
|  Function |    -   |    0   |   150  |
|   Memory  |    -   |    -   |    -   |
|Multiplexer|    2   |    -   |   18   |
|  Register |    -   |   137  |    -   |
+-----------+--------+--------+--------+
|   Total   |    2   |   137  |   168  |
+-----------+--------+--------+--------+
