

================================================================
== Vitis HLS Report for 'cnn_Pipeline_pad_for_rows_pad_for_cols'
================================================================
* Date:           Thu Jan 16 18:18:01 2025

* Version:        2023.2 (Build 4023990 on Oct 11 2023)
* Project:        CNN_Non_Optimal
* Solution:       solution1 (Vivado IP Flow Target)
* Product family: zynq
* Target device:  xc7z010-clg400-3


================================================================
== Performance Estimates
================================================================
+ Timing: 
    * Summary: 
    +--------+----------+----------+------------+
    |  Clock |  Target  | Estimated| Uncertainty|
    +--------+----------+----------+------------+
    |ap_clk  |  10.00 ns|  6.597 ns|     2.70 ns|
    +--------+----------+----------+------------+

+ Latency: 
    * Summary: 
    +---------+---------+----------+----------+-----+-----+---------+
    |  Latency (cycles) |  Latency (absolute) |  Interval | Pipeline|
    |   min   |   max   |    min   |    max   | min | max |   Type  |
    +---------+---------+----------+----------+-----+-----+---------+
    |      800|      800|  8.000 us|  8.000 us|  800|  800|       no|
    +---------+---------+----------+----------+-----+-----+---------+

    + Detail: 
        * Instance: 
        N/A

        * Loop: 
        +-----------------------------+---------+---------+----------+-----------+-----------+------+----------+
        |                             |  Latency (cycles) | Iteration|  Initiation Interval  | Trip |          |
        |          Loop Name          |   min   |   max   |  Latency |  achieved |   target  | Count| Pipelined|
        +-----------------------------+---------+---------+----------+-----------+-----------+------+----------+
        |- pad_for_rows_pad_for_cols  |      798|      798|        16|          1|          1|   784|       yes|
        +-----------------------------+---------+---------+----------+-----------+-----------+------+----------+

============================================================
+ Verbose Summary: Synthesis Manager
============================================================
InlineROM: 1
ExposeGlobal: 0
============================================================
+ Verbose Summary: CDFG Model
============================================================
IsTopModel: 0
ResetActiveHigh: 1
IsCombinational: 0
IsDatapathOnly: 0
HasWiredReturn: 1
HasMFsm: 2
HasVarLatency: 1
IsPipeline: 0
IsRtlPipelined: 0
IsInstanceOverlapped: 0
IsDontTouch: 0
HasImplIP: 0
IsGatedGlobalClock: 0

+ Individual pipeline summary: 
  * Pipeline-0: initiation interval (II) = 1, depth = 16


============================================================
+ Verbose Summary: Schedule
============================================================
* Number of FSM states : 16
* Pipeline : 1
  Pipeline-0 : II = 1, D = 16, States = { 1 2 3 4 5 6 7 8 9 10 11 12 13 14 15 16 }
* Dataflow Pipeline: 0

* FSM state transitions: 
1 --> 2 
2 --> 3 
3 --> 4 
4 --> 5 
5 --> 6 
6 --> 7 
7 --> 8 
8 --> 9 
9 --> 10 
10 --> 11 
11 --> 12 
12 --> 13 
13 --> 14 
14 --> 15 
15 --> 16 
16 --> 

* FSM state operations: 

State 1 <SV = 0> <Delay = 6.06>
ST_1 : Operation 19 [1/1] (0.00ns)   --->   "%c = alloca i32 1" [CNN_Non_Optimal/src/utils.cpp:13->CNN_Non_Optimal/src/cnn.cpp:69]   --->   Operation 19 'alloca' 'c' <Predicate = true> <Delay = 0.00>
ST_1 : Operation 20 [1/1] (0.00ns)   --->   "%r = alloca i32 1" [CNN_Non_Optimal/src/utils.cpp:11->CNN_Non_Optimal/src/cnn.cpp:69]   --->   Operation 20 'alloca' 'r' <Predicate = true> <Delay = 0.00>
ST_1 : Operation 21 [1/1] (0.00ns)   --->   "%indvar_flatten = alloca i32 1"   --->   Operation 21 'alloca' 'indvar_flatten' <Predicate = true> <Delay = 0.00>
ST_1 : Operation 22 [1/1] (0.00ns)   --->   "%specinterface_ln0 = specinterface void @_ssdm_op_SpecInterface, i32 %img_in, void @empty_3, i32 0, i32 0, void @empty_1, i32 4294967295, i32 0, void @empty_1, void @empty_1, void @empty_1, i32 0, i32 0, i32 0, i32 0, void @empty_1, void @empty_1, i32 4294967295, i32 0"   --->   Operation 22 'specinterface' 'specinterface_ln0' <Predicate = true> <Delay = 0.00>
ST_1 : Operation 23 [1/1] (1.14ns)   --->   "%store_ln0 = store i10 0, i10 %indvar_flatten"   --->   Operation 23 'store' 'store_ln0' <Predicate = true> <Delay = 1.14>
ST_1 : Operation 24 [1/1] (1.14ns)   --->   "%store_ln11 = store i5 0, i5 %r" [CNN_Non_Optimal/src/utils.cpp:11->CNN_Non_Optimal/src/cnn.cpp:69]   --->   Operation 24 'store' 'store_ln11' <Predicate = true> <Delay = 1.14>
ST_1 : Operation 25 [1/1] (1.14ns)   --->   "%store_ln13 = store i5 0, i5 %c" [CNN_Non_Optimal/src/utils.cpp:13->CNN_Non_Optimal/src/cnn.cpp:69]   --->   Operation 25 'store' 'store_ln13' <Predicate = true> <Delay = 1.14>
ST_1 : Operation 26 [1/1] (0.00ns)   --->   "%br_ln0 = br void %for.inc.i"   --->   Operation 26 'br' 'br_ln0' <Predicate = true> <Delay = 0.00>
ST_1 : Operation 27 [1/1] (0.00ns)   --->   "%indvar_flatten_load = load i10 %indvar_flatten" [CNN_Non_Optimal/src/utils.cpp:11->CNN_Non_Optimal/src/cnn.cpp:69]   --->   Operation 27 'load' 'indvar_flatten_load' <Predicate = true> <Delay = 0.00>
ST_1 : Operation 28 [1/1] (1.62ns)   --->   "%icmp_ln11 = icmp_eq  i10 %indvar_flatten_load, i10 784" [CNN_Non_Optimal/src/utils.cpp:11->CNN_Non_Optimal/src/cnn.cpp:69]   --->   Operation 28 'icmp' 'icmp_ln11' <Predicate = true> <Delay = 1.62> <CoreInst = "Cmp">   --->   Core 9 'Cmp' <Latency = 0> <II = 1> <Delay = 1.62> <FuncUnit> <Opcode : 'icmp'> <InPorts = 2> <OutPorts = 1>
ST_1 : Operation 29 [1/1] (1.62ns)   --->   "%add_ln11_1 = add i10 %indvar_flatten_load, i10 1" [CNN_Non_Optimal/src/utils.cpp:11->CNN_Non_Optimal/src/cnn.cpp:69]   --->   Operation 29 'add' 'add_ln11_1' <Predicate = true> <Delay = 1.62> <CoreInst = "Adder">   --->   Core 1 'Adder' <Latency = 0> <II = 1> <Delay = 1.62> <FuncUnit> <Opcode : 'add' 'sub'> <InPorts = 2> <OutPorts = 1>
ST_1 : Operation 30 [1/1] (0.00ns)   --->   "%br_ln11 = br i1 %icmp_ln11, void %for.inc13.i, void %for.inc.preheader.exitStub" [CNN_Non_Optimal/src/utils.cpp:11->CNN_Non_Optimal/src/cnn.cpp:69]   --->   Operation 30 'br' 'br_ln11' <Predicate = true> <Delay = 0.00>
ST_1 : Operation 31 [1/1] (0.00ns)   --->   "%c_load = load i5 %c" [CNN_Non_Optimal/src/utils.cpp:13->CNN_Non_Optimal/src/cnn.cpp:69]   --->   Operation 31 'load' 'c_load' <Predicate = (!icmp_ln11)> <Delay = 0.00>
ST_1 : Operation 32 [1/1] (0.00ns)   --->   "%r_load = load i5 %r" [CNN_Non_Optimal/src/utils.cpp:11->CNN_Non_Optimal/src/cnn.cpp:69]   --->   Operation 32 'load' 'r_load' <Predicate = (!icmp_ln11)> <Delay = 0.00>
ST_1 : Operation 33 [1/1] (1.46ns)   --->   "%add_ln11 = add i5 %r_load, i5 1" [CNN_Non_Optimal/src/utils.cpp:11->CNN_Non_Optimal/src/cnn.cpp:69]   --->   Operation 33 'add' 'add_ln11' <Predicate = (!icmp_ln11)> <Delay = 1.46> <CoreInst = "Adder">   --->   Core 1 'Adder' <Latency = 0> <II = 1> <Delay = 1.46> <FuncUnit> <Opcode : 'add' 'sub'> <InPorts = 2> <OutPorts = 1>
ST_1 : Operation 34 [1/1] (1.46ns)   --->   "%icmp_ln13 = icmp_eq  i5 %c_load, i5 28" [CNN_Non_Optimal/src/utils.cpp:13->CNN_Non_Optimal/src/cnn.cpp:69]   --->   Operation 34 'icmp' 'icmp_ln13' <Predicate = (!icmp_ln11)> <Delay = 1.46> <CoreInst = "Cmp">   --->   Core 9 'Cmp' <Latency = 0> <II = 1> <Delay = 1.46> <FuncUnit> <Opcode : 'icmp'> <InPorts = 2> <OutPorts = 1>
ST_1 : Operation 35 [1/1] (0.85ns)   --->   "%select_ln11 = select i1 %icmp_ln13, i5 0, i5 %c_load" [CNN_Non_Optimal/src/utils.cpp:11->CNN_Non_Optimal/src/cnn.cpp:69]   --->   Operation 35 'select' 'select_ln11' <Predicate = (!icmp_ln11)> <Delay = 0.85> <CoreInst = "Sel">   --->   Core 73 'Sel' <Latency = 0> <II = 1> <Delay = 0.85> <FuncUnit> <Opcode : 'select'> <InPorts = 3> <OutPorts = 1>
ST_1 : Operation 36 [1/1] (0.85ns)   --->   "%select_ln11_1 = select i1 %icmp_ln13, i5 %add_ln11, i5 %r_load" [CNN_Non_Optimal/src/utils.cpp:11->CNN_Non_Optimal/src/cnn.cpp:69]   --->   Operation 36 'select' 'select_ln11_1' <Predicate = (!icmp_ln11)> <Delay = 0.85> <CoreInst = "Sel">   --->   Core 73 'Sel' <Latency = 0> <II = 1> <Delay = 0.85> <FuncUnit> <Opcode : 'select'> <InPorts = 3> <OutPorts = 1>
ST_1 : Operation 37 [1/1] (1.46ns)   --->   "%add_ln13 = add i5 %select_ln11, i5 1" [CNN_Non_Optimal/src/utils.cpp:13->CNN_Non_Optimal/src/cnn.cpp:69]   --->   Operation 37 'add' 'add_ln13' <Predicate = (!icmp_ln11)> <Delay = 1.46> <CoreInst = "Adder">   --->   Core 1 'Adder' <Latency = 0> <II = 1> <Delay = 1.46> <FuncUnit> <Opcode : 'add' 'sub'> <InPorts = 2> <OutPorts = 1>
ST_1 : Operation 38 [1/1] (1.14ns)   --->   "%store_ln11 = store i10 %add_ln11_1, i10 %indvar_flatten" [CNN_Non_Optimal/src/utils.cpp:11->CNN_Non_Optimal/src/cnn.cpp:69]   --->   Operation 38 'store' 'store_ln11' <Predicate = (!icmp_ln11)> <Delay = 1.14>
ST_1 : Operation 39 [1/1] (1.14ns)   --->   "%store_ln11 = store i5 %select_ln11_1, i5 %r" [CNN_Non_Optimal/src/utils.cpp:11->CNN_Non_Optimal/src/cnn.cpp:69]   --->   Operation 39 'store' 'store_ln11' <Predicate = (!icmp_ln11)> <Delay = 1.14>
ST_1 : Operation 40 [1/1] (1.14ns)   --->   "%store_ln13 = store i5 %add_ln13, i5 %c" [CNN_Non_Optimal/src/utils.cpp:13->CNN_Non_Optimal/src/cnn.cpp:69]   --->   Operation 40 'store' 'store_ln13' <Predicate = (!icmp_ln11)> <Delay = 1.14>

State 2 <SV = 1> <Delay = 5.11>
ST_2 : Operation 41 [1/1] (0.00ns)   --->   "%tmp = bitconcatenate i10 @_ssdm_op_BitConcatenate.i10.i5.i5, i5 %select_ln11_1, i5 0" [CNN_Non_Optimal/src/utils.cpp:17->CNN_Non_Optimal/src/cnn.cpp:69]   --->   Operation 41 'bitconcatenate' 'tmp' <Predicate = true> <Delay = 0.00>
ST_2 : Operation 42 [1/1] (0.00ns)   --->   "%tmp_s = bitconcatenate i7 @_ssdm_op_BitConcatenate.i7.i5.i2, i5 %select_ln11_1, i2 0" [CNN_Non_Optimal/src/utils.cpp:17->CNN_Non_Optimal/src/cnn.cpp:69]   --->   Operation 42 'bitconcatenate' 'tmp_s' <Predicate = true> <Delay = 0.00>
ST_2 : Operation 43 [1/1] (0.00ns)   --->   "%zext_ln17 = zext i7 %tmp_s" [CNN_Non_Optimal/src/utils.cpp:17->CNN_Non_Optimal/src/cnn.cpp:69]   --->   Operation 43 'zext' 'zext_ln17' <Predicate = true> <Delay = 0.00>
ST_2 : Operation 44 [1/1] (0.00ns) (grouped into TernaryAdder)   --->   "%sub_ln17 = sub i10 %tmp, i10 %zext_ln17" [CNN_Non_Optimal/src/utils.cpp:17->CNN_Non_Optimal/src/cnn.cpp:69]   --->   Operation 44 'sub' 'sub_ln17' <Predicate = true> <Delay = 0.00> <CoreInst = "TAddSub">   --->   Core 10 'TAddSub' <Latency = 0> <II = 1> <Delay = 1.35> <IPBlock> <Opcode : '' 'add' 'sub'> <InPorts = 3> <OutPorts = 1> <Sync> <CReg>
ST_2 : Operation 45 [1/1] (0.00ns)   --->   "%zext_ln17_3 = zext i5 %select_ln11" [CNN_Non_Optimal/src/utils.cpp:17->CNN_Non_Optimal/src/cnn.cpp:69]   --->   Operation 45 'zext' 'zext_ln17_3' <Predicate = true> <Delay = 0.00>
ST_2 : Operation 46 [1/1] (2.69ns) (root node of TernaryAdder)   --->   "%add_ln17_2 = add i10 %sub_ln17, i10 %zext_ln17_3" [CNN_Non_Optimal/src/utils.cpp:17->CNN_Non_Optimal/src/cnn.cpp:69]   --->   Operation 46 'add' 'add_ln17_2' <Predicate = true> <Delay = 2.69> <CoreInst = "TAddSub">   --->   Core 10 'TAddSub' <Latency = 0> <II = 1> <Delay = 1.35> <IPBlock> <Opcode : '' 'add' 'sub'> <InPorts = 3> <OutPorts = 1> <Sync> <CReg>
ST_2 : Operation 47 [1/1] (0.00ns)   --->   "%zext_ln17_4 = zext i10 %add_ln17_2" [CNN_Non_Optimal/src/utils.cpp:17->CNN_Non_Optimal/src/cnn.cpp:69]   --->   Operation 47 'zext' 'zext_ln17_4' <Predicate = true> <Delay = 0.00>
ST_2 : Operation 48 [1/1] (0.00ns)   --->   "%img_in_addr = getelementptr i32 %img_in, i64 0, i64 %zext_ln17_4" [CNN_Non_Optimal/src/utils.cpp:17->CNN_Non_Optimal/src/cnn.cpp:69]   --->   Operation 48 'getelementptr' 'img_in_addr' <Predicate = true> <Delay = 0.00>
ST_2 : Operation 49 [2/2] (2.41ns)   --->   "%img_in_load = load i10 %img_in_addr" [CNN_Non_Optimal/src/utils.cpp:17->CNN_Non_Optimal/src/cnn.cpp:69]   --->   Operation 49 'load' 'img_in_load' <Predicate = true> <Delay = 2.41> <CoreInst = "RAM">   --->   Core 82 'RAM' <Latency = 1> <II = 1> <Delay = 2.41> <Storage> <Opcode : 'load' 'store'> <Ports = 2> <Width = 32> <Depth = 784> <RAM>

State 3 <SV = 2> <Delay = 2.41>
ST_3 : Operation 50 [1/2] (2.41ns)   --->   "%img_in_load = load i10 %img_in_addr" [CNN_Non_Optimal/src/utils.cpp:17->CNN_Non_Optimal/src/cnn.cpp:69]   --->   Operation 50 'load' 'img_in_load' <Predicate = true> <Delay = 2.41> <CoreInst = "RAM">   --->   Core 82 'RAM' <Latency = 1> <II = 1> <Delay = 2.41> <Storage> <Opcode : 'load' 'store'> <Ports = 2> <Width = 32> <Depth = 784> <RAM>

State 4 <SV = 3> <Delay = 5.95>
ST_4 : Operation 51 [1/1] (0.00ns)   --->   "%bitcast_ln17 = bitcast i32 %img_in_load" [CNN_Non_Optimal/src/utils.cpp:17->CNN_Non_Optimal/src/cnn.cpp:69]   --->   Operation 51 'bitcast' 'bitcast_ln17' <Predicate = true> <Delay = 0.00>
ST_4 : Operation 52 [12/12] (5.95ns)   --->   "%conv7_i = fdiv i32 %bitcast_ln17, i32 255" [CNN_Non_Optimal/src/utils.cpp:17->CNN_Non_Optimal/src/cnn.cpp:69]   --->   Operation 52 'fdiv' 'conv7_i' <Predicate = true> <Delay = 5.95> <CoreInst = "FDiv">   --->   Core 20 'FDiv' <Latency = 11> <II = 1> <Delay = 5.95> <FuncUnit> <Opcode : 'fdiv' 'frem'> <InPorts = 2> <OutPorts = 1>

State 5 <SV = 4> <Delay = 5.95>
ST_5 : Operation 53 [11/12] (5.95ns)   --->   "%conv7_i = fdiv i32 %bitcast_ln17, i32 255" [CNN_Non_Optimal/src/utils.cpp:17->CNN_Non_Optimal/src/cnn.cpp:69]   --->   Operation 53 'fdiv' 'conv7_i' <Predicate = true> <Delay = 5.95> <CoreInst = "FDiv">   --->   Core 20 'FDiv' <Latency = 11> <II = 1> <Delay = 5.95> <FuncUnit> <Opcode : 'fdiv' 'frem'> <InPorts = 2> <OutPorts = 1>

State 6 <SV = 5> <Delay = 5.95>
ST_6 : Operation 54 [10/12] (5.95ns)   --->   "%conv7_i = fdiv i32 %bitcast_ln17, i32 255" [CNN_Non_Optimal/src/utils.cpp:17->CNN_Non_Optimal/src/cnn.cpp:69]   --->   Operation 54 'fdiv' 'conv7_i' <Predicate = true> <Delay = 5.95> <CoreInst = "FDiv">   --->   Core 20 'FDiv' <Latency = 11> <II = 1> <Delay = 5.95> <FuncUnit> <Opcode : 'fdiv' 'frem'> <InPorts = 2> <OutPorts = 1>

State 7 <SV = 6> <Delay = 5.95>
ST_7 : Operation 55 [9/12] (5.95ns)   --->   "%conv7_i = fdiv i32 %bitcast_ln17, i32 255" [CNN_Non_Optimal/src/utils.cpp:17->CNN_Non_Optimal/src/cnn.cpp:69]   --->   Operation 55 'fdiv' 'conv7_i' <Predicate = true> <Delay = 5.95> <CoreInst = "FDiv">   --->   Core 20 'FDiv' <Latency = 11> <II = 1> <Delay = 5.95> <FuncUnit> <Opcode : 'fdiv' 'frem'> <InPorts = 2> <OutPorts = 1>

State 8 <SV = 7> <Delay = 5.95>
ST_8 : Operation 56 [8/12] (5.95ns)   --->   "%conv7_i = fdiv i32 %bitcast_ln17, i32 255" [CNN_Non_Optimal/src/utils.cpp:17->CNN_Non_Optimal/src/cnn.cpp:69]   --->   Operation 56 'fdiv' 'conv7_i' <Predicate = true> <Delay = 5.95> <CoreInst = "FDiv">   --->   Core 20 'FDiv' <Latency = 11> <II = 1> <Delay = 5.95> <FuncUnit> <Opcode : 'fdiv' 'frem'> <InPorts = 2> <OutPorts = 1>

State 9 <SV = 8> <Delay = 5.95>
ST_9 : Operation 57 [7/12] (5.95ns)   --->   "%conv7_i = fdiv i32 %bitcast_ln17, i32 255" [CNN_Non_Optimal/src/utils.cpp:17->CNN_Non_Optimal/src/cnn.cpp:69]   --->   Operation 57 'fdiv' 'conv7_i' <Predicate = true> <Delay = 5.95> <CoreInst = "FDiv">   --->   Core 20 'FDiv' <Latency = 11> <II = 1> <Delay = 5.95> <FuncUnit> <Opcode : 'fdiv' 'frem'> <InPorts = 2> <OutPorts = 1>

State 10 <SV = 9> <Delay = 5.95>
ST_10 : Operation 58 [6/12] (5.95ns)   --->   "%conv7_i = fdiv i32 %bitcast_ln17, i32 255" [CNN_Non_Optimal/src/utils.cpp:17->CNN_Non_Optimal/src/cnn.cpp:69]   --->   Operation 58 'fdiv' 'conv7_i' <Predicate = true> <Delay = 5.95> <CoreInst = "FDiv">   --->   Core 20 'FDiv' <Latency = 11> <II = 1> <Delay = 5.95> <FuncUnit> <Opcode : 'fdiv' 'frem'> <InPorts = 2> <OutPorts = 1>

State 11 <SV = 10> <Delay = 5.95>
ST_11 : Operation 59 [5/12] (5.95ns)   --->   "%conv7_i = fdiv i32 %bitcast_ln17, i32 255" [CNN_Non_Optimal/src/utils.cpp:17->CNN_Non_Optimal/src/cnn.cpp:69]   --->   Operation 59 'fdiv' 'conv7_i' <Predicate = true> <Delay = 5.95> <CoreInst = "FDiv">   --->   Core 20 'FDiv' <Latency = 11> <II = 1> <Delay = 5.95> <FuncUnit> <Opcode : 'fdiv' 'frem'> <InPorts = 2> <OutPorts = 1>

State 12 <SV = 11> <Delay = 5.95>
ST_12 : Operation 60 [4/12] (5.95ns)   --->   "%conv7_i = fdiv i32 %bitcast_ln17, i32 255" [CNN_Non_Optimal/src/utils.cpp:17->CNN_Non_Optimal/src/cnn.cpp:69]   --->   Operation 60 'fdiv' 'conv7_i' <Predicate = true> <Delay = 5.95> <CoreInst = "FDiv">   --->   Core 20 'FDiv' <Latency = 11> <II = 1> <Delay = 5.95> <FuncUnit> <Opcode : 'fdiv' 'frem'> <InPorts = 2> <OutPorts = 1>

State 13 <SV = 12> <Delay = 5.95>
ST_13 : Operation 61 [3/12] (5.95ns)   --->   "%conv7_i = fdiv i32 %bitcast_ln17, i32 255" [CNN_Non_Optimal/src/utils.cpp:17->CNN_Non_Optimal/src/cnn.cpp:69]   --->   Operation 61 'fdiv' 'conv7_i' <Predicate = true> <Delay = 5.95> <CoreInst = "FDiv">   --->   Core 20 'FDiv' <Latency = 11> <II = 1> <Delay = 5.95> <FuncUnit> <Opcode : 'fdiv' 'frem'> <InPorts = 2> <OutPorts = 1>

State 14 <SV = 13> <Delay = 5.95>
ST_14 : Operation 62 [2/12] (5.95ns)   --->   "%conv7_i = fdiv i32 %bitcast_ln17, i32 255" [CNN_Non_Optimal/src/utils.cpp:17->CNN_Non_Optimal/src/cnn.cpp:69]   --->   Operation 62 'fdiv' 'conv7_i' <Predicate = true> <Delay = 5.95> <CoreInst = "FDiv">   --->   Core 20 'FDiv' <Latency = 11> <II = 1> <Delay = 5.95> <FuncUnit> <Opcode : 'fdiv' 'frem'> <InPorts = 2> <OutPorts = 1>

State 15 <SV = 14> <Delay = 5.95>
ST_15 : Operation 63 [1/12] (5.95ns)   --->   "%conv7_i = fdiv i32 %bitcast_ln17, i32 255" [CNN_Non_Optimal/src/utils.cpp:17->CNN_Non_Optimal/src/cnn.cpp:69]   --->   Operation 63 'fdiv' 'conv7_i' <Predicate = true> <Delay = 5.95> <CoreInst = "FDiv">   --->   Core 20 'FDiv' <Latency = 11> <II = 1> <Delay = 5.95> <FuncUnit> <Opcode : 'fdiv' 'frem'> <InPorts = 2> <OutPorts = 1>
ST_15 : Operation 80 [1/1] (0.00ns)   --->   "%ret_ln0 = ret"   --->   Operation 80 'ret' 'ret_ln0' <Predicate = (icmp_ln11)> <Delay = 0.00>

State 16 <SV = 15> <Delay = 6.59>
ST_16 : Operation 64 [1/1] (0.00ns)   --->   "%specloopname_ln0 = specloopname void @_ssdm_op_SpecLoopName, void @pad_for_rows_pad_for_cols_str"   --->   Operation 64 'specloopname' 'specloopname_ln0' <Predicate = true> <Delay = 0.00>
ST_16 : Operation 65 [1/1] (0.00ns)   --->   "%speclooptripcount_ln0 = speclooptripcount void @_ssdm_op_SpecLoopTripCount, i64 784, i64 784, i64 784"   --->   Operation 65 'speclooptripcount' 'speclooptripcount_ln0' <Predicate = true> <Delay = 0.00>
ST_16 : Operation 66 [1/1] (1.46ns)   --->   "%empty = add i5 %select_ln11_1, i5 3" [CNN_Non_Optimal/src/utils.cpp:11->CNN_Non_Optimal/src/cnn.cpp:69]   --->   Operation 66 'add' 'empty' <Predicate = true> <Delay = 1.46> <CoreInst = "Adder">   --->   Core 1 'Adder' <Latency = 0> <II = 1> <Delay = 1.46> <FuncUnit> <Opcode : 'add' 'sub'> <InPorts = 2> <OutPorts = 1>
ST_16 : Operation 67 [1/1] (0.00ns)   --->   "%tmp_372 = bitconcatenate i10 @_ssdm_op_BitConcatenate.i10.i5.i5, i5 %empty, i5 0" [CNN_Non_Optimal/src/utils.cpp:17->CNN_Non_Optimal/src/cnn.cpp:69]   --->   Operation 67 'bitconcatenate' 'tmp_372' <Predicate = true> <Delay = 0.00>
ST_16 : Operation 68 [1/1] (0.00ns)   --->   "%zext_ln17_1 = zext i10 %tmp_372" [CNN_Non_Optimal/src/utils.cpp:17->CNN_Non_Optimal/src/cnn.cpp:69]   --->   Operation 68 'zext' 'zext_ln17_1' <Predicate = true> <Delay = 0.00>
ST_16 : Operation 69 [1/1] (0.00ns)   --->   "%tmp_373 = bitconcatenate i6 @_ssdm_op_BitConcatenate.i6.i5.i1, i5 %empty, i1 0" [CNN_Non_Optimal/src/utils.cpp:17->CNN_Non_Optimal/src/cnn.cpp:69]   --->   Operation 69 'bitconcatenate' 'tmp_373' <Predicate = true> <Delay = 0.00>
ST_16 : Operation 70 [1/1] (0.00ns)   --->   "%zext_ln17_2 = zext i6 %tmp_373" [CNN_Non_Optimal/src/utils.cpp:17->CNN_Non_Optimal/src/cnn.cpp:69]   --->   Operation 70 'zext' 'zext_ln17_2' <Predicate = true> <Delay = 0.00>
ST_16 : Operation 71 [1/1] (0.00ns) (grouped into TernaryAdder)   --->   "%add_ln17_1 = add i11 %zext_ln17_1, i11 %zext_ln17_2" [CNN_Non_Optimal/src/utils.cpp:17->CNN_Non_Optimal/src/cnn.cpp:69]   --->   Operation 71 'add' 'add_ln17_1' <Predicate = true> <Delay = 0.00> <CoreInst = "TAddSub">   --->   Core 10 'TAddSub' <Latency = 0> <II = 1> <Delay = 1.35> <IPBlock> <Opcode : '' 'add' 'sub'> <InPorts = 3> <OutPorts = 1> <Sync> <CReg>
ST_16 : Operation 72 [1/1] (0.00ns)   --->   "%specpipeline_ln13 = specpipeline void @_ssdm_op_SpecPipeline, i32 4294967295, i32 0, i32 0, i32 0, void @empty_1" [CNN_Non_Optimal/src/utils.cpp:13->CNN_Non_Optimal/src/cnn.cpp:69]   --->   Operation 72 'specpipeline' 'specpipeline_ln13' <Predicate = true> <Delay = 0.00>
ST_16 : Operation 73 [1/1] (1.46ns)   --->   "%add_ln17 = add i5 %select_ln11, i5 3" [CNN_Non_Optimal/src/utils.cpp:17->CNN_Non_Optimal/src/cnn.cpp:69]   --->   Operation 73 'add' 'add_ln17' <Predicate = true> <Delay = 1.46> <CoreInst = "Adder">   --->   Core 1 'Adder' <Latency = 0> <II = 1> <Delay = 1.46> <FuncUnit> <Opcode : 'add' 'sub'> <InPorts = 2> <OutPorts = 1>
ST_16 : Operation 74 [1/1] (0.00ns)   --->   "%zext_ln17_5 = zext i5 %add_ln17" [CNN_Non_Optimal/src/utils.cpp:17->CNN_Non_Optimal/src/cnn.cpp:69]   --->   Operation 74 'zext' 'zext_ln17_5' <Predicate = true> <Delay = 0.00>
ST_16 : Operation 75 [1/1] (2.71ns) (root node of TernaryAdder)   --->   "%add_ln17_3 = add i11 %add_ln17_1, i11 %zext_ln17_5" [CNN_Non_Optimal/src/utils.cpp:17->CNN_Non_Optimal/src/cnn.cpp:69]   --->   Operation 75 'add' 'add_ln17_3' <Predicate = true> <Delay = 2.71> <CoreInst = "TAddSub">   --->   Core 10 'TAddSub' <Latency = 0> <II = 1> <Delay = 1.35> <IPBlock> <Opcode : '' 'add' 'sub'> <InPorts = 3> <OutPorts = 1> <Sync> <CReg>
ST_16 : Operation 76 [1/1] (0.00ns)   --->   "%zext_ln17_6 = zext i11 %add_ln17_3" [CNN_Non_Optimal/src/utils.cpp:17->CNN_Non_Optimal/src/cnn.cpp:69]   --->   Operation 76 'zext' 'zext_ln17_6' <Predicate = true> <Delay = 0.00>
ST_16 : Operation 77 [1/1] (0.00ns)   --->   "%pad_img0_addr = getelementptr i32 %pad_img0, i64 0, i64 %zext_ln17_6" [CNN_Non_Optimal/src/utils.cpp:17->CNN_Non_Optimal/src/cnn.cpp:69]   --->   Operation 77 'getelementptr' 'pad_img0_addr' <Predicate = true> <Delay = 0.00>
ST_16 : Operation 78 [1/1] (2.41ns)   --->   "%store_ln17 = store i32 %conv7_i, i11 %pad_img0_addr" [CNN_Non_Optimal/src/utils.cpp:17->CNN_Non_Optimal/src/cnn.cpp:69]   --->   Operation 78 'store' 'store_ln17' <Predicate = true> <Delay = 2.41> <CoreInst = "RAM">   --->   Core 82 'RAM' <Latency = 1> <II = 1> <Delay = 2.41> <Storage> <Opcode : 'load' 'store'> <Ports = 2> <Width = 32> <Depth = 1156> <RAM>
ST_16 : Operation 79 [1/1] (0.00ns)   --->   "%br_ln13 = br void %for.inc.i" [CNN_Non_Optimal/src/utils.cpp:13->CNN_Non_Optimal/src/cnn.cpp:69]   --->   Operation 79 'br' 'br_ln13' <Predicate = true> <Delay = 0.00>


============================================================
+ Verbose Summary: Timing violations
============================================================
Target clock period: 10.000ns, clock uncertainty: 2.700ns.

 <State 1>: 6.069ns
The critical path consists of the following:
	'store' operation 0 bit ('store_ln13', CNN_Non_Optimal/src/utils.cpp:13->CNN_Non_Optimal/src/cnn.cpp:69) of constant 0 on local variable 'c', CNN_Non_Optimal/src/utils.cpp:13->CNN_Non_Optimal/src/cnn.cpp:69 [9]  (1.146 ns)
	'load' operation 5 bit ('c_load', CNN_Non_Optimal/src/utils.cpp:13->CNN_Non_Optimal/src/cnn.cpp:69) on local variable 'c', CNN_Non_Optimal/src/utils.cpp:13->CNN_Non_Optimal/src/cnn.cpp:69 [17]  (0.000 ns)
	'icmp' operation 1 bit ('icmp_ln13', CNN_Non_Optimal/src/utils.cpp:13->CNN_Non_Optimal/src/cnn.cpp:69) [22]  (1.461 ns)
	'select' operation 5 bit ('select_ln11', CNN_Non_Optimal/src/utils.cpp:11->CNN_Non_Optimal/src/cnn.cpp:69) [23]  (0.855 ns)
	'add' operation 5 bit ('add_ln13', CNN_Non_Optimal/src/utils.cpp:13->CNN_Non_Optimal/src/cnn.cpp:69) [49]  (1.461 ns)
	'store' operation 0 bit ('store_ln13', CNN_Non_Optimal/src/utils.cpp:13->CNN_Non_Optimal/src/cnn.cpp:69) of variable 'add_ln13', CNN_Non_Optimal/src/utils.cpp:13->CNN_Non_Optimal/src/cnn.cpp:69 on local variable 'c', CNN_Non_Optimal/src/utils.cpp:13->CNN_Non_Optimal/src/cnn.cpp:69 [52]  (1.146 ns)

 <State 2>: 5.110ns
The critical path consists of the following:
	'sub' operation 10 bit ('sub_ln17', CNN_Non_Optimal/src/utils.cpp:17->CNN_Non_Optimal/src/cnn.cpp:69) [28]  (0.000 ns)
	'add' operation 10 bit ('add_ln17_2', CNN_Non_Optimal/src/utils.cpp:17->CNN_Non_Optimal/src/cnn.cpp:69) [36]  (2.693 ns)
	'getelementptr' operation 10 bit ('img_in_addr', CNN_Non_Optimal/src/utils.cpp:17->CNN_Non_Optimal/src/cnn.cpp:69) [38]  (0.000 ns)
	'load' operation 32 bit ('img_in_load', CNN_Non_Optimal/src/utils.cpp:17->CNN_Non_Optimal/src/cnn.cpp:69) on array 'img_in' [40]  (2.417 ns)

 <State 3>: 2.417ns
The critical path consists of the following:
	'load' operation 32 bit ('img_in_load', CNN_Non_Optimal/src/utils.cpp:17->CNN_Non_Optimal/src/cnn.cpp:69) on array 'img_in' [40]  (2.417 ns)

 <State 4>: 5.955ns
The critical path consists of the following:
	'fdiv' operation 32 bit ('conv7_i', CNN_Non_Optimal/src/utils.cpp:17->CNN_Non_Optimal/src/cnn.cpp:69) [42]  (5.955 ns)

 <State 5>: 5.955ns
The critical path consists of the following:
	'fdiv' operation 32 bit ('conv7_i', CNN_Non_Optimal/src/utils.cpp:17->CNN_Non_Optimal/src/cnn.cpp:69) [42]  (5.955 ns)

 <State 6>: 5.955ns
The critical path consists of the following:
	'fdiv' operation 32 bit ('conv7_i', CNN_Non_Optimal/src/utils.cpp:17->CNN_Non_Optimal/src/cnn.cpp:69) [42]  (5.955 ns)

 <State 7>: 5.955ns
The critical path consists of the following:
	'fdiv' operation 32 bit ('conv7_i', CNN_Non_Optimal/src/utils.cpp:17->CNN_Non_Optimal/src/cnn.cpp:69) [42]  (5.955 ns)

 <State 8>: 5.955ns
The critical path consists of the following:
	'fdiv' operation 32 bit ('conv7_i', CNN_Non_Optimal/src/utils.cpp:17->CNN_Non_Optimal/src/cnn.cpp:69) [42]  (5.955 ns)

 <State 9>: 5.955ns
The critical path consists of the following:
	'fdiv' operation 32 bit ('conv7_i', CNN_Non_Optimal/src/utils.cpp:17->CNN_Non_Optimal/src/cnn.cpp:69) [42]  (5.955 ns)

 <State 10>: 5.955ns
The critical path consists of the following:
	'fdiv' operation 32 bit ('conv7_i', CNN_Non_Optimal/src/utils.cpp:17->CNN_Non_Optimal/src/cnn.cpp:69) [42]  (5.955 ns)

 <State 11>: 5.955ns
The critical path consists of the following:
	'fdiv' operation 32 bit ('conv7_i', CNN_Non_Optimal/src/utils.cpp:17->CNN_Non_Optimal/src/cnn.cpp:69) [42]  (5.955 ns)

 <State 12>: 5.955ns
The critical path consists of the following:
	'fdiv' operation 32 bit ('conv7_i', CNN_Non_Optimal/src/utils.cpp:17->CNN_Non_Optimal/src/cnn.cpp:69) [42]  (5.955 ns)

 <State 13>: 5.955ns
The critical path consists of the following:
	'fdiv' operation 32 bit ('conv7_i', CNN_Non_Optimal/src/utils.cpp:17->CNN_Non_Optimal/src/cnn.cpp:69) [42]  (5.955 ns)

 <State 14>: 5.955ns
The critical path consists of the following:
	'fdiv' operation 32 bit ('conv7_i', CNN_Non_Optimal/src/utils.cpp:17->CNN_Non_Optimal/src/cnn.cpp:69) [42]  (5.955 ns)

 <State 15>: 5.955ns
The critical path consists of the following:
	'fdiv' operation 32 bit ('conv7_i', CNN_Non_Optimal/src/utils.cpp:17->CNN_Non_Optimal/src/cnn.cpp:69) [42]  (5.955 ns)

 <State 16>: 6.597ns
The critical path consists of the following:
	'add' operation 5 bit ('empty', CNN_Non_Optimal/src/utils.cpp:11->CNN_Non_Optimal/src/cnn.cpp:69) [29]  (1.461 ns)
	'add' operation 11 bit ('add_ln17_1', CNN_Non_Optimal/src/utils.cpp:17->CNN_Non_Optimal/src/cnn.cpp:69) [34]  (0.000 ns)
	'add' operation 11 bit ('add_ln17_3', CNN_Non_Optimal/src/utils.cpp:17->CNN_Non_Optimal/src/cnn.cpp:69) [45]  (2.718 ns)
	'getelementptr' operation 11 bit ('pad_img0_addr', CNN_Non_Optimal/src/utils.cpp:17->CNN_Non_Optimal/src/cnn.cpp:69) [47]  (0.000 ns)
	'store' operation 0 bit ('store_ln17', CNN_Non_Optimal/src/utils.cpp:17->CNN_Non_Optimal/src/cnn.cpp:69) of variable 'conv7_i', CNN_Non_Optimal/src/utils.cpp:17->CNN_Non_Optimal/src/cnn.cpp:69 on array 'pad_img0' [48]  (2.417 ns)


============================================================
+ Verbose Summary: Binding
============================================================
N/A
* FSMD analyzer results:
  - Output states:
 - Input state : 
  - Chain level:
	State 1
	State 2
	State 3
	State 4
	State 5
	State 6
	State 7
	State 8
	State 9
	State 10
	State 11
	State 12
	State 13
	State 14
	State 15
	State 16


============================================================
+ Verbose Summary: Datapath Resource usage 
============================================================
N/A
