

================================================================
== Vitis HLS Report for 'max_pooling'
================================================================
* Date:           Thu Jan 16 18:29:59 2025

* Version:        2023.2 (Build 4023990 on Oct 11 2023)
* Project:        CNN_Non_Optimal
* Solution:       solution1 (Vivado IP Flow Target)
* Product family: zynq
* Target device:  xc7z010-clg400-3


================================================================
== Performance Estimates
================================================================
+ Timing: 
    * Summary: 
    +--------+----------+----------+------------+
    |  Clock |  Target  | Estimated| Uncertainty|
    +--------+----------+----------+------------+
    |ap_clk  |  10.00 ns|  6.851 ns|     2.70 ns|
    +--------+----------+----------+------------+

+ Latency: 
    * Summary: 
    +---------+---------+----------+----------+-----+-----+---------+
    |  Latency (cycles) |  Latency (absolute) |  Interval | Pipeline|
    |   min   |   max   |    min   |    max   | min | max |   Type  |
    +---------+---------+----------+----------+-----+-----+---------+
    |      792|      792|  7.920 us|  7.920 us|  792|  792|       no|
    +---------+---------+----------+----------+-----+-----+---------+

    + Detail: 
        * Instance: 
        N/A

        * Loop: 
        +-------------------------------+---------+---------+----------+-----------+-----------+------+----------+
        |                               |  Latency (cycles) | Iteration|  Initiation Interval  | Trip |          |
        |           Loop Name           |   min   |   max   |  Latency |  achieved |   target  | Count| Pipelined|
        +-------------------------------+---------+---------+----------+-----------+-----------+------+----------+
        |- pool_for_rows_pool_for_cols  |      790|      790|        11|          4|          1|   196|       yes|
        +-------------------------------+---------+---------+----------+-----------+-----------+------+----------+

============================================================
+ Verbose Summary: Synthesis Manager
============================================================
InlineROM: 1
ExposeGlobal: 0
============================================================
+ Verbose Summary: CDFG Model
============================================================
IsTopModel: 0
ResetActiveHigh: 1
IsCombinational: 0
IsDatapathOnly: 0
HasWiredReturn: 1
HasMFsm: 2
HasVarLatency: 1
IsPipeline: 0
IsRtlPipelined: 0
IsInstanceOverlapped: 0
IsDontTouch: 0
HasImplIP: 0
IsGatedGlobalClock: 0

+ Individual pipeline summary: 
  * Pipeline-0: initiation interval (II) = 4, depth = 11


============================================================
+ Verbose Summary: Schedule
============================================================
* Number of FSM states : 11
* Pipeline : 1
  Pipeline-0 : II = 4, D = 11, States = { 1 2 3 4 5 6 7 8 9 10 11 }
* Dataflow Pipeline: 0

* FSM state transitions: 
1 --> 2 
2 --> 3 
3 --> 4 
4 --> 5 
5 --> 6 
6 --> 7 
7 --> 8 
8 --> 9 
9 --> 10 
10 --> 11 
11 --> 

* FSM state operations: 

State 1 <SV = 0> <Delay = 2.77>
ST_1 : Operation 14 [1/1] (0.00ns)   --->   "%indvar_flatten = alloca i32 1"   --->   Operation 14 'alloca' 'indvar_flatten' <Predicate = true> <Delay = 0.00>
ST_1 : Operation 15 [1/1] (0.00ns)   --->   "%specinterface_ln0 = specinterface void @_ssdm_op_SpecInterface, i32 %pool_to_flat_streams_0, void @empty_0, i32 0, i32 0, void @empty_1, i32 0, i32 0, void @empty_1, void @empty_1, void @empty_1, i32 0, i32 0, i32 0, i32 0, void @empty_1, void @empty_1, i32 4294967295, i32 0"   --->   Operation 15 'specinterface' 'specinterface_ln0' <Predicate = true> <Delay = 0.00>
ST_1 : Operation 16 [1/1] (0.00ns)   --->   "%specinterface_ln0 = specinterface void @_ssdm_op_SpecInterface, i32 %conv_to_pool_streams_0, void @empty_0, i32 0, i32 0, void @empty_1, i32 0, i32 0, void @empty_1, void @empty_1, void @empty_1, i32 0, i32 0, i32 0, i32 0, void @empty_1, void @empty_1, i32 4294967295, i32 0"   --->   Operation 16 'specinterface' 'specinterface_ln0' <Predicate = true> <Delay = 0.00>
ST_1 : Operation 17 [1/1] (1.14ns)   --->   "%store_ln0 = store i8 0, i8 %indvar_flatten"   --->   Operation 17 'store' 'store_ln0' <Predicate = true> <Delay = 1.14>
ST_1 : Operation 18 [1/1] (0.00ns)   --->   "%br_ln9 = br void %pool_for_pr" [CNN_Non_Optimal/src/pool.cpp:9]   --->   Operation 18 'br' 'br_ln9' <Predicate = true> <Delay = 0.00>
ST_1 : Operation 19 [1/1] (0.00ns)   --->   "%indvar_flatten_load = load i8 %indvar_flatten" [CNN_Non_Optimal/src/pool.cpp:9]   --->   Operation 19 'load' 'indvar_flatten_load' <Predicate = true> <Delay = 0.00>
ST_1 : Operation 20 [1/1] (1.62ns)   --->   "%icmp_ln9 = icmp_eq  i8 %indvar_flatten_load, i8 196" [CNN_Non_Optimal/src/pool.cpp:9]   --->   Operation 20 'icmp' 'icmp_ln9' <Predicate = true> <Delay = 1.62> <CoreInst = "Cmp">   --->   Core 9 'Cmp' <Latency = 0> <II = 1> <Delay = 1.62> <FuncUnit> <Opcode : 'icmp'> <InPorts = 2> <OutPorts = 1>
ST_1 : Operation 21 [1/1] (1.62ns)   --->   "%add_ln9 = add i8 %indvar_flatten_load, i8 1" [CNN_Non_Optimal/src/pool.cpp:9]   --->   Operation 21 'add' 'add_ln9' <Predicate = true> <Delay = 1.62> <CoreInst = "Adder">   --->   Core 1 'Adder' <Latency = 0> <II = 1> <Delay = 1.62> <FuncUnit> <Opcode : 'add' 'sub'> <InPorts = 2> <OutPorts = 1>
ST_1 : Operation 22 [1/1] (0.00ns)   --->   "%br_ln9 = br i1 %icmp_ln9, void %for.inc19, void %for.end21" [CNN_Non_Optimal/src/pool.cpp:9]   --->   Operation 22 'br' 'br_ln9' <Predicate = true> <Delay = 0.00>

State 2 <SV = 1> <Delay = 6.85>
ST_2 : Operation 23 [1/1] (3.07ns)   --->   "%conv_to_pool_streams_0_read = read i32 @_ssdm_op_Read.ap_fifo.volatile.i32P0A, i32 %conv_to_pool_streams_0" [CNN_Non_Optimal/src/pool.cpp:21]   --->   Operation 23 'read' 'conv_to_pool_streams_0_read' <Predicate = (!icmp_ln9)> <Delay = 3.07> <CoreInst = "FIFO">   --->   Core 78 'FIFO' <Latency = 0> <II = 1> <Delay = 3.07> <Storage> <Opcode : 'read' 'write' 'nbread' 'nbwrite'> <Ports = 0> <Width = 32> <Depth = 784> <FIFO>
ST_2 : Operation 24 [1/1] (0.00ns)   --->   "%value = bitcast i32 %conv_to_pool_streams_0_read" [CNN_Non_Optimal/src/pool.cpp:21]   --->   Operation 24 'bitcast' 'value' <Predicate = (!icmp_ln9)> <Delay = 0.00>
ST_2 : Operation 25 [1/1] (0.00ns)   --->   "%tmp = partselect i8 @_ssdm_op_PartSelect.i8.i32.i32.i32, i32 %conv_to_pool_streams_0_read, i32 23, i32 30" [CNN_Non_Optimal/src/pool.cpp:22]   --->   Operation 25 'partselect' 'tmp' <Predicate = (!icmp_ln9)> <Delay = 0.00>
ST_2 : Operation 26 [1/1] (0.00ns)   --->   "%trunc_ln22 = trunc i32 %conv_to_pool_streams_0_read" [CNN_Non_Optimal/src/pool.cpp:22]   --->   Operation 26 'trunc' 'trunc_ln22' <Predicate = (!icmp_ln9)> <Delay = 0.00>
ST_2 : Operation 27 [1/1] (1.62ns)   --->   "%icmp_ln22 = icmp_ne  i8 %tmp, i8 255" [CNN_Non_Optimal/src/pool.cpp:22]   --->   Operation 27 'icmp' 'icmp_ln22' <Predicate = (!icmp_ln9)> <Delay = 1.62> <CoreInst = "Cmp">   --->   Core 9 'Cmp' <Latency = 0> <II = 1> <Delay = 1.62> <FuncUnit> <Opcode : 'icmp'> <InPorts = 2> <OutPorts = 1>
ST_2 : Operation 28 [1/1] (1.75ns)   --->   "%icmp_ln22_1 = icmp_eq  i23 %trunc_ln22, i23 0" [CNN_Non_Optimal/src/pool.cpp:22]   --->   Operation 28 'icmp' 'icmp_ln22_1' <Predicate = (!icmp_ln9)> <Delay = 1.75> <CoreInst = "Cmp">   --->   Core 9 'Cmp' <Latency = 0> <II = 1> <Delay = 1.75> <FuncUnit> <Opcode : 'icmp'> <InPorts = 2> <OutPorts = 1>
ST_2 : Operation 29 [2/2] (3.77ns)   --->   "%tmp_1 = fcmp_ogt  i32 %value, i32 1.17549e-38" [CNN_Non_Optimal/src/pool.cpp:22]   --->   Operation 29 'fcmp' 'tmp_1' <Predicate = (!icmp_ln9)> <Delay = 3.77> <CoreInst = "FCompare">   --->   Core 19 'FCompare' <Latency = 1> <II = 1> <Delay = 3.77> <FuncUnit> <Opcode : 'fcmp'> <InPorts = 2> <OutPorts = 1>
ST_2 : Operation 30 [1/1] (1.14ns)   --->   "%store_ln9 = store i8 %add_ln9, i8 %indvar_flatten" [CNN_Non_Optimal/src/pool.cpp:9]   --->   Operation 30 'store' 'store_ln9' <Predicate = (!icmp_ln9)> <Delay = 1.14>

State 3 <SV = 2> <Delay = 4.83>
ST_3 : Operation 31 [1/1] (0.00ns) (grouped into LUT with out node pool_1)   --->   "%or_ln22 = or i1 %icmp_ln22_1, i1 %icmp_ln22" [CNN_Non_Optimal/src/pool.cpp:22]   --->   Operation 31 'or' 'or_ln22' <Predicate = (!icmp_ln9)> <Delay = 0.00> <CoreInst = "LogicGate">   --->   Core 74 'LogicGate' <Latency = 0> <II = 1> <Delay = 0.71> <FuncUnit> <Opcode : 'and' 'or' 'xor'> <InPorts = 2> <OutPorts = 1>
ST_3 : Operation 32 [1/2] (3.77ns)   --->   "%tmp_1 = fcmp_ogt  i32 %value, i32 1.17549e-38" [CNN_Non_Optimal/src/pool.cpp:22]   --->   Operation 32 'fcmp' 'tmp_1' <Predicate = (!icmp_ln9)> <Delay = 3.77> <CoreInst = "FCompare">   --->   Core 19 'FCompare' <Latency = 1> <II = 1> <Delay = 3.77> <FuncUnit> <Opcode : 'fcmp'> <InPorts = 2> <OutPorts = 1>
ST_3 : Operation 33 [1/1] (0.00ns) (grouped into LUT with out node pool_1)   --->   "%and_ln22 = and i1 %or_ln22, i1 %tmp_1" [CNN_Non_Optimal/src/pool.cpp:22]   --->   Operation 33 'and' 'and_ln22' <Predicate = (!icmp_ln9)> <Delay = 0.00> <CoreInst = "LogicGate">   --->   Core 74 'LogicGate' <Latency = 0> <II = 1> <Delay = 0.71> <FuncUnit> <Opcode : 'and' 'or' 'xor'> <InPorts = 2> <OutPorts = 1>
ST_3 : Operation 34 [1/1] (0.71ns) (out node of the LUT)   --->   "%pool_1 = select i1 %and_ln22, i32 %value, i32 1.17549e-38" [CNN_Non_Optimal/src/pool.cpp:22]   --->   Operation 34 'select' 'pool_1' <Predicate = (!icmp_ln9)> <Delay = 0.71> <CoreInst = "Sel">   --->   Core 73 'Sel' <Latency = 0> <II = 1> <Delay = 0.65> <FuncUnit> <Opcode : 'select'> <InPorts = 3> <OutPorts = 1>
ST_3 : Operation 35 [1/1] (3.07ns)   --->   "%conv_to_pool_streams_0_read_1 = read i32 @_ssdm_op_Read.ap_fifo.volatile.i32P0A, i32 %conv_to_pool_streams_0" [CNN_Non_Optimal/src/pool.cpp:21]   --->   Operation 35 'read' 'conv_to_pool_streams_0_read_1' <Predicate = (!icmp_ln9)> <Delay = 3.07> <CoreInst = "FIFO">   --->   Core 78 'FIFO' <Latency = 0> <II = 1> <Delay = 3.07> <Storage> <Opcode : 'read' 'write' 'nbread' 'nbwrite'> <Ports = 0> <Width = 32> <Depth = 784> <FIFO>
ST_3 : Operation 36 [1/1] (0.00ns)   --->   "%tmp_2 = partselect i8 @_ssdm_op_PartSelect.i8.i32.i32.i32, i32 %conv_to_pool_streams_0_read_1, i32 23, i32 30" [CNN_Non_Optimal/src/pool.cpp:22]   --->   Operation 36 'partselect' 'tmp_2' <Predicate = (!icmp_ln9)> <Delay = 0.00>
ST_3 : Operation 37 [1/1] (0.00ns)   --->   "%trunc_ln22_1 = trunc i32 %conv_to_pool_streams_0_read_1" [CNN_Non_Optimal/src/pool.cpp:22]   --->   Operation 37 'trunc' 'trunc_ln22_1' <Predicate = (!icmp_ln9)> <Delay = 0.00>
ST_3 : Operation 38 [1/1] (1.62ns)   --->   "%icmp_ln22_2 = icmp_ne  i8 %tmp_2, i8 255" [CNN_Non_Optimal/src/pool.cpp:22]   --->   Operation 38 'icmp' 'icmp_ln22_2' <Predicate = (!icmp_ln9)> <Delay = 1.62> <CoreInst = "Cmp">   --->   Core 9 'Cmp' <Latency = 0> <II = 1> <Delay = 1.62> <FuncUnit> <Opcode : 'icmp'> <InPorts = 2> <OutPorts = 1>
ST_3 : Operation 39 [1/1] (1.75ns)   --->   "%icmp_ln22_3 = icmp_eq  i23 %trunc_ln22_1, i23 0" [CNN_Non_Optimal/src/pool.cpp:22]   --->   Operation 39 'icmp' 'icmp_ln22_3' <Predicate = (!icmp_ln9)> <Delay = 1.75> <CoreInst = "Cmp">   --->   Core 9 'Cmp' <Latency = 0> <II = 1> <Delay = 1.75> <FuncUnit> <Opcode : 'icmp'> <InPorts = 2> <OutPorts = 1>

State 4 <SV = 3> <Delay = 4.83>
ST_4 : Operation 40 [1/1] (0.00ns)   --->   "%value_1 = bitcast i32 %conv_to_pool_streams_0_read_1" [CNN_Non_Optimal/src/pool.cpp:21]   --->   Operation 40 'bitcast' 'value_1' <Predicate = (!icmp_ln9)> <Delay = 0.00>
ST_4 : Operation 41 [2/2] (3.77ns)   --->   "%tmp_4 = fcmp_ogt  i32 %value_1, i32 %pool_1" [CNN_Non_Optimal/src/pool.cpp:22]   --->   Operation 41 'fcmp' 'tmp_4' <Predicate = (!icmp_ln9)> <Delay = 3.77> <CoreInst = "FCompare">   --->   Core 19 'FCompare' <Latency = 1> <II = 1> <Delay = 3.77> <FuncUnit> <Opcode : 'fcmp'> <InPorts = 2> <OutPorts = 1>
ST_4 : Operation 42 [1/1] (3.07ns)   --->   "%conv_to_pool_streams_0_read_2 = read i32 @_ssdm_op_Read.ap_fifo.volatile.i32P0A, i32 %conv_to_pool_streams_0" [CNN_Non_Optimal/src/pool.cpp:21]   --->   Operation 42 'read' 'conv_to_pool_streams_0_read_2' <Predicate = (!icmp_ln9)> <Delay = 3.07> <CoreInst = "FIFO">   --->   Core 78 'FIFO' <Latency = 0> <II = 1> <Delay = 3.07> <Storage> <Opcode : 'read' 'write' 'nbread' 'nbwrite'> <Ports = 0> <Width = 32> <Depth = 784> <FIFO>
ST_4 : Operation 43 [1/1] (0.00ns)   --->   "%tmp_5 = partselect i8 @_ssdm_op_PartSelect.i8.i32.i32.i32, i32 %conv_to_pool_streams_0_read_2, i32 23, i32 30" [CNN_Non_Optimal/src/pool.cpp:22]   --->   Operation 43 'partselect' 'tmp_5' <Predicate = (!icmp_ln9)> <Delay = 0.00>
ST_4 : Operation 44 [1/1] (0.00ns)   --->   "%trunc_ln22_3 = trunc i32 %conv_to_pool_streams_0_read_2" [CNN_Non_Optimal/src/pool.cpp:22]   --->   Operation 44 'trunc' 'trunc_ln22_3' <Predicate = (!icmp_ln9)> <Delay = 0.00>
ST_4 : Operation 45 [1/1] (1.62ns)   --->   "%icmp_ln22_6 = icmp_ne  i8 %tmp_5, i8 255" [CNN_Non_Optimal/src/pool.cpp:22]   --->   Operation 45 'icmp' 'icmp_ln22_6' <Predicate = (!icmp_ln9)> <Delay = 1.62> <CoreInst = "Cmp">   --->   Core 9 'Cmp' <Latency = 0> <II = 1> <Delay = 1.62> <FuncUnit> <Opcode : 'icmp'> <InPorts = 2> <OutPorts = 1>
ST_4 : Operation 46 [1/1] (1.75ns)   --->   "%icmp_ln22_7 = icmp_eq  i23 %trunc_ln22_3, i23 0" [CNN_Non_Optimal/src/pool.cpp:22]   --->   Operation 46 'icmp' 'icmp_ln22_7' <Predicate = (!icmp_ln9)> <Delay = 1.75> <CoreInst = "Cmp">   --->   Core 9 'Cmp' <Latency = 0> <II = 1> <Delay = 1.75> <FuncUnit> <Opcode : 'icmp'> <InPorts = 2> <OutPorts = 1>

State 5 <SV = 4> <Delay = 5.14>
ST_5 : Operation 47 [1/1] (0.00ns)   --->   "%bitcast_ln22 = bitcast i32 %pool_1" [CNN_Non_Optimal/src/pool.cpp:22]   --->   Operation 47 'bitcast' 'bitcast_ln22' <Predicate = true> <Delay = 0.00>
ST_5 : Operation 48 [1/1] (0.00ns)   --->   "%tmp_3 = partselect i8 @_ssdm_op_PartSelect.i8.i32.i32.i32, i32 %bitcast_ln22, i32 23, i32 30" [CNN_Non_Optimal/src/pool.cpp:22]   --->   Operation 48 'partselect' 'tmp_3' <Predicate = true> <Delay = 0.00>
ST_5 : Operation 49 [1/1] (0.00ns)   --->   "%trunc_ln22_2 = trunc i32 %bitcast_ln22" [CNN_Non_Optimal/src/pool.cpp:22]   --->   Operation 49 'trunc' 'trunc_ln22_2' <Predicate = true> <Delay = 0.00>
ST_5 : Operation 50 [1/1] (0.00ns) (grouped into LUT with out node and_ln22_2)   --->   "%or_ln22_1 = or i1 %icmp_ln22_3, i1 %icmp_ln22_2" [CNN_Non_Optimal/src/pool.cpp:22]   --->   Operation 50 'or' 'or_ln22_1' <Predicate = true> <Delay = 0.00> <CoreInst = "LogicGate">   --->   Core 74 'LogicGate' <Latency = 0> <II = 1> <Delay = 0.71> <FuncUnit> <Opcode : 'and' 'or' 'xor'> <InPorts = 2> <OutPorts = 1>
ST_5 : Operation 51 [1/1] (1.62ns)   --->   "%icmp_ln22_4 = icmp_ne  i8 %tmp_3, i8 255" [CNN_Non_Optimal/src/pool.cpp:22]   --->   Operation 51 'icmp' 'icmp_ln22_4' <Predicate = true> <Delay = 1.62> <CoreInst = "Cmp">   --->   Core 9 'Cmp' <Latency = 0> <II = 1> <Delay = 1.62> <FuncUnit> <Opcode : 'icmp'> <InPorts = 2> <OutPorts = 1>
ST_5 : Operation 52 [1/1] (1.75ns)   --->   "%icmp_ln22_5 = icmp_eq  i23 %trunc_ln22_2, i23 0" [CNN_Non_Optimal/src/pool.cpp:22]   --->   Operation 52 'icmp' 'icmp_ln22_5' <Predicate = true> <Delay = 1.75> <CoreInst = "Cmp">   --->   Core 9 'Cmp' <Latency = 0> <II = 1> <Delay = 1.75> <FuncUnit> <Opcode : 'icmp'> <InPorts = 2> <OutPorts = 1>
ST_5 : Operation 53 [1/1] (0.00ns) (grouped into LUT with out node and_ln22_2)   --->   "%or_ln22_2 = or i1 %icmp_ln22_5, i1 %icmp_ln22_4" [CNN_Non_Optimal/src/pool.cpp:22]   --->   Operation 53 'or' 'or_ln22_2' <Predicate = true> <Delay = 0.00> <CoreInst = "LogicGate">   --->   Core 74 'LogicGate' <Latency = 0> <II = 1> <Delay = 0.71> <FuncUnit> <Opcode : 'and' 'or' 'xor'> <InPorts = 2> <OutPorts = 1>
ST_5 : Operation 54 [1/1] (0.00ns) (grouped into LUT with out node and_ln22_2)   --->   "%and_ln22_1 = and i1 %or_ln22_1, i1 %or_ln22_2" [CNN_Non_Optimal/src/pool.cpp:22]   --->   Operation 54 'and' 'and_ln22_1' <Predicate = true> <Delay = 0.00> <CoreInst = "LogicGate">   --->   Core 74 'LogicGate' <Latency = 0> <II = 1> <Delay = 0.71> <FuncUnit> <Opcode : 'and' 'or' 'xor'> <InPorts = 2> <OutPorts = 1>
ST_5 : Operation 55 [1/2] (3.77ns)   --->   "%tmp_4 = fcmp_ogt  i32 %value_1, i32 %pool_1" [CNN_Non_Optimal/src/pool.cpp:22]   --->   Operation 55 'fcmp' 'tmp_4' <Predicate = true> <Delay = 3.77> <CoreInst = "FCompare">   --->   Core 19 'FCompare' <Latency = 1> <II = 1> <Delay = 3.77> <FuncUnit> <Opcode : 'fcmp'> <InPorts = 2> <OutPorts = 1>
ST_5 : Operation 56 [1/1] (0.71ns) (out node of the LUT)   --->   "%and_ln22_2 = and i1 %and_ln22_1, i1 %tmp_4" [CNN_Non_Optimal/src/pool.cpp:22]   --->   Operation 56 'and' 'and_ln22_2' <Predicate = true> <Delay = 0.71> <CoreInst = "LogicGate">   --->   Core 74 'LogicGate' <Latency = 0> <II = 1> <Delay = 0.71> <FuncUnit> <Opcode : 'and' 'or' 'xor'> <InPorts = 2> <OutPorts = 1>
ST_5 : Operation 57 [1/1] (0.65ns) (out node of the LUT)   --->   "%pool_3 = select i1 %and_ln22_2, i32 %value_1, i32 %pool_1" [CNN_Non_Optimal/src/pool.cpp:22]   --->   Operation 57 'select' 'pool_3' <Predicate = true> <Delay = 0.65> <CoreInst = "Sel">   --->   Core 73 'Sel' <Latency = 0> <II = 1> <Delay = 0.65> <FuncUnit> <Opcode : 'select'> <InPorts = 3> <OutPorts = 1>
ST_5 : Operation 58 [1/1] (3.07ns)   --->   "%conv_to_pool_streams_0_read_3 = read i32 @_ssdm_op_Read.ap_fifo.volatile.i32P0A, i32 %conv_to_pool_streams_0" [CNN_Non_Optimal/src/pool.cpp:21]   --->   Operation 58 'read' 'conv_to_pool_streams_0_read_3' <Predicate = true> <Delay = 3.07> <CoreInst = "FIFO">   --->   Core 78 'FIFO' <Latency = 0> <II = 1> <Delay = 3.07> <Storage> <Opcode : 'read' 'write' 'nbread' 'nbwrite'> <Ports = 0> <Width = 32> <Depth = 784> <FIFO>
ST_5 : Operation 59 [1/1] (0.00ns)   --->   "%tmp_8 = partselect i8 @_ssdm_op_PartSelect.i8.i32.i32.i32, i32 %conv_to_pool_streams_0_read_3, i32 23, i32 30" [CNN_Non_Optimal/src/pool.cpp:22]   --->   Operation 59 'partselect' 'tmp_8' <Predicate = true> <Delay = 0.00>
ST_5 : Operation 60 [1/1] (0.00ns)   --->   "%trunc_ln22_5 = trunc i32 %conv_to_pool_streams_0_read_3" [CNN_Non_Optimal/src/pool.cpp:22]   --->   Operation 60 'trunc' 'trunc_ln22_5' <Predicate = true> <Delay = 0.00>
ST_5 : Operation 61 [1/1] (1.62ns)   --->   "%icmp_ln22_10 = icmp_ne  i8 %tmp_8, i8 255" [CNN_Non_Optimal/src/pool.cpp:22]   --->   Operation 61 'icmp' 'icmp_ln22_10' <Predicate = true> <Delay = 1.62> <CoreInst = "Cmp">   --->   Core 9 'Cmp' <Latency = 0> <II = 1> <Delay = 1.62> <FuncUnit> <Opcode : 'icmp'> <InPorts = 2> <OutPorts = 1>
ST_5 : Operation 62 [1/1] (1.75ns)   --->   "%icmp_ln22_11 = icmp_eq  i23 %trunc_ln22_5, i23 0" [CNN_Non_Optimal/src/pool.cpp:22]   --->   Operation 62 'icmp' 'icmp_ln22_11' <Predicate = true> <Delay = 1.75> <CoreInst = "Cmp">   --->   Core 9 'Cmp' <Latency = 0> <II = 1> <Delay = 1.75> <FuncUnit> <Opcode : 'icmp'> <InPorts = 2> <OutPorts = 1>

State 6 <SV = 5> <Delay = 0.00>

State 7 <SV = 6> <Delay = 3.77>
ST_7 : Operation 63 [1/1] (0.00ns)   --->   "%value_2 = bitcast i32 %conv_to_pool_streams_0_read_2" [CNN_Non_Optimal/src/pool.cpp:21]   --->   Operation 63 'bitcast' 'value_2' <Predicate = true> <Delay = 0.00>
ST_7 : Operation 64 [2/2] (3.77ns)   --->   "%tmp_7 = fcmp_ogt  i32 %value_2, i32 %pool_3" [CNN_Non_Optimal/src/pool.cpp:22]   --->   Operation 64 'fcmp' 'tmp_7' <Predicate = true> <Delay = 3.77> <CoreInst = "FCompare">   --->   Core 19 'FCompare' <Latency = 1> <II = 1> <Delay = 3.77> <FuncUnit> <Opcode : 'fcmp'> <InPorts = 2> <OutPorts = 1>
ST_7 : Operation 95 [1/1] (0.00ns)   --->   "%ret_ln29 = ret" [CNN_Non_Optimal/src/pool.cpp:29]   --->   Operation 95 'ret' 'ret_ln29' <Predicate = (icmp_ln9)> <Delay = 0.00>

State 8 <SV = 7> <Delay = 5.14>
ST_8 : Operation 65 [1/1] (0.00ns)   --->   "%bitcast_ln22_1 = bitcast i32 %pool_3" [CNN_Non_Optimal/src/pool.cpp:22]   --->   Operation 65 'bitcast' 'bitcast_ln22_1' <Predicate = true> <Delay = 0.00>
ST_8 : Operation 66 [1/1] (0.00ns)   --->   "%tmp_6 = partselect i8 @_ssdm_op_PartSelect.i8.i32.i32.i32, i32 %bitcast_ln22_1, i32 23, i32 30" [CNN_Non_Optimal/src/pool.cpp:22]   --->   Operation 66 'partselect' 'tmp_6' <Predicate = true> <Delay = 0.00>
ST_8 : Operation 67 [1/1] (0.00ns)   --->   "%trunc_ln22_4 = trunc i32 %bitcast_ln22_1" [CNN_Non_Optimal/src/pool.cpp:22]   --->   Operation 67 'trunc' 'trunc_ln22_4' <Predicate = true> <Delay = 0.00>
ST_8 : Operation 68 [1/1] (0.00ns) (grouped into LUT with out node and_ln22_4)   --->   "%or_ln22_3 = or i1 %icmp_ln22_7, i1 %icmp_ln22_6" [CNN_Non_Optimal/src/pool.cpp:22]   --->   Operation 68 'or' 'or_ln22_3' <Predicate = true> <Delay = 0.00> <CoreInst = "LogicGate">   --->   Core 74 'LogicGate' <Latency = 0> <II = 1> <Delay = 0.71> <FuncUnit> <Opcode : 'and' 'or' 'xor'> <InPorts = 2> <OutPorts = 1>
ST_8 : Operation 69 [1/1] (1.62ns)   --->   "%icmp_ln22_8 = icmp_ne  i8 %tmp_6, i8 255" [CNN_Non_Optimal/src/pool.cpp:22]   --->   Operation 69 'icmp' 'icmp_ln22_8' <Predicate = true> <Delay = 1.62> <CoreInst = "Cmp">   --->   Core 9 'Cmp' <Latency = 0> <II = 1> <Delay = 1.62> <FuncUnit> <Opcode : 'icmp'> <InPorts = 2> <OutPorts = 1>
ST_8 : Operation 70 [1/1] (1.75ns)   --->   "%icmp_ln22_9 = icmp_eq  i23 %trunc_ln22_4, i23 0" [CNN_Non_Optimal/src/pool.cpp:22]   --->   Operation 70 'icmp' 'icmp_ln22_9' <Predicate = true> <Delay = 1.75> <CoreInst = "Cmp">   --->   Core 9 'Cmp' <Latency = 0> <II = 1> <Delay = 1.75> <FuncUnit> <Opcode : 'icmp'> <InPorts = 2> <OutPorts = 1>
ST_8 : Operation 71 [1/1] (0.00ns) (grouped into LUT with out node and_ln22_4)   --->   "%or_ln22_4 = or i1 %icmp_ln22_9, i1 %icmp_ln22_8" [CNN_Non_Optimal/src/pool.cpp:22]   --->   Operation 71 'or' 'or_ln22_4' <Predicate = true> <Delay = 0.00> <CoreInst = "LogicGate">   --->   Core 74 'LogicGate' <Latency = 0> <II = 1> <Delay = 0.71> <FuncUnit> <Opcode : 'and' 'or' 'xor'> <InPorts = 2> <OutPorts = 1>
ST_8 : Operation 72 [1/1] (0.00ns) (grouped into LUT with out node and_ln22_4)   --->   "%and_ln22_3 = and i1 %or_ln22_3, i1 %or_ln22_4" [CNN_Non_Optimal/src/pool.cpp:22]   --->   Operation 72 'and' 'and_ln22_3' <Predicate = true> <Delay = 0.00> <CoreInst = "LogicGate">   --->   Core 74 'LogicGate' <Latency = 0> <II = 1> <Delay = 0.71> <FuncUnit> <Opcode : 'and' 'or' 'xor'> <InPorts = 2> <OutPorts = 1>
ST_8 : Operation 73 [1/2] (3.77ns)   --->   "%tmp_7 = fcmp_ogt  i32 %value_2, i32 %pool_3" [CNN_Non_Optimal/src/pool.cpp:22]   --->   Operation 73 'fcmp' 'tmp_7' <Predicate = true> <Delay = 3.77> <CoreInst = "FCompare">   --->   Core 19 'FCompare' <Latency = 1> <II = 1> <Delay = 3.77> <FuncUnit> <Opcode : 'fcmp'> <InPorts = 2> <OutPorts = 1>
ST_8 : Operation 74 [1/1] (0.71ns) (out node of the LUT)   --->   "%and_ln22_4 = and i1 %and_ln22_3, i1 %tmp_7" [CNN_Non_Optimal/src/pool.cpp:22]   --->   Operation 74 'and' 'and_ln22_4' <Predicate = true> <Delay = 0.71> <CoreInst = "LogicGate">   --->   Core 74 'LogicGate' <Latency = 0> <II = 1> <Delay = 0.71> <FuncUnit> <Opcode : 'and' 'or' 'xor'> <InPorts = 2> <OutPorts = 1>
ST_8 : Operation 75 [1/1] (0.65ns) (out node of the LUT)   --->   "%pool_5 = select i1 %and_ln22_4, i32 %value_2, i32 %pool_3" [CNN_Non_Optimal/src/pool.cpp:22]   --->   Operation 75 'select' 'pool_5' <Predicate = true> <Delay = 0.65> <CoreInst = "Sel">   --->   Core 73 'Sel' <Latency = 0> <II = 1> <Delay = 0.65> <FuncUnit> <Opcode : 'select'> <InPorts = 3> <OutPorts = 1>

State 9 <SV = 8> <Delay = 3.77>
ST_9 : Operation 76 [1/1] (0.00ns)   --->   "%value_3 = bitcast i32 %conv_to_pool_streams_0_read_3" [CNN_Non_Optimal/src/pool.cpp:21]   --->   Operation 76 'bitcast' 'value_3' <Predicate = true> <Delay = 0.00>
ST_9 : Operation 77 [2/2] (3.77ns)   --->   "%tmp_s = fcmp_ogt  i32 %value_3, i32 %pool_5" [CNN_Non_Optimal/src/pool.cpp:22]   --->   Operation 77 'fcmp' 'tmp_s' <Predicate = true> <Delay = 3.77> <CoreInst = "FCompare">   --->   Core 19 'FCompare' <Latency = 1> <II = 1> <Delay = 3.77> <FuncUnit> <Opcode : 'fcmp'> <InPorts = 2> <OutPorts = 1>

State 10 <SV = 9> <Delay = 5.14>
ST_10 : Operation 78 [1/1] (0.00ns)   --->   "%bitcast_ln22_2 = bitcast i32 %pool_5" [CNN_Non_Optimal/src/pool.cpp:22]   --->   Operation 78 'bitcast' 'bitcast_ln22_2' <Predicate = true> <Delay = 0.00>
ST_10 : Operation 79 [1/1] (0.00ns)   --->   "%tmp_9 = partselect i8 @_ssdm_op_PartSelect.i8.i32.i32.i32, i32 %bitcast_ln22_2, i32 23, i32 30" [CNN_Non_Optimal/src/pool.cpp:22]   --->   Operation 79 'partselect' 'tmp_9' <Predicate = true> <Delay = 0.00>
ST_10 : Operation 80 [1/1] (0.00ns)   --->   "%trunc_ln22_6 = trunc i32 %bitcast_ln22_2" [CNN_Non_Optimal/src/pool.cpp:22]   --->   Operation 80 'trunc' 'trunc_ln22_6' <Predicate = true> <Delay = 0.00>
ST_10 : Operation 81 [1/1] (0.00ns) (grouped into LUT with out node and_ln22_6)   --->   "%or_ln22_5 = or i1 %icmp_ln22_11, i1 %icmp_ln22_10" [CNN_Non_Optimal/src/pool.cpp:22]   --->   Operation 81 'or' 'or_ln22_5' <Predicate = true> <Delay = 0.00> <CoreInst = "LogicGate">   --->   Core 74 'LogicGate' <Latency = 0> <II = 1> <Delay = 0.71> <FuncUnit> <Opcode : 'and' 'or' 'xor'> <InPorts = 2> <OutPorts = 1>
ST_10 : Operation 82 [1/1] (1.62ns)   --->   "%icmp_ln22_12 = icmp_ne  i8 %tmp_9, i8 255" [CNN_Non_Optimal/src/pool.cpp:22]   --->   Operation 82 'icmp' 'icmp_ln22_12' <Predicate = true> <Delay = 1.62> <CoreInst = "Cmp">   --->   Core 9 'Cmp' <Latency = 0> <II = 1> <Delay = 1.62> <FuncUnit> <Opcode : 'icmp'> <InPorts = 2> <OutPorts = 1>
ST_10 : Operation 83 [1/1] (1.75ns)   --->   "%icmp_ln22_13 = icmp_eq  i23 %trunc_ln22_6, i23 0" [CNN_Non_Optimal/src/pool.cpp:22]   --->   Operation 83 'icmp' 'icmp_ln22_13' <Predicate = true> <Delay = 1.75> <CoreInst = "Cmp">   --->   Core 9 'Cmp' <Latency = 0> <II = 1> <Delay = 1.75> <FuncUnit> <Opcode : 'icmp'> <InPorts = 2> <OutPorts = 1>
ST_10 : Operation 84 [1/1] (0.00ns) (grouped into LUT with out node and_ln22_6)   --->   "%or_ln22_6 = or i1 %icmp_ln22_13, i1 %icmp_ln22_12" [CNN_Non_Optimal/src/pool.cpp:22]   --->   Operation 84 'or' 'or_ln22_6' <Predicate = true> <Delay = 0.00> <CoreInst = "LogicGate">   --->   Core 74 'LogicGate' <Latency = 0> <II = 1> <Delay = 0.71> <FuncUnit> <Opcode : 'and' 'or' 'xor'> <InPorts = 2> <OutPorts = 1>
ST_10 : Operation 85 [1/1] (0.00ns) (grouped into LUT with out node and_ln22_6)   --->   "%and_ln22_5 = and i1 %or_ln22_5, i1 %or_ln22_6" [CNN_Non_Optimal/src/pool.cpp:22]   --->   Operation 85 'and' 'and_ln22_5' <Predicate = true> <Delay = 0.00> <CoreInst = "LogicGate">   --->   Core 74 'LogicGate' <Latency = 0> <II = 1> <Delay = 0.71> <FuncUnit> <Opcode : 'and' 'or' 'xor'> <InPorts = 2> <OutPorts = 1>
ST_10 : Operation 86 [1/2] (3.77ns)   --->   "%tmp_s = fcmp_ogt  i32 %value_3, i32 %pool_5" [CNN_Non_Optimal/src/pool.cpp:22]   --->   Operation 86 'fcmp' 'tmp_s' <Predicate = true> <Delay = 3.77> <CoreInst = "FCompare">   --->   Core 19 'FCompare' <Latency = 1> <II = 1> <Delay = 3.77> <FuncUnit> <Opcode : 'fcmp'> <InPorts = 2> <OutPorts = 1>
ST_10 : Operation 87 [1/1] (0.71ns) (out node of the LUT)   --->   "%and_ln22_6 = and i1 %and_ln22_5, i1 %tmp_s" [CNN_Non_Optimal/src/pool.cpp:22]   --->   Operation 87 'and' 'and_ln22_6' <Predicate = true> <Delay = 0.71> <CoreInst = "LogicGate">   --->   Core 74 'LogicGate' <Latency = 0> <II = 1> <Delay = 0.71> <FuncUnit> <Opcode : 'and' 'or' 'xor'> <InPorts = 2> <OutPorts = 1>
ST_10 : Operation 88 [1/1] (0.65ns) (out node of the LUT)   --->   "%pool_7 = select i1 %and_ln22_6, i32 %value_3, i32 %pool_5" [CNN_Non_Optimal/src/pool.cpp:22]   --->   Operation 88 'select' 'pool_7' <Predicate = true> <Delay = 0.65> <CoreInst = "Sel">   --->   Core 73 'Sel' <Latency = 0> <II = 1> <Delay = 0.65> <FuncUnit> <Opcode : 'select'> <InPorts = 3> <OutPorts = 1>

State 11 <SV = 10> <Delay = 3.04>
ST_11 : Operation 89 [1/1] (0.00ns)   --->   "%specloopname_ln0 = specloopname void @_ssdm_op_SpecLoopName, void @pool_for_rows_pool_for_cols_str"   --->   Operation 89 'specloopname' 'specloopname_ln0' <Predicate = true> <Delay = 0.00>
ST_11 : Operation 90 [1/1] (0.00ns)   --->   "%speclooptripcount_ln0 = speclooptripcount void @_ssdm_op_SpecLoopTripCount, i64 196, i64 196, i64 196"   --->   Operation 90 'speclooptripcount' 'speclooptripcount_ln0' <Predicate = true> <Delay = 0.00>
ST_11 : Operation 91 [1/1] (0.00ns)   --->   "%specpipeline_ln12 = specpipeline void @_ssdm_op_SpecPipeline, i32 4294967295, i32 0, i32 0, i32 0, void @empty_1" [CNN_Non_Optimal/src/pool.cpp:12]   --->   Operation 91 'specpipeline' 'specpipeline_ln12' <Predicate = true> <Delay = 0.00>
ST_11 : Operation 92 [1/1] (0.00ns)   --->   "%bitcast_ln26 = bitcast i32 %pool_7" [CNN_Non_Optimal/src/pool.cpp:26]   --->   Operation 92 'bitcast' 'bitcast_ln26' <Predicate = true> <Delay = 0.00>
ST_11 : Operation 93 [1/1] (3.04ns)   --->   "%write_ln26 = write void @_ssdm_op_Write.ap_fifo.volatile.i32P0A, i32 %pool_to_flat_streams_0, i32 %bitcast_ln26" [CNN_Non_Optimal/src/pool.cpp:26]   --->   Operation 93 'write' 'write_ln26' <Predicate = true> <Delay = 3.04> <CoreInst = "FIFO">   --->   Core 78 'FIFO' <Latency = 0> <II = 1> <Delay = 3.04> <Storage> <Opcode : 'read' 'write' 'nbread' 'nbwrite'> <Ports = 0> <Width = 32> <Depth = 196> <FIFO>
ST_11 : Operation 94 [1/1] (0.00ns)   --->   "%br_ln12 = br void %pool_for_pr" [CNN_Non_Optimal/src/pool.cpp:12]   --->   Operation 94 'br' 'br_ln12' <Predicate = true> <Delay = 0.00>


============================================================
+ Verbose Summary: Timing violations
============================================================
Target clock period: 10.000ns, clock uncertainty: 2.700ns.

 <State 1>: 2.773ns
The critical path consists of the following:
	'store' operation 0 bit ('store_ln0') of constant 0 on local variable 'indvar_flatten' [6]  (1.146 ns)
	'load' operation 8 bit ('indvar_flatten_load', CNN_Non_Optimal/src/pool.cpp:9) on local variable 'indvar_flatten' [9]  (0.000 ns)
	'icmp' operation 1 bit ('icmp_ln9', CNN_Non_Optimal/src/pool.cpp:9) [10]  (1.627 ns)

 <State 2>: 6.851ns
The critical path consists of the following:
	fifo read operation ('conv_to_pool_streams_0_read', CNN_Non_Optimal/src/pool.cpp:21) on port 'conv_to_pool_streams_0' (CNN_Non_Optimal/src/pool.cpp:21) [17]  (3.076 ns)
	'fcmp' operation 1 bit ('tmp_1', CNN_Non_Optimal/src/pool.cpp:22) [24]  (3.775 ns)

 <State 3>: 4.835ns
The critical path consists of the following:
	fifo read operation ('conv_to_pool_streams_0_read_1', CNN_Non_Optimal/src/pool.cpp:21) on port 'conv_to_pool_streams_0' (CNN_Non_Optimal/src/pool.cpp:21) [27]  (3.076 ns)
	'icmp' operation 1 bit ('icmp_ln22_3', CNN_Non_Optimal/src/pool.cpp:22) [35]  (1.758 ns)

 <State 4>: 4.835ns
The critical path consists of the following:
	fifo read operation ('conv_to_pool_streams_0_read_2', CNN_Non_Optimal/src/pool.cpp:21) on port 'conv_to_pool_streams_0' (CNN_Non_Optimal/src/pool.cpp:21) [44]  (3.076 ns)
	'icmp' operation 1 bit ('icmp_ln22_7', CNN_Non_Optimal/src/pool.cpp:22) [52]  (1.758 ns)

 <State 5>: 5.141ns
The critical path consists of the following:
	'fcmp' operation 1 bit ('tmp_4', CNN_Non_Optimal/src/pool.cpp:22) [41]  (3.775 ns)
	'and' operation 1 bit ('and_ln22_2', CNN_Non_Optimal/src/pool.cpp:22) [42]  (0.712 ns)
	'select' operation 32 bit ('pool', CNN_Non_Optimal/src/pool.cpp:22) [43]  (0.654 ns)

 <State 6>: 0.000ns
The critical path consists of the following:

 <State 7>: 3.775ns
The critical path consists of the following:
	'fcmp' operation 1 bit ('tmp_7', CNN_Non_Optimal/src/pool.cpp:22) [58]  (3.775 ns)

 <State 8>: 5.141ns
The critical path consists of the following:
	'fcmp' operation 1 bit ('tmp_7', CNN_Non_Optimal/src/pool.cpp:22) [58]  (3.775 ns)
	'and' operation 1 bit ('and_ln22_4', CNN_Non_Optimal/src/pool.cpp:22) [59]  (0.712 ns)
	'select' operation 32 bit ('pool', CNN_Non_Optimal/src/pool.cpp:22) [60]  (0.654 ns)

 <State 9>: 3.775ns
The critical path consists of the following:
	'fcmp' operation 1 bit ('tmp_s', CNN_Non_Optimal/src/pool.cpp:22) [75]  (3.775 ns)

 <State 10>: 5.141ns
The critical path consists of the following:
	'fcmp' operation 1 bit ('tmp_s', CNN_Non_Optimal/src/pool.cpp:22) [75]  (3.775 ns)
	'and' operation 1 bit ('and_ln22_6', CNN_Non_Optimal/src/pool.cpp:22) [76]  (0.712 ns)
	'select' operation 32 bit ('pool', CNN_Non_Optimal/src/pool.cpp:22) [77]  (0.654 ns)

 <State 11>: 3.042ns
The critical path consists of the following:
	fifo write operation ('write_ln26', CNN_Non_Optimal/src/pool.cpp:26) on port 'pool_to_flat_streams_0' (CNN_Non_Optimal/src/pool.cpp:26) [79]  (3.042 ns)


============================================================
+ Verbose Summary: Binding
============================================================
N/A
* FSMD analyzer results:
  - Output states:
 - Input state : 
  - Chain level:
	State 1
	State 2
	State 3
	State 4
	State 5
	State 6
	State 7
	State 8
	State 9
	State 10
	State 11


============================================================
+ Verbose Summary: Datapath Resource usage 
============================================================
N/A
