

================================================================
== Vitis HLS Report for 'convolve_Pipeline_VITIS_LOOP_17_1_VITIS_LOOP_19_2'
================================================================
* Date:           Fri Nov  8 18:05:36 2024

* Version:        2023.2 (Build 4023990 on Oct 11 2023)
* Project:        Sobel_Edge_Detector_PL
* Solution:       solution1 (Vivado IP Flow Target)
* Product family: virtexuplus
* Target device:  xcvu11p-flga2577-1-e


================================================================
== Performance Estimates
================================================================
+ Timing: 
    * Summary: 
    +--------+----------+----------+------------+
    |  Clock |  Target  | Estimated| Uncertainty|
    +--------+----------+----------+------------+
    |ap_clk  |  10.00 ns|  7.300 ns|     2.70 ns|
    +--------+----------+----------+------------+

+ Latency: 
    * Summary: 
    +---------+---------+----------+----------+-------+-------+---------+
    |  Latency (cycles) |  Latency (absolute) |    Interval   | Pipeline|
    |   min   |   max   |    min   |    max   |  min  |  max  |   Type  |
    +---------+---------+----------+----------+-------+-------+---------+
    |    16386|    16386|  0.164 ms|  0.164 ms|  16386|  16386|       no|
    +---------+---------+----------+----------+-------+-------+---------+

    + Detail: 
        * Instance: 
        N/A

        * Loop: 
        +-----------------------------------+---------+---------+----------+-----------+-----------+-------+----------+
        |                                   |  Latency (cycles) | Iteration|  Initiation Interval  |  Trip |          |
        |             Loop Name             |   min   |   max   |  Latency |  achieved |   target  | Count | Pipelined|
        +-----------------------------------+---------+---------+----------+-----------+-----------+-------+----------+
        |- VITIS_LOOP_17_1_VITIS_LOOP_19_2  |    16384|    16384|         2|          1|          1|  16384|       yes|
        +-----------------------------------+---------+---------+----------+-----------+-----------+-------+----------+



================================================================
== Utilization Estimates
================================================================
* Summary: 
+---------------------+---------+------+---------+---------+-----+
|         Name        | BRAM_18K|  DSP |    FF   |   LUT   | URAM|
+---------------------+---------+------+---------+---------+-----+
|DSP                  |        -|     -|        -|        -|    -|
|Expression           |        -|     -|        0|       49|    -|
|FIFO                 |        -|     -|        -|        -|    -|
|Instance             |        -|     -|        -|        -|    -|
|Memory               |        -|     -|        -|        -|    -|
|Multiplexer          |        -|     -|        -|       45|    -|
|Register             |        -|     -|       18|        -|    -|
+---------------------+---------+------+---------+---------+-----+
|Total                |        0|     0|       18|       94|    0|
+---------------------+---------+------+---------+---------+-----+
|Available SLR        |     1344|  3072|   864000|   432000|  320|
+---------------------+---------+------+---------+---------+-----+
|Utilization SLR (%)  |        0|     0|       ~0|       ~0|    0|
+---------------------+---------+------+---------+---------+-----+
|Available            |     4032|  9216|  2592000|  1296000|  960|
+---------------------+---------+------+---------+---------+-----+
|Utilization (%)      |        0|     0|       ~0|       ~0|    0|
+---------------------+---------+------+---------+---------+-----+

+ Detail: 
    * Instance: 
    N/A

    * DSP: 
    N/A

    * Memory: 
    N/A

    * FIFO: 
    N/A

    * Expression: 
    +---------------------------+----------+----+---+----+------------+------------+
    |       Variable Name       | Operation| DSP| FF| LUT| Bitwidth P0| Bitwidth P1|
    +---------------------------+----------+----+---+----+------------+------------+
    |add_ln17_fu_83_p2          |         +|   0|  0|  22|          15|           1|
    |ap_block_pp0_stage0_11001  |       and|   0|  0|   2|           1|           1|
    |icmp_ln17_fu_77_p2         |      icmp|   0|  0|  23|          15|          16|
    |ap_enable_pp0              |       xor|   0|  0|   2|           1|           2|
    +---------------------------+----------+----+---+----+------------+------------+
    |Total                      |          |   0|  0|  49|          32|          20|
    +---------------------------+----------+----+---+----+------------+------------+

    * Multiplexer: 
    +--------------------------------------+----+-----------+-----+-----------+
    |                 Name                 | LUT| Input Size| Bits| Total Bits|
    +--------------------------------------+----+-----------+-----+-----------+
    |ap_done_int                           |   9|          2|    1|          2|
    |ap_enable_reg_pp0_iter1               |   9|          2|    1|          2|
    |ap_sig_allocacmp_indvar_flatten_load  |   9|          2|   15|         30|
    |gmem_blk_n_W                          |   9|          2|    1|          2|
    |indvar_flatten_fu_46                  |   9|          2|   15|         30|
    +--------------------------------------+----+-----------+-----+-----------+
    |Total                                 |  45|         10|   33|         66|
    +--------------------------------------+----+-----------+-----+-----------+

    * Register: 
    +-------------------------+----+----+-----+-----------+
    |           Name          | FF | LUT| Bits| Const Bits|
    +-------------------------+----+----+-----+-----------+
    |ap_CS_fsm                |   1|   0|    1|          0|
    |ap_done_reg              |   1|   0|    1|          0|
    |ap_enable_reg_pp0_iter1  |   1|   0|    1|          0|
    |indvar_flatten_fu_46     |  15|   0|   15|          0|
    +-------------------------+----+----+-----+-----------+
    |Total                    |  18|   0|   18|          0|
    +-------------------------+----+----+-----+-----------+



================================================================
== Interface
================================================================
* Summary: 
+---------------------+-----+-----+------------+---------------------------------------------------+--------------+
|      RTL Ports      | Dir | Bits|  Protocol  |                   Source Object                   |    C Type    |
+---------------------+-----+-----+------------+---------------------------------------------------+--------------+
|ap_clk               |   in|    1|  ap_ctrl_hs|  convolve_Pipeline_VITIS_LOOP_17_1_VITIS_LOOP_19_2|  return value|
|ap_rst               |   in|    1|  ap_ctrl_hs|  convolve_Pipeline_VITIS_LOOP_17_1_VITIS_LOOP_19_2|  return value|
|ap_start             |   in|    1|  ap_ctrl_hs|  convolve_Pipeline_VITIS_LOOP_17_1_VITIS_LOOP_19_2|  return value|
|ap_done              |  out|    1|  ap_ctrl_hs|  convolve_Pipeline_VITIS_LOOP_17_1_VITIS_LOOP_19_2|  return value|
|ap_idle              |  out|    1|  ap_ctrl_hs|  convolve_Pipeline_VITIS_LOOP_17_1_VITIS_LOOP_19_2|  return value|
|ap_ready             |  out|    1|  ap_ctrl_hs|  convolve_Pipeline_VITIS_LOOP_17_1_VITIS_LOOP_19_2|  return value|
|m_axi_gmem_AWVALID   |  out|    1|       m_axi|                                               gmem|       pointer|
|m_axi_gmem_AWREADY   |   in|    1|       m_axi|                                               gmem|       pointer|
|m_axi_gmem_AWADDR    |  out|   64|       m_axi|                                               gmem|       pointer|
|m_axi_gmem_AWID      |  out|    1|       m_axi|                                               gmem|       pointer|
|m_axi_gmem_AWLEN     |  out|   32|       m_axi|                                               gmem|       pointer|
|m_axi_gmem_AWSIZE    |  out|    3|       m_axi|                                               gmem|       pointer|
|m_axi_gmem_AWBURST   |  out|    2|       m_axi|                                               gmem|       pointer|
|m_axi_gmem_AWLOCK    |  out|    2|       m_axi|                                               gmem|       pointer|
|m_axi_gmem_AWCACHE   |  out|    4|       m_axi|                                               gmem|       pointer|
|m_axi_gmem_AWPROT    |  out|    3|       m_axi|                                               gmem|       pointer|
|m_axi_gmem_AWQOS     |  out|    4|       m_axi|                                               gmem|       pointer|
|m_axi_gmem_AWREGION  |  out|    4|       m_axi|                                               gmem|       pointer|
|m_axi_gmem_AWUSER    |  out|    1|       m_axi|                                               gmem|       pointer|
|m_axi_gmem_WVALID    |  out|    1|       m_axi|                                               gmem|       pointer|
|m_axi_gmem_WREADY    |   in|    1|       m_axi|                                               gmem|       pointer|
|m_axi_gmem_WDATA     |  out|   32|       m_axi|                                               gmem|       pointer|
|m_axi_gmem_WSTRB     |  out|    4|       m_axi|                                               gmem|       pointer|
|m_axi_gmem_WLAST     |  out|    1|       m_axi|                                               gmem|       pointer|
|m_axi_gmem_WID       |  out|    1|       m_axi|                                               gmem|       pointer|
|m_axi_gmem_WUSER     |  out|    1|       m_axi|                                               gmem|       pointer|
|m_axi_gmem_ARVALID   |  out|    1|       m_axi|                                               gmem|       pointer|
|m_axi_gmem_ARREADY   |   in|    1|       m_axi|                                               gmem|       pointer|
|m_axi_gmem_ARADDR    |  out|   64|       m_axi|                                               gmem|       pointer|
|m_axi_gmem_ARID      |  out|    1|       m_axi|                                               gmem|       pointer|
|m_axi_gmem_ARLEN     |  out|   32|       m_axi|                                               gmem|       pointer|
|m_axi_gmem_ARSIZE    |  out|    3|       m_axi|                                               gmem|       pointer|
|m_axi_gmem_ARBURST   |  out|    2|       m_axi|                                               gmem|       pointer|
|m_axi_gmem_ARLOCK    |  out|    2|       m_axi|                                               gmem|       pointer|
|m_axi_gmem_ARCACHE   |  out|    4|       m_axi|                                               gmem|       pointer|
|m_axi_gmem_ARPROT    |  out|    3|       m_axi|                                               gmem|       pointer|
|m_axi_gmem_ARQOS     |  out|    4|       m_axi|                                               gmem|       pointer|
|m_axi_gmem_ARREGION  |  out|    4|       m_axi|                                               gmem|       pointer|
|m_axi_gmem_ARUSER    |  out|    1|       m_axi|                                               gmem|       pointer|
|m_axi_gmem_RVALID    |   in|    1|       m_axi|                                               gmem|       pointer|
|m_axi_gmem_RREADY    |  out|    1|       m_axi|                                               gmem|       pointer|
|m_axi_gmem_RDATA     |   in|   32|       m_axi|                                               gmem|       pointer|
|m_axi_gmem_RLAST     |   in|    1|       m_axi|                                               gmem|       pointer|
|m_axi_gmem_RID       |   in|    1|       m_axi|                                               gmem|       pointer|
|m_axi_gmem_RFIFONUM  |   in|    9|       m_axi|                                               gmem|       pointer|
|m_axi_gmem_RUSER     |   in|    1|       m_axi|                                               gmem|       pointer|
|m_axi_gmem_RRESP     |   in|    2|       m_axi|                                               gmem|       pointer|
|m_axi_gmem_BVALID    |   in|    1|       m_axi|                                               gmem|       pointer|
|m_axi_gmem_BREADY    |  out|    1|       m_axi|                                               gmem|       pointer|
|m_axi_gmem_BRESP     |   in|    2|       m_axi|                                               gmem|       pointer|
|m_axi_gmem_BID       |   in|    1|       m_axi|                                               gmem|       pointer|
|m_axi_gmem_BUSER     |   in|    1|       m_axi|                                               gmem|       pointer|
|sext_ln17            |   in|   62|     ap_none|                                          sext_ln17|        scalar|
+---------------------+-----+-----+------------+---------------------------------------------------+--------------+

