

================================================================
== Vitis HLS Report for 'sobel_edge_detector_Pipeline_VITIS_LOOP_24_1_VITIS_LOOP_26_2'
================================================================
* Date:           Wed Nov 13 22:41:27 2024

* Version:        2023.2 (Build 4023990 on Oct 11 2023)
* Project:        Sobel_Edge_Detector_PL
* Solution:       solution1 (Vivado IP Flow Target)
* Product family: zynq
* Target device:  xc7z010-clg400-1


================================================================
== Performance Estimates
================================================================
+ Timing: 
    * Summary: 
    +--------+----------+----------+------------+
    |  Clock |  Target  | Estimated| Uncertainty|
    +--------+----------+----------+------------+
    |ap_clk  |  10.00 ns|  6.117 ns|     2.70 ns|
    +--------+----------+----------+------------+

+ Latency: 
    * Summary: 
    +---------+---------+----------+----------+--------+--------+---------+
    |  Latency (cycles) |  Latency (absolute) |     Interval    | Pipeline|
    |   min   |   max   |    min   |    max   |   min  |   max  |   Type  |
    +---------+---------+----------+----------+--------+--------+---------+
    |   142886|   142886|  1.429 ms|  1.429 ms|  142886|  142886|       no|
    +---------+---------+----------+----------+--------+--------+---------+

    + Detail: 
        * Instance: 
        N/A

        * Loop: 
        +-----------------------------------+---------+---------+----------+-----------+-----------+-------+----------+
        |                                   |  Latency (cycles) | Iteration|  Initiation Interval  |  Trip |          |
        |             Loop Name             |   min   |   max   |  Latency |  achieved |   target  | Count | Pipelined|
        +-----------------------------------+---------+---------+----------+-----------+-----------+-------+----------+
        |- VITIS_LOOP_24_1_VITIS_LOOP_26_2  |   142884|   142884|         9|          9|          1|  15876|       yes|
        +-----------------------------------+---------+---------+----------+-----------+-----------+-------+----------+



================================================================
== Utilization Estimates
================================================================
* Summary: 
+-----------------+---------+----+-------+-------+-----+
|       Name      | BRAM_18K| DSP|   FF  |  LUT  | URAM|
+-----------------+---------+----+-------+-------+-----+
|DSP              |        -|   -|      -|      -|    -|
|Expression       |        -|   -|      0|     92|    -|
|FIFO             |        -|   -|      -|      -|    -|
|Instance         |        -|   -|      -|      -|    -|
|Memory           |        -|   -|      -|      -|    -|
|Multiplexer      |        -|   -|      -|    116|    -|
|Register         |        -|   -|     74|      -|    -|
+-----------------+---------+----+-------+-------+-----+
|Total            |        0|   0|     74|    208|    0|
+-----------------+---------+----+-------+-------+-----+
|Available        |      120|  80|  35200|  17600|    0|
+-----------------+---------+----+-------+-------+-----+
|Utilization (%)  |        0|   0|     ~0|      1|    0|
+-----------------+---------+----+-------+-------+-----+

+ Detail: 
    * Instance: 
    N/A

    * DSP: 
    N/A

    * Memory: 
    N/A

    * FIFO: 
    N/A

    * Expression: 
    +----------------------------------+----------+----+---+----+------------+------------+
    |           Variable Name          | Operation| DSP| FF| LUT| Bitwidth P0| Bitwidth P1|
    +----------------------------------+----------+----+---+----+------------+------------+
    |add_ln24_fu_2348_p2               |         +|   0|  0|  17|          14|           1|
    |add_ln26_fu_2372_p2               |         +|   0|  0|  14|           7|           1|
    |add_ln36_fu_2523_p2               |         +|   0|  0|  14|           7|           1|
    |icmp_ln24_fu_2342_p2              |      icmp|   0|  0|  17|          14|          10|
    |icmp_ln26_fu_2357_p2              |      icmp|   0|  0|  14|           7|           2|
    |ap_block_state1_pp0_stage0_iter0  |        or|   0|  0|   2|           1|           1|
    |select_ln16_fu_2366_p3            |    select|   0|  0|   7|           1|           1|
    |select_ln24_fu_2378_p3            |    select|   0|  0|   7|           1|           7|
    +----------------------------------+----------+----+---+----+------------+------------+
    |Total                             |          |   0|  0|  92|          52|          24|
    +----------------------------------+----------+----+---+----+------------+------------+

    * Multiplexer: 
    +--------------------------------------+----+-----------+-----+-----------+
    |                 Name                 | LUT| Input Size| Bits| Total Bits|
    +--------------------------------------+----+-----------+-----+-----------+
    |ap_NS_fsm                             |  53|         10|    1|         10|
    |ap_done_int                           |   9|          2|    1|          2|
    |ap_sig_allocacmp_indvar_flatten_load  |   9|          2|   14|         28|
    |ap_sig_allocacmp_j_load               |   9|          2|    7|         14|
    |i_fu_546                              |   9|          2|    7|         14|
    |indvar_flatten_fu_550                 |   9|          2|   14|         28|
    |j_fu_542                              |   9|          2|    7|         14|
    |x_TDATA_blk_n                         |   9|          2|    1|          2|
    +--------------------------------------+----+-----------+-----+-----------+
    |Total                                 | 116|         24|   52|        112|
    +--------------------------------------+----+-----------+-----+-----------+

    * Register: 
    +-----------------------+----+----+-----+-----------+
    |          Name         | FF | LUT| Bits| Const Bits|
    +-----------------------+----+----+-----+-----------+
    |add_ln24_reg_2557      |  14|   0|   14|          0|
    |ap_CS_fsm              |   9|   0|    9|          0|
    |ap_done_reg            |   1|   0|    1|          0|
    |i_fu_546               |   7|   0|    7|          0|
    |icmp_ln26_reg_2567     |   1|   0|    1|          0|
    |indvar_flatten_fu_550  |  14|   0|   14|          0|
    |j_fu_542               |   7|   0|    7|          0|
    |j_load_reg_2562        |   7|   0|    7|          0|
    |select_ln16_reg_2573   |   7|   0|    7|          0|
    |select_ln24_reg_2578   |   7|   0|    7|          0|
    +-----------------------+----+----+-----+-----------+
    |Total                  |  74|   0|   74|          0|
    +-----------------------+----+----+-----+-----------+



================================================================
== Interface
================================================================
* Summary: 
+------------------------+-----+-----+------------+--------------------------------------------------------------+--------------+
|        RTL Ports       | Dir | Bits|  Protocol  |                         Source Object                        |    C Type    |
+------------------------+-----+-----+------------+--------------------------------------------------------------+--------------+
|ap_clk                  |   in|    1|  ap_ctrl_hs|  sobel_edge_detector_Pipeline_VITIS_LOOP_24_1_VITIS_LOOP_26_2|  return value|
|ap_rst                  |   in|    1|  ap_ctrl_hs|  sobel_edge_detector_Pipeline_VITIS_LOOP_24_1_VITIS_LOOP_26_2|  return value|
|ap_start                |   in|    1|  ap_ctrl_hs|  sobel_edge_detector_Pipeline_VITIS_LOOP_24_1_VITIS_LOOP_26_2|  return value|
|ap_done                 |  out|    1|  ap_ctrl_hs|  sobel_edge_detector_Pipeline_VITIS_LOOP_24_1_VITIS_LOOP_26_2|  return value|
|ap_idle                 |  out|    1|  ap_ctrl_hs|  sobel_edge_detector_Pipeline_VITIS_LOOP_24_1_VITIS_LOOP_26_2|  return value|
|ap_ready                |  out|    1|  ap_ctrl_hs|  sobel_edge_detector_Pipeline_VITIS_LOOP_24_1_VITIS_LOOP_26_2|  return value|
|x_TVALID                |   in|    1|        axis|                                                             x|       pointer|
|x_TDATA                 |   in|    8|        axis|                                                             x|       pointer|
|x_TREADY                |  out|    1|        axis|                                                             x|       pointer|
|temp_edge_1_address0    |  out|    7|   ap_memory|                                                   temp_edge_1|         array|
|temp_edge_1_ce0         |  out|    1|   ap_memory|                                                   temp_edge_1|         array|
|temp_edge_1_we0         |  out|    1|   ap_memory|                                                   temp_edge_1|         array|
|temp_edge_1_d0          |  out|   32|   ap_memory|                                                   temp_edge_1|         array|
|temp_edge_2_address0    |  out|    7|   ap_memory|                                                   temp_edge_2|         array|
|temp_edge_2_ce0         |  out|    1|   ap_memory|                                                   temp_edge_2|         array|
|temp_edge_2_we0         |  out|    1|   ap_memory|                                                   temp_edge_2|         array|
|temp_edge_2_d0          |  out|   32|   ap_memory|                                                   temp_edge_2|         array|
|temp_edge_3_address0    |  out|    7|   ap_memory|                                                   temp_edge_3|         array|
|temp_edge_3_ce0         |  out|    1|   ap_memory|                                                   temp_edge_3|         array|
|temp_edge_3_we0         |  out|    1|   ap_memory|                                                   temp_edge_3|         array|
|temp_edge_3_d0          |  out|   32|   ap_memory|                                                   temp_edge_3|         array|
|temp_edge_4_address0    |  out|    7|   ap_memory|                                                   temp_edge_4|         array|
|temp_edge_4_ce0         |  out|    1|   ap_memory|                                                   temp_edge_4|         array|
|temp_edge_4_we0         |  out|    1|   ap_memory|                                                   temp_edge_4|         array|
|temp_edge_4_d0          |  out|   32|   ap_memory|                                                   temp_edge_4|         array|
|temp_edge_5_address0    |  out|    7|   ap_memory|                                                   temp_edge_5|         array|
|temp_edge_5_ce0         |  out|    1|   ap_memory|                                                   temp_edge_5|         array|
|temp_edge_5_we0         |  out|    1|   ap_memory|                                                   temp_edge_5|         array|
|temp_edge_5_d0          |  out|   32|   ap_memory|                                                   temp_edge_5|         array|
|temp_edge_6_address0    |  out|    7|   ap_memory|                                                   temp_edge_6|         array|
|temp_edge_6_ce0         |  out|    1|   ap_memory|                                                   temp_edge_6|         array|
|temp_edge_6_we0         |  out|    1|   ap_memory|                                                   temp_edge_6|         array|
|temp_edge_6_d0          |  out|   32|   ap_memory|                                                   temp_edge_6|         array|
|temp_edge_7_address0    |  out|    7|   ap_memory|                                                   temp_edge_7|         array|
|temp_edge_7_ce0         |  out|    1|   ap_memory|                                                   temp_edge_7|         array|
|temp_edge_7_we0         |  out|    1|   ap_memory|                                                   temp_edge_7|         array|
|temp_edge_7_d0          |  out|   32|   ap_memory|                                                   temp_edge_7|         array|
|temp_edge_8_address0    |  out|    7|   ap_memory|                                                   temp_edge_8|         array|
|temp_edge_8_ce0         |  out|    1|   ap_memory|                                                   temp_edge_8|         array|
|temp_edge_8_we0         |  out|    1|   ap_memory|                                                   temp_edge_8|         array|
|temp_edge_8_d0          |  out|   32|   ap_memory|                                                   temp_edge_8|         array|
|temp_edge_9_address0    |  out|    7|   ap_memory|                                                   temp_edge_9|         array|
|temp_edge_9_ce0         |  out|    1|   ap_memory|                                                   temp_edge_9|         array|
|temp_edge_9_we0         |  out|    1|   ap_memory|                                                   temp_edge_9|         array|
|temp_edge_9_d0          |  out|   32|   ap_memory|                                                   temp_edge_9|         array|
|temp_edge_10_address0   |  out|    7|   ap_memory|                                                  temp_edge_10|         array|
|temp_edge_10_ce0        |  out|    1|   ap_memory|                                                  temp_edge_10|         array|
|temp_edge_10_we0        |  out|    1|   ap_memory|                                                  temp_edge_10|         array|
|temp_edge_10_d0         |  out|   32|   ap_memory|                                                  temp_edge_10|         array|
|temp_edge_11_address0   |  out|    7|   ap_memory|                                                  temp_edge_11|         array|
|temp_edge_11_ce0        |  out|    1|   ap_memory|                                                  temp_edge_11|         array|
|temp_edge_11_we0        |  out|    1|   ap_memory|                                                  temp_edge_11|         array|
|temp_edge_11_d0         |  out|   32|   ap_memory|                                                  temp_edge_11|         array|
|temp_edge_12_address0   |  out|    7|   ap_memory|                                                  temp_edge_12|         array|
|temp_edge_12_ce0        |  out|    1|   ap_memory|                                                  temp_edge_12|         array|
|temp_edge_12_we0        |  out|    1|   ap_memory|                                                  temp_edge_12|         array|
|temp_edge_12_d0         |  out|   32|   ap_memory|                                                  temp_edge_12|         array|
|temp_edge_13_address0   |  out|    7|   ap_memory|                                                  temp_edge_13|         array|
|temp_edge_13_ce0        |  out|    1|   ap_memory|                                                  temp_edge_13|         array|
|temp_edge_13_we0        |  out|    1|   ap_memory|                                                  temp_edge_13|         array|
|temp_edge_13_d0         |  out|   32|   ap_memory|                                                  temp_edge_13|         array|
|temp_edge_14_address0   |  out|    7|   ap_memory|                                                  temp_edge_14|         array|
|temp_edge_14_ce0        |  out|    1|   ap_memory|                                                  temp_edge_14|         array|
|temp_edge_14_we0        |  out|    1|   ap_memory|                                                  temp_edge_14|         array|
|temp_edge_14_d0         |  out|   32|   ap_memory|                                                  temp_edge_14|         array|
|temp_edge_15_address0   |  out|    7|   ap_memory|                                                  temp_edge_15|         array|
|temp_edge_15_ce0        |  out|    1|   ap_memory|                                                  temp_edge_15|         array|
|temp_edge_15_we0        |  out|    1|   ap_memory|                                                  temp_edge_15|         array|
|temp_edge_15_d0         |  out|   32|   ap_memory|                                                  temp_edge_15|         array|
|temp_edge_16_address0   |  out|    7|   ap_memory|                                                  temp_edge_16|         array|
|temp_edge_16_ce0        |  out|    1|   ap_memory|                                                  temp_edge_16|         array|
|temp_edge_16_we0        |  out|    1|   ap_memory|                                                  temp_edge_16|         array|
|temp_edge_16_d0         |  out|   32|   ap_memory|                                                  temp_edge_16|         array|
|temp_edge_17_address0   |  out|    7|   ap_memory|                                                  temp_edge_17|         array|
|temp_edge_17_ce0        |  out|    1|   ap_memory|                                                  temp_edge_17|         array|
|temp_edge_17_we0        |  out|    1|   ap_memory|                                                  temp_edge_17|         array|
|temp_edge_17_d0         |  out|   32|   ap_memory|                                                  temp_edge_17|         array|
|temp_edge_18_address0   |  out|    7|   ap_memory|                                                  temp_edge_18|         array|
|temp_edge_18_ce0        |  out|    1|   ap_memory|                                                  temp_edge_18|         array|
|temp_edge_18_we0        |  out|    1|   ap_memory|                                                  temp_edge_18|         array|
|temp_edge_18_d0         |  out|   32|   ap_memory|                                                  temp_edge_18|         array|
|temp_edge_19_address0   |  out|    7|   ap_memory|                                                  temp_edge_19|         array|
|temp_edge_19_ce0        |  out|    1|   ap_memory|                                                  temp_edge_19|         array|
|temp_edge_19_we0        |  out|    1|   ap_memory|                                                  temp_edge_19|         array|
|temp_edge_19_d0         |  out|   32|   ap_memory|                                                  temp_edge_19|         array|
|temp_edge_20_address0   |  out|    7|   ap_memory|                                                  temp_edge_20|         array|
|temp_edge_20_ce0        |  out|    1|   ap_memory|                                                  temp_edge_20|         array|
|temp_edge_20_we0        |  out|    1|   ap_memory|                                                  temp_edge_20|         array|
|temp_edge_20_d0         |  out|   32|   ap_memory|                                                  temp_edge_20|         array|
|temp_edge_21_address0   |  out|    7|   ap_memory|                                                  temp_edge_21|         array|
|temp_edge_21_ce0        |  out|    1|   ap_memory|                                                  temp_edge_21|         array|
|temp_edge_21_we0        |  out|    1|   ap_memory|                                                  temp_edge_21|         array|
|temp_edge_21_d0         |  out|   32|   ap_memory|                                                  temp_edge_21|         array|
|temp_edge_22_address0   |  out|    7|   ap_memory|                                                  temp_edge_22|         array|
|temp_edge_22_ce0        |  out|    1|   ap_memory|                                                  temp_edge_22|         array|
|temp_edge_22_we0        |  out|    1|   ap_memory|                                                  temp_edge_22|         array|
|temp_edge_22_d0         |  out|   32|   ap_memory|                                                  temp_edge_22|         array|
|temp_edge_23_address0   |  out|    7|   ap_memory|                                                  temp_edge_23|         array|
|temp_edge_23_ce0        |  out|    1|   ap_memory|                                                  temp_edge_23|         array|
|temp_edge_23_we0        |  out|    1|   ap_memory|                                                  temp_edge_23|         array|
|temp_edge_23_d0         |  out|   32|   ap_memory|                                                  temp_edge_23|         array|
|temp_edge_24_address0   |  out|    7|   ap_memory|                                                  temp_edge_24|         array|
|temp_edge_24_ce0        |  out|    1|   ap_memory|                                                  temp_edge_24|         array|
|temp_edge_24_we0        |  out|    1|   ap_memory|                                                  temp_edge_24|         array|
|temp_edge_24_d0         |  out|   32|   ap_memory|                                                  temp_edge_24|         array|
|temp_edge_25_address0   |  out|    7|   ap_memory|                                                  temp_edge_25|         array|
|temp_edge_25_ce0        |  out|    1|   ap_memory|                                                  temp_edge_25|         array|
|temp_edge_25_we0        |  out|    1|   ap_memory|                                                  temp_edge_25|         array|
|temp_edge_25_d0         |  out|   32|   ap_memory|                                                  temp_edge_25|         array|
|temp_edge_26_address0   |  out|    7|   ap_memory|                                                  temp_edge_26|         array|
|temp_edge_26_ce0        |  out|    1|   ap_memory|                                                  temp_edge_26|         array|
|temp_edge_26_we0        |  out|    1|   ap_memory|                                                  temp_edge_26|         array|
|temp_edge_26_d0         |  out|   32|   ap_memory|                                                  temp_edge_26|         array|
|temp_edge_27_address0   |  out|    7|   ap_memory|                                                  temp_edge_27|         array|
|temp_edge_27_ce0        |  out|    1|   ap_memory|                                                  temp_edge_27|         array|
|temp_edge_27_we0        |  out|    1|   ap_memory|                                                  temp_edge_27|         array|
|temp_edge_27_d0         |  out|   32|   ap_memory|                                                  temp_edge_27|         array|
|temp_edge_28_address0   |  out|    7|   ap_memory|                                                  temp_edge_28|         array|
|temp_edge_28_ce0        |  out|    1|   ap_memory|                                                  temp_edge_28|         array|
|temp_edge_28_we0        |  out|    1|   ap_memory|                                                  temp_edge_28|         array|
|temp_edge_28_d0         |  out|   32|   ap_memory|                                                  temp_edge_28|         array|
|temp_edge_29_address0   |  out|    7|   ap_memory|                                                  temp_edge_29|         array|
|temp_edge_29_ce0        |  out|    1|   ap_memory|                                                  temp_edge_29|         array|
|temp_edge_29_we0        |  out|    1|   ap_memory|                                                  temp_edge_29|         array|
|temp_edge_29_d0         |  out|   32|   ap_memory|                                                  temp_edge_29|         array|
|temp_edge_30_address0   |  out|    7|   ap_memory|                                                  temp_edge_30|         array|
|temp_edge_30_ce0        |  out|    1|   ap_memory|                                                  temp_edge_30|         array|
|temp_edge_30_we0        |  out|    1|   ap_memory|                                                  temp_edge_30|         array|
|temp_edge_30_d0         |  out|   32|   ap_memory|                                                  temp_edge_30|         array|
|temp_edge_31_address0   |  out|    7|   ap_memory|                                                  temp_edge_31|         array|
|temp_edge_31_ce0        |  out|    1|   ap_memory|                                                  temp_edge_31|         array|
|temp_edge_31_we0        |  out|    1|   ap_memory|                                                  temp_edge_31|         array|
|temp_edge_31_d0         |  out|   32|   ap_memory|                                                  temp_edge_31|         array|
|temp_edge_32_address0   |  out|    7|   ap_memory|                                                  temp_edge_32|         array|
|temp_edge_32_ce0        |  out|    1|   ap_memory|                                                  temp_edge_32|         array|
|temp_edge_32_we0        |  out|    1|   ap_memory|                                                  temp_edge_32|         array|
|temp_edge_32_d0         |  out|   32|   ap_memory|                                                  temp_edge_32|         array|
|temp_edge_33_address0   |  out|    7|   ap_memory|                                                  temp_edge_33|         array|
|temp_edge_33_ce0        |  out|    1|   ap_memory|                                                  temp_edge_33|         array|
|temp_edge_33_we0        |  out|    1|   ap_memory|                                                  temp_edge_33|         array|
|temp_edge_33_d0         |  out|   32|   ap_memory|                                                  temp_edge_33|         array|
|temp_edge_34_address0   |  out|    7|   ap_memory|                                                  temp_edge_34|         array|
|temp_edge_34_ce0        |  out|    1|   ap_memory|                                                  temp_edge_34|         array|
|temp_edge_34_we0        |  out|    1|   ap_memory|                                                  temp_edge_34|         array|
|temp_edge_34_d0         |  out|   32|   ap_memory|                                                  temp_edge_34|         array|
|temp_edge_35_address0   |  out|    7|   ap_memory|                                                  temp_edge_35|         array|
|temp_edge_35_ce0        |  out|    1|   ap_memory|                                                  temp_edge_35|         array|
|temp_edge_35_we0        |  out|    1|   ap_memory|                                                  temp_edge_35|         array|
|temp_edge_35_d0         |  out|   32|   ap_memory|                                                  temp_edge_35|         array|
|temp_edge_36_address0   |  out|    7|   ap_memory|                                                  temp_edge_36|         array|
|temp_edge_36_ce0        |  out|    1|   ap_memory|                                                  temp_edge_36|         array|
|temp_edge_36_we0        |  out|    1|   ap_memory|                                                  temp_edge_36|         array|
|temp_edge_36_d0         |  out|   32|   ap_memory|                                                  temp_edge_36|         array|
|temp_edge_37_address0   |  out|    7|   ap_memory|                                                  temp_edge_37|         array|
|temp_edge_37_ce0        |  out|    1|   ap_memory|                                                  temp_edge_37|         array|
|temp_edge_37_we0        |  out|    1|   ap_memory|                                                  temp_edge_37|         array|
|temp_edge_37_d0         |  out|   32|   ap_memory|                                                  temp_edge_37|         array|
|temp_edge_38_address0   |  out|    7|   ap_memory|                                                  temp_edge_38|         array|
|temp_edge_38_ce0        |  out|    1|   ap_memory|                                                  temp_edge_38|         array|
|temp_edge_38_we0        |  out|    1|   ap_memory|                                                  temp_edge_38|         array|
|temp_edge_38_d0         |  out|   32|   ap_memory|                                                  temp_edge_38|         array|
|temp_edge_39_address0   |  out|    7|   ap_memory|                                                  temp_edge_39|         array|
|temp_edge_39_ce0        |  out|    1|   ap_memory|                                                  temp_edge_39|         array|
|temp_edge_39_we0        |  out|    1|   ap_memory|                                                  temp_edge_39|         array|
|temp_edge_39_d0         |  out|   32|   ap_memory|                                                  temp_edge_39|         array|
|temp_edge_40_address0   |  out|    7|   ap_memory|                                                  temp_edge_40|         array|
|temp_edge_40_ce0        |  out|    1|   ap_memory|                                                  temp_edge_40|         array|
|temp_edge_40_we0        |  out|    1|   ap_memory|                                                  temp_edge_40|         array|
|temp_edge_40_d0         |  out|   32|   ap_memory|                                                  temp_edge_40|         array|
|temp_edge_41_address0   |  out|    7|   ap_memory|                                                  temp_edge_41|         array|
|temp_edge_41_ce0        |  out|    1|   ap_memory|                                                  temp_edge_41|         array|
|temp_edge_41_we0        |  out|    1|   ap_memory|                                                  temp_edge_41|         array|
|temp_edge_41_d0         |  out|   32|   ap_memory|                                                  temp_edge_41|         array|
|temp_edge_42_address0   |  out|    7|   ap_memory|                                                  temp_edge_42|         array|
|temp_edge_42_ce0        |  out|    1|   ap_memory|                                                  temp_edge_42|         array|
|temp_edge_42_we0        |  out|    1|   ap_memory|                                                  temp_edge_42|         array|
|temp_edge_42_d0         |  out|   32|   ap_memory|                                                  temp_edge_42|         array|
|temp_edge_43_address0   |  out|    7|   ap_memory|                                                  temp_edge_43|         array|
|temp_edge_43_ce0        |  out|    1|   ap_memory|                                                  temp_edge_43|         array|
|temp_edge_43_we0        |  out|    1|   ap_memory|                                                  temp_edge_43|         array|
|temp_edge_43_d0         |  out|   32|   ap_memory|                                                  temp_edge_43|         array|
|temp_edge_44_address0   |  out|    7|   ap_memory|                                                  temp_edge_44|         array|
|temp_edge_44_ce0        |  out|    1|   ap_memory|                                                  temp_edge_44|         array|
|temp_edge_44_we0        |  out|    1|   ap_memory|                                                  temp_edge_44|         array|
|temp_edge_44_d0         |  out|   32|   ap_memory|                                                  temp_edge_44|         array|
|temp_edge_45_address0   |  out|    7|   ap_memory|                                                  temp_edge_45|         array|
|temp_edge_45_ce0        |  out|    1|   ap_memory|                                                  temp_edge_45|         array|
|temp_edge_45_we0        |  out|    1|   ap_memory|                                                  temp_edge_45|         array|
|temp_edge_45_d0         |  out|   32|   ap_memory|                                                  temp_edge_45|         array|
|temp_edge_46_address0   |  out|    7|   ap_memory|                                                  temp_edge_46|         array|
|temp_edge_46_ce0        |  out|    1|   ap_memory|                                                  temp_edge_46|         array|
|temp_edge_46_we0        |  out|    1|   ap_memory|                                                  temp_edge_46|         array|
|temp_edge_46_d0         |  out|   32|   ap_memory|                                                  temp_edge_46|         array|
|temp_edge_47_address0   |  out|    7|   ap_memory|                                                  temp_edge_47|         array|
|temp_edge_47_ce0        |  out|    1|   ap_memory|                                                  temp_edge_47|         array|
|temp_edge_47_we0        |  out|    1|   ap_memory|                                                  temp_edge_47|         array|
|temp_edge_47_d0         |  out|   32|   ap_memory|                                                  temp_edge_47|         array|
|temp_edge_48_address0   |  out|    7|   ap_memory|                                                  temp_edge_48|         array|
|temp_edge_48_ce0        |  out|    1|   ap_memory|                                                  temp_edge_48|         array|
|temp_edge_48_we0        |  out|    1|   ap_memory|                                                  temp_edge_48|         array|
|temp_edge_48_d0         |  out|   32|   ap_memory|                                                  temp_edge_48|         array|
|temp_edge_49_address0   |  out|    7|   ap_memory|                                                  temp_edge_49|         array|
|temp_edge_49_ce0        |  out|    1|   ap_memory|                                                  temp_edge_49|         array|
|temp_edge_49_we0        |  out|    1|   ap_memory|                                                  temp_edge_49|         array|
|temp_edge_49_d0         |  out|   32|   ap_memory|                                                  temp_edge_49|         array|
|temp_edge_50_address0   |  out|    7|   ap_memory|                                                  temp_edge_50|         array|
|temp_edge_50_ce0        |  out|    1|   ap_memory|                                                  temp_edge_50|         array|
|temp_edge_50_we0        |  out|    1|   ap_memory|                                                  temp_edge_50|         array|
|temp_edge_50_d0         |  out|   32|   ap_memory|                                                  temp_edge_50|         array|
|temp_edge_51_address0   |  out|    7|   ap_memory|                                                  temp_edge_51|         array|
|temp_edge_51_ce0        |  out|    1|   ap_memory|                                                  temp_edge_51|         array|
|temp_edge_51_we0        |  out|    1|   ap_memory|                                                  temp_edge_51|         array|
|temp_edge_51_d0         |  out|   32|   ap_memory|                                                  temp_edge_51|         array|
|temp_edge_52_address0   |  out|    7|   ap_memory|                                                  temp_edge_52|         array|
|temp_edge_52_ce0        |  out|    1|   ap_memory|                                                  temp_edge_52|         array|
|temp_edge_52_we0        |  out|    1|   ap_memory|                                                  temp_edge_52|         array|
|temp_edge_52_d0         |  out|   32|   ap_memory|                                                  temp_edge_52|         array|
|temp_edge_53_address0   |  out|    7|   ap_memory|                                                  temp_edge_53|         array|
|temp_edge_53_ce0        |  out|    1|   ap_memory|                                                  temp_edge_53|         array|
|temp_edge_53_we0        |  out|    1|   ap_memory|                                                  temp_edge_53|         array|
|temp_edge_53_d0         |  out|   32|   ap_memory|                                                  temp_edge_53|         array|
|temp_edge_54_address0   |  out|    7|   ap_memory|                                                  temp_edge_54|         array|
|temp_edge_54_ce0        |  out|    1|   ap_memory|                                                  temp_edge_54|         array|
|temp_edge_54_we0        |  out|    1|   ap_memory|                                                  temp_edge_54|         array|
|temp_edge_54_d0         |  out|   32|   ap_memory|                                                  temp_edge_54|         array|
|temp_edge_55_address0   |  out|    7|   ap_memory|                                                  temp_edge_55|         array|
|temp_edge_55_ce0        |  out|    1|   ap_memory|                                                  temp_edge_55|         array|
|temp_edge_55_we0        |  out|    1|   ap_memory|                                                  temp_edge_55|         array|
|temp_edge_55_d0         |  out|   32|   ap_memory|                                                  temp_edge_55|         array|
|temp_edge_56_address0   |  out|    7|   ap_memory|                                                  temp_edge_56|         array|
|temp_edge_56_ce0        |  out|    1|   ap_memory|                                                  temp_edge_56|         array|
|temp_edge_56_we0        |  out|    1|   ap_memory|                                                  temp_edge_56|         array|
|temp_edge_56_d0         |  out|   32|   ap_memory|                                                  temp_edge_56|         array|
|temp_edge_57_address0   |  out|    7|   ap_memory|                                                  temp_edge_57|         array|
|temp_edge_57_ce0        |  out|    1|   ap_memory|                                                  temp_edge_57|         array|
|temp_edge_57_we0        |  out|    1|   ap_memory|                                                  temp_edge_57|         array|
|temp_edge_57_d0         |  out|   32|   ap_memory|                                                  temp_edge_57|         array|
|temp_edge_58_address0   |  out|    7|   ap_memory|                                                  temp_edge_58|         array|
|temp_edge_58_ce0        |  out|    1|   ap_memory|                                                  temp_edge_58|         array|
|temp_edge_58_we0        |  out|    1|   ap_memory|                                                  temp_edge_58|         array|
|temp_edge_58_d0         |  out|   32|   ap_memory|                                                  temp_edge_58|         array|
|temp_edge_59_address0   |  out|    7|   ap_memory|                                                  temp_edge_59|         array|
|temp_edge_59_ce0        |  out|    1|   ap_memory|                                                  temp_edge_59|         array|
|temp_edge_59_we0        |  out|    1|   ap_memory|                                                  temp_edge_59|         array|
|temp_edge_59_d0         |  out|   32|   ap_memory|                                                  temp_edge_59|         array|
|temp_edge_60_address0   |  out|    7|   ap_memory|                                                  temp_edge_60|         array|
|temp_edge_60_ce0        |  out|    1|   ap_memory|                                                  temp_edge_60|         array|
|temp_edge_60_we0        |  out|    1|   ap_memory|                                                  temp_edge_60|         array|
|temp_edge_60_d0         |  out|   32|   ap_memory|                                                  temp_edge_60|         array|
|temp_edge_61_address0   |  out|    7|   ap_memory|                                                  temp_edge_61|         array|
|temp_edge_61_ce0        |  out|    1|   ap_memory|                                                  temp_edge_61|         array|
|temp_edge_61_we0        |  out|    1|   ap_memory|                                                  temp_edge_61|         array|
|temp_edge_61_d0         |  out|   32|   ap_memory|                                                  temp_edge_61|         array|
|temp_edge_62_address0   |  out|    7|   ap_memory|                                                  temp_edge_62|         array|
|temp_edge_62_ce0        |  out|    1|   ap_memory|                                                  temp_edge_62|         array|
|temp_edge_62_we0        |  out|    1|   ap_memory|                                                  temp_edge_62|         array|
|temp_edge_62_d0         |  out|   32|   ap_memory|                                                  temp_edge_62|         array|
|temp_edge_63_address0   |  out|    7|   ap_memory|                                                  temp_edge_63|         array|
|temp_edge_63_ce0        |  out|    1|   ap_memory|                                                  temp_edge_63|         array|
|temp_edge_63_we0        |  out|    1|   ap_memory|                                                  temp_edge_63|         array|
|temp_edge_63_d0         |  out|   32|   ap_memory|                                                  temp_edge_63|         array|
|temp_edge_64_address0   |  out|    7|   ap_memory|                                                  temp_edge_64|         array|
|temp_edge_64_ce0        |  out|    1|   ap_memory|                                                  temp_edge_64|         array|
|temp_edge_64_we0        |  out|    1|   ap_memory|                                                  temp_edge_64|         array|
|temp_edge_64_d0         |  out|   32|   ap_memory|                                                  temp_edge_64|         array|
|temp_edge_65_address0   |  out|    7|   ap_memory|                                                  temp_edge_65|         array|
|temp_edge_65_ce0        |  out|    1|   ap_memory|                                                  temp_edge_65|         array|
|temp_edge_65_we0        |  out|    1|   ap_memory|                                                  temp_edge_65|         array|
|temp_edge_65_d0         |  out|   32|   ap_memory|                                                  temp_edge_65|         array|
|temp_edge_66_address0   |  out|    7|   ap_memory|                                                  temp_edge_66|         array|
|temp_edge_66_ce0        |  out|    1|   ap_memory|                                                  temp_edge_66|         array|
|temp_edge_66_we0        |  out|    1|   ap_memory|                                                  temp_edge_66|         array|
|temp_edge_66_d0         |  out|   32|   ap_memory|                                                  temp_edge_66|         array|
|temp_edge_67_address0   |  out|    7|   ap_memory|                                                  temp_edge_67|         array|
|temp_edge_67_ce0        |  out|    1|   ap_memory|                                                  temp_edge_67|         array|
|temp_edge_67_we0        |  out|    1|   ap_memory|                                                  temp_edge_67|         array|
|temp_edge_67_d0         |  out|   32|   ap_memory|                                                  temp_edge_67|         array|
|temp_edge_68_address0   |  out|    7|   ap_memory|                                                  temp_edge_68|         array|
|temp_edge_68_ce0        |  out|    1|   ap_memory|                                                  temp_edge_68|         array|
|temp_edge_68_we0        |  out|    1|   ap_memory|                                                  temp_edge_68|         array|
|temp_edge_68_d0         |  out|   32|   ap_memory|                                                  temp_edge_68|         array|
|temp_edge_69_address0   |  out|    7|   ap_memory|                                                  temp_edge_69|         array|
|temp_edge_69_ce0        |  out|    1|   ap_memory|                                                  temp_edge_69|         array|
|temp_edge_69_we0        |  out|    1|   ap_memory|                                                  temp_edge_69|         array|
|temp_edge_69_d0         |  out|   32|   ap_memory|                                                  temp_edge_69|         array|
|temp_edge_70_address0   |  out|    7|   ap_memory|                                                  temp_edge_70|         array|
|temp_edge_70_ce0        |  out|    1|   ap_memory|                                                  temp_edge_70|         array|
|temp_edge_70_we0        |  out|    1|   ap_memory|                                                  temp_edge_70|         array|
|temp_edge_70_d0         |  out|   32|   ap_memory|                                                  temp_edge_70|         array|
|temp_edge_71_address0   |  out|    7|   ap_memory|                                                  temp_edge_71|         array|
|temp_edge_71_ce0        |  out|    1|   ap_memory|                                                  temp_edge_71|         array|
|temp_edge_71_we0        |  out|    1|   ap_memory|                                                  temp_edge_71|         array|
|temp_edge_71_d0         |  out|   32|   ap_memory|                                                  temp_edge_71|         array|
|temp_edge_72_address0   |  out|    7|   ap_memory|                                                  temp_edge_72|         array|
|temp_edge_72_ce0        |  out|    1|   ap_memory|                                                  temp_edge_72|         array|
|temp_edge_72_we0        |  out|    1|   ap_memory|                                                  temp_edge_72|         array|
|temp_edge_72_d0         |  out|   32|   ap_memory|                                                  temp_edge_72|         array|
|temp_edge_73_address0   |  out|    7|   ap_memory|                                                  temp_edge_73|         array|
|temp_edge_73_ce0        |  out|    1|   ap_memory|                                                  temp_edge_73|         array|
|temp_edge_73_we0        |  out|    1|   ap_memory|                                                  temp_edge_73|         array|
|temp_edge_73_d0         |  out|   32|   ap_memory|                                                  temp_edge_73|         array|
|temp_edge_74_address0   |  out|    7|   ap_memory|                                                  temp_edge_74|         array|
|temp_edge_74_ce0        |  out|    1|   ap_memory|                                                  temp_edge_74|         array|
|temp_edge_74_we0        |  out|    1|   ap_memory|                                                  temp_edge_74|         array|
|temp_edge_74_d0         |  out|   32|   ap_memory|                                                  temp_edge_74|         array|
|temp_edge_75_address0   |  out|    7|   ap_memory|                                                  temp_edge_75|         array|
|temp_edge_75_ce0        |  out|    1|   ap_memory|                                                  temp_edge_75|         array|
|temp_edge_75_we0        |  out|    1|   ap_memory|                                                  temp_edge_75|         array|
|temp_edge_75_d0         |  out|   32|   ap_memory|                                                  temp_edge_75|         array|
|temp_edge_76_address0   |  out|    7|   ap_memory|                                                  temp_edge_76|         array|
|temp_edge_76_ce0        |  out|    1|   ap_memory|                                                  temp_edge_76|         array|
|temp_edge_76_we0        |  out|    1|   ap_memory|                                                  temp_edge_76|         array|
|temp_edge_76_d0         |  out|   32|   ap_memory|                                                  temp_edge_76|         array|
|temp_edge_77_address0   |  out|    7|   ap_memory|                                                  temp_edge_77|         array|
|temp_edge_77_ce0        |  out|    1|   ap_memory|                                                  temp_edge_77|         array|
|temp_edge_77_we0        |  out|    1|   ap_memory|                                                  temp_edge_77|         array|
|temp_edge_77_d0         |  out|   32|   ap_memory|                                                  temp_edge_77|         array|
|temp_edge_78_address0   |  out|    7|   ap_memory|                                                  temp_edge_78|         array|
|temp_edge_78_ce0        |  out|    1|   ap_memory|                                                  temp_edge_78|         array|
|temp_edge_78_we0        |  out|    1|   ap_memory|                                                  temp_edge_78|         array|
|temp_edge_78_d0         |  out|   32|   ap_memory|                                                  temp_edge_78|         array|
|temp_edge_79_address0   |  out|    7|   ap_memory|                                                  temp_edge_79|         array|
|temp_edge_79_ce0        |  out|    1|   ap_memory|                                                  temp_edge_79|         array|
|temp_edge_79_we0        |  out|    1|   ap_memory|                                                  temp_edge_79|         array|
|temp_edge_79_d0         |  out|   32|   ap_memory|                                                  temp_edge_79|         array|
|temp_edge_80_address0   |  out|    7|   ap_memory|                                                  temp_edge_80|         array|
|temp_edge_80_ce0        |  out|    1|   ap_memory|                                                  temp_edge_80|         array|
|temp_edge_80_we0        |  out|    1|   ap_memory|                                                  temp_edge_80|         array|
|temp_edge_80_d0         |  out|   32|   ap_memory|                                                  temp_edge_80|         array|
|temp_edge_81_address0   |  out|    7|   ap_memory|                                                  temp_edge_81|         array|
|temp_edge_81_ce0        |  out|    1|   ap_memory|                                                  temp_edge_81|         array|
|temp_edge_81_we0        |  out|    1|   ap_memory|                                                  temp_edge_81|         array|
|temp_edge_81_d0         |  out|   32|   ap_memory|                                                  temp_edge_81|         array|
|temp_edge_82_address0   |  out|    7|   ap_memory|                                                  temp_edge_82|         array|
|temp_edge_82_ce0        |  out|    1|   ap_memory|                                                  temp_edge_82|         array|
|temp_edge_82_we0        |  out|    1|   ap_memory|                                                  temp_edge_82|         array|
|temp_edge_82_d0         |  out|   32|   ap_memory|                                                  temp_edge_82|         array|
|temp_edge_83_address0   |  out|    7|   ap_memory|                                                  temp_edge_83|         array|
|temp_edge_83_ce0        |  out|    1|   ap_memory|                                                  temp_edge_83|         array|
|temp_edge_83_we0        |  out|    1|   ap_memory|                                                  temp_edge_83|         array|
|temp_edge_83_d0         |  out|   32|   ap_memory|                                                  temp_edge_83|         array|
|temp_edge_84_address0   |  out|    7|   ap_memory|                                                  temp_edge_84|         array|
|temp_edge_84_ce0        |  out|    1|   ap_memory|                                                  temp_edge_84|         array|
|temp_edge_84_we0        |  out|    1|   ap_memory|                                                  temp_edge_84|         array|
|temp_edge_84_d0         |  out|   32|   ap_memory|                                                  temp_edge_84|         array|
|temp_edge_85_address0   |  out|    7|   ap_memory|                                                  temp_edge_85|         array|
|temp_edge_85_ce0        |  out|    1|   ap_memory|                                                  temp_edge_85|         array|
|temp_edge_85_we0        |  out|    1|   ap_memory|                                                  temp_edge_85|         array|
|temp_edge_85_d0         |  out|   32|   ap_memory|                                                  temp_edge_85|         array|
|temp_edge_86_address0   |  out|    7|   ap_memory|                                                  temp_edge_86|         array|
|temp_edge_86_ce0        |  out|    1|   ap_memory|                                                  temp_edge_86|         array|
|temp_edge_86_we0        |  out|    1|   ap_memory|                                                  temp_edge_86|         array|
|temp_edge_86_d0         |  out|   32|   ap_memory|                                                  temp_edge_86|         array|
|temp_edge_87_address0   |  out|    7|   ap_memory|                                                  temp_edge_87|         array|
|temp_edge_87_ce0        |  out|    1|   ap_memory|                                                  temp_edge_87|         array|
|temp_edge_87_we0        |  out|    1|   ap_memory|                                                  temp_edge_87|         array|
|temp_edge_87_d0         |  out|   32|   ap_memory|                                                  temp_edge_87|         array|
|temp_edge_88_address0   |  out|    7|   ap_memory|                                                  temp_edge_88|         array|
|temp_edge_88_ce0        |  out|    1|   ap_memory|                                                  temp_edge_88|         array|
|temp_edge_88_we0        |  out|    1|   ap_memory|                                                  temp_edge_88|         array|
|temp_edge_88_d0         |  out|   32|   ap_memory|                                                  temp_edge_88|         array|
|temp_edge_89_address0   |  out|    7|   ap_memory|                                                  temp_edge_89|         array|
|temp_edge_89_ce0        |  out|    1|   ap_memory|                                                  temp_edge_89|         array|
|temp_edge_89_we0        |  out|    1|   ap_memory|                                                  temp_edge_89|         array|
|temp_edge_89_d0         |  out|   32|   ap_memory|                                                  temp_edge_89|         array|
|temp_edge_90_address0   |  out|    7|   ap_memory|                                                  temp_edge_90|         array|
|temp_edge_90_ce0        |  out|    1|   ap_memory|                                                  temp_edge_90|         array|
|temp_edge_90_we0        |  out|    1|   ap_memory|                                                  temp_edge_90|         array|
|temp_edge_90_d0         |  out|   32|   ap_memory|                                                  temp_edge_90|         array|
|temp_edge_91_address0   |  out|    7|   ap_memory|                                                  temp_edge_91|         array|
|temp_edge_91_ce0        |  out|    1|   ap_memory|                                                  temp_edge_91|         array|
|temp_edge_91_we0        |  out|    1|   ap_memory|                                                  temp_edge_91|         array|
|temp_edge_91_d0         |  out|   32|   ap_memory|                                                  temp_edge_91|         array|
|temp_edge_92_address0   |  out|    7|   ap_memory|                                                  temp_edge_92|         array|
|temp_edge_92_ce0        |  out|    1|   ap_memory|                                                  temp_edge_92|         array|
|temp_edge_92_we0        |  out|    1|   ap_memory|                                                  temp_edge_92|         array|
|temp_edge_92_d0         |  out|   32|   ap_memory|                                                  temp_edge_92|         array|
|temp_edge_93_address0   |  out|    7|   ap_memory|                                                  temp_edge_93|         array|
|temp_edge_93_ce0        |  out|    1|   ap_memory|                                                  temp_edge_93|         array|
|temp_edge_93_we0        |  out|    1|   ap_memory|                                                  temp_edge_93|         array|
|temp_edge_93_d0         |  out|   32|   ap_memory|                                                  temp_edge_93|         array|
|temp_edge_94_address0   |  out|    7|   ap_memory|                                                  temp_edge_94|         array|
|temp_edge_94_ce0        |  out|    1|   ap_memory|                                                  temp_edge_94|         array|
|temp_edge_94_we0        |  out|    1|   ap_memory|                                                  temp_edge_94|         array|
|temp_edge_94_d0         |  out|   32|   ap_memory|                                                  temp_edge_94|         array|
|temp_edge_95_address0   |  out|    7|   ap_memory|                                                  temp_edge_95|         array|
|temp_edge_95_ce0        |  out|    1|   ap_memory|                                                  temp_edge_95|         array|
|temp_edge_95_we0        |  out|    1|   ap_memory|                                                  temp_edge_95|         array|
|temp_edge_95_d0         |  out|   32|   ap_memory|                                                  temp_edge_95|         array|
|temp_edge_96_address0   |  out|    7|   ap_memory|                                                  temp_edge_96|         array|
|temp_edge_96_ce0        |  out|    1|   ap_memory|                                                  temp_edge_96|         array|
|temp_edge_96_we0        |  out|    1|   ap_memory|                                                  temp_edge_96|         array|
|temp_edge_96_d0         |  out|   32|   ap_memory|                                                  temp_edge_96|         array|
|temp_edge_97_address0   |  out|    7|   ap_memory|                                                  temp_edge_97|         array|
|temp_edge_97_ce0        |  out|    1|   ap_memory|                                                  temp_edge_97|         array|
|temp_edge_97_we0        |  out|    1|   ap_memory|                                                  temp_edge_97|         array|
|temp_edge_97_d0         |  out|   32|   ap_memory|                                                  temp_edge_97|         array|
|temp_edge_98_address0   |  out|    7|   ap_memory|                                                  temp_edge_98|         array|
|temp_edge_98_ce0        |  out|    1|   ap_memory|                                                  temp_edge_98|         array|
|temp_edge_98_we0        |  out|    1|   ap_memory|                                                  temp_edge_98|         array|
|temp_edge_98_d0         |  out|   32|   ap_memory|                                                  temp_edge_98|         array|
|temp_edge_99_address0   |  out|    7|   ap_memory|                                                  temp_edge_99|         array|
|temp_edge_99_ce0        |  out|    1|   ap_memory|                                                  temp_edge_99|         array|
|temp_edge_99_we0        |  out|    1|   ap_memory|                                                  temp_edge_99|         array|
|temp_edge_99_d0         |  out|   32|   ap_memory|                                                  temp_edge_99|         array|
|temp_edge_100_address0  |  out|    7|   ap_memory|                                                 temp_edge_100|         array|
|temp_edge_100_ce0       |  out|    1|   ap_memory|                                                 temp_edge_100|         array|
|temp_edge_100_we0       |  out|    1|   ap_memory|                                                 temp_edge_100|         array|
|temp_edge_100_d0        |  out|   32|   ap_memory|                                                 temp_edge_100|         array|
|temp_edge_101_address0  |  out|    7|   ap_memory|                                                 temp_edge_101|         array|
|temp_edge_101_ce0       |  out|    1|   ap_memory|                                                 temp_edge_101|         array|
|temp_edge_101_we0       |  out|    1|   ap_memory|                                                 temp_edge_101|         array|
|temp_edge_101_d0        |  out|   32|   ap_memory|                                                 temp_edge_101|         array|
|temp_edge_102_address0  |  out|    7|   ap_memory|                                                 temp_edge_102|         array|
|temp_edge_102_ce0       |  out|    1|   ap_memory|                                                 temp_edge_102|         array|
|temp_edge_102_we0       |  out|    1|   ap_memory|                                                 temp_edge_102|         array|
|temp_edge_102_d0        |  out|   32|   ap_memory|                                                 temp_edge_102|         array|
|temp_edge_103_address0  |  out|    7|   ap_memory|                                                 temp_edge_103|         array|
|temp_edge_103_ce0       |  out|    1|   ap_memory|                                                 temp_edge_103|         array|
|temp_edge_103_we0       |  out|    1|   ap_memory|                                                 temp_edge_103|         array|
|temp_edge_103_d0        |  out|   32|   ap_memory|                                                 temp_edge_103|         array|
|temp_edge_104_address0  |  out|    7|   ap_memory|                                                 temp_edge_104|         array|
|temp_edge_104_ce0       |  out|    1|   ap_memory|                                                 temp_edge_104|         array|
|temp_edge_104_we0       |  out|    1|   ap_memory|                                                 temp_edge_104|         array|
|temp_edge_104_d0        |  out|   32|   ap_memory|                                                 temp_edge_104|         array|
|temp_edge_105_address0  |  out|    7|   ap_memory|                                                 temp_edge_105|         array|
|temp_edge_105_ce0       |  out|    1|   ap_memory|                                                 temp_edge_105|         array|
|temp_edge_105_we0       |  out|    1|   ap_memory|                                                 temp_edge_105|         array|
|temp_edge_105_d0        |  out|   32|   ap_memory|                                                 temp_edge_105|         array|
|temp_edge_106_address0  |  out|    7|   ap_memory|                                                 temp_edge_106|         array|
|temp_edge_106_ce0       |  out|    1|   ap_memory|                                                 temp_edge_106|         array|
|temp_edge_106_we0       |  out|    1|   ap_memory|                                                 temp_edge_106|         array|
|temp_edge_106_d0        |  out|   32|   ap_memory|                                                 temp_edge_106|         array|
|temp_edge_107_address0  |  out|    7|   ap_memory|                                                 temp_edge_107|         array|
|temp_edge_107_ce0       |  out|    1|   ap_memory|                                                 temp_edge_107|         array|
|temp_edge_107_we0       |  out|    1|   ap_memory|                                                 temp_edge_107|         array|
|temp_edge_107_d0        |  out|   32|   ap_memory|                                                 temp_edge_107|         array|
|temp_edge_108_address0  |  out|    7|   ap_memory|                                                 temp_edge_108|         array|
|temp_edge_108_ce0       |  out|    1|   ap_memory|                                                 temp_edge_108|         array|
|temp_edge_108_we0       |  out|    1|   ap_memory|                                                 temp_edge_108|         array|
|temp_edge_108_d0        |  out|   32|   ap_memory|                                                 temp_edge_108|         array|
|temp_edge_109_address0  |  out|    7|   ap_memory|                                                 temp_edge_109|         array|
|temp_edge_109_ce0       |  out|    1|   ap_memory|                                                 temp_edge_109|         array|
|temp_edge_109_we0       |  out|    1|   ap_memory|                                                 temp_edge_109|         array|
|temp_edge_109_d0        |  out|   32|   ap_memory|                                                 temp_edge_109|         array|
|temp_edge_110_address0  |  out|    7|   ap_memory|                                                 temp_edge_110|         array|
|temp_edge_110_ce0       |  out|    1|   ap_memory|                                                 temp_edge_110|         array|
|temp_edge_110_we0       |  out|    1|   ap_memory|                                                 temp_edge_110|         array|
|temp_edge_110_d0        |  out|   32|   ap_memory|                                                 temp_edge_110|         array|
|temp_edge_111_address0  |  out|    7|   ap_memory|                                                 temp_edge_111|         array|
|temp_edge_111_ce0       |  out|    1|   ap_memory|                                                 temp_edge_111|         array|
|temp_edge_111_we0       |  out|    1|   ap_memory|                                                 temp_edge_111|         array|
|temp_edge_111_d0        |  out|   32|   ap_memory|                                                 temp_edge_111|         array|
|temp_edge_112_address0  |  out|    7|   ap_memory|                                                 temp_edge_112|         array|
|temp_edge_112_ce0       |  out|    1|   ap_memory|                                                 temp_edge_112|         array|
|temp_edge_112_we0       |  out|    1|   ap_memory|                                                 temp_edge_112|         array|
|temp_edge_112_d0        |  out|   32|   ap_memory|                                                 temp_edge_112|         array|
|temp_edge_113_address0  |  out|    7|   ap_memory|                                                 temp_edge_113|         array|
|temp_edge_113_ce0       |  out|    1|   ap_memory|                                                 temp_edge_113|         array|
|temp_edge_113_we0       |  out|    1|   ap_memory|                                                 temp_edge_113|         array|
|temp_edge_113_d0        |  out|   32|   ap_memory|                                                 temp_edge_113|         array|
|temp_edge_114_address0  |  out|    7|   ap_memory|                                                 temp_edge_114|         array|
|temp_edge_114_ce0       |  out|    1|   ap_memory|                                                 temp_edge_114|         array|
|temp_edge_114_we0       |  out|    1|   ap_memory|                                                 temp_edge_114|         array|
|temp_edge_114_d0        |  out|   32|   ap_memory|                                                 temp_edge_114|         array|
|temp_edge_115_address0  |  out|    7|   ap_memory|                                                 temp_edge_115|         array|
|temp_edge_115_ce0       |  out|    1|   ap_memory|                                                 temp_edge_115|         array|
|temp_edge_115_we0       |  out|    1|   ap_memory|                                                 temp_edge_115|         array|
|temp_edge_115_d0        |  out|   32|   ap_memory|                                                 temp_edge_115|         array|
|temp_edge_116_address0  |  out|    7|   ap_memory|                                                 temp_edge_116|         array|
|temp_edge_116_ce0       |  out|    1|   ap_memory|                                                 temp_edge_116|         array|
|temp_edge_116_we0       |  out|    1|   ap_memory|                                                 temp_edge_116|         array|
|temp_edge_116_d0        |  out|   32|   ap_memory|                                                 temp_edge_116|         array|
|temp_edge_117_address0  |  out|    7|   ap_memory|                                                 temp_edge_117|         array|
|temp_edge_117_ce0       |  out|    1|   ap_memory|                                                 temp_edge_117|         array|
|temp_edge_117_we0       |  out|    1|   ap_memory|                                                 temp_edge_117|         array|
|temp_edge_117_d0        |  out|   32|   ap_memory|                                                 temp_edge_117|         array|
|temp_edge_118_address0  |  out|    7|   ap_memory|                                                 temp_edge_118|         array|
|temp_edge_118_ce0       |  out|    1|   ap_memory|                                                 temp_edge_118|         array|
|temp_edge_118_we0       |  out|    1|   ap_memory|                                                 temp_edge_118|         array|
|temp_edge_118_d0        |  out|   32|   ap_memory|                                                 temp_edge_118|         array|
|temp_edge_119_address0  |  out|    7|   ap_memory|                                                 temp_edge_119|         array|
|temp_edge_119_ce0       |  out|    1|   ap_memory|                                                 temp_edge_119|         array|
|temp_edge_119_we0       |  out|    1|   ap_memory|                                                 temp_edge_119|         array|
|temp_edge_119_d0        |  out|   32|   ap_memory|                                                 temp_edge_119|         array|
|temp_edge_120_address0  |  out|    7|   ap_memory|                                                 temp_edge_120|         array|
|temp_edge_120_ce0       |  out|    1|   ap_memory|                                                 temp_edge_120|         array|
|temp_edge_120_we0       |  out|    1|   ap_memory|                                                 temp_edge_120|         array|
|temp_edge_120_d0        |  out|   32|   ap_memory|                                                 temp_edge_120|         array|
|temp_edge_121_address0  |  out|    7|   ap_memory|                                                 temp_edge_121|         array|
|temp_edge_121_ce0       |  out|    1|   ap_memory|                                                 temp_edge_121|         array|
|temp_edge_121_we0       |  out|    1|   ap_memory|                                                 temp_edge_121|         array|
|temp_edge_121_d0        |  out|   32|   ap_memory|                                                 temp_edge_121|         array|
|temp_edge_122_address0  |  out|    7|   ap_memory|                                                 temp_edge_122|         array|
|temp_edge_122_ce0       |  out|    1|   ap_memory|                                                 temp_edge_122|         array|
|temp_edge_122_we0       |  out|    1|   ap_memory|                                                 temp_edge_122|         array|
|temp_edge_122_d0        |  out|   32|   ap_memory|                                                 temp_edge_122|         array|
|temp_edge_123_address0  |  out|    7|   ap_memory|                                                 temp_edge_123|         array|
|temp_edge_123_ce0       |  out|    1|   ap_memory|                                                 temp_edge_123|         array|
|temp_edge_123_we0       |  out|    1|   ap_memory|                                                 temp_edge_123|         array|
|temp_edge_123_d0        |  out|   32|   ap_memory|                                                 temp_edge_123|         array|
|temp_edge_124_address0  |  out|    7|   ap_memory|                                                 temp_edge_124|         array|
|temp_edge_124_ce0       |  out|    1|   ap_memory|                                                 temp_edge_124|         array|
|temp_edge_124_we0       |  out|    1|   ap_memory|                                                 temp_edge_124|         array|
|temp_edge_124_d0        |  out|   32|   ap_memory|                                                 temp_edge_124|         array|
|temp_edge_125_address0  |  out|    7|   ap_memory|                                                 temp_edge_125|         array|
|temp_edge_125_ce0       |  out|    1|   ap_memory|                                                 temp_edge_125|         array|
|temp_edge_125_we0       |  out|    1|   ap_memory|                                                 temp_edge_125|         array|
|temp_edge_125_d0        |  out|   32|   ap_memory|                                                 temp_edge_125|         array|
|temp_edge_126_address0  |  out|    7|   ap_memory|                                                 temp_edge_126|         array|
|temp_edge_126_ce0       |  out|    1|   ap_memory|                                                 temp_edge_126|         array|
|temp_edge_126_we0       |  out|    1|   ap_memory|                                                 temp_edge_126|         array|
|temp_edge_126_d0        |  out|   32|   ap_memory|                                                 temp_edge_126|         array|
+------------------------+-----+-----+------------+--------------------------------------------------------------+--------------+

